2023-10-01 22:53:19,421 [INFO] Activator:176 - 


2023-10-01 22:53:19,422 [INFO] Activator:177 - !SESSION log4j initialized
2023-10-01 22:53:22,406 [INFO] LogOutputStream:77 - [STDOUT_REDIRECT] 
2023-10-01 22:53:24,338 [INFO] ApplicationProperties:184 - Using Application install path: C:\ST\STM32CubeIDE_1.9.0\STM32CubeIDE\plugins\com.st.stm32cube.common.mx_6.9.2.202309101412
2023-10-01 22:53:24,357 [INFO] DbMcusXml:78 - Set database path to: C:\ST\STM32CubeIDE_1.9.0\STM32CubeIDE\plugins\com.st.stm32cube.common.mx_6.9.2.202309101412\\db\/mcu/
2023-10-01 22:53:24,358 [INFO] ApiDb:274 - Set plugin database path to: C:\ST\STM32CubeIDE_1.9.0\STM32CubeIDE\plugins\com.st.stm32cube.common.mx_6.9.2.202309101412\\db\/plugins/boardmanager/
2023-10-01 22:53:24,358 [WARN] ApiDb:259 - Overriding images path with different value:  => C:\ST\STM32CubeIDE_1.9.0\STM32CubeIDE\plugins\com.st.stm32cube.common.mx_6.9.2.202309101412\\db\/plugins/mcufinder/images/
2023-10-01 22:53:24,376 [INFO] ApiDb:250 - Set database path to: C:\Users\truon\.stmcufinder\plugins\mcufinder//mcu/
2023-10-01 22:53:24,377 [INFO] DbMcusAds:125 - Set database path to: C:\Users\truon\.stmcufinder\plugins\mcufinder//mcu/
2023-10-01 22:53:24,379 [INFO] CrossReferenceDbSqlite:203 - Set database path to: C:\Users\truon\.stmcufinder\plugins\mcufinder//mcu/cs/
2023-10-01 22:53:24,498 [INFO] RulesReader:64 - Compatibility file has been processed (293 Rules)
2023-10-01 22:53:24,587 [INFO] DbMcusXml:78 - Set database path to: C:\ST\STM32CubeIDE_1.9.0\STM32CubeIDE\plugins\com.st.stm32cube.common.mx_6.9.2.202309101412\\db\/mcu/
2023-10-01 22:53:24,588 [INFO] ApiDb:274 - Set plugin database path to: C:\ST\STM32CubeIDE_1.9.0\STM32CubeIDE\plugins\com.st.stm32cube.common.mx_6.9.2.202309101412\\db\/plugins/boardmanager/
2023-10-01 22:53:24,588 [INFO] ApiDb:261 - Set plugin images path to: C:\ST\STM32CubeIDE_1.9.0\STM32CubeIDE\plugins\com.st.stm32cube.common.mx_6.9.2.202309101412\\db\/plugins/mcufinder/images/
2023-10-01 22:53:24,588 [WARN] DbFile:41 - Overriding database path with different value: C:\Users\truon\.stmcufinder\plugins\mcufinder/ => C:\Users\truon\.stmcufinder\plugins\mcufinder
2023-10-01 22:53:24,588 [INFO] ApiDb:250 - Set database path to: C:\Users\truon\.stmcufinder\plugins\mcufinder//mcu/
2023-10-01 22:53:24,588 [WARN] DbFile:41 - Overriding database path with different value: C:\Users\truon\.stmcufinder\plugins\mcufinder/ => C:\Users\truon\.stmcufinder\plugins\mcufinder
2023-10-01 22:53:24,589 [INFO] DbMcusAds:125 - Set database path to: C:\Users\truon\.stmcufinder\plugins\mcufinder//mcu/
2023-10-01 22:53:24,589 [WARN] DbFile:41 - Overriding database path with different value: C:\Users\truon\.stmcufinder\plugins\mcufinder/ => C:\Users\truon\.stmcufinder\plugins\mcufinder
2023-10-01 22:53:24,589 [WARN] DbFile:41 - Overriding database path with different value: C:\Users\truon\.stmcufinder\plugins\mcufinder/ => C:\Users\truon\.stmcufinder\plugins\mcufinder
2023-10-01 22:53:24,589 [INFO] CrossReferenceDbSqlite:203 - Set database path to: C:\Users\truon\.stmcufinder\plugins\mcufinder//mcu/cs/
2023-10-01 22:53:24,679 [INFO] MainPanel:262 - HeapMemory: 268435456
2023-10-01 22:53:24,691 [INFO] McuFinderGlobals:63 - Set McuFinder mode to 2 (CubeIDE integrated)
2023-10-01 22:53:24,770 [INFO] DbMcusXml:78 - Set database path to: C:\ST\STM32CubeIDE_1.9.0\STM32CubeIDE\plugins\com.st.stm32cube.common.mx_6.9.2.202309101412\\db\/mcu/
2023-10-01 22:53:24,770 [INFO] ApiDb:274 - Set plugin database path to: C:\ST\STM32CubeIDE_1.9.0\STM32CubeIDE\plugins\com.st.stm32cube.common.mx_6.9.2.202309101412\\db\/plugins/boardmanager/
2023-10-01 22:53:24,770 [INFO] ApiDb:261 - Set plugin images path to: C:\ST\STM32CubeIDE_1.9.0\STM32CubeIDE\plugins\com.st.stm32cube.common.mx_6.9.2.202309101412\\db\/plugins/mcufinder/images/
2023-10-01 22:53:24,771 [WARN] DbFile:41 - Overriding database path with different value: C:\Users\truon\.stmcufinder\plugins\mcufinder/ => C:\Users\truon\.stmcufinder\plugins\mcufinder
2023-10-01 22:53:24,771 [INFO] ApiDb:250 - Set database path to: C:\Users\truon\.stmcufinder\plugins\mcufinder//mcu/
2023-10-01 22:53:24,771 [WARN] DbFile:41 - Overriding database path with different value: C:\Users\truon\.stmcufinder\plugins\mcufinder/ => C:\Users\truon\.stmcufinder\plugins\mcufinder
2023-10-01 22:53:24,771 [INFO] DbMcusAds:125 - Set database path to: C:\Users\truon\.stmcufinder\plugins\mcufinder//mcu/
2023-10-01 22:53:24,771 [WARN] DbFile:41 - Overriding database path with different value: C:\Users\truon\.stmcufinder\plugins\mcufinder/ => C:\Users\truon\.stmcufinder\plugins\mcufinder
2023-10-01 22:53:24,771 [WARN] DbFile:41 - Overriding database path with different value: C:\Users\truon\.stmcufinder\plugins\mcufinder/ => C:\Users\truon\.stmcufinder\plugins\mcufinder
2023-10-01 22:53:24,771 [INFO] CrossReferenceDbSqlite:203 - Set database path to: C:\Users\truon\.stmcufinder\plugins\mcufinder//mcu/cs/
2023-10-01 22:53:24,788 [INFO] ApplicationProperties:184 - Using Application install path: C:\ST\STM32CubeIDE_1.9.0\STM32CubeIDE\plugins\com.st.stm32cube.common.mx_6.9.2.202309101412
2023-10-01 22:53:24,790 [INFO] PluginManage:196 - Search for loadable plugins [exclusion list=, ]
2023-10-01 22:53:24,791 [INFO] PluginManage:310 - Check plugin analytics
2023-10-01 22:53:24,935 [INFO] AnalyticsPlugin:253 - Accepted Software Licenses: STM32CubeMX.6.5.0
2023-10-01 22:53:24,935 [INFO] AnalyticsPlugin:255 - Accepted CMSIS Pack Licenses: 
2023-10-01 22:53:24,936 [INFO] AnalyticsPlugin:257 - Accepted Firmware Licenses: FW.C0.1.0.0
2023-10-01 22:53:24,937 [INFO] PluginManage:359 - Loaded plugin analytics (category:tool,tabindex:-1)
2023-10-01 22:53:24,938 [INFO] PluginManage:310 - Check plugin cadmodel
2023-10-01 22:53:24,950 [INFO] CADModel:105 - Init CAD model plugin
2023-10-01 22:53:24,951 [INFO] PluginManage:359 - Loaded plugin cadmodel (category:power,tabindex:5)
2023-10-01 22:53:24,951 [INFO] PluginManage:310 - Check plugin clock
2023-10-01 22:53:24,970 [INFO] PluginManage:359 - Loaded plugin clock (category:base,tabindex:2)
2023-10-01 22:53:24,970 [INFO] PluginManage:310 - Check plugin ddr
2023-10-01 22:53:24,972 [INFO] PluginManage:359 - Loaded plugin ddr (category:tool,tabindex:6)
2023-10-01 22:53:24,972 [INFO] PluginManage:310 - Check plugin filemanager
2023-10-01 22:53:25,093 [INFO] PluginManage:359 - Loaded plugin filemanager (category:base,tabindex:10)
2023-10-01 22:53:25,093 [INFO] PluginManage:310 - Check plugin ipmanager
2023-10-01 22:53:25,100 [INFO] PluginManage:359 - Loaded plugin ipmanager (category:base,tabindex:5)
2023-10-01 22:53:25,100 [INFO] PluginManage:310 - Check plugin lpbam
2023-10-01 22:53:25,115 [INFO] PluginManage:359 - Loaded plugin lpbam (category:base,tabindex:0)
2023-10-01 22:53:25,116 [INFO] PluginManage:310 - Check plugin memorymap
2023-10-01 22:53:25,135 [INFO] PluginManage:359 - Loaded plugin memorymap (category:base,tabindex:4)
2023-10-01 22:53:25,135 [INFO] PluginManage:310 - Check plugin pinoutandconfiguration
2023-10-01 22:53:25,150 [INFO] PluginManage:359 - Loaded plugin pinoutandconfiguration (category:base,tabindex:1)
2023-10-01 22:53:25,150 [INFO] PluginManage:310 - Check plugin pinoutconfig
2023-10-01 22:53:25,247 [WARN] SupportedApi:132 - Cannot load RTOS API schema: s4s-elt-must-match.1: The content of 'definitions' must match (annotation?, (simpleType | complexType)?, (unique | key | keyref)*)). A problem was found starting at: attribute.
2023-10-01 22:53:25,381 [INFO] PluginManage:359 - Loaded plugin pinoutconfig (category:base,tabindex:0)
2023-10-01 22:53:25,381 [INFO] PluginManage:310 - Check plugin power
2023-10-01 22:53:25,398 [INFO] PluginManage:359 - Loaded plugin power (category:power,tabindex:4)
2023-10-01 22:53:25,399 [INFO] PluginManage:310 - Check plugin projectmanager
2023-10-01 22:53:25,412 [INFO] PluginManage:359 - Loaded plugin projectmanager (category:projectmanager,tabindex:3)
2023-10-01 22:53:25,412 [INFO] PluginManage:310 - Check plugin thirdparty
2023-10-01 22:53:25,649 [WARN] IntegrityCheckThread:84 - waiting for thirdparty lock release [integrity check]
2023-10-01 22:53:25,649 [INFO] IntegrityCheckThread:86 - entering critical section [integrity check]
2023-10-01 22:53:25,649 [INFO] PluginManage:359 - Loaded plugin thirdparty (category:base,tabindex:-1)
2023-10-01 22:53:25,650 [INFO] PluginManage:310 - Check plugin tools
2023-10-01 22:53:25,650 [INFO] ThirdPartyUpdaterWithRetryManager:70 - Updater plugin not ready yet. [1/15]
2023-10-01 22:53:25,676 [INFO] PluginManage:359 - Loaded plugin tools (category:base,tabindex:7)
2023-10-01 22:53:25,676 [INFO] PluginManage:310 - Check plugin tutovideos
2023-10-01 22:53:25,859 [INFO] PluginManage:359 - Loaded plugin tutovideos (category:base,tabindex:-1)
2023-10-01 22:53:25,859 [INFO] PluginManage:310 - Check plugin updater
2023-10-01 22:53:25,870 [INFO] PluginManage:359 - Loaded plugin updater (category:base,tabindex:12)
2023-10-01 22:53:25,870 [INFO] PluginManage:310 - Check plugin userauth
2023-10-01 22:53:25,876 [INFO] UserAuth:113 - Init User Auth plugin
2023-10-01 22:53:25,876 [INFO] PluginManage:359 - Loaded plugin userauth (category:base,tabindex:14)
2023-10-01 22:53:25,876 [INFO] PluginManage:283 - PluginManage : Loaded plugins [17]
2023-10-01 22:53:26,065 [INFO] PinOutPanel:1499 - setPackage(No Configuration,No Configuration)
2023-10-01 22:53:26,155 [INFO] CADModel:165 - CPN selected for project level
2023-10-01 22:53:26,155 [INFO] CADModel:114 - Register for checkConnection events
2023-10-01 22:53:26,178 [INFO] IPUIPlugin:80 - create IPUIPlugin
2023-10-01 22:53:26,179 [INFO] PluginManager:220 - loadIPPluginJar : add adc
2023-10-01 22:53:26,204 [INFO] IPUIPlugin:80 - create IPUIPlugin
2023-10-01 22:53:26,204 [INFO] PluginManager:220 - loadIPPluginJar : add aes
2023-10-01 22:53:26,233 [INFO] IPUIPlugin:80 - create IPUIPlugin
2023-10-01 22:53:26,233 [INFO] PluginManager:220 - loadIPPluginJar : add can
2023-10-01 22:53:26,251 [INFO] IPUIPlugin:80 - create IPUIPlugin
2023-10-01 22:53:26,251 [INFO] PluginManager:220 - loadIPPluginJar : add comp
2023-10-01 22:53:26,276 [INFO] IPUIPlugin:80 - create IPUIPlugin
2023-10-01 22:53:26,276 [INFO] PluginManager:220 - loadIPPluginJar : add cryp
2023-10-01 22:53:26,298 [INFO] IPUIPlugin:80 - create IPUIPlugin
2023-10-01 22:53:26,299 [INFO] PluginManager:220 - loadIPPluginJar : add dfsdm
2023-10-01 22:53:26,311 [INFO] IPUIPlugin:80 - create IPUIPlugin
2023-10-01 22:53:26,311 [INFO] PluginManager:220 - loadIPPluginJar : add dma
2023-10-01 22:53:26,343 [INFO] IPUIPlugin:80 - create IPUIPlugin
2023-10-01 22:53:26,343 [INFO] PluginManager:220 - loadIPPluginJar : add dma3
2023-10-01 22:53:26,358 [INFO] IPUIPlugin:80 - create IPUIPlugin
2023-10-01 22:53:26,358 [INFO] PluginManager:220 - loadIPPluginJar : add fatfs
2023-10-01 22:53:26,394 [INFO] IPUIPlugin:80 - create IPUIPlugin
2023-10-01 22:53:26,394 [INFO] PluginManager:220 - loadIPPluginJar : add fmc
2023-10-01 22:53:26,407 [INFO] IPUIPlugin:80 - create IPUIPlugin
2023-10-01 22:53:26,407 [INFO] PluginManager:220 - loadIPPluginJar : add freertos
2023-10-01 22:53:26,423 [INFO] IPUIPlugin:80 - create IPUIPlugin
2023-10-01 22:53:26,423 [INFO] PluginManager:220 - loadIPPluginJar : add genericplugin
2023-10-01 22:53:26,495 [INFO] IPUIPlugin:80 - create IPUIPlugin
2023-10-01 22:53:26,495 [INFO] PluginManager:220 - loadIPPluginJar : add gfxmmu
2023-10-01 22:53:26,589 [INFO] IPUIPlugin:80 - create IPUIPlugin
2023-10-01 22:53:26,589 [INFO] PluginManager:220 - loadIPPluginJar : add gic
2023-10-01 22:53:26,599 [INFO] IPUIPlugin:80 - create IPUIPlugin
2023-10-01 22:53:26,599 [INFO] PluginManager:220 - loadIPPluginJar : add gpio
2023-10-01 22:53:26,668 [INFO] IPUIPlugin:80 - create IPUIPlugin
2023-10-01 22:53:26,668 [INFO] PluginManager:220 - loadIPPluginJar : add gtzc
2023-10-01 22:53:26,698 [INFO] IPUIPlugin:80 - create IPUIPlugin
2023-10-01 22:53:26,699 [INFO] PluginManager:220 - loadIPPluginJar : add hash
2023-10-01 22:53:26,741 [INFO] IPUIPlugin:80 - create IPUIPlugin
2023-10-01 22:53:26,741 [INFO] PluginManager:220 - loadIPPluginJar : add i2c
2023-10-01 22:53:26,770 [INFO] IPUIPlugin:80 - create IPUIPlugin
2023-10-01 22:53:26,770 [INFO] PluginManager:220 - loadIPPluginJar : add i2s
2023-10-01 22:53:26,801 [INFO] IPUIPlugin:80 - create IPUIPlugin
2023-10-01 22:53:26,801 [INFO] PluginManager:220 - loadIPPluginJar : add i3c
2023-10-01 22:53:26,881 [INFO] IPUIPlugin:80 - create IPUIPlugin
2023-10-01 22:53:26,881 [INFO] PluginManager:220 - loadIPPluginJar : add ipddr
2023-10-01 22:53:26,953 [INFO] IPUIPlugin:80 - create IPUIPlugin
2023-10-01 22:53:26,954 [INFO] PluginManager:220 - loadIPPluginJar : add linkedlist
2023-10-01 22:53:26,980 [INFO] IPUIPlugin:80 - create IPUIPlugin
2023-10-01 22:53:26,980 [INFO] PluginManager:220 - loadIPPluginJar : add lorawan
2023-10-01 22:53:27,007 [INFO] IPUIPlugin:80 - create IPUIPlugin
2023-10-01 22:53:27,007 [INFO] PluginManager:220 - loadIPPluginJar : add ltdc
2023-10-01 22:53:27,018 [INFO] IPUIPlugin:80 - create IPUIPlugin
2023-10-01 22:53:27,018 [INFO] PluginManager:220 - loadIPPluginJar : add mdma
2023-10-01 22:53:27,029 [INFO] IPUIPlugin:80 - create IPUIPlugin
2023-10-01 22:53:27,029 [INFO] PluginManager:220 - loadIPPluginJar : add nvic
2023-10-01 22:53:27,057 [INFO] IPUIPlugin:80 - create IPUIPlugin
2023-10-01 22:53:27,058 [INFO] PluginManager:220 - loadIPPluginJar : add opamp
2023-10-01 22:53:27,104 [INFO] IPUIPlugin:80 - create IPUIPlugin
2023-10-01 22:53:27,104 [INFO] PluginManager:220 - loadIPPluginJar : add openamp
2023-10-01 22:53:27,134 [INFO] IPUIPlugin:80 - create IPUIPlugin
2023-10-01 22:53:27,135 [INFO] PluginManager:220 - loadIPPluginJar : add pdm2pcm
2023-10-01 22:53:27,147 [INFO] IPUIPlugin:80 - create IPUIPlugin
2023-10-01 22:53:27,148 [INFO] PluginManager:220 - loadIPPluginJar : add plateformsettings
2023-10-01 22:53:27,164 [INFO] IPUIPlugin:80 - create IPUIPlugin
2023-10-01 22:53:27,164 [INFO] PluginManager:220 - loadIPPluginJar : add quadspi
2023-10-01 22:53:27,174 [INFO] IPUIPlugin:80 - create IPUIPlugin
2023-10-01 22:53:27,174 [INFO] PluginManager:220 - loadIPPluginJar : add resmgrutility
2023-10-01 22:53:27,208 [INFO] IPUIPlugin:80 - create IPUIPlugin
2023-10-01 22:53:27,209 [INFO] PluginManager:220 - loadIPPluginJar : add sai
2023-10-01 22:53:27,235 [INFO] IPUIPlugin:80 - create IPUIPlugin
2023-10-01 22:53:27,235 [INFO] PluginManager:220 - loadIPPluginJar : add spi
2023-10-01 22:53:27,278 [INFO] IPUIPlugin:80 - create IPUIPlugin
2023-10-01 22:53:27,278 [INFO] PluginManager:220 - loadIPPluginJar : add stm32_wpan
2023-10-01 22:53:27,295 [INFO] IPUIPlugin:80 - create IPUIPlugin
2023-10-01 22:53:27,295 [INFO] PluginManager:220 - loadIPPluginJar : add tim
2023-10-01 22:53:27,335 [INFO] IPUIPlugin:80 - create IPUIPlugin
2023-10-01 22:53:27,335 [INFO] PluginManager:220 - loadIPPluginJar : add touchsensing
2023-10-01 22:53:27,352 [INFO] IPUIPlugin:80 - create IPUIPlugin
2023-10-01 22:53:27,352 [INFO] PluginManager:220 - loadIPPluginJar : add tracer_emb
2023-10-01 22:53:27,369 [INFO] IPUIPlugin:80 - create IPUIPlugin
2023-10-01 22:53:27,369 [INFO] PluginManager:220 - loadIPPluginJar : add ts
2023-10-01 22:53:27,386 [INFO] IPUIPlugin:80 - create IPUIPlugin
2023-10-01 22:53:27,386 [INFO] PluginManager:220 - loadIPPluginJar : add tsc
2023-10-01 22:53:27,402 [INFO] IPUIPlugin:80 - create IPUIPlugin
2023-10-01 22:53:27,402 [INFO] PluginManager:220 - loadIPPluginJar : add ucpd
2023-10-01 22:53:27,434 [INFO] IPUIPlugin:80 - create IPUIPlugin
2023-10-01 22:53:27,434 [INFO] PluginManager:220 - loadIPPluginJar : add usart
2023-10-01 22:53:27,465 [INFO] IPUIPlugin:80 - create IPUIPlugin
2023-10-01 22:53:27,465 [INFO] PluginManager:220 - loadIPPluginJar : add usbx
2023-10-01 22:53:27,578 [INFO] CADModel:165 - CPN selected for project level
2023-10-01 22:53:27,578 [INFO] CADModel:114 - Register for checkConnection events
2023-10-01 22:53:27,578 [FATAL] Updater:308 - Updater called before beeing initialized
2023-10-01 22:53:27,579 [ERROR] CADModel:125 - Updater not yet initialized, retry later 
2023-10-01 22:53:27,706 [INFO] CADModel:165 - CPN selected for project level
2023-10-01 22:53:27,706 [INFO] CADModel:114 - Register for checkConnection events
2023-10-01 22:53:27,706 [FATAL] Updater:308 - Updater called before beeing initialized
2023-10-01 22:53:27,706 [ERROR] CADModel:125 - Updater not yet initialized, retry later 
2023-10-01 22:53:27,710 [FATAL] Updater:308 - Updater called before beeing initialized
2023-10-01 22:53:27,796 [FATAL] Updater:308 - Updater called before beeing initialized
2023-10-01 22:53:27,804 [INFO] DbMcusAds:53 - JSON generation date=Tue Mar 07 15:50:55 ICT 2023 (1678179055114)
2023-10-01 22:53:27,804 [FATAL] Updater:308 - Updater called before beeing initialized
2023-10-01 22:53:27,872 [WARN] DetailPanel:346 - Failed to get advertising image, set to default
2023-10-01 22:53:27,946 [FATAL] Updater:308 - Updater called before beeing initialized
2023-10-01 22:53:27,948 [FATAL] Updater:308 - Updater called before beeing initialized
2023-10-01 22:53:27,948 [FATAL] Updater:308 - Updater called before beeing initialized
2023-10-01 22:53:27,948 [WARN] DetailPanel:346 - Failed to get advertising image, set to default
2023-10-01 22:53:27,948 [FATAL] Updater:308 - Updater called before beeing initialized
2023-10-01 22:53:28,002 [ERROR] Updater:1120 - MainUpdater not yet initialized. External WinMGr cannot be set.
2023-10-01 22:53:28,010 [INFO] Updater:1056 - Updater Version found : 6.9.2
2023-10-01 22:53:28,026 [INFO] ApplicationProperties:184 - Using Application install path: C:\ST\STM32CubeIDE_1.9.0\STM32CubeIDE\plugins\com.st.stm32cube.common.mx_6.9.2.202309101412
2023-10-01 22:53:28,653 [INFO] ThirdPartyUpdaterWithRetryManager:70 - Updater plugin not ready yet. [2/15]
2023-10-01 22:53:28,853 [INFO] MainUpdater:2868 - connection check result : 10
2023-10-01 22:53:28,854 [INFO] MainUpdater:285 - Updater Check For Update Now.
2023-10-01 22:53:28,854 [INFO] MicroXplorer:498 - Change Database Version : DB.6.0.92
2023-10-01 22:53:28,868 [INFO] McuFinderGlobals:63 - Set McuFinder mode to 2 (CubeIDE integrated)
2023-10-01 22:53:28,868 [INFO] UserAuth:179 - activating auth plugin
2023-10-01 22:53:28,871 [INFO] UserAuth:393 - Internet connection configuration mode: 1
2023-10-01 22:53:28,898 [INFO] JxBrowserEngine:151 - Initiate JxBrowser Engine with user profile folder
2023-10-01 22:53:29,047 [INFO] CheckServerUpdateThread:120 - End of CheckServer Thread
2023-10-01 22:53:29,089 [INFO] MainUpdater:2868 - connection check result : 10
2023-10-01 22:53:29,635 [INFO] ApiDb:581 - Connected to CubeFinder SQLite database (C:\Users\truon\.stmcufinder\plugins\mcufinder\mcu\cube-finder-db.db)
2023-10-01 22:53:29,726 [INFO] ApiDb:668 - CubeFinder database Data Model version=2.1
2023-10-01 22:53:29,726 [INFO] ApiDb:669 - CubeFinder database Configuration version=3.0.37
2023-10-01 22:53:29,727 [INFO] ApiDb:670 - CubeFinder database generation date=2023-08-09 (1691586011)
2023-10-01 22:53:29,727 [INFO] ApiDb:671 - CubeFinder database FW Pack versions=[FP-ATR-ASTRA1_V2.0.0, FP-SNS-FLIGHT1_V5.0.1, FP-SNS-FLIGHT1_V5.0.2, FP-SNS-MOTENV1_V4.3.1, FP-SNS-MOTENV1_V4.3.2, STM32Cube_FW_C0_V1.1.0, STM32Cube_FW_F4_V1.27.1, STM32Cube_FW_F7_V1.17.0, STM32Cube_FW_G0_V1.6.1, STM32Cube_FW_G4_V1.5.1, STM32Cube_FW_H5_V0.5.1, STM32Cube_FW_H5_V1.1.0, STM32Cube_FW_H7_V1.11.0, STM32Cube_FW_L0_V1.12.2, STM32Cube_FW_L5_V1.5.0, STM32Cube_FW_U5_V1.3.0, STM32Cube_FW_U5_V1.3.0RC4, STM32Cube_FW_WBA_V1.0.0RC1, STM32Cube_FW_WBA_V1.1.0, STM32Cube_FW_WBA_V1.1.0RC1, STM32Cube_FW_WB_V1.15.0RC1, STM32Cube_FW_WB_V1.16.0, STM32Cube_FW_WB_V1.16.0RC2, STM32Cube_FW_WB_V1.17.0, STM32Cube_FW_WL_V1.3.0, X-CUBE-ALGOBUILD_V1.3.0, X-CUBE-ALS_V1.0.1, X-CUBE-AZRTOS-F4_V1.1.0, X-CUBE-AZRTOS-F7_V1.1.0, X-CUBE-AZRTOS-G0_V1.1.0, X-CUBE-AZRTOS-G4_V2.0.0, X-CUBE-AZRTOS-H7_V3.1.0, X-CUBE-AZRTOS-L4_V1.0.0, X-CUBE-AZRTOS-L4_V2.0.0, X-CUBE-AZRTOS-L5_V1.1.0, X-CUBE-AZRTOS-WB_V1.1.0, X-CUBE-AZRTOS-WL_V2.0.0, X-CUBE-BLE1_V7.0.0, X-CUBE-BLE2_V3.3.0, X-CUBE-BLEMGR_V2.0.0, X-CUBE-EEPRMA1_V4.1.0, X-CUBE-FREERTOS_V1.1.0, X-CUBE-GNSS1_V6.0.0, X-CUBE-MEMS1_V9.1.0, X-CUBE-MEMS1_V9.4.0, X-CUBE-MEMS1_V9.6.0, X-CUBE-NFC4_V3.0.0, X-CUBE-NFC7_V1.0.0, X-CUBE-SFXS2LP1_V4.0.0, X-CUBE-SUBG2_V5.0.0, X-CUBE-TOF1_V3.3.1]
2023-10-01 22:53:29,870 [INFO] DbBoardsSqlite:226 - include board P-NUCLEO-WB55-NUCLEO as a kit item of type 'Nucleo-64'
2023-10-01 22:53:29,871 [INFO] DbBoardsSqlite:226 - include board P-NUCLEO-WB55-USBDONGLE as a kit item of type 'Nucleo USB Dongle'
2023-10-01 22:53:29,872 [INFO] DbBoardsSqlite:226 - include board STEVAL-IDP005V1 as a kit item of type 'Evaluation Board'
2023-10-01 22:53:29,873 [INFO] DbBoardsSqlite:226 - include board STEVAL-IDP005V2 as a kit item of type 'Evaluation Board'
2023-10-01 22:53:30,222 [INFO] ApiDb:240 - Found 323 in-development CPN: [B-G473E-ZEST1S, B-WB1M-WPAN1, B-WL5M-SUBG1, NUCLEO-C031C6, NUCLEO-H503RB, NUCLEO-H563ZI, NUCLEO-U545RE-Q, NUCLEO-U5A5ZJ-Q, NUCLEO-WBA52CG, STEVAL-PROTEUS1, STEVAL-SMARTAG2, STEVAL-STWINBX1, STM320518-EVAL, STM32C0116-DK, STM32C011D6Y3TR, STM32C011D6Y6TR, STM32C011F4P3, STM32C011F4P6, STM32C011F4U3, STM32C011F4U6TR, STM32C011F6P3, STM32C011F6P6, STM32C011F6U3, STM32C011F6U6TR, STM32C011J4M3, STM32C011J4M6, STM32C011J6M3, STM32C011J6M6, STM32C0316-DK, STM32C031C4T3, STM32C031C4T6, STM32C031C4U3, STM32C031C4U6, STM32C031C6T3, STM32C031C6T6, STM32C031C6U3, STM32C031C6U6, STM32C031F4P3, STM32C031F4P6, STM32C031F6P3, STM32C031F6P6, STM32C031G4U3, STM32C031G4U6, STM32C031G6U3, STM32C031G6U6, STM32C031K4T3, STM32C031K4T6, STM32C031K4U3, STM32C031K4U6, STM32C031K6T3, STM32C031K6T6, STM32C031K6U3, STM32C031K6U6, STM32G071K8TXN, STM32G071K8UXN, STM32G081GBU6N, STM32G081KBT6N, STM32G081KBUXN, STM32G0B1CCT6N, STM32G0B1KCT6, STM32G0B1NEY6TR, STM32G0B1RCT6N, STM32G0C1CCT6, STM32G0C1CCT6N, STM32G0C1CCU6N, STM32G0C1CET6N, STM32G0C1CEU6N, STM32G0C1KCT6, STM32G0C1NEY6TR, STM32G0C1RCI6N, STM32G0C1RCT6N, STM32G0C1REI6N, STM32G0C1RET6N, STM32G0C1VCI6, STM32G0C1VEI6, STM32G471CCT6, STM32G471CCU6, STM32G471CET3, STM32G471CET6, STM32G471CEU3, STM32G471CEU6, STM32G471MCT6, STM32G471MET3, STM32G471MET6, STM32G471MEY6TR, STM32G471QCT6, STM32G471QET3, STM32G471RCT6, STM32G471RET3, STM32G471RET6, STM32G471VCH6, STM32G471VCI6, STM32G471VCT6, STM32G471VEH3, STM32G471VEH6, STM32G471VEI3, STM32G471VEI6, STM32G471VET3, STM32G471VET6, STM32G474CCT6, STM32H503CBT6, STM32H503CBU6, STM32H503EBY6TR, STM32H503KBU6, STM32H503RBT6, STM32H562AGI6, STM32H562AII6, STM32H562IGK6, STM32H562IGT6, STM32H562IIK6, STM32H562IIT6, STM32H562RGT6, STM32H562RGV6, STM32H562RIT6, STM32H562RIV6, STM32H562VGT6, STM32H562VIT6, STM32H562ZGT6, STM32H562ZIT6, STM32H563AGI6, STM32H563AII3Q, STM32H563AII6, STM32H563IGK6, STM32H563IGT6, STM32H563IIK3Q, STM32H563IIK6, STM32H563IIT3Q, STM32H563IIT6, STM32H563MIY3QTR, STM32H563RGT6, STM32H563RGV6, STM32H563RIT6, STM32H563RIV6, STM32H563VGT6, STM32H563VIT3Q, STM32H563VIT6, STM32H563ZGT6, STM32H563ZIT3Q, STM32H563ZIT6, STM32H573AII3Q, STM32H573AII6, STM32H573I-DK, STM32H573IIK3Q, STM32H573IIK6, STM32H573IIT3Q, STM32H573IIT6, STM32H573MIY3QTR, STM32H573RIT6, STM32H573RIV6, STM32H573VIT3Q, STM32H573VIT6, STM32H573ZIT3Q, STM32H573ZIT6, STM32L4R5QGI6STR, STM32MP131AAE3, STM32MP131AAF3, STM32MP131AAG3, STM32MP131CAE3, STM32MP131CAF3, STM32MP131CAG3, STM32MP131DAE7, STM32MP131DAF7, STM32MP131DAG7, STM32MP131FAE7, STM32MP131FAF7, STM32MP131FAG7, STM32MP133AAE3, STM32MP133AAF3, STM32MP133AAG3, STM32MP133CAE3, STM32MP133CAF3, STM32MP133CAG3, STM32MP133DAE7, STM32MP133DAF7, STM32MP133DAG7, STM32MP133FAE7, STM32MP133FAF7, STM32MP133FAG7, STM32MP135AAE3, STM32MP135AAF3, STM32MP135AAG3, STM32MP135CAE3, STM32MP135CAF3, STM32MP135CAG3, STM32MP135DAE7, STM32MP135DAF7, STM32MP135DAG7, STM32MP135F-DK, STM32MP135FAE7, STM32MP135FAF7, STM32MP135FAF7T, STM32MP135FAF7U, STM32MP135FAG7, STM32U535CBT6, STM32U535CBT6Q, STM32U535CBU6, STM32U535CBU6Q, STM32U535CCT6, STM32U535CCT6Q, STM32U535CCU6, STM32U535CCU6Q, STM32U535CET6, STM32U535CET6Q, STM32U535CEU6, STM32U535CEU6Q, STM32U535JEY6QTR, STM32U535NCY6QTR, STM32U535NEY6QTR, STM32U535RBI6, STM32U535RBI6Q, STM32U535RBT6, STM32U535RBT6Q, STM32U535RCI6, STM32U535RCI6Q, STM32U535RCT6, STM32U535RCT6Q, STM32U535REI6, STM32U535REI6Q, STM32U535RET6, STM32U535RET6Q, STM32U535VCI6, STM32U535VCI6Q, STM32U535VCT6, STM32U535VCT6Q, STM32U535VEI6, STM32U535VEI6Q, STM32U535VET6, STM32U535VET6Q, STM32U545CET6, STM32U545CET6Q, STM32U545CEU6, STM32U545CEU6Q, STM32U545JEY6QTR, STM32U545NEY6QTR, STM32U545REI6, STM32U545REI6Q, STM32U545RET6, STM32U545RET6Q, STM32U545VEI6, STM32U545VEI6Q, STM32U545VET6, STM32U545VET6Q, STM32U595AIH6, STM32U595AIH6Q, STM32U595AJH6, STM32U595AJH6Q, STM32U595QII6, STM32U595QII6Q, STM32U595QJI6, STM32U595QJI6Q, STM32U595RIT6, STM32U595RIT6Q, STM32U595RJT6, STM32U595RJT6Q, STM32U595VIT6, STM32U595VIT6Q, STM32U595VJT6, STM32U595VJT6Q, STM32U595ZIT6, STM32U595ZIT6Q, STM32U595ZIY6QTR, STM32U595ZJT6, STM32U595ZJT6Q, STM32U595ZJY6QTR, STM32U599BJY6QTR, STM32U599NIH6Q, STM32U599NJH6Q, STM32U599VIT6Q, STM32U599VJT6, STM32U599VJT6Q, STM32U599ZIT6Q, STM32U599ZIY6QTR, STM32U599ZJT6Q, STM32U599ZJY6QTR, STM32U5A5AJH6, STM32U5A5AJH6Q, STM32U5A5QJI6, STM32U5A5QJI6Q, STM32U5A5RJT6, STM32U5A5RJT6Q, STM32U5A5VJT6, STM32U5A5VJT6Q, STM32U5A5ZJT6, STM32U5A5ZJT6Q, STM32U5A5ZJY6QTR, STM32U5A9BJY6QTR, STM32U5A9J-DK, STM32U5A9NJH6Q, STM32U5A9VJT6Q, STM32U5A9ZJT6Q, STM32U5A9ZJY6QTR, STM32U5F7VIT6, STM32U5F7VIT6Q, STM32U5F7VJT6, STM32U5F7VJT6Q, STM32U5F9BJY6QTR, STM32U5F9NJH6Q, STM32U5F9VIT6Q, STM32U5F9VJT6Q, STM32U5F9ZIJ6QTR, STM32U5F9ZIT6Q, STM32U5F9ZJJ6QTR, STM32U5F9ZJT6Q, STM32U5G7VJT6, STM32U5G7VJT6Q, STM32U5G9BJY6QTR, STM32U5G9J-DK1, STM32U5G9J-DK2, STM32U5G9NJH6Q, STM32U5G9VJT6Q, STM32U5G9ZJJ6QTR, STM32U5G9ZJT6Q, STM32WB1MMCH6, STM32WBA52CEU6, STM32WBA52CEU6T, STM32WBA52CGU6, STM32WBA52CGU6T, STM32WBA52KEU6, STM32WBA52KEU6T, STM32WBA52KGU6, STM32WBA52KGU6T, STM32WL5MOCH6, STM32WL5MOCH6TR]
2023-10-01 22:53:30,341 [INFO] BoardInfo:880 - No configuration file found for board P-NUCLEO-WB55
2023-10-01 22:53:30,342 [INFO] DbBoards:157 - Kit is not supported: P-NUCLEO-WB55
2023-10-01 22:53:30,346 [INFO] BoardInfo:880 - No configuration file found for board STEVAL-BFA001V1B
2023-10-01 22:53:30,346 [INFO] DbBoards:157 - Kit is not supported: STEVAL-BFA001V1B
2023-10-01 22:53:30,347 [INFO] BoardInfo:880 - No configuration file found for board STEVAL-BFA001V2B
2023-10-01 22:53:30,347 [INFO] DbBoards:157 - Kit is not supported: STEVAL-BFA001V2B
2023-10-01 22:53:30,483 [INFO] DbBoards:161 - Found 190 boards, 187 are supported
2023-10-01 22:53:30,485 [INFO] ApiDb:668 - CubeFinder database Data Model version=2.1
2023-10-01 22:53:30,486 [INFO] ApiDb:669 - CubeFinder database Configuration version=3.0.37
2023-10-01 22:53:30,486 [INFO] ApiDb:670 - CubeFinder database generation date=2023-08-09 (1691586011)
2023-10-01 22:53:30,486 [INFO] ApiDb:671 - CubeFinder database FW Pack versions=[FP-ATR-ASTRA1_V2.0.0, FP-SNS-FLIGHT1_V5.0.1, FP-SNS-FLIGHT1_V5.0.2, FP-SNS-MOTENV1_V4.3.1, FP-SNS-MOTENV1_V4.3.2, STM32Cube_FW_C0_V1.1.0, STM32Cube_FW_F4_V1.27.1, STM32Cube_FW_F7_V1.17.0, STM32Cube_FW_G0_V1.6.1, STM32Cube_FW_G4_V1.5.1, STM32Cube_FW_H5_V0.5.1, STM32Cube_FW_H5_V1.1.0, STM32Cube_FW_H7_V1.11.0, STM32Cube_FW_L0_V1.12.2, STM32Cube_FW_L5_V1.5.0, STM32Cube_FW_U5_V1.3.0, STM32Cube_FW_U5_V1.3.0RC4, STM32Cube_FW_WBA_V1.0.0RC1, STM32Cube_FW_WBA_V1.1.0, STM32Cube_FW_WBA_V1.1.0RC1, STM32Cube_FW_WB_V1.15.0RC1, STM32Cube_FW_WB_V1.16.0, STM32Cube_FW_WB_V1.16.0RC2, STM32Cube_FW_WB_V1.17.0, STM32Cube_FW_WL_V1.3.0, X-CUBE-ALGOBUILD_V1.3.0, X-CUBE-ALS_V1.0.1, X-CUBE-AZRTOS-F4_V1.1.0, X-CUBE-AZRTOS-F7_V1.1.0, X-CUBE-AZRTOS-G0_V1.1.0, X-CUBE-AZRTOS-G4_V2.0.0, X-CUBE-AZRTOS-H7_V3.1.0, X-CUBE-AZRTOS-L4_V1.0.0, X-CUBE-AZRTOS-L4_V2.0.0, X-CUBE-AZRTOS-L5_V1.1.0, X-CUBE-AZRTOS-WB_V1.1.0, X-CUBE-AZRTOS-WL_V2.0.0, X-CUBE-BLE1_V7.0.0, X-CUBE-BLE2_V3.3.0, X-CUBE-BLEMGR_V2.0.0, X-CUBE-EEPRMA1_V4.1.0, X-CUBE-FREERTOS_V1.1.0, X-CUBE-GNSS1_V6.0.0, X-CUBE-MEMS1_V9.1.0, X-CUBE-MEMS1_V9.4.0, X-CUBE-MEMS1_V9.6.0, X-CUBE-NFC4_V3.0.0, X-CUBE-NFC7_V1.0.0, X-CUBE-SFXS2LP1_V4.0.0, X-CUBE-SUBG2_V5.0.0, X-CUBE-TOF1_V3.3.1]
2023-10-01 22:53:31,093 [INFO] WebApp:157 - Instantiating new browser for Auth
2023-10-01 22:53:31,567 [INFO] WebApp:753 - Register for checkConnection events
2023-10-01 22:53:31,567 [INFO] WebApp:390 - Apply proxy settings
2023-10-01 22:53:31,567 [INFO] WebApp:475 - Chromium requires no authentication
2023-10-01 22:53:31,573 [INFO] WebApp:418 - Direct internet connection detected
2023-10-01 22:53:31,748 [INFO] WebApp:188 - Starting web application
2023-10-01 22:53:31,748 [INFO] WebApp:520 - Web application path used C:\ST\STM32CubeIDE_1.9.0\STM32CubeIDE\plugins\com.st.stm32cube.common.mx_6.9.2.202309101412\db\plugins\mcufinder\reactClient1\index.html
2023-10-01 22:53:31,834 [WARN] PackLoader:240 - Cannot read IP mode file for STMicroelectronics.X-CUBE-SMBUS.2.1.0
2023-10-01 22:53:31,944 [WARN] PackLoader:240 - Cannot read IP mode file for STMicroelectronics.X-CUBE-MEMS1.9.2.0
2023-10-01 22:53:32,145 [WARN] PackLoader:240 - Cannot read IP mode file for STMicroelectronics.X-CUBE-AZRTOS-F7.1.1.0
2023-10-01 22:53:32,164 [WARN] PackLoader:240 - Cannot read IP mode file for STMicroelectronics.X-CUBE-AI.7.1.0
2023-10-01 22:53:32,177 [WARN] PackLoader:240 - Cannot read IP mode file for STMicroelectronics.X-CUBE-TOUCHGFX.4.19.1
2023-10-01 22:53:32,192 [WARN] PackLoader:240 - Cannot read IP mode file for STMicroelectronics.FP-SNS-MOTENV1.4.3.2
2023-10-01 22:53:32,208 [WARN] PackLoader:240 - Cannot read IP mode file for STMicroelectronics.X-CUBE-BLE1.6.2.3
2023-10-01 22:53:32,221 [WARN] PackLoader:240 - Cannot read IP mode file for STMicroelectronics.FP-SNS-FLIGHT1.5.0.2
2023-10-01 22:53:32,235 [WARN] PackLoader:240 - Cannot read IP mode file for STMicroelectronics.X-CUBE-BLE2.3.2.2
2023-10-01 22:53:32,255 [WARN] PackLoader:240 - Cannot read IP mode file for STMicroelectronics.X-CUBE-TOF1.3.1.0
2023-10-01 22:53:32,273 [WARN] PackLoader:240 - Cannot read IP mode file for STMicroelectronics.X-CUBE-DISPLAY.3.0.0
2023-10-01 22:53:32,290 [WARN] PackLoader:240 - Cannot read IP mode file for STMicroelectronics.X-CUBE-BLE1.7.0.0
2023-10-01 22:53:32,301 [WARN] PackLoader:240 - Cannot read IP mode file for STMicroelectronics.X-CUBE-TOUCHGFX.4.22.0
2023-10-01 22:53:32,358 [WARN] PackLoader:240 - Cannot read IP mode file for STMicroelectronics.X-CUBE-MEMS1.9.3.0
2023-10-01 22:53:32,407 [INFO] ApiDb:240 - Found 323 in-development CPN: [B-G473E-ZEST1S, B-WB1M-WPAN1, B-WL5M-SUBG1, NUCLEO-C031C6, NUCLEO-H503RB, NUCLEO-H563ZI, NUCLEO-U545RE-Q, NUCLEO-U5A5ZJ-Q, NUCLEO-WBA52CG, STEVAL-PROTEUS1, STEVAL-SMARTAG2, STEVAL-STWINBX1, STM320518-EVAL, STM32C0116-DK, STM32C011D6Y3TR, STM32C011D6Y6TR, STM32C011F4P3, STM32C011F4P6, STM32C011F4U3, STM32C011F4U6TR, STM32C011F6P3, STM32C011F6P6, STM32C011F6U3, STM32C011F6U6TR, STM32C011J4M3, STM32C011J4M6, STM32C011J6M3, STM32C011J6M6, STM32C0316-DK, STM32C031C4T3, STM32C031C4T6, STM32C031C4U3, STM32C031C4U6, STM32C031C6T3, STM32C031C6T6, STM32C031C6U3, STM32C031C6U6, STM32C031F4P3, STM32C031F4P6, STM32C031F6P3, STM32C031F6P6, STM32C031G4U3, STM32C031G4U6, STM32C031G6U3, STM32C031G6U6, STM32C031K4T3, STM32C031K4T6, STM32C031K4U3, STM32C031K4U6, STM32C031K6T3, STM32C031K6T6, STM32C031K6U3, STM32C031K6U6, STM32G071K8TXN, STM32G071K8UXN, STM32G081GBU6N, STM32G081KBT6N, STM32G081KBUXN, STM32G0B1CCT6N, STM32G0B1KCT6, STM32G0B1NEY6TR, STM32G0B1RCT6N, STM32G0C1CCT6, STM32G0C1CCT6N, STM32G0C1CCU6N, STM32G0C1CET6N, STM32G0C1CEU6N, STM32G0C1KCT6, STM32G0C1NEY6TR, STM32G0C1RCI6N, STM32G0C1RCT6N, STM32G0C1REI6N, STM32G0C1RET6N, STM32G0C1VCI6, STM32G0C1VEI6, STM32G471CCT6, STM32G471CCU6, STM32G471CET3, STM32G471CET6, STM32G471CEU3, STM32G471CEU6, STM32G471MCT6, STM32G471MET3, STM32G471MET6, STM32G471MEY6TR, STM32G471QCT6, STM32G471QET3, STM32G471RCT6, STM32G471RET3, STM32G471RET6, STM32G471VCH6, STM32G471VCI6, STM32G471VCT6, STM32G471VEH3, STM32G471VEH6, STM32G471VEI3, STM32G471VEI6, STM32G471VET3, STM32G471VET6, STM32G474CCT6, STM32H503CBT6, STM32H503CBU6, STM32H503EBY6TR, STM32H503KBU6, STM32H503RBT6, STM32H562AGI6, STM32H562AII6, STM32H562IGK6, STM32H562IGT6, STM32H562IIK6, STM32H562IIT6, STM32H562RGT6, STM32H562RGV6, STM32H562RIT6, STM32H562RIV6, STM32H562VGT6, STM32H562VIT6, STM32H562ZGT6, STM32H562ZIT6, STM32H563AGI6, STM32H563AII3Q, STM32H563AII6, STM32H563IGK6, STM32H563IGT6, STM32H563IIK3Q, STM32H563IIK6, STM32H563IIT3Q, STM32H563IIT6, STM32H563MIY3QTR, STM32H563RGT6, STM32H563RGV6, STM32H563RIT6, STM32H563RIV6, STM32H563VGT6, STM32H563VIT3Q, STM32H563VIT6, STM32H563ZGT6, STM32H563ZIT3Q, STM32H563ZIT6, STM32H573AII3Q, STM32H573AII6, STM32H573I-DK, STM32H573IIK3Q, STM32H573IIK6, STM32H573IIT3Q, STM32H573IIT6, STM32H573MIY3QTR, STM32H573RIT6, STM32H573RIV6, STM32H573VIT3Q, STM32H573VIT6, STM32H573ZIT3Q, STM32H573ZIT6, STM32L4R5QGI6STR, STM32MP131AAE3, STM32MP131AAF3, STM32MP131AAG3, STM32MP131CAE3, STM32MP131CAF3, STM32MP131CAG3, STM32MP131DAE7, STM32MP131DAF7, STM32MP131DAG7, STM32MP131FAE7, STM32MP131FAF7, STM32MP131FAG7, STM32MP133AAE3, STM32MP133AAF3, STM32MP133AAG3, STM32MP133CAE3, STM32MP133CAF3, STM32MP133CAG3, STM32MP133DAE7, STM32MP133DAF7, STM32MP133DAG7, STM32MP133FAE7, STM32MP133FAF7, STM32MP133FAG7, STM32MP135AAE3, STM32MP135AAF3, STM32MP135AAG3, STM32MP135CAE3, STM32MP135CAF3, STM32MP135CAG3, STM32MP135DAE7, STM32MP135DAF7, STM32MP135DAG7, STM32MP135F-DK, STM32MP135FAE7, STM32MP135FAF7, STM32MP135FAF7T, STM32MP135FAF7U, STM32MP135FAG7, STM32U535CBT6, STM32U535CBT6Q, STM32U535CBU6, STM32U535CBU6Q, STM32U535CCT6, STM32U535CCT6Q, STM32U535CCU6, STM32U535CCU6Q, STM32U535CET6, STM32U535CET6Q, STM32U535CEU6, STM32U535CEU6Q, STM32U535JEY6QTR, STM32U535NCY6QTR, STM32U535NEY6QTR, STM32U535RBI6, STM32U535RBI6Q, STM32U535RBT6, STM32U535RBT6Q, STM32U535RCI6, STM32U535RCI6Q, STM32U535RCT6, STM32U535RCT6Q, STM32U535REI6, STM32U535REI6Q, STM32U535RET6, STM32U535RET6Q, STM32U535VCI6, STM32U535VCI6Q, STM32U535VCT6, STM32U535VCT6Q, STM32U535VEI6, STM32U535VEI6Q, STM32U535VET6, STM32U535VET6Q, STM32U545CET6, STM32U545CET6Q, STM32U545CEU6, STM32U545CEU6Q, STM32U545JEY6QTR, STM32U545NEY6QTR, STM32U545REI6, STM32U545REI6Q, STM32U545RET6, STM32U545RET6Q, STM32U545VEI6, STM32U545VEI6Q, STM32U545VET6, STM32U545VET6Q, STM32U595AIH6, STM32U595AIH6Q, STM32U595AJH6, STM32U595AJH6Q, STM32U595QII6, STM32U595QII6Q, STM32U595QJI6, STM32U595QJI6Q, STM32U595RIT6, STM32U595RIT6Q, STM32U595RJT6, STM32U595RJT6Q, STM32U595VIT6, STM32U595VIT6Q, STM32U595VJT6, STM32U595VJT6Q, STM32U595ZIT6, STM32U595ZIT6Q, STM32U595ZIY6QTR, STM32U595ZJT6, STM32U595ZJT6Q, STM32U595ZJY6QTR, STM32U599BJY6QTR, STM32U599NIH6Q, STM32U599NJH6Q, STM32U599VIT6Q, STM32U599VJT6, STM32U599VJT6Q, STM32U599ZIT6Q, STM32U599ZIY6QTR, STM32U599ZJT6Q, STM32U599ZJY6QTR, STM32U5A5AJH6, STM32U5A5AJH6Q, STM32U5A5QJI6, STM32U5A5QJI6Q, STM32U5A5RJT6, STM32U5A5RJT6Q, STM32U5A5VJT6, STM32U5A5VJT6Q, STM32U5A5ZJT6, STM32U5A5ZJT6Q, STM32U5A5ZJY6QTR, STM32U5A9BJY6QTR, STM32U5A9J-DK, STM32U5A9NJH6Q, STM32U5A9VJT6Q, STM32U5A9ZJT6Q, STM32U5A9ZJY6QTR, STM32U5F7VIT6, STM32U5F7VIT6Q, STM32U5F7VJT6, STM32U5F7VJT6Q, STM32U5F9BJY6QTR, STM32U5F9NJH6Q, STM32U5F9VIT6Q, STM32U5F9VJT6Q, STM32U5F9ZIJ6QTR, STM32U5F9ZIT6Q, STM32U5F9ZJJ6QTR, STM32U5F9ZJT6Q, STM32U5G7VJT6, STM32U5G7VJT6Q, STM32U5G9BJY6QTR, STM32U5G9J-DK1, STM32U5G9J-DK2, STM32U5G9NJH6Q, STM32U5G9VJT6Q, STM32U5G9ZJJ6QTR, STM32U5G9ZJT6Q, STM32WB1MMCH6, STM32WBA52CEU6, STM32WBA52CEU6T, STM32WBA52CGU6, STM32WBA52CGU6T, STM32WBA52KEU6, STM32WBA52KEU6T, STM32WBA52KGU6, STM32WBA52KGU6T, STM32WL5MOCH6, STM32WL5MOCH6TR]
2023-10-01 22:53:32,413 [INFO] DbMcus:217 - Found 3848 MCUs, 3848 are supported
2023-10-01 22:53:32,414 [INFO] ApiDb:423 - Load user favorites file C:\Users\truon/.stm32cubeide/favorites.mcus.txt: 0 item(s)
2023-10-01 22:53:32,414 [INFO] ApiDb:427 - User favorites MCUs=[]
2023-10-01 22:53:32,414 [INFO] DbMcus:223 - Set 0 / 0 favorites MCUs
2023-10-01 22:53:32,455 [WARN] PackLoader:240 - Cannot read IP mode file for STMicroelectronics.X-CUBE-AI.7.2.0
2023-10-01 22:53:32,468 [WARN] PackLoader:240 - Cannot read IP mode file for STMicroelectronics.FP-SNS-SMARTAG2.1.2.0
2023-10-01 22:53:32,489 [INFO] LogOutputStream:77 - [STDOUT_REDIRECT] 1 : Invalid condition id : UX_CORESTACK_Condition cause : null
2023-10-01 22:53:32,490 [INFO] LogOutputStream:77 - [STDOUT_REDIRECT] 1 : Invalid condition id : UX_CORESTACK_Condition cause : null
2023-10-01 22:53:32,491 [INFO] LogOutputStream:77 - [STDOUT_REDIRECT] 1 : Invalid condition id : UX_CORESTACK_Condition cause : null
2023-10-01 22:53:32,492 [INFO] LogOutputStream:77 - [STDOUT_REDIRECT] 1 : Invalid condition id : UX_CORESTACK_Condition cause : null
2023-10-01 22:53:32,493 [INFO] LogOutputStream:77 - [STDOUT_REDIRECT] 1 : Invalid condition id : UX_CORESTACK_Condition cause : null
2023-10-01 22:53:32,494 [WARN] PackLoader:240 - Cannot read IP mode file for STMicroelectronics.X-CUBE-AZRTOS-WL.2.0.0
2023-10-01 22:53:32,506 [WARN] PackLoader:240 - Cannot read IP mode file for WES.I-CUBE-Cesium.1.3.0
2023-10-01 22:53:32,519 [WARN] PackLoader:240 - Cannot read IP mode file for STMicroelectronics.X-CUBE-BLE2.3.3.0
2023-10-01 22:53:32,537 [WARN] PackLoader:240 - Cannot read IP mode file for STMicroelectronics.X-CUBE-DISPLAY.2.2.0
2023-10-01 22:53:32,562 [WARN] PackLoader:240 - Cannot read IP mode file for STMicroelectronics.X-CUBE-TOF1.3.2.0
2023-10-01 22:53:32,582 [WARN] PackLoader:240 - Cannot read IP mode file for STMicroelectronics.X-CUBE-ISPU.1.0.0
2023-10-01 22:53:32,632 [WARN] PackLoader:240 - Cannot read IP mode file for STMicroelectronics.X-CUBE-AZRTOS-H7.2.1.0
2023-10-01 22:53:32,652 [WARN] PackLoader:240 - Cannot read IP mode file for STMicroelectronics.X-CUBE-ALGOBUILD.1.3.0
2023-10-01 22:53:32,667 [INFO] ApiDb:423 - Load user favorites file C:\Users\truon/.stm32cubeide/favorites.boards.txt: 0 item(s)
2023-10-01 22:53:32,667 [INFO] ApiDb:427 - User favorites Boards=[]
2023-10-01 22:53:32,668 [INFO] DbBoards:190 - Set 0 / 0 favorites Boards
2023-10-01 22:53:32,668 [INFO] McuFinderGlobals:76 - Set McuFinderConnectedMode to true
2023-10-01 22:53:32,675 [INFO] MultiScanPanel:200 - Auto-refresh data requested => check proxy status ongoing
2023-10-01 22:53:32,678 [INFO] FinderPluginLoader:95 - Searching for filters in installed packs
2023-10-01 22:53:32,679 [WARN] PackLoader:240 - Cannot read IP mode file for STMicroelectronics.X-CUBE-AZRTOS-G0.1.1.0
2023-10-01 22:53:32,693 [WARN] PackLoader:240 - Cannot read IP mode file for STMicroelectronics.X-CUBE-NFC4.3.0.0
2023-10-01 22:53:32,731 [WARN] PackLoader:240 - Cannot read IP mode file for SEGGER.I-CUBE-embOS.1.2.0
2023-10-01 22:53:32,779 [WARN] PackLoader:240 - Cannot read IP mode file for STMicroelectronics.FP-ATR-SIGFOX1.3.2.0
2023-10-01 22:53:32,794 [WARN] PackLoader:240 - Cannot read IP mode file for emotas.I-CUBE-CANOPEN.1.1.2
2023-10-01 22:53:32,805 [WARN] PackLoader:240 - Cannot read IP mode file for STMicroelectronics.X-CUBE-TOUCHGFX.4.20.0
2023-10-01 22:53:32,834 [WARN] PackLoader:240 - Cannot read IP mode file for SEGGER.I-CUBE-embOS.1.3.1
2023-10-01 22:53:32,867 [WARN] PackLoader:240 - Cannot read IP mode file for STMicroelectronics.X-CUBE-TOF1.3.0.0
2023-10-01 22:53:32,879 [WARN] PackLoader:240 - Cannot read IP mode file for STMicroelectronics.X-CUBE-GNSS1.6.0.0
2023-10-01 22:53:32,909 [WARN] PackLoader:240 - Cannot read IP mode file for STMicroelectronics.X-CUBE-AZRTOS-F4.1.1.0
2023-10-01 22:53:32,922 [WARN] PackLoader:240 - Cannot read IP mode file for STMicroelectronics.X-CUBE-BLEMGR.1.2.0
2023-10-01 22:53:32,949 [WARN] PackLoader:240 - Cannot read IP mode file for STMicroelectronics.X-CUBE-AZRTOS-L5.2.0.0
2023-10-01 22:53:32,998 [WARN] PackLoader:240 - Cannot read IP mode file for STMicroelectronics.X-CUBE-MEMS1.9.6.0
2023-10-01 22:53:33,161 [WARN] PackLoader:240 - Cannot read IP mode file for STMicroelectronics.X-CUBE-BLEMGR.2.0.0
2023-10-01 22:53:33,175 [WARN] PackLoader:240 - Cannot read IP mode file for STMicroelectronics.X-CUBE-NFC4.2.0.4
2023-10-01 22:53:33,205 [WARN] ConditionMgr:438 - getConditionDescription Invalid condition id : UX DEVICE CLASS RTOS Condition cause : null
2023-10-01 22:53:33,205 [WARN] ConditionMgr:438 - getConditionDescription Invalid condition id : UX DEVICE CLASS RTOS Condition cause : null
2023-10-01 22:53:33,208 [WARN] PackLoader:240 - Cannot read IP mode file for STMicroelectronics.X-CUBE-AZRTOS-H7.3.1.0
2023-10-01 22:53:33,209 [WARN] ConditionMgr:1039 - genDependencies : Invalid condition id : UX DEVICE CLASS RTOS Condition cause : null
2023-10-01 22:53:33,209 [WARN] ConditionMgr:1039 - genDependencies : Invalid condition id : UX DEVICE CLASS RTOS Condition cause : null
2023-10-01 22:53:33,210 [WARN] ConditionMgr:1039 - genDependencies : Invalid condition id : UX DEVICE CLASS RTOS Condition cause : null
2023-10-01 22:53:33,210 [WARN] ConditionMgr:1039 - genDependencies : Invalid condition id : UX DEVICE CLASS RTOS Condition cause : null
2023-10-01 22:53:33,210 [WARN] ConditionMgr:1039 - genDependencies : Invalid condition id : UX DEVICE CLASS RTOS Condition cause : null
2023-10-01 22:53:33,224 [WARN] PackLoader:240 - Cannot read IP mode file for STMicroelectronics.X-CUBE-SFXS2LP1.3.1.0
2023-10-01 22:53:33,252 [WARN] PackLoader:240 - Cannot read IP mode file for STMicroelectronics.X-CUBE-AZRTOS-F4.1.0.0
2023-10-01 22:53:33,266 [WARN] PackLoader:240 - Cannot read IP mode file for STMicroelectronics.X-CUBE-NFC7.1.0.1
2023-10-01 22:53:33,280 [WARN] PackLoader:240 - Cannot read IP mode file for STMicroelectronics.X-CUBE-NFC7.1.0.0
2023-10-01 22:53:33,295 [WARN] PackLoader:240 - Cannot read IP mode file for STMicroelectronics.X-CUBE-NFC6.3.0.0
2023-10-01 22:53:33,311 [WARN] PackLoader:240 - Cannot read IP mode file for STMicroelectronics.X-CUBE-EEPRMA1.4.1.0
2023-10-01 22:53:33,323 [WARN] PackLoader:240 - Cannot read IP mode file for STMicroelectronics.X-CUBE-AI.8.1.0
2023-10-01 22:53:33,350 [WARN] PackLoader:240 - Cannot read IP mode file for STMicroelectronics.X-CUBE-AZRTOS-G0.1.0.0
2023-10-01 22:53:33,382 [WARN] ConditionMgr:438 - getConditionDescription Invalid condition id : LAN8742 Phy interface Condition cause : null
2023-10-01 22:53:33,383 [WARN] PackLoader:240 - Cannot read IP mode file for STMicroelectronics.X-CUBE-AZRTOS-L4.2.0.0
2023-10-01 22:53:33,384 [WARN] ConditionMgr:1039 - genDependencies : Invalid condition id : LAN8742 Phy interface Condition cause : null
2023-10-01 22:53:33,384 [WARN] ConditionMgr:1039 - genDependencies : Invalid condition id : LAN8742 Phy interface Condition cause : null
2023-10-01 22:53:33,385 [WARN] ConditionMgr:1039 - genDependencies : Invalid condition id : LAN8742 Phy interface Condition cause : null
2023-10-01 22:53:33,399 [WARN] PackLoader:240 - Cannot read IP mode file for STMicroelectronics.X-CUBE-SFXS2LP1.4.0.0
2023-10-01 22:53:33,408 [WARN] PackLoader:240 - Cannot read IP mode file for STMicroelectronics.X-CUBE-ISPU.1.1.0
2023-10-01 22:53:33,421 [WARN] PackLoader:240 - Cannot read IP mode file for RoweBots.I-CUBE-UNISONRTOS.5.5.0-4
2023-10-01 22:53:33,448 [WARN] ConditionMgr:438 - getConditionDescription Invalid condition id : UX DEVICE CLASS RTOS Condition cause : null
2023-10-01 22:53:33,449 [WARN] ConditionMgr:438 - getConditionDescription Invalid condition id : UX DEVICE CLASS RTOS Condition cause : null
2023-10-01 22:53:33,451 [WARN] PackLoader:240 - Cannot read IP mode file for STMicroelectronics.X-CUBE-AZRTOS-WB.2.0.0
2023-10-01 22:53:33,451 [WARN] ConditionMgr:1039 - genDependencies : Invalid condition id : UX DEVICE CLASS RTOS Condition cause : null
2023-10-01 22:53:33,451 [WARN] ConditionMgr:1039 - genDependencies : Invalid condition id : UX DEVICE CLASS RTOS Condition cause : null
2023-10-01 22:53:33,451 [WARN] ConditionMgr:1039 - genDependencies : Invalid condition id : UX DEVICE CLASS RTOS Condition cause : null
2023-10-01 22:53:33,452 [WARN] ConditionMgr:1039 - genDependencies : Invalid condition id : UX DEVICE CLASS RTOS Condition cause : null
2023-10-01 22:53:33,452 [WARN] ConditionMgr:1039 - genDependencies : Invalid condition id : UX DEVICE CLASS RTOS Condition cause : null
2023-10-01 22:53:33,466 [WARN] PackLoader:240 - Cannot read IP mode file for STMicroelectronics.X-CUBE-BLEMGR.1.0.0
2023-10-01 22:53:33,485 [WARN] PackLoader:240 - Cannot read IP mode file for STMicroelectronics.X-CUBE-SUBG2.5.0.0
2023-10-01 22:53:33,508 [WARN] PackLoader:240 - Cannot read IP mode file for STMicroelectronics.X-CUBE-TOF1.3.3.1
2023-10-01 22:53:33,545 [WARN] PackLoader:240 - Cannot read IP mode file for STMicroelectronics.X-CUBE-AZRTOS-G4.2.0.0
2023-10-01 22:53:33,555 [WARN] PackLoader:240 - Cannot read IP mode file for STMicroelectronics.FP-ATR-ASTRA1.1.1.1
2023-10-01 22:53:33,566 [WARN] PackLoader:240 - Cannot read IP mode file for STMicroelectronics.FP-ATR-ASTRA1.1.1.0
2023-10-01 22:53:33,594 [WARN] PackLoader:240 - Cannot read IP mode file for STMicroelectronics.X-CUBE-AZRTOS-G4.1.0.0
2023-10-01 22:53:33,607 [WARN] PackLoader:240 - Cannot read IP mode file for wolfSSL.I-CUBE-wolfSSL.5.3.0
2023-10-01 22:53:33,636 [WARN] PackLoader:240 - Cannot read IP mode file for STMicroelectronics.X-CUBE-AZRTOS-L4.1.0.0
2023-10-01 22:53:33,675 [WARN] PackLoader:240 - Cannot read IP mode file for STMicroelectronics.X-CUBE-FREERTOS.1.1.0
2023-10-01 22:53:33,698 [WARN] PackLoader:240 - Cannot read IP mode file for STMicroelectronics.X-CUBE-AZRTOS-F7.1.0.0
2023-10-01 22:53:33,720 [WARN] PackLoader:240 - Cannot read IP mode file for STMicroelectronics.X-CUBE-AZRTOS-WL.1.0.0
2023-10-01 22:53:33,732 [WARN] PackLoader:240 - Cannot read IP mode file for portGmbH.I-Cube-SoM-uGOAL.1.1.0
2023-10-01 22:53:33,745 [WARN] PackLoader:240 - Cannot read IP mode file for STMicroelectronics.X-CUBE-ALS.1.0.1
2023-10-01 22:53:33,772 [WARN] PackLoader:240 - Cannot read IP mode file for STMicroelectronics.X-CUBE-AZRTOS-L5.1.0.0
2023-10-01 22:53:33,784 [WARN] PackLoader:240 - Cannot read IP mode file for STMicroelectronics.X-CUBE-EEPRMA1.3.1.1
2023-10-01 22:53:33,796 [WARN] PackLoader:240 - Cannot read IP mode file for STMicroelectronics.X-CUBE-GNSS1.5.2.0
2023-10-01 22:53:33,809 [WARN] PackLoader:240 - Cannot read IP mode file for STMicroelectronics.FP-ATR-ASTRA1.2.0.0
2023-10-01 22:53:33,810 [INFO] ThirdParty:978 - Integrity check success = true
2023-10-01 22:53:33,810 [INFO] IntegrityCheckThread:100 - exiting critical section [integrity check]
2023-10-01 22:53:33,810 [INFO] IntegrityCheckThread:103 - End integrity checks thread
2023-10-01 22:53:34,075 [INFO] LoadUrlFilesThread:185 - End of LoadServerUrlFiles without Thread
2023-10-01 22:53:34,082 [INFO] DetailPanel:341 - Set advertising image to C:/Users/truon/STM32Cube/Repository/\en.prom-stm32h5-mcu-finder.jpg
2023-10-01 22:53:52,557 [ERROR] LogOutputStream:75 - [STDERR_REDIRECT] SLF4J: Failed to load class "org.slf4j.impl.StaticLoggerBinder".
2023-10-01 22:53:52,558 [ERROR] LogOutputStream:75 - [STDERR_REDIRECT] SLF4J: Defaulting to no-operation (NOP) logger implementation
2023-10-01 22:53:52,559 [ERROR] LogOutputStream:75 - [STDERR_REDIRECT] SLF4J: See http://www.slf4j.org/codes.html#StaticLoggerBinder for further details.
2023-10-01 22:56:18,286 [INFO] MainUpdater:2868 - connection check result : 10
2023-10-01 22:56:18,286 [INFO] MainUpdater:2868 - connection check result : 10
2023-10-01 22:56:18,315 [INFO] MicroXplorer:468 - Change Database Path : 
2023-10-01 22:56:18,315 [INFO] MicroXplorer:498 - Change Database Version : DB.6.0.92
2023-10-01 22:56:18,320 [WARN] ThirdParty:871 - waiting for thirdparty lock release [close project]
2023-10-01 22:56:18,320 [INFO] ThirdParty:873 - entering critical section [close project]
2023-10-01 22:56:18,321 [INFO] ThirdParty:883 - exiting critical section [close project]
2023-10-01 22:56:18,323 [INFO] PinOutPanel:1499 - setPackage(No Configuration,No Configuration)
2023-10-01 22:56:18,327 [INFO] UtilMem:75 - Begin LoadConfig() Used Memory: 491297672 Bytes (772800512)
2023-10-01 22:56:18,328 [INFO] MicroXplorer:468 - Change Database Path : 
2023-10-01 22:56:18,328 [INFO] MicroXplorer:498 - Change Database Version : DB.6.0.92
2023-10-01 22:56:18,328 [INFO] OpenFileManager:308 - Change cursor
2023-10-01 22:56:18,467 [INFO] Mcu:1946 - Initializing MCU STM32F103C6Tx STM32F103C6Tx STM32F103C6T6A
2023-10-01 22:56:19,295 [INFO] Context:659 - Trying to add GPIOservice into a context  which must be forbidden
2023-10-01 22:56:19,458 [INFO] ImportTextPane:194 - (OptionalMessage_ERROR) Unable to find key (Mcu.ThirdPartyNb) in loaded IOC file
2023-10-01 22:56:19,458 [INFO] ImportTextPane:194 - (OptionalMessage_ERROR) Unable to find key (Mcu.PinsNb) in loaded IOC file
2023-10-01 22:56:19,458 [INFO] ImportTextPane:194 - (OptionalMessage_ERROR) Unable to find key (Mcu.IPNb) in loaded IOC file
2023-10-01 22:56:19,696 [INFO] RtosManager:555 - Registered RTOS mode: class=CMSIS, group=RTOS, mode=CMSIS_V1, owner=FREERTOS
2023-10-01 22:56:19,696 [INFO] RtosManager:555 - Registered RTOS mode: class=CMSIS, group=RTOS2, mode=CMSIS_V2, owner=FREERTOS
2023-10-01 22:56:19,696 [INFO] RtosManager:555 - Registered RTOS mode: class=RTOS, group=Core, mode=CMSIS_V1, owner=FREERTOS
2023-10-01 22:56:19,696 [INFO] RtosManager:555 - Registered RTOS mode: class=RTOS, group=Core, mode=CMSIS_V2, owner=FREERTOS
2023-10-01 22:56:19,696 [WARN] ModelIntegratedComponent:184 - Missing modes for component STMicroelectronics:FreeRTOS:0.0.1:STMicroelectronics:RTOS:FreeRTOS:Core:::10.2.0:
2023-10-01 22:56:19,709 [WARN] ModelIntegratedComponent:63 - No mode defined for component null
2023-10-01 22:56:19,710 [WARN] ModelIntegratedComponent:63 - No mode defined for component null
2023-10-01 22:56:19,710 [WARN] ModelIntegratedComponent:63 - No mode defined for component null
2023-10-01 22:56:19,710 [WARN] ModelIntegratedComponent:63 - No mode defined for component null
2023-10-01 22:56:19,710 [WARN] ModelIntegratedComponent:63 - No mode defined for component null
2023-10-01 22:56:19,710 [WARN] ModelIntegratedComponent:63 - No mode defined for component null
2023-10-01 22:56:19,710 [WARN] ModelIntegratedComponent:63 - No mode defined for component null
2023-10-01 22:56:19,710 [WARN] ModelIntegratedComponent:63 - No mode defined for component null
2023-10-01 22:56:19,710 [WARN] ModelIntegratedComponent:63 - No mode defined for component null
2023-10-01 22:56:19,710 [WARN] ModelIntegratedComponent:63 - No mode defined for component null
2023-10-01 22:56:19,710 [WARN] ModelIntegratedComponent:63 - No mode defined for component null
2023-10-01 22:56:19,710 [WARN] ModelIntegratedComponent:63 - No mode defined for component null
2023-10-01 22:56:19,710 [WARN] ModelIntegratedComponent:63 - No mode defined for component null
2023-10-01 22:56:19,710 [WARN] ModelIntegratedComponent:63 - No mode defined for component null
2023-10-01 22:56:19,710 [WARN] ModelIntegratedComponent:63 - No mode defined for component null
2023-10-01 22:56:19,710 [WARN] ModelIntegratedComponent:63 - No mode defined for component null
2023-10-01 22:56:19,710 [WARN] ModelIntegratedComponent:63 - No mode defined for component null
2023-10-01 22:56:19,710 [WARN] ModelIntegratedComponent:63 - No mode defined for component null
2023-10-01 22:56:19,710 [WARN] ModelIntegratedComponent:63 - No mode defined for component null
2023-10-01 22:56:19,710 [WARN] ModelIntegratedComponent:63 - No mode defined for component null
2023-10-01 22:56:19,710 [WARN] ModelIntegratedComponent:63 - No mode defined for component null
2023-10-01 22:56:19,710 [WARN] ModelIntegratedComponent:63 - No mode defined for component null
2023-10-01 22:56:19,711 [WARN] ModelIntegratedComponent:63 - No mode defined for component null
2023-10-01 22:56:19,711 [WARN] ModelIntegratedComponent:63 - No mode defined for component null
2023-10-01 22:56:19,711 [WARN] ModelIntegratedComponent:63 - No mode defined for component null
2023-10-01 22:56:19,711 [WARN] ModelIntegratedComponent:63 - No mode defined for component null
2023-10-01 22:56:19,711 [WARN] ModelIntegratedComponent:63 - No mode defined for component null
2023-10-01 22:56:19,711 [WARN] ModelIntegratedComponent:63 - No mode defined for component null
2023-10-01 22:56:19,711 [WARN] ModelIntegratedComponent:63 - No mode defined for component null
2023-10-01 22:56:19,711 [WARN] ModelIntegratedComponent:63 - No mode defined for component null
2023-10-01 22:56:19,711 [WARN] ModelIntegratedComponent:63 - No mode defined for component null
2023-10-01 22:56:19,711 [WARN] ModelIntegratedComponent:63 - No mode defined for component null
2023-10-01 22:56:19,711 [WARN] ModelIntegratedComponent:63 - No mode defined for component null
2023-10-01 22:56:19,833 [INFO] ThirdPartyModel:298 - Start build external matchings
2023-10-01 22:56:20,953 [INFO] ThirdPartyModel:316 - End build external matchings
2023-10-01 22:56:21,206 [INFO] UtilMem:75 - End LoadConfig() Used Memory: 532555672 Bytes (1073741824)
2023-10-01 22:56:21,241 [WARN] ThirdParty:833 - waiting for thirdparty lock release [change project]
2023-10-01 22:56:21,241 [INFO] ThirdParty:835 - entering critical section [change project]
2023-10-01 22:56:21,241 [INFO] ThirdParty:1030 - CMSIS Pack Vendor :STMicroelectronics X-CUBE-ISPU 1.1.0
2023-10-01 22:56:21,241 [INFO] ThirdParty:1030 - CMSIS Pack Vendor :STMicroelectronics USBPD 4.1
2023-10-01 22:56:21,241 [INFO] ThirdParty:1030 - CMSIS Pack Vendor :RoweBots I-CUBE-UNISONRTOS 5.5.0-4
2023-10-01 22:56:21,241 [INFO] ThirdParty:1030 - CMSIS Pack Vendor :STMicroelectronics X-CUBE-GNSS1 6.0.0
2023-10-01 22:56:21,241 [INFO] ThirdParty:1030 - CMSIS Pack Vendor :STMicroelectronics X-CUBE-AZRTOS-H7 2.1.0
2023-10-01 22:56:21,241 [INFO] ThirdParty:1030 - CMSIS Pack Vendor :STMicroelectronics USB_HOST 2.0.0
2023-10-01 22:56:21,241 [INFO] ThirdParty:1030 - CMSIS Pack Vendor :STMicroelectronics X-CUBE-AZRTOS-F4 1.1.0
2023-10-01 22:56:21,241 [INFO] ThirdParty:1030 - CMSIS Pack Vendor :STMicroelectronics LIBJPEG 8.0.0
2023-10-01 22:56:21,241 [INFO] ThirdParty:1030 - CMSIS Pack Vendor :STMicroelectronics X-CUBE-SMBUS 2.1.0
2023-10-01 22:56:21,241 [INFO] ThirdParty:1030 - CMSIS Pack Vendor :STMicroelectronics USB_DEVICE 3.0.0
2023-10-01 22:56:21,241 [INFO] ThirdParty:1030 - CMSIS Pack Vendor :STMicroelectronics X-CUBE-AZRTOS-WB 2.0.0
2023-10-01 22:56:21,241 [INFO] ThirdParty:1030 - CMSIS Pack Vendor :STMicroelectronics X-CUBE-BLEMGR 1.0.0
2023-10-01 22:56:21,241 [INFO] ThirdParty:1030 - CMSIS Pack Vendor :STMicroelectronics X-CUBE-MEMS1 9.2.0
2023-10-01 22:56:21,242 [INFO] ThirdParty:1030 - CMSIS Pack Vendor :STMicroelectronics X-CUBE-BLEMGR 1.2.0
2023-10-01 22:56:21,242 [INFO] ThirdParty:1030 - CMSIS Pack Vendor :STMicroelectronics X-CUBE-AZRTOS-F7 1.1.0
2023-10-01 22:56:21,242 [INFO] ThirdParty:1030 - CMSIS Pack Vendor :STMicroelectronics X-CUBE-AZRTOS-L5 2.0.0
2023-10-01 22:56:21,242 [INFO] ThirdParty:1030 - CMSIS Pack Vendor :STMicroelectronics USB_DEVICE 2.0.0
2023-10-01 22:56:21,242 [INFO] ThirdParty:1030 - CMSIS Pack Vendor :STMicroelectronics X-CUBE-MEMS1 9.6.0
2023-10-01 22:56:21,242 [INFO] ThirdParty:1030 - CMSIS Pack Vendor :STMicroelectronics X-CUBE-AI 7.1.0
2023-10-01 22:56:21,242 [INFO] ThirdParty:1030 - CMSIS Pack Vendor :STMicroelectronics X-CUBE-TOUCHGFX 4.19.1
2023-10-01 22:56:21,242 [INFO] ThirdParty:1030 - CMSIS Pack Vendor :STMicroelectronics FP-SNS-MOTENV1 4.3.2
2023-10-01 22:56:21,242 [INFO] ThirdParty:1030 - CMSIS Pack Vendor :STMicroelectronics X-CUBE-BLE1 6.2.3
2023-10-01 22:56:21,242 [INFO] ThirdParty:1030 - CMSIS Pack Vendor :STMicroelectronics X-CUBE-ALGOBUILD 1.3.0
2023-10-01 22:56:21,242 [INFO] ThirdParty:1030 - CMSIS Pack Vendor :STMicroelectronics FreeRTOS 0.0.1
2023-10-01 22:56:21,242 [INFO] ThirdParty:1030 - CMSIS Pack Vendor :STMicroelectronics X-CUBE-AZRTOS-G0 1.1.0
2023-10-01 22:56:21,242 [INFO] ThirdParty:1030 - CMSIS Pack Vendor :STMicroelectronics X-CUBE-BLEMGR 2.0.0
2023-10-01 22:56:21,242 [INFO] ThirdParty:1030 - CMSIS Pack Vendor :STMicroelectronics X-CUBE-NFC4 3.0.0
2023-10-01 22:56:21,242 [INFO] ThirdParty:1030 - CMSIS Pack Vendor :SEGGER I-CUBE-embOS 1.2.0
2023-10-01 22:56:21,242 [INFO] ThirdParty:1030 - CMSIS Pack Vendor :STMicroelectronics X-CUBE-SUBG2 5.0.0
2023-10-01 22:56:21,242 [INFO] ThirdParty:1030 - CMSIS Pack Vendor :STMicroelectronics STM32_WPAN 1.0.0
2023-10-01 22:56:21,242 [INFO] ThirdParty:1030 - CMSIS Pack Vendor :STMicroelectronics lwIP 2.0.3
2023-10-01 22:56:21,242 [INFO] ThirdParty:1030 - CMSIS Pack Vendor :STMicroelectronics FP-SNS-FLIGHT1 5.0.2
2023-10-01 22:56:21,242 [INFO] ThirdParty:1030 - CMSIS Pack Vendor :STMicroelectronics X-CUBE-BLE2 3.2.2
2023-10-01 22:56:21,242 [INFO] ThirdParty:1030 - CMSIS Pack Vendor :STMicroelectronics X-CUBE-NFC4 2.0.4
2023-10-01 22:56:21,242 [INFO] ThirdParty:1030 - CMSIS Pack Vendor :STMicroelectronics USB_HOST 1.0.0
2023-10-01 22:56:21,242 [INFO] ThirdParty:1030 - CMSIS Pack Vendor :STMicroelectronics X-CUBE-TOF1 3.3.1
2023-10-01 22:56:21,242 [INFO] ThirdParty:1030 - CMSIS Pack Vendor :STMicroelectronics X-CUBE-AZRTOS-G4 2.0.0
2023-10-01 22:56:21,242 [INFO] ThirdParty:1030 - CMSIS Pack Vendor :STMicroelectronics PDM2PCM 3.1.0
2023-10-01 22:56:21,242 [INFO] ThirdParty:1030 - CMSIS Pack Vendor :STMicroelectronics X-CUBE-AZRTOS-H7 3.1.0
2023-10-01 22:56:21,242 [INFO] ThirdParty:1030 - CMSIS Pack Vendor :STMicroelectronics FP-ATR-ASTRA1 1.1.1
2023-10-01 22:56:21,242 [INFO] ThirdParty:1030 - CMSIS Pack Vendor :STMicroelectronics PDM2PCM 3.3.0
2023-10-01 22:56:21,242 [INFO] ThirdParty:1030 - CMSIS Pack Vendor :STMicroelectronics X-CUBE-TOF1 3.1.0
2023-10-01 22:56:21,242 [INFO] ThirdParty:1030 - CMSIS Pack Vendor :STMicroelectronics X-CUBE-SFXS2LP1 3.1.0
2023-10-01 22:56:21,242 [INFO] ThirdParty:1030 - CMSIS Pack Vendor :STMicroelectronics FP-ATR-ASTRA1 1.1.0
2023-10-01 22:56:21,243 [INFO] ThirdParty:1030 - CMSIS Pack Vendor :STMicroelectronics X-CUBE-DISPLAY 3.0.0
2023-10-01 22:56:21,243 [INFO] ThirdParty:1030 - CMSIS Pack Vendor :STMicroelectronics X-CUBE-AZRTOS-F4 1.0.0
2023-10-01 22:56:21,243 [INFO] ThirdParty:1030 - CMSIS Pack Vendor :STMicroelectronics X-CUBE-BLE1 7.0.0
2023-10-01 22:56:21,243 [INFO] ThirdParty:1030 - CMSIS Pack Vendor :STMicroelectronics FP-ATR-SIGFOX1 3.2.0
2023-10-01 22:56:21,243 [INFO] ThirdParty:1030 - CMSIS Pack Vendor :STMicroelectronics X-CUBE-AZRTOS-G4 1.0.0
2023-10-01 22:56:21,243 [INFO] ThirdParty:1030 - CMSIS Pack Vendor :wolfSSL I-CUBE-wolfSSL 5.3.0
2023-10-01 22:56:21,243 [INFO] ThirdParty:1030 - CMSIS Pack Vendor :STMicroelectronics X-CUBE-AZRTOS-L4 1.0.0
2023-10-01 22:56:21,243 [INFO] ThirdParty:1030 - CMSIS Pack Vendor :STMicroelectronics HAL Drivers 0.0.0
2023-10-01 22:56:21,243 [INFO] ThirdParty:1030 - CMSIS Pack Vendor :STMicroelectronics MBEDTLS 2.16.2
2023-10-01 22:56:21,243 [INFO] ThirdParty:1030 - CMSIS Pack Vendor :emotas I-CUBE-CANOPEN 1.1.2
2023-10-01 22:56:21,243 [INFO] ThirdParty:1030 - CMSIS Pack Vendor :STMicroelectronics X-CUBE-TOUCHGFX 4.20.0
2023-10-01 22:56:21,243 [INFO] ThirdParty:1030 - CMSIS Pack Vendor :STMicroelectronics X-CUBE-FREERTOS 1.1.0
2023-10-01 22:56:21,243 [INFO] ThirdParty:1030 - CMSIS Pack Vendor :STMicroelectronics X-CUBE-TOUCHGFX 4.22.0
2023-10-01 22:56:21,243 [INFO] ThirdParty:1030 - CMSIS Pack Vendor :STMicroelectronics X-CUBE-NFC7 1.0.1
2023-10-01 22:56:21,243 [INFO] ThirdParty:1030 - CMSIS Pack Vendor :STMicroelectronics MBEDTLS 2.14.1
2023-10-01 22:56:21,243 [INFO] ThirdParty:1030 - CMSIS Pack Vendor :STMicroelectronics X-CUBE-NFC7 1.0.0
2023-10-01 22:56:21,243 [INFO] ThirdParty:1030 - CMSIS Pack Vendor :STMicroelectronics X-CUBE-AZRTOS-F7 1.0.0
2023-10-01 22:56:21,243 [INFO] ThirdParty:1030 - CMSIS Pack Vendor :STMicroelectronics X-CUBE-AZRTOS-WL 1.0.0
2023-10-01 22:56:21,243 [INFO] ThirdParty:1030 - CMSIS Pack Vendor :STMicroelectronics X-CUBE-NFC6 3.0.0
2023-10-01 22:56:21,243 [INFO] ThirdParty:1030 - CMSIS Pack Vendor :STMicroelectronics X-CUBE-MEMS1 9.3.0
2023-10-01 22:56:21,243 [INFO] ThirdParty:1030 - CMSIS Pack Vendor :STMicroelectronics X-CUBE-EEPRMA1 4.1.0
2023-10-01 22:56:21,243 [INFO] ThirdParty:1030 - CMSIS Pack Vendor :portGmbH I-Cube-SoM-uGOAL 1.1.0
2023-10-01 22:56:21,243 [INFO] ThirdParty:1030 - CMSIS Pack Vendor :STMicroelectronics X-CUBE-ALS 1.0.1
2023-10-01 22:56:21,243 [INFO] ThirdParty:1030 - CMSIS Pack Vendor :STMicroelectronics X-CUBE-AI 7.2.0
2023-10-01 22:56:21,243 [INFO] ThirdParty:1030 - CMSIS Pack Vendor :STMicroelectronics ThreadX 1.0.0
2023-10-01 22:56:21,243 [INFO] ThirdParty:1030 - CMSIS Pack Vendor :STMicroelectronics FP-SNS-SMARTAG2 1.2.0
2023-10-01 22:56:21,243 [INFO] ThirdParty:1030 - CMSIS Pack Vendor :STMicroelectronics X-CUBE-AZRTOS-WL 2.0.0
2023-10-01 22:56:21,243 [INFO] ThirdParty:1030 - CMSIS Pack Vendor :SEGGER I-CUBE-embOS 1.3.1
2023-10-01 22:56:21,244 [INFO] ThirdParty:1030 - CMSIS Pack Vendor :STMicroelectronics X-CUBE-AZRTOS-L5 1.0.0
2023-10-01 22:56:21,244 [INFO] ThirdParty:1030 - CMSIS Pack Vendor :STMicroelectronics USB_DEVICE 1.0.0
2023-10-01 22:56:21,244 [INFO] ThirdParty:1030 - CMSIS Pack Vendor :STMicroelectronics X-CUBE-AI 8.1.0
2023-10-01 22:56:21,244 [INFO] ThirdParty:1030 - CMSIS Pack Vendor :STMicroelectronics X-CUBE-AZRTOS-G0 1.0.0
2023-10-01 22:56:21,244 [INFO] ThirdParty:1030 - CMSIS Pack Vendor :STMicroelectronics X-CUBE-EEPRMA1 3.1.1
2023-10-01 22:56:21,244 [INFO] ThirdParty:1030 - CMSIS Pack Vendor :STMicroelectronics X-CUBE-AZRTOS-L4 2.0.0
2023-10-01 22:56:21,244 [INFO] ThirdParty:1030 - CMSIS Pack Vendor :STMicroelectronics X-CUBE-GNSS1 5.2.0
2023-10-01 22:56:21,244 [INFO] ThirdParty:1030 - CMSIS Pack Vendor :STMicroelectronics ThreadX 0.0.2
2023-10-01 22:56:21,244 [INFO] ThirdParty:1030 - CMSIS Pack Vendor :WES I-CUBE-Cesium 1.3.0
2023-10-01 22:56:21,244 [INFO] ThirdParty:1030 - CMSIS Pack Vendor :STMicroelectronics FP-ATR-ASTRA1 2.0.0
2023-10-01 22:56:21,244 [INFO] ThirdParty:1030 - CMSIS Pack Vendor :STMicroelectronics lwIP 2.1.2
2023-10-01 22:56:21,244 [INFO] ThirdParty:1030 - CMSIS Pack Vendor :STMicroelectronics X-CUBE-SFXS2LP1 4.0.0
2023-10-01 22:56:21,244 [INFO] ThirdParty:1030 - CMSIS Pack Vendor :STMicroelectronics X-CUBE-BLE2 3.3.0
2023-10-01 22:56:21,244 [INFO] ThirdParty:1030 - CMSIS Pack Vendor :STMicroelectronics X-CUBE-DISPLAY 2.2.0
2023-10-01 22:56:21,244 [INFO] ThirdParty:1030 - CMSIS Pack Vendor :STMicroelectronics X-CUBE-TOF1 3.2.0
2023-10-01 22:56:21,244 [INFO] ThirdParty:1030 - CMSIS Pack Vendor :STMicroelectronics PDM2PCM 3.2.0
2023-10-01 22:56:21,244 [INFO] ThirdParty:1030 - CMSIS Pack Vendor :STMicroelectronics X-CUBE-TOF1 3.0.0
2023-10-01 22:56:21,246 [INFO] ThirdParty:1030 - CMSIS Pack Vendor :STMicroelectronics X-CUBE-ISPU 1.0.0
2023-10-01 22:56:21,246 [INFO] ThirdParty:841 - exiting critical section [change project]
2023-10-01 22:56:21,435 [INFO] PinOutPanel:1499 - setPackage(No Configuration,No Configuration)
2023-10-01 22:56:21,436 [INFO] PinOutPanel:1499 - setPackage(STM32F103C6Tx,LQFP48)
2023-10-01 22:56:21,819 [INFO] UtilMem:75 - Before build in PCC Used Memory: 620066304 Bytes (1073741824)
2023-10-01 22:56:22,637 [INFO] UtilMem:75 - After build in PCC Used Memory: 686648832 Bytes (1073741824)
2023-10-01 22:56:22,655 [INFO] IPUIPlugin:80 - create IPUIPlugin
2023-10-01 22:56:22,655 [INFO] IPUIPlugin:80 - create IPUIPlugin
2023-10-01 22:56:22,655 [INFO] IPUIPlugin:80 - create IPUIPlugin
2023-10-01 22:56:22,655 [INFO] IPUIPlugin:80 - create IPUIPlugin
2023-10-01 22:56:22,655 [INFO] IPUIPlugin:80 - create IPUIPlugin
2023-10-01 22:56:22,655 [INFO] IPUIPlugin:80 - create IPUIPlugin
2023-10-01 22:56:22,655 [INFO] IPUIPlugin:80 - create IPUIPlugin
2023-10-01 22:56:22,655 [INFO] IPUIPlugin:80 - create IPUIPlugin
2023-10-01 22:56:22,655 [INFO] IPUIPlugin:80 - create IPUIPlugin
2023-10-01 22:56:22,655 [INFO] IPUIPlugin:80 - create IPUIPlugin
2023-10-01 22:56:22,655 [INFO] IPUIPlugin:80 - create IPUIPlugin
2023-10-01 22:56:22,656 [INFO] IPUIPlugin:80 - create IPUIPlugin
2023-10-01 22:56:22,656 [INFO] IPUIPlugin:80 - create IPUIPlugin
2023-10-01 22:56:22,656 [INFO] IPUIPlugin:80 - create IPUIPlugin
2023-10-01 22:56:22,656 [INFO] IPUIPlugin:80 - create IPUIPlugin
2023-10-01 22:56:22,656 [INFO] IPUIPlugin:80 - create IPUIPlugin
2023-10-01 22:56:22,656 [INFO] IPUIPlugin:80 - create IPUIPlugin
2023-10-01 22:56:22,656 [INFO] IPUIPlugin:80 - create IPUIPlugin
2023-10-01 22:56:22,657 [INFO] IPUIPlugin:80 - create IPUIPlugin
2023-10-01 22:56:22,657 [INFO] IPUIPlugin:80 - create IPUIPlugin
2023-10-01 22:56:22,657 [INFO] IPUIPlugin:80 - create IPUIPlugin
2023-10-01 22:56:22,657 [INFO] IPUIPlugin:80 - create IPUIPlugin
2023-10-01 22:56:22,657 [INFO] IPUIPlugin:80 - create IPUIPlugin
2023-10-01 22:56:22,858 [INFO] CADModel:165 - CPN selected for project levelSTM32F103C6T6A
2023-10-01 22:56:22,858 [INFO] CADModel:114 - Register for checkConnection events
2023-10-01 22:56:22,908 [INFO] OpenFileManager:328 - Restore cursor
2023-10-01 22:56:25,299 [INFO] UtilMem:75 - End SaveConfig() Used Memory: 760423856 Bytes (1073741824)
2023-10-01 22:56:25,368 [INFO] UtilMem:75 - End SaveConfig() Used Memory: 771958192 Bytes (1073741824)
2023-10-01 22:56:25,669 [INFO] BlockDiagram:2759 - set Specific Code input for plugin: NVIC
2023-10-01 22:56:25,670 [INFO] BlockDiagram:2759 - set Specific Code input for plugin: RCC
2023-10-01 22:56:25,671 [INFO] CodeGenerator:799 - code generatio: config db path: C:\ST\STM32CubeIDE_1.9.0\STM32CubeIDE\plugins\com.st.stm32cube.common.mx_6.9.2.202309101412\\db\
2023-10-01 22:56:25,847 [INFO] CodeEngine:255 - oldGeneratedFile, C:\Users\truon\PROJECTS\STM32\LAB1\Ex6\ex6\MXTmpFiles\license.tmp_save
2023-10-01 22:56:26,196 [INFO] CodeEngine:279 - Generated code: C:\Users\truon\PROJECTS\STM32\LAB1\Ex6\ex6\MXTmpFiles\license.tmp
2023-10-01 22:56:26,214 [INFO] CodeEngine:255 - oldGeneratedFile, C:\Users\truon\PROJECTS\STM32\LAB1\Ex6\ex6\Core\Src\stm32f1xx_it.c_save
2023-10-01 22:56:26,361 [INFO] CodeEngine:279 - Generated code: C:\Users\truon\PROJECTS\STM32\LAB1\Ex6\ex6\Core\Src\stm32f1xx_it.c
2023-10-01 22:56:26,371 [INFO] CodeEngine:255 - oldGeneratedFile, C:\Users\truon\PROJECTS\STM32\LAB1\Ex6\ex6\Core\Inc\stm32f1xx_it.h_save
2023-10-01 22:56:26,455 [INFO] CodeEngine:279 - Generated code: C:\Users\truon\PROJECTS\STM32\LAB1\Ex6\ex6\Core\Inc\stm32f1xx_it.h
2023-10-01 22:56:26,587 [INFO] CodeEngine:255 - oldGeneratedFile, C:\Users\truon\PROJECTS\STM32\LAB1\Ex6\ex6\Core\Src\stm32f1xx_hal_msp.c_save
2023-10-01 22:56:26,712 [INFO] CodeEngine:279 - Generated code: C:\Users\truon\PROJECTS\STM32\LAB1\Ex6\ex6\Core\Src\stm32f1xx_hal_msp.c
2023-10-01 22:56:26,722 [INFO] CodeEngine:255 - oldGeneratedFile, C:\Users\truon\PROJECTS\STM32\LAB1\Ex6\ex6\MXTmpFiles\system.tmp_save
2023-10-01 22:56:26,779 [INFO] CodeEngine:279 - Generated code: C:\Users\truon\PROJECTS\STM32\LAB1\Ex6\ex6\MXTmpFiles\system.tmp
2023-10-01 22:56:26,797 [INFO] CodeEngine:311 - oldGeneratedFile, C:\Users\truon\PROJECTS\STM32\LAB1\Ex6\ex6\Core\Inc\stm32f1xx_hal_conf.h_save
2023-10-01 22:56:26,885 [INFO] CodeEngine:335 - Generated code: C:\Users\truon\PROJECTS\STM32\LAB1\Ex6\ex6\Core\Inc\stm32f1xx_hal_conf.h
2023-10-01 22:56:26,935 [INFO] CodeEngine:255 - oldGeneratedFile, C:\Users\truon\PROJECTS\STM32\LAB1\Ex6\ex6\Core\Inc\main.h_save
2023-10-01 22:56:27,036 [INFO] CodeEngine:279 - Generated code: C:\Users\truon\PROJECTS\STM32\LAB1\Ex6\ex6\Core\Inc\main.h
2023-10-01 22:56:27,047 [INFO] CodeEngine:255 - oldGeneratedFile, C:\Users\truon\PROJECTS\STM32\LAB1\Ex6\ex6\Core\Src\main.c_save
2023-10-01 22:56:27,173 [INFO] CodeEngine:279 - Generated code: C:\Users\truon\PROJECTS\STM32\LAB1\Ex6\ex6\Core\Src\main.c
2023-10-01 22:56:27,647 [INFO] ProjectBuilder:3064 - Time for Copy HAL[1] : 140mS.
2023-10-01 22:56:27,653 [INFO] ProjectBuilder:4404 - Project Generator version: 4.1.0
2023-10-01 22:56:27,831 [INFO] ConfigFileManager:1457 - The Die is : DIE412
2023-10-01 22:56:27,844 [INFO] ApiDbMcu:507 - Load IP Config File for FATFS
2023-10-01 22:56:27,857 [INFO] ApiDbMcu:507 - Load IP Config File for FREERTOS
2023-10-01 22:56:27,868 [INFO] ApiDbMcu:507 - Load IP Config File for USB_DEVICE
2023-10-01 22:56:28,875 [INFO] LogOutputStream:77 - [STDOUT_REDIRECT] 
2023-10-01 22:56:31,771 [INFO] ProjectBuilder:4626 - Time for Generating toolchain IDE Files: 4118mS.
2023-10-01 22:56:31,772 [INFO] ProjectBuilder:2935 - Time for Copy CMSIS : 0mS.
2023-10-01 22:56:31,774 [INFO] ProjectBuilder:2935 - Time for Copy CMSIS : 0mS.
2023-10-01 22:56:32,741 [INFO] McuFinderGlobals:76 - Set McuFinderConnectedMode to true
2023-10-01 22:56:32,757 [INFO] ApiDb:448 - Save user favorites file C:\Users\truon/.stm32cubeide/favorites.mcus.txt: 0 item(s)
2023-10-01 22:56:32,758 [INFO] ApiDb:452 - User favorites MCUs=[]
2023-10-01 22:58:35,880 [INFO] UtilMem:75 - End SaveConfig() Used Memory: 561249656 Bytes (1073741824)
2023-10-01 22:58:37,258 [INFO] UtilMem:75 - End SaveConfig() Used Memory: 578111336 Bytes (1073741824)
2023-10-01 22:58:39,612 [INFO] UtilMem:75 - End SaveConfig() Used Memory: 668734832 Bytes (1073741824)
2023-10-01 22:58:39,911 [INFO] BlockDiagram:2759 - set Specific Code input for plugin: NVIC
2023-10-01 22:58:39,912 [INFO] BlockDiagram:2759 - set Specific Code input for plugin: GPIO
2023-10-01 22:58:39,912 [INFO] BlockDiagram:2759 - set Specific Code input for plugin: RCC
2023-10-01 22:58:39,913 [INFO] CodeGenerator:799 - code generatio: config db path: C:\ST\STM32CubeIDE_1.9.0\STM32CubeIDE\plugins\com.st.stm32cube.common.mx_6.9.2.202309101412\\db\
2023-10-01 22:58:40,051 [INFO] CodeEngine:255 - oldGeneratedFile, C:\Users\truon\PROJECTS\STM32\LAB1\Ex6\ex6\MXTmpFiles\license.tmp_save
2023-10-01 22:58:40,155 [INFO] CodeEngine:279 - Generated code: C:\Users\truon\PROJECTS\STM32\LAB1\Ex6\ex6\MXTmpFiles\license.tmp
2023-10-01 22:58:40,230 [INFO] CodeEngine:255 - oldGeneratedFile, C:\Users\truon\PROJECTS\STM32\LAB1\Ex6\ex6\MXTmpFiles\gpio.tmp_save
2023-10-01 22:58:40,345 [INFO] CodeEngine:279 - Generated code: C:\Users\truon\PROJECTS\STM32\LAB1\Ex6\ex6\MXTmpFiles\gpio.tmp
2023-10-01 22:58:40,365 [INFO] CodeEngine:255 - oldGeneratedFile, C:\Users\truon\PROJECTS\STM32\LAB1\Ex6\ex6\Core\Src\stm32f1xx_it.c_save
2023-10-01 22:58:40,437 [INFO] CodeEngine:279 - Generated code: C:\Users\truon\PROJECTS\STM32\LAB1\Ex6\ex6\Core\Src\stm32f1xx_it.c
2023-10-01 22:58:40,443 [INFO] CodeEngine:255 - oldGeneratedFile, C:\Users\truon\PROJECTS\STM32\LAB1\Ex6\ex6\Core\Inc\stm32f1xx_it.h_save
2023-10-01 22:58:40,495 [INFO] CodeEngine:279 - Generated code: C:\Users\truon\PROJECTS\STM32\LAB1\Ex6\ex6\Core\Inc\stm32f1xx_it.h
2023-10-01 22:58:40,525 [INFO] CodeEngine:255 - oldGeneratedFile, C:\Users\truon\PROJECTS\STM32\LAB1\Ex6\ex6\Core\Src\stm32f1xx_hal_msp.c_save
2023-10-01 22:58:40,588 [INFO] CodeEngine:279 - Generated code: C:\Users\truon\PROJECTS\STM32\LAB1\Ex6\ex6\Core\Src\stm32f1xx_hal_msp.c
2023-10-01 22:58:40,591 [INFO] CodeEngine:255 - oldGeneratedFile, C:\Users\truon\PROJECTS\STM32\LAB1\Ex6\ex6\MXTmpFiles\system.tmp_save
2023-10-01 22:58:40,635 [INFO] CodeEngine:279 - Generated code: C:\Users\truon\PROJECTS\STM32\LAB1\Ex6\ex6\MXTmpFiles\system.tmp
2023-10-01 22:58:40,657 [INFO] CodeEngine:311 - oldGeneratedFile, C:\Users\truon\PROJECTS\STM32\LAB1\Ex6\ex6\Core\Inc\stm32f1xx_hal_conf.h_save
2023-10-01 22:58:40,755 [INFO] CodeEngine:335 - Generated code: C:\Users\truon\PROJECTS\STM32\LAB1\Ex6\ex6\Core\Inc\stm32f1xx_hal_conf.h
2023-10-01 22:58:40,803 [INFO] CodeEngine:255 - oldGeneratedFile, C:\Users\truon\PROJECTS\STM32\LAB1\Ex6\ex6\Core\Inc\main.h_save
2023-10-01 22:58:40,887 [INFO] CodeEngine:279 - Generated code: C:\Users\truon\PROJECTS\STM32\LAB1\Ex6\ex6\Core\Inc\main.h
2023-10-01 22:58:40,899 [INFO] CodeEngine:255 - oldGeneratedFile, C:\Users\truon\PROJECTS\STM32\LAB1\Ex6\ex6\Core\Src\main.c_save
2023-10-01 22:58:40,989 [INFO] CodeEngine:279 - Generated code: C:\Users\truon\PROJECTS\STM32\LAB1\Ex6\ex6\Core\Src\main.c
2023-10-01 22:58:41,379 [INFO] ProjectBuilder:3064 - Time for Copy HAL[1] : 94mS.
2023-10-01 22:58:41,382 [INFO] ProjectBuilder:4404 - Project Generator version: 4.1.0
2023-10-01 22:58:41,502 [INFO] ConfigFileManager:1457 - The Die is : DIE412
2023-10-01 22:58:42,973 [INFO] ProjectBuilder:4626 - Time for Generating toolchain IDE Files: 1591mS.
2023-10-01 22:58:42,973 [INFO] ProjectBuilder:2935 - Time for Copy CMSIS : 0mS.
2023-10-01 22:58:42,976 [INFO] ProjectBuilder:2935 - Time for Copy CMSIS : 0mS.
