2023-09-20 09:58:18,830 [INFO] Activator:177 - 


2023-09-20 09:58:18,831 [INFO] Activator:178 - !SESSION log4j initialized
2023-09-20 09:58:23,689 [INFO] McuFinderGlobals:44 - Set McuFinder mode to 2 (CubeIDE integrated)
2023-09-20 09:58:23,830 [INFO] ApplicationProperties:181 - Using Application install path: C:\ST\STM32CubeIDE_1.9.0\STM32CubeIDE\plugins\com.st.stm32cube.common.mx_6.6.1.202207061420
2023-09-20 09:58:23,862 [INFO] DbMcusXml:77 - Set database path to: C:\ST\STM32CubeIDE_1.9.0\STM32CubeIDE\plugins\com.st.stm32cube.common.mx_6.6.1.202207061420\\db\/mcu/
2023-09-20 09:58:23,863 [INFO] ApiDb:269 - Set plugin database path to: C:\ST\STM32CubeIDE_1.9.0\STM32CubeIDE\plugins\com.st.stm32cube.common.mx_6.6.1.202207061420\\db\/plugins/boardmanager/
2023-09-20 09:58:23,867 [WARN] ApiDb:254 - Overriding images path with different value:  => C:\ST\STM32CubeIDE_1.9.0\STM32CubeIDE\plugins\com.st.stm32cube.common.mx_6.6.1.202207061420\\db\/plugins/mcufinder/images/
2023-09-20 09:58:23,887 [INFO] ApiDb:249 - Set database path to: C:\Users\truon\.stmcufinder\plugins\mcufinder//mcu/
2023-09-20 09:58:23,888 [INFO] DbMcusAds:124 - Set database path to: C:\Users\truon\.stmcufinder\plugins\mcufinder//mcu/
2023-09-20 09:58:23,890 [INFO] CrossReferenceDbSqlite:201 - Set database path to: C:\Users\truon\.stmcufinder\plugins\mcufinder//mcu/cs/
2023-09-20 09:58:23,999 [INFO] RulesReader:61 - Compatibility file has been processed (282 Rules)
2023-09-20 09:58:24,150 [INFO] DbMcusXml:77 - Set database path to: C:\ST\STM32CubeIDE_1.9.0\STM32CubeIDE\plugins\com.st.stm32cube.common.mx_6.6.1.202207061420\\db\/mcu/
2023-09-20 09:58:24,150 [INFO] ApiDb:269 - Set plugin database path to: C:\ST\STM32CubeIDE_1.9.0\STM32CubeIDE\plugins\com.st.stm32cube.common.mx_6.6.1.202207061420\\db\/plugins/boardmanager/
2023-09-20 09:58:24,151 [INFO] ApiDb:256 - Set plugin images path to: C:\ST\STM32CubeIDE_1.9.0\STM32CubeIDE\plugins\com.st.stm32cube.common.mx_6.6.1.202207061420\\db\/plugins/mcufinder/images/
2023-09-20 09:58:24,152 [WARN] DbFile:40 - Overriding database path with different value: C:\Users\truon\.stmcufinder\plugins\mcufinder/ => C:\Users\truon\.stmcufinder\plugins\mcufinder
2023-09-20 09:58:24,153 [INFO] ApiDb:249 - Set database path to: C:\Users\truon\.stmcufinder\plugins\mcufinder//mcu/
2023-09-20 09:58:24,153 [WARN] DbFile:40 - Overriding database path with different value: C:\Users\truon\.stmcufinder\plugins\mcufinder/ => C:\Users\truon\.stmcufinder\plugins\mcufinder
2023-09-20 09:58:24,153 [INFO] DbMcusAds:124 - Set database path to: C:\Users\truon\.stmcufinder\plugins\mcufinder//mcu/
2023-09-20 09:58:24,155 [WARN] DbFile:40 - Overriding database path with different value: C:\Users\truon\.stmcufinder\plugins\mcufinder/ => C:\Users\truon\.stmcufinder\plugins\mcufinder
2023-09-20 09:58:24,156 [WARN] DbFile:40 - Overriding database path with different value: C:\Users\truon\.stmcufinder\plugins\mcufinder/ => C:\Users\truon\.stmcufinder\plugins\mcufinder
2023-09-20 09:58:24,156 [INFO] CrossReferenceDbSqlite:201 - Set database path to: C:\Users\truon\.stmcufinder\plugins\mcufinder//mcu/cs/
2023-09-20 09:58:24,240 [INFO] MainPanel:242 - HeapMemory: 268435456
2023-09-20 09:58:24,308 [INFO] DbMcusXml:77 - Set database path to: C:\ST\STM32CubeIDE_1.9.0\STM32CubeIDE\plugins\com.st.stm32cube.common.mx_6.6.1.202207061420\\db\/mcu/
2023-09-20 09:58:24,309 [INFO] ApiDb:269 - Set plugin database path to: C:\ST\STM32CubeIDE_1.9.0\STM32CubeIDE\plugins\com.st.stm32cube.common.mx_6.6.1.202207061420\\db\/plugins/boardmanager/
2023-09-20 09:58:24,309 [INFO] ApiDb:256 - Set plugin images path to: C:\ST\STM32CubeIDE_1.9.0\STM32CubeIDE\plugins\com.st.stm32cube.common.mx_6.6.1.202207061420\\db\/plugins/mcufinder/images/
2023-09-20 09:58:24,309 [WARN] DbFile:40 - Overriding database path with different value: C:\Users\truon\.stmcufinder\plugins\mcufinder/ => C:\Users\truon\.stmcufinder\plugins\mcufinder
2023-09-20 09:58:24,309 [INFO] ApiDb:249 - Set database path to: C:\Users\truon\.stmcufinder\plugins\mcufinder//mcu/
2023-09-20 09:58:24,309 [WARN] DbFile:40 - Overriding database path with different value: C:\Users\truon\.stmcufinder\plugins\mcufinder/ => C:\Users\truon\.stmcufinder\plugins\mcufinder
2023-09-20 09:58:24,310 [INFO] DbMcusAds:124 - Set database path to: C:\Users\truon\.stmcufinder\plugins\mcufinder//mcu/
2023-09-20 09:58:24,310 [WARN] DbFile:40 - Overriding database path with different value: C:\Users\truon\.stmcufinder\plugins\mcufinder/ => C:\Users\truon\.stmcufinder\plugins\mcufinder
2023-09-20 09:58:24,310 [WARN] DbFile:40 - Overriding database path with different value: C:\Users\truon\.stmcufinder\plugins\mcufinder/ => C:\Users\truon\.stmcufinder\plugins\mcufinder
2023-09-20 09:58:24,310 [INFO] CrossReferenceDbSqlite:201 - Set database path to: C:\Users\truon\.stmcufinder\plugins\mcufinder//mcu/cs/
2023-09-20 09:58:24,331 [INFO] ApplicationProperties:181 - Using Application install path: C:\ST\STM32CubeIDE_1.9.0\STM32CubeIDE\plugins\com.st.stm32cube.common.mx_6.6.1.202207061420
2023-09-20 09:58:24,334 [INFO] PluginManage:193 - Search for loadable plugins [exclusion list=, ]
2023-09-20 09:58:24,335 [INFO] PluginManage:307 - Check plugin analytics
2023-09-20 09:58:24,561 [INFO] AnalyticsPlugin:262 - Accepted Software Licenses: STM32CubeMX.6.5.0
2023-09-20 09:58:24,563 [INFO] AnalyticsPlugin:264 - Accepted CMSIS Pack Licenses: 
2023-09-20 09:58:24,563 [INFO] AnalyticsPlugin:266 - Accepted Firmware Licenses: FW.C0.1.0.0
2023-09-20 09:58:24,586 [INFO] PluginManage:356 - Loaded plugin analytics (category:tool,tabindex:-1)
2023-09-20 09:58:24,587 [INFO] PluginManage:307 - Check plugin cadmodel
2023-09-20 09:58:24,591 [INFO] CADModel:65 - Init CAD model plugin
2023-09-20 09:58:24,591 [INFO] PluginManage:356 - Loaded plugin cadmodel (category:power,tabindex:5)
2023-09-20 09:58:24,591 [INFO] PluginManage:307 - Check plugin clock
2023-09-20 09:58:24,608 [INFO] PluginManage:356 - Loaded plugin clock (category:base,tabindex:2)
2023-09-20 09:58:24,608 [INFO] PluginManage:307 - Check plugin ddr
2023-09-20 09:58:24,610 [INFO] PluginManage:356 - Loaded plugin ddr (category:tool,tabindex:6)
2023-09-20 09:58:24,610 [INFO] PluginManage:307 - Check plugin filemanager
2023-09-20 09:58:24,790 [INFO] PluginManage:356 - Loaded plugin filemanager (category:base,tabindex:10)
2023-09-20 09:58:24,790 [INFO] PluginManage:307 - Check plugin ipmanager
2023-09-20 09:58:24,803 [INFO] PluginManage:356 - Loaded plugin ipmanager (category:base,tabindex:5)
2023-09-20 09:58:24,803 [INFO] PluginManage:307 - Check plugin lpbam
2023-09-20 09:58:24,811 [INFO] PluginManage:356 - Loaded plugin lpbam (category:base,tabindex:0)
2023-09-20 09:58:24,811 [INFO] PluginManage:307 - Check plugin pinoutandconfiguration
2023-09-20 09:58:24,828 [INFO] PluginManage:356 - Loaded plugin pinoutandconfiguration (category:base,tabindex:1)
2023-09-20 09:58:24,828 [INFO] PluginManage:307 - Check plugin pinoutconfig
2023-09-20 09:58:24,866 [INFO] PluginManage:356 - Loaded plugin pinoutconfig (category:base,tabindex:0)
2023-09-20 09:58:24,866 [INFO] PluginManage:307 - Check plugin power
2023-09-20 09:58:24,879 [INFO] PluginManage:356 - Loaded plugin power (category:power,tabindex:4)
2023-09-20 09:58:24,879 [INFO] PluginManage:307 - Check plugin projectmanager
2023-09-20 09:58:24,903 [INFO] PluginManage:356 - Loaded plugin projectmanager (category:projectmanager,tabindex:3)
2023-09-20 09:58:24,903 [INFO] PluginManage:307 - Check plugin thirdparty
2023-09-20 09:58:25,013 [WARN] IntegrityCheckThread:82 - waiting for thirdparty lock release [integrity check]
2023-09-20 09:58:25,019 [INFO] IntegrityCheckThread:84 - entering critical section [integrity check]
2023-09-20 09:58:25,019 [INFO] PluginManage:356 - Loaded plugin thirdparty (category:base,tabindex:-1)
2023-09-20 09:58:25,020 [INFO] PluginManage:307 - Check plugin tools
2023-09-20 09:58:25,022 [INFO] ThirdPartyUpdaterWithRetryManager:70 - Updater plugin not ready yet. [1/15]
2023-09-20 09:58:25,026 [INFO] PluginManage:356 - Loaded plugin tools (category:base,tabindex:7)
2023-09-20 09:58:25,026 [INFO] PluginManage:307 - Check plugin tutovideos
2023-09-20 09:58:25,203 [INFO] PluginManage:356 - Loaded plugin tutovideos (category:base,tabindex:-1)
2023-09-20 09:58:25,204 [INFO] PluginManage:307 - Check plugin updater
2023-09-20 09:58:25,223 [INFO] PluginManage:356 - Loaded plugin updater (category:base,tabindex:12)
2023-09-20 09:58:25,224 [INFO] PluginManage:280 - PluginManage : Loaded plugins [15]
2023-09-20 09:58:25,486 [INFO] PinOutPanel:1468 - setPackage(No Configuration,No Configuration)
2023-09-20 09:58:25,575 [INFO] CADModel:98 - CPN selected for project level
2023-09-20 09:58:25,592 [INFO] IPUIPlugin:79 - create IPUIPlugin
2023-09-20 09:58:25,593 [INFO] PluginManager:217 - loadIPPluginJar : add adc
2023-09-20 09:58:25,595 [INFO] IPUIPlugin:79 - create IPUIPlugin
2023-09-20 09:58:25,595 [INFO] PluginManager:217 - loadIPPluginJar : add aes
2023-09-20 09:58:25,597 [INFO] IPUIPlugin:79 - create IPUIPlugin
2023-09-20 09:58:25,598 [INFO] PluginManager:217 - loadIPPluginJar : add can
2023-09-20 09:58:25,599 [INFO] IPUIPlugin:79 - create IPUIPlugin
2023-09-20 09:58:25,599 [INFO] PluginManager:217 - loadIPPluginJar : add comp
2023-09-20 09:58:25,601 [INFO] IPUIPlugin:79 - create IPUIPlugin
2023-09-20 09:58:25,601 [INFO] PluginManager:217 - loadIPPluginJar : add cryp
2023-09-20 09:58:25,603 [INFO] IPUIPlugin:79 - create IPUIPlugin
2023-09-20 09:58:25,604 [INFO] PluginManager:217 - loadIPPluginJar : add dfsdm
2023-09-20 09:58:25,608 [INFO] IPUIPlugin:79 - create IPUIPlugin
2023-09-20 09:58:25,610 [INFO] PluginManager:217 - loadIPPluginJar : add dma
2023-09-20 09:58:25,612 [INFO] IPUIPlugin:79 - create IPUIPlugin
2023-09-20 09:58:25,612 [INFO] PluginManager:217 - loadIPPluginJar : add dma3
2023-09-20 09:58:25,614 [INFO] IPUIPlugin:79 - create IPUIPlugin
2023-09-20 09:58:25,614 [INFO] PluginManager:217 - loadIPPluginJar : add fatfs
2023-09-20 09:58:25,617 [INFO] IPUIPlugin:79 - create IPUIPlugin
2023-09-20 09:58:25,617 [INFO] PluginManager:217 - loadIPPluginJar : add fmc
2023-09-20 09:58:25,621 [INFO] IPUIPlugin:79 - create IPUIPlugin
2023-09-20 09:58:25,622 [INFO] PluginManager:217 - loadIPPluginJar : add freertos
2023-09-20 09:58:25,623 [INFO] IPUIPlugin:79 - create IPUIPlugin
2023-09-20 09:58:25,623 [INFO] PluginManager:217 - loadIPPluginJar : add genericplugin
2023-09-20 09:58:25,625 [INFO] IPUIPlugin:79 - create IPUIPlugin
2023-09-20 09:58:25,625 [INFO] PluginManager:217 - loadIPPluginJar : add gfxmmu
2023-09-20 09:58:25,629 [INFO] IPUIPlugin:79 - create IPUIPlugin
2023-09-20 09:58:25,629 [INFO] PluginManager:217 - loadIPPluginJar : add gic
2023-09-20 09:58:25,632 [INFO] IPUIPlugin:79 - create IPUIPlugin
2023-09-20 09:58:25,632 [INFO] PluginManager:217 - loadIPPluginJar : add gpio
2023-09-20 09:58:25,634 [INFO] IPUIPlugin:79 - create IPUIPlugin
2023-09-20 09:58:25,635 [INFO] PluginManager:217 - loadIPPluginJar : add gtzc
2023-09-20 09:58:25,637 [INFO] IPUIPlugin:79 - create IPUIPlugin
2023-09-20 09:58:25,637 [INFO] PluginManager:217 - loadIPPluginJar : add hash
2023-09-20 09:58:25,639 [INFO] IPUIPlugin:79 - create IPUIPlugin
2023-09-20 09:58:25,640 [INFO] PluginManager:217 - loadIPPluginJar : add i2c
2023-09-20 09:58:25,642 [INFO] IPUIPlugin:79 - create IPUIPlugin
2023-09-20 09:58:25,642 [INFO] PluginManager:217 - loadIPPluginJar : add i2s
2023-09-20 09:58:25,645 [INFO] IPUIPlugin:79 - create IPUIPlugin
2023-09-20 09:58:25,645 [INFO] PluginManager:217 - loadIPPluginJar : add ipddr
2023-09-20 09:58:25,651 [INFO] IPUIPlugin:79 - create IPUIPlugin
2023-09-20 09:58:25,651 [INFO] PluginManager:217 - loadIPPluginJar : add linkedlist
2023-09-20 09:58:25,653 [INFO] IPUIPlugin:79 - create IPUIPlugin
2023-09-20 09:58:25,654 [INFO] PluginManager:217 - loadIPPluginJar : add lorawan
2023-09-20 09:58:25,655 [INFO] IPUIPlugin:79 - create IPUIPlugin
2023-09-20 09:58:25,655 [INFO] PluginManager:217 - loadIPPluginJar : add ltdc
2023-09-20 09:58:25,660 [INFO] IPUIPlugin:79 - create IPUIPlugin
2023-09-20 09:58:25,660 [INFO] PluginManager:217 - loadIPPluginJar : add mdma
2023-09-20 09:58:25,666 [INFO] IPUIPlugin:79 - create IPUIPlugin
2023-09-20 09:58:25,666 [INFO] PluginManager:217 - loadIPPluginJar : add nvic
2023-09-20 09:58:25,673 [INFO] IPUIPlugin:79 - create IPUIPlugin
2023-09-20 09:58:25,673 [INFO] PluginManager:217 - loadIPPluginJar : add opamp
2023-09-20 09:58:25,679 [INFO] IPUIPlugin:79 - create IPUIPlugin
2023-09-20 09:58:25,679 [INFO] PluginManager:217 - loadIPPluginJar : add openamp
2023-09-20 09:58:25,684 [INFO] IPUIPlugin:79 - create IPUIPlugin
2023-09-20 09:58:25,685 [INFO] PluginManager:217 - loadIPPluginJar : add pdm2pcm
2023-09-20 09:58:25,690 [INFO] IPUIPlugin:79 - create IPUIPlugin
2023-09-20 09:58:25,693 [INFO] PluginManager:217 - loadIPPluginJar : add plateformsettings
2023-09-20 09:58:25,694 [INFO] IPUIPlugin:79 - create IPUIPlugin
2023-09-20 09:58:25,694 [INFO] PluginManager:217 - loadIPPluginJar : add quadspi
2023-09-20 09:58:25,697 [INFO] IPUIPlugin:79 - create IPUIPlugin
2023-09-20 09:58:25,697 [INFO] PluginManager:217 - loadIPPluginJar : add resmgrutility
2023-09-20 09:58:25,700 [INFO] IPUIPlugin:79 - create IPUIPlugin
2023-09-20 09:58:25,700 [INFO] PluginManager:217 - loadIPPluginJar : add sai
2023-09-20 09:58:25,702 [INFO] IPUIPlugin:79 - create IPUIPlugin
2023-09-20 09:58:25,702 [INFO] PluginManager:217 - loadIPPluginJar : add spi
2023-09-20 09:58:25,705 [INFO] IPUIPlugin:79 - create IPUIPlugin
2023-09-20 09:58:25,707 [INFO] PluginManager:217 - loadIPPluginJar : add stm32_wpan
2023-09-20 09:58:25,710 [INFO] IPUIPlugin:79 - create IPUIPlugin
2023-09-20 09:58:25,710 [INFO] PluginManager:217 - loadIPPluginJar : add tim
2023-09-20 09:58:25,713 [INFO] IPUIPlugin:79 - create IPUIPlugin
2023-09-20 09:58:25,713 [INFO] PluginManager:217 - loadIPPluginJar : add touchsensing
2023-09-20 09:58:25,718 [INFO] IPUIPlugin:79 - create IPUIPlugin
2023-09-20 09:58:25,720 [INFO] PluginManager:217 - loadIPPluginJar : add tracer_emb
2023-09-20 09:58:25,721 [INFO] IPUIPlugin:79 - create IPUIPlugin
2023-09-20 09:58:25,721 [INFO] PluginManager:217 - loadIPPluginJar : add ts
2023-09-20 09:58:25,722 [INFO] IPUIPlugin:79 - create IPUIPlugin
2023-09-20 09:58:25,722 [INFO] PluginManager:217 - loadIPPluginJar : add tsc
2023-09-20 09:58:25,724 [INFO] IPUIPlugin:79 - create IPUIPlugin
2023-09-20 09:58:25,724 [INFO] PluginManager:217 - loadIPPluginJar : add ucpd
2023-09-20 09:58:25,727 [INFO] IPUIPlugin:79 - create IPUIPlugin
2023-09-20 09:58:25,727 [INFO] PluginManager:217 - loadIPPluginJar : add usart
2023-09-20 09:58:25,729 [INFO] IPUIPlugin:79 - create IPUIPlugin
2023-09-20 09:58:25,730 [INFO] PluginManager:217 - loadIPPluginJar : add usbx
2023-09-20 09:58:26,026 [FATAL] Updater:301 - Updater called before beeing initialized
2023-09-20 09:58:26,185 [FATAL] Updater:301 - Updater called before beeing initialized
2023-09-20 09:58:26,195 [INFO] DbMcusAds:52 - JSON generation date=Tue Mar 07 15:50:55 ICT 2023 (1678179055114)
2023-09-20 09:58:26,195 [FATAL] Updater:301 - Updater called before beeing initialized
2023-09-20 09:58:26,225 [WARN] DetailPanel:344 - Failed to get advertising image, set to default
2023-09-20 09:58:26,319 [FATAL] Updater:301 - Updater called before beeing initialized
2023-09-20 09:58:26,321 [FATAL] Updater:301 - Updater called before beeing initialized
2023-09-20 09:58:26,321 [FATAL] Updater:301 - Updater called before beeing initialized
2023-09-20 09:58:26,322 [WARN] DetailPanel:344 - Failed to get advertising image, set to default
2023-09-20 09:58:26,322 [FATAL] Updater:301 - Updater called before beeing initialized
2023-09-20 09:58:26,375 [ERROR] Updater:1105 - MainUpdater not yet initialized. External WinMGr cannot be set.
2023-09-20 09:58:26,378 [INFO] Updater:1041 - Updater Version found : 6.6.1
2023-09-20 09:58:26,405 [INFO] ApplicationProperties:181 - Using Application install path: C:\ST\STM32CubeIDE_1.9.0\STM32CubeIDE\plugins\com.st.stm32cube.common.mx_6.6.1.202207061420
2023-09-20 09:58:26,543 [INFO] MainUpdater:2768 - connection check result : 10
2023-09-20 09:58:26,545 [INFO] MainUpdater:280 - Updater Check For Update Now.
2023-09-20 09:58:26,545 [INFO] MicroXplorer:481 - Change Database Version : DB.6.0.60
2023-09-20 09:58:26,788 [INFO] MainUpdater:2768 - connection check result : 10
2023-09-20 09:58:26,791 [INFO] CheckServerUpdateThread:119 - End of CheckServer Thread
2023-09-20 09:58:27,028 [INFO] McuFinderGlobals:57 - Set McuFinderConnectedMode to true
2023-09-20 09:58:27,039 [INFO] MultiScanPanel:195 - Auto-refresh data requested => check proxy status ongoing
2023-09-20 09:58:27,045 [INFO] FinderPluginLoader:92 - Searching for filters in installed packs
2023-09-20 09:58:27,137 [INFO] ApiDb:576 - Connected to CubeFinder SQLite database (C:\Users\truon\.stmcufinder\plugins\mcufinder\mcu\cube-finder-db.db)
2023-09-20 09:58:27,187 [INFO] ApiDb:663 - CubeFinder database Data Model version=2.1
2023-09-20 09:58:27,188 [INFO] ApiDb:664 - CubeFinder database Configuration version=3.0.37
2023-09-20 09:58:27,189 [INFO] ApiDb:665 - CubeFinder database generation date=2023-08-09 (1691586011)
2023-09-20 09:58:27,189 [INFO] ApiDb:666 - CubeFinder database FW Pack versions=[FP-ATR-ASTRA1_V2.0.0, FP-SNS-FLIGHT1_V5.0.1, FP-SNS-FLIGHT1_V5.0.2, FP-SNS-MOTENV1_V4.3.1, FP-SNS-MOTENV1_V4.3.2, STM32Cube_FW_C0_V1.1.0, STM32Cube_FW_F4_V1.27.1, STM32Cube_FW_F7_V1.17.0, STM32Cube_FW_G0_V1.6.1, STM32Cube_FW_G4_V1.5.1, STM32Cube_FW_H5_V0.5.1, STM32Cube_FW_H5_V1.1.0, STM32Cube_FW_H7_V1.11.0, STM32Cube_FW_L0_V1.12.2, STM32Cube_FW_L5_V1.5.0, STM32Cube_FW_U5_V1.3.0, STM32Cube_FW_U5_V1.3.0RC4, STM32Cube_FW_WBA_V1.0.0RC1, STM32Cube_FW_WBA_V1.1.0, STM32Cube_FW_WBA_V1.1.0RC1, STM32Cube_FW_WB_V1.15.0RC1, STM32Cube_FW_WB_V1.16.0, STM32Cube_FW_WB_V1.16.0RC2, STM32Cube_FW_WB_V1.17.0, STM32Cube_FW_WL_V1.3.0, X-CUBE-ALGOBUILD_V1.3.0, X-CUBE-ALS_V1.0.1, X-CUBE-AZRTOS-F4_V1.1.0, X-CUBE-AZRTOS-F7_V1.1.0, X-CUBE-AZRTOS-G0_V1.1.0, X-CUBE-AZRTOS-G4_V2.0.0, X-CUBE-AZRTOS-H7_V3.1.0, X-CUBE-AZRTOS-L4_V1.0.0, X-CUBE-AZRTOS-L4_V2.0.0, X-CUBE-AZRTOS-L5_V1.1.0, X-CUBE-AZRTOS-WB_V1.1.0, X-CUBE-AZRTOS-WL_V2.0.0, X-CUBE-BLE1_V7.0.0, X-CUBE-BLE2_V3.3.0, X-CUBE-BLEMGR_V2.0.0, X-CUBE-EEPRMA1_V4.1.0, X-CUBE-FREERTOS_V1.1.0, X-CUBE-GNSS1_V6.0.0, X-CUBE-MEMS1_V9.1.0, X-CUBE-MEMS1_V9.4.0, X-CUBE-MEMS1_V9.6.0, X-CUBE-NFC4_V3.0.0, X-CUBE-NFC7_V1.0.0, X-CUBE-SFXS2LP1_V4.0.0, X-CUBE-SUBG2_V5.0.0, X-CUBE-TOF1_V3.3.1]
2023-09-20 09:58:28,170 [WARN] PackLoader:242 - Cannot read IP mode file for STMicroelectronics.X-CUBE-SMBUS.2.1.0
2023-09-20 09:58:28,276 [WARN] PackLoader:242 - Cannot read IP mode file for STMicroelectronics.X-CUBE-MEMS1.9.2.0
2023-09-20 09:58:28,461 [WARN] PackLoader:242 - Cannot read IP mode file for STMicroelectronics.X-CUBE-AZRTOS-F7.1.1.0
2023-09-20 09:58:28,469 [WARN] PackLoader:242 - Cannot read IP mode file for STMicroelectronics.X-CUBE-AI.7.1.0
2023-09-20 09:58:28,477 [WARN] PackLoader:242 - Cannot read IP mode file for STMicroelectronics.X-CUBE-TOUCHGFX.4.19.1
2023-09-20 09:58:28,482 [WARN] PackLoader:242 - Cannot read IP mode file for STMicroelectronics.FP-SNS-MOTENV1.4.3.2
2023-09-20 09:58:28,488 [WARN] PackLoader:242 - Cannot read IP mode file for STMicroelectronics.X-CUBE-BLE1.6.2.3
2023-09-20 09:58:28,495 [WARN] PackLoader:242 - Cannot read IP mode file for STMicroelectronics.FP-SNS-FLIGHT1.5.0.2
2023-09-20 09:58:28,501 [WARN] PackLoader:242 - Cannot read IP mode file for STMicroelectronics.X-CUBE-BLE2.3.2.2
2023-09-20 09:58:28,522 [WARN] PackLoader:242 - Cannot read IP mode file for STMicroelectronics.X-CUBE-TOF1.3.1.0
2023-09-20 09:58:28,533 [WARN] PackLoader:242 - Cannot read IP mode file for STMicroelectronics.X-CUBE-DISPLAY.3.0.0
2023-09-20 09:58:28,546 [WARN] PackLoader:242 - Cannot read IP mode file for STMicroelectronics.X-CUBE-BLE1.7.0.0
2023-09-20 09:58:28,550 [WARN] PackLoader:242 - Cannot read IP mode file for STMicroelectronics.X-CUBE-TOUCHGFX.4.22.0
2023-09-20 09:58:28,591 [WARN] PackLoader:242 - Cannot read IP mode file for STMicroelectronics.X-CUBE-MEMS1.9.3.0
2023-09-20 09:58:28,687 [WARN] PackLoader:242 - Cannot read IP mode file for STMicroelectronics.X-CUBE-AI.7.2.0
2023-09-20 09:58:28,691 [WARN] PackLoader:242 - Cannot read IP mode file for STMicroelectronics.FP-SNS-SMARTAG2.1.2.0
2023-09-20 09:58:28,697 [INFO] LogOutputStream:76 - [STDOUT_REDIRECT] 1 : Invalid condition id : UX_CORESTACK_Condition cause : null
2023-09-20 09:58:28,698 [INFO] LogOutputStream:76 - [STDOUT_REDIRECT] 1 : Invalid condition id : UX_CORESTACK_Condition cause : null
2023-09-20 09:58:28,699 [INFO] LogOutputStream:76 - [STDOUT_REDIRECT] 1 : Invalid condition id : UX_CORESTACK_Condition cause : null
2023-09-20 09:58:28,700 [INFO] LogOutputStream:76 - [STDOUT_REDIRECT] 1 : Invalid condition id : UX_CORESTACK_Condition cause : null
2023-09-20 09:58:28,701 [INFO] LogOutputStream:76 - [STDOUT_REDIRECT] 1 : Invalid condition id : UX_CORESTACK_Condition cause : null
2023-09-20 09:58:28,704 [WARN] PackLoader:242 - Cannot read IP mode file for STMicroelectronics.X-CUBE-AZRTOS-WL.2.0.0
2023-09-20 09:58:28,714 [WARN] PackLoader:242 - Cannot read IP mode file for WES.I-CUBE-Cesium.1.3.0
2023-09-20 09:58:28,721 [WARN] PackLoader:242 - Cannot read IP mode file for STMicroelectronics.X-CUBE-BLE2.3.3.0
2023-09-20 09:58:28,725 [WARN] PackLoader:242 - Cannot read IP mode file for STMicroelectronics.X-CUBE-DISPLAY.2.2.0
2023-09-20 09:58:28,735 [WARN] PackLoader:242 - Cannot read IP mode file for STMicroelectronics.X-CUBE-TOF1.3.2.0
2023-09-20 09:58:28,744 [WARN] PackLoader:242 - Cannot read IP mode file for STMicroelectronics.X-CUBE-ISPU.1.0.0
2023-09-20 09:58:28,761 [WARN] PackLoader:242 - Cannot read IP mode file for STMicroelectronics.X-CUBE-AZRTOS-H7.2.1.0
2023-09-20 09:58:28,767 [WARN] PackLoader:242 - Cannot read IP mode file for STMicroelectronics.X-CUBE-ALGOBUILD.1.3.0
2023-09-20 09:58:28,781 [WARN] PackLoader:242 - Cannot read IP mode file for STMicroelectronics.X-CUBE-AZRTOS-G0.1.1.0
2023-09-20 09:58:28,789 [WARN] PackLoader:242 - Cannot read IP mode file for STMicroelectronics.X-CUBE-NFC4.3.0.0
2023-09-20 09:58:28,818 [WARN] PackLoader:242 - Cannot read IP mode file for SEGGER.I-CUBE-embOS.1.2.0
2023-09-20 09:58:28,854 [WARN] PackLoader:242 - Cannot read IP mode file for STMicroelectronics.FP-ATR-SIGFOX1.3.2.0
2023-09-20 09:58:28,860 [WARN] PackLoader:242 - Cannot read IP mode file for emotas.I-CUBE-CANOPEN.1.1.2
2023-09-20 09:58:28,863 [WARN] PackLoader:242 - Cannot read IP mode file for STMicroelectronics.X-CUBE-TOUCHGFX.4.20.0
2023-09-20 09:58:28,894 [WARN] PackLoader:242 - Cannot read IP mode file for SEGGER.I-CUBE-embOS.1.3.1
2023-09-20 09:58:28,938 [WARN] PackLoader:242 - Cannot read IP mode file for STMicroelectronics.X-CUBE-TOF1.3.0.0
2023-09-20 09:58:28,943 [WARN] PackLoader:242 - Cannot read IP mode file for STMicroelectronics.X-CUBE-GNSS1.6.0.0
2023-09-20 09:58:28,953 [INFO] ApiDb:239 - Found 138 in-development CPN: [B-WB1M-WPAN1, NUCLEO-C031C6, STEVAL-STWINBX1, STM320518-EVAL, STM32C0116-DK, STM32C011D6Y3TR, STM32C011D6Y6TR, STM32C011F4P3, STM32C011F4P6, STM32C011F4U3, STM32C011F4U6TR, STM32C011F6P3, STM32C011F6P6, STM32C011F6U3, STM32C011F6U6TR, STM32C011J4M3, STM32C011J4M6, STM32C011J6M3, STM32C011J6M6, STM32C0316-DK, STM32C031C4T3, STM32C031C4T6, STM32C031C4U3, STM32C031C4U6, STM32C031C6T3, STM32C031C6T6, STM32C031C6U3, STM32C031C6U6, STM32C031F4P3, STM32C031F4P6, STM32C031F6P3, STM32C031F6P6, STM32C031G4U3, STM32C031G4U6, STM32C031G6U3, STM32C031G6U6, STM32C031K4T3, STM32C031K4T6, STM32C031K4U3, STM32C031K4U6, STM32C031K6T3, STM32C031K6T6, STM32C031K6U3, STM32C031K6U6, STM32G071K8TXN, STM32G071K8UXN, STM32G081GBU6N, STM32G081KBT6N, STM32G081KBUXN, STM32G0B1CCT6N, STM32G0B1KCT6, STM32G0B1NEY6TR, STM32G0B1RCT6N, STM32G0C1CCT6, STM32G0C1CCT6N, STM32G0C1CCU6N, STM32G0C1CET6N, STM32G0C1CEU6N, STM32G0C1KCT6, STM32G0C1NEY6TR, STM32G0C1RCI6N, STM32G0C1RCT6N, STM32G0C1REI6N, STM32G0C1RET6N, STM32G0C1VCI6, STM32G0C1VEI6, STM32G471CCT6, STM32G471CCU6, STM32G471CET3, STM32G471CET6, STM32G471CEU3, STM32G471CEU6, STM32G471MCT6, STM32G471MET3, STM32G471MET6, STM32G471MEY6TR, STM32G471QCT6, STM32G471QET3, STM32G471RCT6, STM32G471RET3, STM32G471RET6, STM32G471VCH6, STM32G471VCI6, STM32G471VCT6, STM32G471VEH3, STM32G471VEH6, STM32G471VEI3, STM32G471VEI6, STM32G471VET3, STM32G471VET6, STM32G474CCT6, STM32L476VGY6PTR, STM32L4R5QGI6STR, STM32MP131AAE3, STM32MP131AAF3, STM32MP131AAG3, STM32MP131CAE3, STM32MP131CAF3, STM32MP131CAG3, STM32MP131DAE7, STM32MP131DAF7, STM32MP131DAG7, STM32MP131FAE7, STM32MP131FAF7, STM32MP131FAG7, STM32MP133AAE3, STM32MP133AAF3, STM32MP133AAG3, STM32MP133CAE3, STM32MP133CAF3, STM32MP133CAG3, STM32MP133DAE7, STM32MP133DAF7, STM32MP133DAG7, STM32MP133FAE7, STM32MP133FAF7, STM32MP133FAG7, STM32MP135AAE3, STM32MP135AAF3, STM32MP135AAG3, STM32MP135CAE3, STM32MP135CAF3, STM32MP135CAG3, STM32MP135DAE7, STM32MP135DAF7, STM32MP135DAG7, STM32MP135F-DK, STM32MP135FAE7, STM32MP135FAF7, STM32MP135FAG7, STM32U595ZJT6Q, STM32U599BJY6QTR, STM32U599NIH6Q, STM32U599NJH6Q, STM32U5A5ZJT6Q, STM32U5A9BJY6QTR, STM32U5A9NJH6Q, STM32WB1MMCH6]
2023-09-20 09:58:28,953 [WARN] PackLoader:242 - Cannot read IP mode file for STMicroelectronics.X-CUBE-AZRTOS-F4.1.1.0
2023-09-20 09:58:28,959 [INFO] DbMcus:215 - Found 3805 MCUs, 3805 are supported
2023-09-20 09:58:28,962 [WARN] PackLoader:242 - Cannot read IP mode file for STMicroelectronics.X-CUBE-BLEMGR.1.2.0
2023-09-20 09:58:28,962 [INFO] ApiDb:418 - Load user favorites file C:\Users\truon/.stm32cubeide/favorites.mcus.txt: 0 item(s)
2023-09-20 09:58:28,963 [INFO] ApiDb:422 - User favorites MCUs=[]
2023-09-20 09:58:28,963 [INFO] DbMcus:221 - Set 0 / 0 favorites MCUs
2023-09-20 09:58:28,978 [WARN] PackLoader:242 - Cannot read IP mode file for STMicroelectronics.X-CUBE-AZRTOS-L5.2.0.0
2023-09-20 09:58:29,018 [WARN] PackLoader:242 - Cannot read IP mode file for STMicroelectronics.X-CUBE-MEMS1.9.6.0
2023-09-20 09:58:29,142 [WARN] PackLoader:242 - Cannot read IP mode file for STMicroelectronics.X-CUBE-BLEMGR.2.0.0
2023-09-20 09:58:29,145 [WARN] PackLoader:242 - Cannot read IP mode file for STMicroelectronics.X-CUBE-NFC4.2.0.4
2023-09-20 09:58:29,158 [WARN] ConditionMgr:437 - getConditionDescription Invalid condition id : UX DEVICE CLASS RTOS Condition cause : null
2023-09-20 09:58:29,158 [WARN] ConditionMgr:437 - getConditionDescription Invalid condition id : UX DEVICE CLASS RTOS Condition cause : null
2023-09-20 09:58:29,160 [WARN] PackLoader:242 - Cannot read IP mode file for STMicroelectronics.X-CUBE-AZRTOS-H7.3.1.0
2023-09-20 09:58:29,161 [WARN] ConditionMgr:1038 - genDependencies : Invalid condition id : UX DEVICE CLASS RTOS Condition cause : null
2023-09-20 09:58:29,161 [WARN] ConditionMgr:1038 - genDependencies : Invalid condition id : UX DEVICE CLASS RTOS Condition cause : null
2023-09-20 09:58:29,162 [WARN] ConditionMgr:1038 - genDependencies : Invalid condition id : UX DEVICE CLASS RTOS Condition cause : null
2023-09-20 09:58:29,162 [WARN] ConditionMgr:1038 - genDependencies : Invalid condition id : UX DEVICE CLASS RTOS Condition cause : null
2023-09-20 09:58:29,163 [WARN] ConditionMgr:1038 - genDependencies : Invalid condition id : UX DEVICE CLASS RTOS Condition cause : null
2023-09-20 09:58:29,168 [WARN] PackLoader:242 - Cannot read IP mode file for STMicroelectronics.X-CUBE-SFXS2LP1.3.1.0
2023-09-20 09:58:29,185 [WARN] PackLoader:242 - Cannot read IP mode file for STMicroelectronics.X-CUBE-AZRTOS-F4.1.0.0
2023-09-20 09:58:29,197 [WARN] PackLoader:242 - Cannot read IP mode file for STMicroelectronics.X-CUBE-NFC7.1.0.1
2023-09-20 09:58:29,202 [WARN] PackLoader:242 - Cannot read IP mode file for STMicroelectronics.X-CUBE-NFC7.1.0.0
2023-09-20 09:58:29,215 [WARN] PackLoader:242 - Cannot read IP mode file for STMicroelectronics.X-CUBE-NFC6.3.0.0
2023-09-20 09:58:29,221 [WARN] PackLoader:242 - Cannot read IP mode file for STMicroelectronics.X-CUBE-EEPRMA1.4.1.0
2023-09-20 09:58:29,225 [WARN] PackLoader:242 - Cannot read IP mode file for STMicroelectronics.X-CUBE-AI.8.1.0
2023-09-20 09:58:29,234 [WARN] PackLoader:242 - Cannot read IP mode file for STMicroelectronics.X-CUBE-AZRTOS-G0.1.0.0
2023-09-20 09:58:29,249 [WARN] ConditionMgr:437 - getConditionDescription Invalid condition id : LAN8742 Phy interface Condition cause : null
2023-09-20 09:58:29,250 [WARN] PackLoader:242 - Cannot read IP mode file for STMicroelectronics.X-CUBE-AZRTOS-L4.2.0.0
2023-09-20 09:58:29,251 [WARN] ConditionMgr:1038 - genDependencies : Invalid condition id : LAN8742 Phy interface Condition cause : null
2023-09-20 09:58:29,251 [WARN] ConditionMgr:1038 - genDependencies : Invalid condition id : LAN8742 Phy interface Condition cause : null
2023-09-20 09:58:29,252 [WARN] ConditionMgr:1038 - genDependencies : Invalid condition id : LAN8742 Phy interface Condition cause : null
2023-09-20 09:58:29,258 [WARN] PackLoader:242 - Cannot read IP mode file for STMicroelectronics.X-CUBE-SFXS2LP1.4.0.0
2023-09-20 09:58:29,262 [WARN] PackLoader:242 - Cannot read IP mode file for STMicroelectronics.X-CUBE-ISPU.1.1.0
2023-09-20 09:58:29,267 [WARN] PackLoader:242 - Cannot read IP mode file for RoweBots.I-CUBE-UNISONRTOS.5.5.0-4
2023-09-20 09:58:29,276 [WARN] ConditionMgr:437 - getConditionDescription Invalid condition id : UX DEVICE CLASS RTOS Condition cause : null
2023-09-20 09:58:29,276 [WARN] ConditionMgr:437 - getConditionDescription Invalid condition id : UX DEVICE CLASS RTOS Condition cause : null
2023-09-20 09:58:29,277 [WARN] PackLoader:242 - Cannot read IP mode file for STMicroelectronics.X-CUBE-AZRTOS-WB.2.0.0
2023-09-20 09:58:29,277 [WARN] ConditionMgr:1038 - genDependencies : Invalid condition id : UX DEVICE CLASS RTOS Condition cause : null
2023-09-20 09:58:29,278 [WARN] ConditionMgr:1038 - genDependencies : Invalid condition id : UX DEVICE CLASS RTOS Condition cause : null
2023-09-20 09:58:29,278 [WARN] ConditionMgr:1038 - genDependencies : Invalid condition id : UX DEVICE CLASS RTOS Condition cause : null
2023-09-20 09:58:29,278 [WARN] ConditionMgr:1038 - genDependencies : Invalid condition id : UX DEVICE CLASS RTOS Condition cause : null
2023-09-20 09:58:29,278 [WARN] ConditionMgr:1038 - genDependencies : Invalid condition id : UX DEVICE CLASS RTOS Condition cause : null
2023-09-20 09:58:29,285 [WARN] PackLoader:242 - Cannot read IP mode file for STMicroelectronics.X-CUBE-BLEMGR.1.0.0
2023-09-20 09:58:29,295 [WARN] PackLoader:242 - Cannot read IP mode file for STMicroelectronics.X-CUBE-SUBG2.5.0.0
2023-09-20 09:58:29,308 [WARN] PackLoader:242 - Cannot read IP mode file for STMicroelectronics.X-CUBE-TOF1.3.3.1
2023-09-20 09:58:29,322 [WARN] PackLoader:242 - Cannot read IP mode file for STMicroelectronics.X-CUBE-AZRTOS-G4.2.0.0
2023-09-20 09:58:29,326 [WARN] PackLoader:242 - Cannot read IP mode file for STMicroelectronics.FP-ATR-ASTRA1.1.1.1
2023-09-20 09:58:29,328 [WARN] PackLoader:242 - Cannot read IP mode file for STMicroelectronics.FP-ATR-ASTRA1.1.1.0
2023-09-20 09:58:29,337 [WARN] PackLoader:242 - Cannot read IP mode file for STMicroelectronics.X-CUBE-AZRTOS-G4.1.0.0
2023-09-20 09:58:29,343 [WARN] PackLoader:242 - Cannot read IP mode file for wolfSSL.I-CUBE-wolfSSL.5.3.0
2023-09-20 09:58:29,357 [WARN] PackLoader:242 - Cannot read IP mode file for STMicroelectronics.X-CUBE-AZRTOS-L4.1.0.0
2023-09-20 09:58:29,362 [WARN] PackLoader:242 - Cannot read IP mode file for STMicroelectronics.X-CUBE-FREERTOS.1.1.0
2023-09-20 09:58:29,375 [WARN] PackLoader:242 - Cannot read IP mode file for STMicroelectronics.X-CUBE-AZRTOS-F7.1.0.0
2023-09-20 09:58:29,392 [WARN] PackLoader:242 - Cannot read IP mode file for STMicroelectronics.X-CUBE-AZRTOS-WL.1.0.0
2023-09-20 09:58:29,398 [WARN] PackLoader:242 - Cannot read IP mode file for portGmbH.I-Cube-SoM-uGOAL.1.1.0
2023-09-20 09:58:29,402 [WARN] PackLoader:242 - Cannot read IP mode file for STMicroelectronics.X-CUBE-ALS.1.0.1
2023-09-20 09:58:29,412 [WARN] PackLoader:242 - Cannot read IP mode file for STMicroelectronics.X-CUBE-AZRTOS-L5.1.0.0
2023-09-20 09:58:29,416 [WARN] PackLoader:242 - Cannot read IP mode file for STMicroelectronics.X-CUBE-EEPRMA1.3.1.1
2023-09-20 09:58:29,420 [WARN] PackLoader:242 - Cannot read IP mode file for STMicroelectronics.X-CUBE-GNSS1.5.2.0
2023-09-20 09:58:29,424 [WARN] PackLoader:242 - Cannot read IP mode file for STMicroelectronics.FP-ATR-ASTRA1.2.0.0
2023-09-20 09:58:29,425 [INFO] ThirdParty:929 - Integrity check success = true
2023-09-20 09:58:29,426 [INFO] IntegrityCheckThread:98 - exiting critical section [integrity check]
2023-09-20 09:58:29,426 [INFO] IntegrityCheckThread:101 - End integrity checks thread
2023-09-20 09:58:30,272 [INFO] LoadUrlFilesThread:177 - End of LoadServerUrlFiles without Thread
2023-09-20 09:58:30,278 [INFO] DetailPanel:339 - Set advertising image to C:/Users/truon/STM32Cube/Repository/\en.prom-stm32h5-mcu-finder.jpg
2023-09-20 09:58:31,010 [INFO] MultiScanPanel:778 - Auto Refresh Data is not needed
2023-09-20 09:58:31,024 [INFO] ApiDb:663 - CubeFinder database Data Model version=2.1
2023-09-20 09:58:31,025 [INFO] ApiDb:664 - CubeFinder database Configuration version=3.0.37
2023-09-20 09:58:31,025 [INFO] ApiDb:665 - CubeFinder database generation date=2023-08-09 (1691586011)
2023-09-20 09:58:31,025 [INFO] ApiDb:666 - CubeFinder database FW Pack versions=[FP-ATR-ASTRA1_V2.0.0, FP-SNS-FLIGHT1_V5.0.1, FP-SNS-FLIGHT1_V5.0.2, FP-SNS-MOTENV1_V4.3.1, FP-SNS-MOTENV1_V4.3.2, STM32Cube_FW_C0_V1.1.0, STM32Cube_FW_F4_V1.27.1, STM32Cube_FW_F7_V1.17.0, STM32Cube_FW_G0_V1.6.1, STM32Cube_FW_G4_V1.5.1, STM32Cube_FW_H5_V0.5.1, STM32Cube_FW_H5_V1.1.0, STM32Cube_FW_H7_V1.11.0, STM32Cube_FW_L0_V1.12.2, STM32Cube_FW_L5_V1.5.0, STM32Cube_FW_U5_V1.3.0, STM32Cube_FW_U5_V1.3.0RC4, STM32Cube_FW_WBA_V1.0.0RC1, STM32Cube_FW_WBA_V1.1.0, STM32Cube_FW_WBA_V1.1.0RC1, STM32Cube_FW_WB_V1.15.0RC1, STM32Cube_FW_WB_V1.16.0, STM32Cube_FW_WB_V1.16.0RC2, STM32Cube_FW_WB_V1.17.0, STM32Cube_FW_WL_V1.3.0, X-CUBE-ALGOBUILD_V1.3.0, X-CUBE-ALS_V1.0.1, X-CUBE-AZRTOS-F4_V1.1.0, X-CUBE-AZRTOS-F7_V1.1.0, X-CUBE-AZRTOS-G0_V1.1.0, X-CUBE-AZRTOS-G4_V2.0.0, X-CUBE-AZRTOS-H7_V3.1.0, X-CUBE-AZRTOS-L4_V1.0.0, X-CUBE-AZRTOS-L4_V2.0.0, X-CUBE-AZRTOS-L5_V1.1.0, X-CUBE-AZRTOS-WB_V1.1.0, X-CUBE-AZRTOS-WL_V2.0.0, X-CUBE-BLE1_V7.0.0, X-CUBE-BLE2_V3.3.0, X-CUBE-BLEMGR_V2.0.0, X-CUBE-EEPRMA1_V4.1.0, X-CUBE-FREERTOS_V1.1.0, X-CUBE-GNSS1_V6.0.0, X-CUBE-MEMS1_V9.1.0, X-CUBE-MEMS1_V9.4.0, X-CUBE-MEMS1_V9.6.0, X-CUBE-NFC4_V3.0.0, X-CUBE-NFC7_V1.0.0, X-CUBE-SFXS2LP1_V4.0.0, X-CUBE-SUBG2_V5.0.0, X-CUBE-TOF1_V3.3.1]
2023-09-20 09:58:31,078 [INFO] DbBoardsSqlite:227 - include board P-NUCLEO-WB55-NUCLEO as a kit item of type 'Nucleo-64'
2023-09-20 09:58:31,078 [INFO] DbBoardsSqlite:227 - include board P-NUCLEO-WB55-USBDONGLE as a kit item of type 'Nucleo USB Dongle'
2023-09-20 09:58:31,078 [INFO] DbBoardsSqlite:227 - include board STEVAL-IDP005V1 as a kit item of type 'Evaluation Board'
2023-09-20 09:58:31,078 [INFO] DbBoardsSqlite:227 - include board STEVAL-IDP005V2 as a kit item of type 'Evaluation Board'
2023-09-20 09:58:31,118 [INFO] ApiDb:239 - Found 138 in-development CPN: [B-WB1M-WPAN1, NUCLEO-C031C6, STEVAL-STWINBX1, STM320518-EVAL, STM32C0116-DK, STM32C011D6Y3TR, STM32C011D6Y6TR, STM32C011F4P3, STM32C011F4P6, STM32C011F4U3, STM32C011F4U6TR, STM32C011F6P3, STM32C011F6P6, STM32C011F6U3, STM32C011F6U6TR, STM32C011J4M3, STM32C011J4M6, STM32C011J6M3, STM32C011J6M6, STM32C0316-DK, STM32C031C4T3, STM32C031C4T6, STM32C031C4U3, STM32C031C4U6, STM32C031C6T3, STM32C031C6T6, STM32C031C6U3, STM32C031C6U6, STM32C031F4P3, STM32C031F4P6, STM32C031F6P3, STM32C031F6P6, STM32C031G4U3, STM32C031G4U6, STM32C031G6U3, STM32C031G6U6, STM32C031K4T3, STM32C031K4T6, STM32C031K4U3, STM32C031K4U6, STM32C031K6T3, STM32C031K6T6, STM32C031K6U3, STM32C031K6U6, STM32G071K8TXN, STM32G071K8UXN, STM32G081GBU6N, STM32G081KBT6N, STM32G081KBUXN, STM32G0B1CCT6N, STM32G0B1KCT6, STM32G0B1NEY6TR, STM32G0B1RCT6N, STM32G0C1CCT6, STM32G0C1CCT6N, STM32G0C1CCU6N, STM32G0C1CET6N, STM32G0C1CEU6N, STM32G0C1KCT6, STM32G0C1NEY6TR, STM32G0C1RCI6N, STM32G0C1RCT6N, STM32G0C1REI6N, STM32G0C1RET6N, STM32G0C1VCI6, STM32G0C1VEI6, STM32G471CCT6, STM32G471CCU6, STM32G471CET3, STM32G471CET6, STM32G471CEU3, STM32G471CEU6, STM32G471MCT6, STM32G471MET3, STM32G471MET6, STM32G471MEY6TR, STM32G471QCT6, STM32G471QET3, STM32G471RCT6, STM32G471RET3, STM32G471RET6, STM32G471VCH6, STM32G471VCI6, STM32G471VCT6, STM32G471VEH3, STM32G471VEH6, STM32G471VEI3, STM32G471VEI6, STM32G471VET3, STM32G471VET6, STM32G474CCT6, STM32L476VGY6PTR, STM32L4R5QGI6STR, STM32MP131AAE3, STM32MP131AAF3, STM32MP131AAG3, STM32MP131CAE3, STM32MP131CAF3, STM32MP131CAG3, STM32MP131DAE7, STM32MP131DAF7, STM32MP131DAG7, STM32MP131FAE7, STM32MP131FAF7, STM32MP131FAG7, STM32MP133AAE3, STM32MP133AAF3, STM32MP133AAG3, STM32MP133CAE3, STM32MP133CAF3, STM32MP133CAG3, STM32MP133DAE7, STM32MP133DAF7, STM32MP133DAG7, STM32MP133FAE7, STM32MP133FAF7, STM32MP133FAG7, STM32MP135AAE3, STM32MP135AAF3, STM32MP135AAG3, STM32MP135CAE3, STM32MP135CAF3, STM32MP135CAG3, STM32MP135DAE7, STM32MP135DAF7, STM32MP135DAG7, STM32MP135F-DK, STM32MP135FAE7, STM32MP135FAF7, STM32MP135FAG7, STM32U595ZJT6Q, STM32U599BJY6QTR, STM32U599NIH6Q, STM32U599NJH6Q, STM32U5A5ZJT6Q, STM32U5A9BJY6QTR, STM32U5A9NJH6Q, STM32WB1MMCH6]
2023-09-20 09:58:31,173 [INFO] BoardInfo:879 - No configuration file found for board NUCLEO-H503RB
2023-09-20 09:58:31,173 [INFO] DbBoards:156 - Board is not supported: NUCLEO-H503RB
2023-09-20 09:58:31,174 [INFO] BoardInfo:879 - No configuration file found for board NUCLEO-H563ZI
2023-09-20 09:58:31,175 [INFO] DbBoards:156 - Board is not supported: NUCLEO-H563ZI
2023-09-20 09:58:31,205 [INFO] BoardInfo:879 - No configuration file found for board NUCLEO-U545RE-Q
2023-09-20 09:58:31,205 [INFO] DbBoards:156 - Board is not supported: NUCLEO-U545RE-Q
2023-09-20 09:58:31,207 [INFO] BoardInfo:879 - No configuration file found for board NUCLEO-U5A5ZJ-Q
2023-09-20 09:58:31,207 [INFO] DbBoards:156 - Board is not supported: NUCLEO-U5A5ZJ-Q
2023-09-20 09:58:31,210 [INFO] BoardInfo:879 - No configuration file found for board NUCLEO-WBA52CG
2023-09-20 09:58:31,210 [INFO] DbBoards:156 - Board is not supported: NUCLEO-WBA52CG
2023-09-20 09:58:31,215 [INFO] BoardInfo:879 - No configuration file found for board P-NUCLEO-WB55
2023-09-20 09:58:31,215 [INFO] DbBoards:156 - Kit is not supported: P-NUCLEO-WB55
2023-09-20 09:58:31,219 [INFO] BoardInfo:879 - No configuration file found for board STEVAL-BFA001V1B
2023-09-20 09:58:31,219 [INFO] DbBoards:156 - Kit is not supported: STEVAL-BFA001V1B
2023-09-20 09:58:31,220 [INFO] BoardInfo:879 - No configuration file found for board STEVAL-BFA001V2B
2023-09-20 09:58:31,221 [INFO] DbBoards:156 - Kit is not supported: STEVAL-BFA001V2B
2023-09-20 09:58:31,225 [INFO] BoardInfo:879 - No configuration file found for board STEVAL-PROTEUS1
2023-09-20 09:58:31,225 [INFO] DbBoards:156 - Board is not supported: STEVAL-PROTEUS1
2023-09-20 09:58:31,226 [INFO] BoardInfo:879 - No configuration file found for board STEVAL-SMARTAG2
2023-09-20 09:58:31,226 [INFO] DbBoards:156 - Board is not supported: STEVAL-SMARTAG2
2023-09-20 09:58:31,304 [INFO] BoardInfo:879 - No configuration file found for board STM32H573I-DK
2023-09-20 09:58:31,304 [INFO] DbBoards:156 - Board is not supported: STM32H573I-DK
2023-09-20 09:58:31,347 [INFO] BoardInfo:879 - No configuration file found for board STM32U5A9J-DK
2023-09-20 09:58:31,347 [INFO] DbBoards:156 - Board is not supported: STM32U5A9J-DK
2023-09-20 09:58:31,349 [INFO] DbBoards:160 - Found 186 boards, 174 are supported
2023-09-20 09:58:31,353 [INFO] ApiDb:418 - Load user favorites file C:\Users\truon/.stm32cubeide/favorites.boards.txt: 0 item(s)
2023-09-20 09:58:31,353 [INFO] ApiDb:422 - User favorites Boards=[]
2023-09-20 09:58:31,353 [INFO] DbBoards:189 - Set 0 / 0 favorites Boards
2023-09-20 09:58:42,880 [ERROR] LogOutputStream:74 - [STDERR_REDIRECT] SLF4J: Failed to load class "org.slf4j.impl.StaticLoggerBinder".
2023-09-20 09:58:42,881 [ERROR] LogOutputStream:74 - [STDERR_REDIRECT] SLF4J: Defaulting to no-operation (NOP) logger implementation
2023-09-20 09:58:42,883 [ERROR] LogOutputStream:74 - [STDERR_REDIRECT] SLF4J: See http://www.slf4j.org/codes.html#StaticLoggerBinder for further details.
2023-09-20 09:58:59,548 [INFO] MainUpdater:2768 - connection check result : 10
2023-09-20 09:58:59,549 [INFO] MainUpdater:2768 - connection check result : 10
2023-09-20 09:58:59,579 [INFO] MicroXplorer:451 - Change Database Path : 
2023-09-20 09:58:59,580 [INFO] MicroXplorer:481 - Change Database Version : DB.6.0.60
2023-09-20 09:58:59,581 [WARN] ThirdParty:827 - waiting for thirdparty lock release [close project]
2023-09-20 09:58:59,582 [INFO] ThirdParty:829 - entering critical section [close project]
2023-09-20 09:58:59,584 [INFO] ThirdParty:839 - exiting critical section [close project]
2023-09-20 09:58:59,591 [INFO] PinOutPanel:1468 - setPackage(No Configuration,No Configuration)
2023-09-20 09:58:59,597 [INFO] UtilMem:74 - Begin LoadConfig() Used Memory: 250207128 Bytes (499122176)
2023-09-20 09:58:59,598 [INFO] MicroXplorer:451 - Change Database Path : 
2023-09-20 09:58:59,598 [INFO] MicroXplorer:481 - Change Database Version : DB.6.0.60
2023-09-20 09:58:59,599 [INFO] OpenFileManager:307 - Change cursor
2023-09-20 09:58:59,645 [INFO] Mcu:1922 - Initializing MCU STM32F103C6Tx STM32F103C6Tx 
2023-09-20 09:58:59,645 [INFO] Mcu:1935 - No CPN specified => set CPN to STM32F103C6T6A
2023-09-20 09:59:00,489 [INFO] Context:654 - Trying to add GPIOservice into a context  which must be forbidden
2023-09-20 09:59:00,752 [INFO] ImportTextPane:193 - (OptionalMessage_ERROR) Unable to find key (Mcu.ThirdPartyNb) in loaded IOC file
2023-09-20 09:59:00,753 [INFO] ImportTextPane:193 - (OptionalMessage_ERROR) Unable to find key (Mcu.PinsNb) in loaded IOC file
2023-09-20 09:59:00,753 [INFO] ImportTextPane:193 - (OptionalMessage_ERROR) Unable to find key (Mcu.IPNb) in loaded IOC file
2023-09-20 09:59:00,814 [WARN] ApiManager:308 - Cannot register API 'Board Extension:GNSS1A1' from pack STMicroelectronics.X-CUBE-GNSS1.6.0.0: no header file found
2023-09-20 09:59:00,814 [WARN] ApiManager:308 - Cannot register API 'Board Support:Custom' from pack STMicroelectronics.X-CUBE-GNSS1.6.0.0: no header file found
2023-09-20 09:59:00,814 [WARN] ApiManager:308 - Cannot register API 'Data Exchange:lib_gnss' from pack STMicroelectronics.X-CUBE-GNSS1.6.0.0: no header file found
2023-09-20 09:59:00,959 [WARN] ApiManager:308 - Cannot register API 'Board Extension:IKS01A3' from pack STMicroelectronics.X-CUBE-MEMS1.9.2.0: no header file found
2023-09-20 09:59:00,959 [WARN] ApiManager:308 - Cannot register API 'Board Extension:IKS01A2' from pack STMicroelectronics.X-CUBE-MEMS1.9.2.0: no header file found
2023-09-20 09:59:00,960 [WARN] ApiManager:308 - Cannot register API 'Board Extension:IKS02A1' from pack STMicroelectronics.X-CUBE-MEMS1.9.2.0: no header file found
2023-09-20 09:59:01,080 [WARN] ApiManager:308 - Cannot register API 'Board Extension:IKS01A3' from pack STMicroelectronics.X-CUBE-MEMS1.9.6.0: no header file found
2023-09-20 09:59:01,080 [WARN] ApiManager:308 - Cannot register API 'Board Extension:IKS01A2' from pack STMicroelectronics.X-CUBE-MEMS1.9.6.0: no header file found
2023-09-20 09:59:01,080 [WARN] ApiManager:308 - Cannot register API 'Board Extension:IKS02A1' from pack STMicroelectronics.X-CUBE-MEMS1.9.6.0: no header file found
2023-09-20 09:59:01,092 [WARN] ApiManager:308 - Cannot register API 'Wireless:BlueNRG-MS' from pack STMicroelectronics.X-CUBE-BLE1.6.2.3: no header file found
2023-09-20 09:59:01,094 [INFO] RtosManager:488 - Registered RTOS mode: class=CMSIS, group=RTOS, mode=CMSIS_V1, owner=FREERTOS
2023-09-20 09:59:01,094 [INFO] RtosManager:488 - Registered RTOS mode: class=CMSIS, group=RTOS2, mode=CMSIS_V2, owner=FREERTOS
2023-09-20 09:59:01,094 [INFO] RtosManager:488 - Registered RTOS mode: class=RTOS, group=Core, mode=CMSIS_V1, owner=FREERTOS
2023-09-20 09:59:01,095 [INFO] RtosManager:488 - Registered RTOS mode: class=RTOS, group=Core, mode=CMSIS_V2, owner=FREERTOS
2023-09-20 09:59:01,095 [WARN] ModelIntegratedComponent:185 - Missing modes for component STMicroelectronics:FreeRTOS:0.0.1:STMicroelectronics:RTOS:FreeRTOS:Core:::10.2.0:
2023-09-20 09:59:01,097 [WARN] ApiManager:308 - Cannot register API 'Board Extension:NFC04A1' from pack STMicroelectronics.X-CUBE-NFC4.3.0.0: no header file found
2023-09-20 09:59:01,100 [WARN] ApiManager:308 - Cannot register API 'Board Extension:S2868A1' from pack STMicroelectronics.X-CUBE-SUBG2.5.0.0: no header file found
2023-09-20 09:59:01,100 [WARN] ApiManager:308 - Cannot register API 'Board Extension:S2868A2' from pack STMicroelectronics.X-CUBE-SUBG2.5.0.0: no header file found
2023-09-20 09:59:01,101 [WARN] ApiManager:308 - Cannot register API 'Board Extension:S2915A1' from pack STMicroelectronics.X-CUBE-SUBG2.5.0.0: no header file found
2023-09-20 09:59:01,104 [WARN] ApiManager:308 - Cannot register API 'Wireless:BlueNRG-2' from pack STMicroelectronics.X-CUBE-BLE2.3.2.2: no header file found
2023-09-20 09:59:01,105 [WARN] ApiManager:308 - Cannot register API 'Board Extension:NFC04A1' from pack STMicroelectronics.X-CUBE-NFC4.2.0.4: no header file found
2023-09-20 09:59:01,111 [WARN] ApiManager:308 - Cannot register API 'Board Extension:S2868A1' from pack STMicroelectronics.X-CUBE-SFXS2LP1.3.1.0: no header file found
2023-09-20 09:59:01,112 [WARN] ApiManager:308 - Cannot register API 'Board Extension:S2868A2' from pack STMicroelectronics.X-CUBE-SFXS2LP1.3.1.0: no header file found
2023-09-20 09:59:01,112 [WARN] ApiManager:308 - Cannot register API 'Board Extension:S2915A1' from pack STMicroelectronics.X-CUBE-SFXS2LP1.3.1.0: no header file found
2023-09-20 09:59:01,114 [WARN] ApiManager:308 - Cannot register API 'Wireless:BlueNRG-MS' from pack STMicroelectronics.X-CUBE-BLE1.7.0.0: no header file found
2023-09-20 09:59:01,117 [WARN] ModelIntegratedComponent:64 - No mode defined for component null
2023-09-20 09:59:01,117 [WARN] ModelIntegratedComponent:64 - No mode defined for component null
2023-09-20 09:59:01,118 [WARN] ModelIntegratedComponent:64 - No mode defined for component null
2023-09-20 09:59:01,118 [WARN] ModelIntegratedComponent:64 - No mode defined for component null
2023-09-20 09:59:01,118 [WARN] ModelIntegratedComponent:64 - No mode defined for component null
2023-09-20 09:59:01,118 [WARN] ModelIntegratedComponent:64 - No mode defined for component null
2023-09-20 09:59:01,118 [WARN] ModelIntegratedComponent:64 - No mode defined for component null
2023-09-20 09:59:01,118 [WARN] ModelIntegratedComponent:64 - No mode defined for component null
2023-09-20 09:59:01,119 [WARN] ModelIntegratedComponent:64 - No mode defined for component null
2023-09-20 09:59:01,119 [WARN] ModelIntegratedComponent:64 - No mode defined for component null
2023-09-20 09:59:01,119 [WARN] ModelIntegratedComponent:64 - No mode defined for component null
2023-09-20 09:59:01,120 [WARN] ModelIntegratedComponent:64 - No mode defined for component null
2023-09-20 09:59:01,120 [WARN] ModelIntegratedComponent:64 - No mode defined for component null
2023-09-20 09:59:01,120 [WARN] ModelIntegratedComponent:64 - No mode defined for component null
2023-09-20 09:59:01,120 [WARN] ModelIntegratedComponent:64 - No mode defined for component null
2023-09-20 09:59:01,121 [WARN] ModelIntegratedComponent:64 - No mode defined for component null
2023-09-20 09:59:01,121 [WARN] ModelIntegratedComponent:64 - No mode defined for component null
2023-09-20 09:59:01,121 [WARN] ModelIntegratedComponent:64 - No mode defined for component null
2023-09-20 09:59:01,121 [WARN] ModelIntegratedComponent:64 - No mode defined for component null
2023-09-20 09:59:01,122 [WARN] ModelIntegratedComponent:64 - No mode defined for component null
2023-09-20 09:59:01,122 [WARN] ModelIntegratedComponent:64 - No mode defined for component null
2023-09-20 09:59:01,122 [WARN] ModelIntegratedComponent:64 - No mode defined for component null
2023-09-20 09:59:01,122 [WARN] ModelIntegratedComponent:64 - No mode defined for component null
2023-09-20 09:59:01,123 [WARN] ModelIntegratedComponent:64 - No mode defined for component null
2023-09-20 09:59:01,123 [WARN] ModelIntegratedComponent:64 - No mode defined for component null
2023-09-20 09:59:01,123 [WARN] ModelIntegratedComponent:64 - No mode defined for component null
2023-09-20 09:59:01,124 [WARN] ModelIntegratedComponent:64 - No mode defined for component null
2023-09-20 09:59:01,124 [WARN] ModelIntegratedComponent:64 - No mode defined for component null
2023-09-20 09:59:01,124 [WARN] ModelIntegratedComponent:64 - No mode defined for component null
2023-09-20 09:59:01,125 [WARN] ModelIntegratedComponent:64 - No mode defined for component null
2023-09-20 09:59:01,125 [WARN] ModelIntegratedComponent:64 - No mode defined for component null
2023-09-20 09:59:01,125 [WARN] ModelIntegratedComponent:64 - No mode defined for component null
2023-09-20 09:59:01,126 [WARN] ModelIntegratedComponent:64 - No mode defined for component null
2023-09-20 09:59:01,129 [WARN] ApiManager:308 - Cannot register API 'Board Extension:NFC07A1' from pack STMicroelectronics.X-CUBE-NFC7.1.0.1: no header file found
2023-09-20 09:59:01,130 [WARN] ApiManager:308 - Cannot register API 'Board Extension:NFC07A1' from pack STMicroelectronics.X-CUBE-NFC7.1.0.0: no header file found
2023-09-20 09:59:01,132 [WARN] ApiManager:308 - Cannot register API 'Board Extension:NFC06A1' from pack STMicroelectronics.X-CUBE-NFC6.3.0.0: no header file found
2023-09-20 09:59:01,132 [WARN] ApiManager:308 - Cannot register API 'Board Extension:NFC08A1' from pack STMicroelectronics.X-CUBE-NFC6.3.0.0: no header file found
2023-09-20 09:59:01,193 [WARN] ApiManager:308 - Cannot register API 'Board Extension:IKS01A3' from pack STMicroelectronics.X-CUBE-MEMS1.9.3.0: no header file found
2023-09-20 09:59:01,193 [WARN] ApiManager:308 - Cannot register API 'Board Extension:IKS01A2' from pack STMicroelectronics.X-CUBE-MEMS1.9.3.0: no header file found
2023-09-20 09:59:01,193 [WARN] ApiManager:308 - Cannot register API 'Board Extension:IKS02A1' from pack STMicroelectronics.X-CUBE-MEMS1.9.3.0: no header file found
2023-09-20 09:59:01,197 [WARN] ApiManager:308 - Cannot register API 'Board Extension:EEPRMA1' from pack STMicroelectronics.X-CUBE-EEPRMA1.4.1.0: no header file found
2023-09-20 09:59:01,197 [WARN] ApiManager:308 - Cannot register API 'Board Extension:EEPRMA2' from pack STMicroelectronics.X-CUBE-EEPRMA1.4.1.0: no header file found
2023-09-20 09:59:01,197 [WARN] ApiManager:308 - Cannot register API 'Board Extension:PGEEZ1' from pack STMicroelectronics.X-CUBE-EEPRMA1.4.1.0: no header file found
2023-09-20 09:59:01,197 [WARN] ApiManager:308 - Cannot register API 'Board Part:M24' from pack STMicroelectronics.X-CUBE-EEPRMA1.4.1.0: no header file found
2023-09-20 09:59:01,197 [WARN] ApiManager:308 - Cannot register API 'Board Part:M95' from pack STMicroelectronics.X-CUBE-EEPRMA1.4.1.0: no header file found
2023-09-20 09:59:01,197 [WARN] ApiManager:308 - Cannot register API 'Board Part:M95P32' from pack STMicroelectronics.X-CUBE-EEPRMA1.4.1.0: no header file found
2023-09-20 09:59:01,197 [WARN] ApiManager:308 - Cannot register API 'PGEEZ1:SPI' from pack STMicroelectronics.X-CUBE-EEPRMA1.4.1.0: no header file found
2023-09-20 09:59:01,198 [WARN] ApiManager:308 - Cannot register API 'PGEEZ1:QDSPI' from pack STMicroelectronics.X-CUBE-EEPRMA1.4.1.0: no header file found
2023-09-20 09:59:01,202 [WARN] ApiManager:308 - Cannot register API 'Board Extension:EEPRMA1' from pack STMicroelectronics.X-CUBE-EEPRMA1.3.1.1: no header file found
2023-09-20 09:59:01,202 [WARN] ApiManager:308 - Cannot register API 'Board Extension:EEPRMA2' from pack STMicroelectronics.X-CUBE-EEPRMA1.3.1.1: no header file found
2023-09-20 09:59:01,203 [WARN] ApiManager:308 - Cannot register API 'Board Extension:GNSS1A1' from pack STMicroelectronics.X-CUBE-GNSS1.5.2.0: no header file found
2023-09-20 09:59:01,203 [WARN] ApiManager:308 - Cannot register API 'Board Support:Custom' from pack STMicroelectronics.X-CUBE-GNSS1.5.2.0: no header file found
2023-09-20 09:59:01,203 [WARN] ApiManager:308 - Cannot register API 'Data Exchange:lib_gnss' from pack STMicroelectronics.X-CUBE-GNSS1.5.2.0: no header file found
2023-09-20 09:59:01,204 [WARN] ApiManager:308 - Cannot register API 'Board Extension:S2868A1' from pack STMicroelectronics.X-CUBE-SFXS2LP1.4.0.0: no header file found
2023-09-20 09:59:01,205 [WARN] ApiManager:308 - Cannot register API 'Board Extension:S2868A2' from pack STMicroelectronics.X-CUBE-SFXS2LP1.4.0.0: no header file found
2023-09-20 09:59:01,205 [WARN] ApiManager:308 - Cannot register API 'Board Extension:S2915A1' from pack STMicroelectronics.X-CUBE-SFXS2LP1.4.0.0: no header file found
2023-09-20 09:59:01,205 [WARN] ApiManager:308 - Cannot register API 'Wireless:BlueNRG-2' from pack STMicroelectronics.X-CUBE-BLE2.3.3.0: no header file found
2023-09-20 09:59:01,217 [INFO] ThirdPartyModel:289 - Start build external matchings
2023-09-20 09:59:02,306 [INFO] ThirdPartyModel:302 - End build external matchings
2023-09-20 09:59:02,525 [INFO] UtilMem:74 - End LoadConfig() Used Memory: 272537392 Bytes (499122176)
2023-09-20 09:59:02,559 [WARN] ThirdParty:789 - waiting for thirdparty lock release [change project]
2023-09-20 09:59:02,559 [INFO] ThirdParty:791 - entering critical section [change project]
2023-09-20 09:59:02,560 [INFO] ThirdParty:981 - CMSIS Pack Vendor :STMicroelectronics X-CUBE-ISPU 1.1.0
2023-09-20 09:59:02,560 [INFO] ThirdParty:981 - CMSIS Pack Vendor :RoweBots I-CUBE-UNISONRTOS 5.5.0-4
2023-09-20 09:59:02,560 [INFO] ThirdParty:981 - CMSIS Pack Vendor :STMicroelectronics X-CUBE-GNSS1 6.0.0
2023-09-20 09:59:02,560 [INFO] ThirdParty:981 - CMSIS Pack Vendor :STMicroelectronics X-CUBE-AZRTOS-H7 2.1.0
2023-09-20 09:59:02,561 [INFO] ThirdParty:981 - CMSIS Pack Vendor :STMicroelectronics USB_HOST 2.0.0
2023-09-20 09:59:02,561 [INFO] ThirdParty:981 - CMSIS Pack Vendor :STMicroelectronics X-CUBE-AZRTOS-F4 1.1.0
2023-09-20 09:59:02,561 [INFO] ThirdParty:981 - CMSIS Pack Vendor :STMicroelectronics LIBJPEG 8.0.0
2023-09-20 09:59:02,561 [INFO] ThirdParty:981 - CMSIS Pack Vendor :STMicroelectronics X-CUBE-SMBUS 2.1.0
2023-09-20 09:59:02,561 [INFO] ThirdParty:981 - CMSIS Pack Vendor :STMicroelectronics USB_DEVICE 3.0.0
2023-09-20 09:59:02,562 [INFO] ThirdParty:981 - CMSIS Pack Vendor :STMicroelectronics X-CUBE-AZRTOS-WB 2.0.0
2023-09-20 09:59:02,562 [INFO] ThirdParty:981 - CMSIS Pack Vendor :STMicroelectronics X-CUBE-BLEMGR 1.0.0
2023-09-20 09:59:02,562 [INFO] ThirdParty:981 - CMSIS Pack Vendor :STMicroelectronics X-CUBE-MEMS1 9.2.0
2023-09-20 09:59:02,563 [INFO] ThirdParty:981 - CMSIS Pack Vendor :STMicroelectronics X-CUBE-BLEMGR 1.2.0
2023-09-20 09:59:02,563 [INFO] ThirdParty:981 - CMSIS Pack Vendor :STMicroelectronics X-CUBE-AZRTOS-F7 1.1.0
2023-09-20 09:59:02,563 [INFO] ThirdParty:981 - CMSIS Pack Vendor :STMicroelectronics X-CUBE-AZRTOS-L5 2.0.0
2023-09-20 09:59:02,564 [INFO] ThirdParty:981 - CMSIS Pack Vendor :STMicroelectronics USB_DEVICE 2.0.0
2023-09-20 09:59:02,564 [INFO] ThirdParty:981 - CMSIS Pack Vendor :STMicroelectronics X-CUBE-MEMS1 9.6.0
2023-09-20 09:59:02,564 [INFO] ThirdParty:981 - CMSIS Pack Vendor :STMicroelectronics X-CUBE-AI 7.1.0
2023-09-20 09:59:02,565 [INFO] ThirdParty:981 - CMSIS Pack Vendor :STMicroelectronics X-CUBE-TOUCHGFX 4.19.1
2023-09-20 09:59:02,565 [INFO] ThirdParty:981 - CMSIS Pack Vendor :STMicroelectronics FP-SNS-MOTENV1 4.3.2
2023-09-20 09:59:02,565 [INFO] ThirdParty:981 - CMSIS Pack Vendor :STMicroelectronics X-CUBE-BLE1 6.2.3
2023-09-20 09:59:02,566 [INFO] ThirdParty:981 - CMSIS Pack Vendor :STMicroelectronics X-CUBE-ALGOBUILD 1.3.0
2023-09-20 09:59:02,566 [INFO] ThirdParty:981 - CMSIS Pack Vendor :STMicroelectronics FreeRTOS 0.0.1
2023-09-20 09:59:02,566 [INFO] ThirdParty:981 - CMSIS Pack Vendor :STMicroelectronics X-CUBE-AZRTOS-G0 1.1.0
2023-09-20 09:59:02,567 [INFO] ThirdParty:981 - CMSIS Pack Vendor :STMicroelectronics X-CUBE-BLEMGR 2.0.0
2023-09-20 09:59:02,567 [INFO] ThirdParty:981 - CMSIS Pack Vendor :STMicroelectronics X-CUBE-NFC4 3.0.0
2023-09-20 09:59:02,567 [INFO] ThirdParty:981 - CMSIS Pack Vendor :SEGGER I-CUBE-embOS 1.2.0
2023-09-20 09:59:02,567 [INFO] ThirdParty:981 - CMSIS Pack Vendor :STMicroelectronics X-CUBE-SUBG2 5.0.0
2023-09-20 09:59:02,567 [INFO] ThirdParty:981 - CMSIS Pack Vendor :STMicroelectronics STM32_WPAN 1.0.0
2023-09-20 09:59:02,567 [INFO] ThirdParty:981 - CMSIS Pack Vendor :STMicroelectronics lwIP 2.0.3
2023-09-20 09:59:02,567 [INFO] ThirdParty:981 - CMSIS Pack Vendor :STMicroelectronics FP-SNS-FLIGHT1 5.0.2
2023-09-20 09:59:02,568 [INFO] ThirdParty:981 - CMSIS Pack Vendor :STMicroelectronics X-CUBE-BLE2 3.2.2
2023-09-20 09:59:02,568 [INFO] ThirdParty:981 - CMSIS Pack Vendor :STMicroelectronics X-CUBE-NFC4 2.0.4
2023-09-20 09:59:02,568 [INFO] ThirdParty:981 - CMSIS Pack Vendor :STMicroelectronics USB_HOST 1.0.0
2023-09-20 09:59:02,568 [INFO] ThirdParty:981 - CMSIS Pack Vendor :STMicroelectronics X-CUBE-TOF1 3.3.1
2023-09-20 09:59:02,569 [INFO] ThirdParty:981 - CMSIS Pack Vendor :STMicroelectronics X-CUBE-AZRTOS-G4 2.0.0
2023-09-20 09:59:02,569 [INFO] ThirdParty:981 - CMSIS Pack Vendor :STMicroelectronics PDM2PCM 3.1.0
2023-09-20 09:59:02,569 [INFO] ThirdParty:981 - CMSIS Pack Vendor :STMicroelectronics X-CUBE-AZRTOS-H7 3.1.0
2023-09-20 09:59:02,569 [INFO] ThirdParty:981 - CMSIS Pack Vendor :STMicroelectronics FP-ATR-ASTRA1 1.1.1
2023-09-20 09:59:02,569 [INFO] ThirdParty:981 - CMSIS Pack Vendor :STMicroelectronics PDM2PCM 3.3.0
2023-09-20 09:59:02,569 [INFO] ThirdParty:981 - CMSIS Pack Vendor :STMicroelectronics X-CUBE-TOF1 3.1.0
2023-09-20 09:59:02,570 [INFO] ThirdParty:981 - CMSIS Pack Vendor :STMicroelectronics X-CUBE-SFXS2LP1 3.1.0
2023-09-20 09:59:02,570 [INFO] ThirdParty:981 - CMSIS Pack Vendor :STMicroelectronics FP-ATR-ASTRA1 1.1.0
2023-09-20 09:59:02,570 [INFO] ThirdParty:981 - CMSIS Pack Vendor :STMicroelectronics X-CUBE-DISPLAY 3.0.0
2023-09-20 09:59:02,570 [INFO] ThirdParty:981 - CMSIS Pack Vendor :STMicroelectronics X-CUBE-AZRTOS-F4 1.0.0
2023-09-20 09:59:02,570 [INFO] ThirdParty:981 - CMSIS Pack Vendor :STMicroelectronics X-CUBE-BLE1 7.0.0
2023-09-20 09:59:02,570 [INFO] ThirdParty:981 - CMSIS Pack Vendor :STMicroelectronics FP-ATR-SIGFOX1 3.2.0
2023-09-20 09:59:02,571 [INFO] ThirdParty:981 - CMSIS Pack Vendor :STMicroelectronics X-CUBE-AZRTOS-G4 1.0.0
2023-09-20 09:59:02,571 [INFO] ThirdParty:981 - CMSIS Pack Vendor :wolfSSL I-CUBE-wolfSSL 5.3.0
2023-09-20 09:59:02,571 [INFO] ThirdParty:981 - CMSIS Pack Vendor :STMicroelectronics X-CUBE-AZRTOS-L4 1.0.0
2023-09-20 09:59:02,571 [INFO] ThirdParty:981 - CMSIS Pack Vendor :STMicroelectronics HAL Drivers 0.0.0
2023-09-20 09:59:02,571 [INFO] ThirdParty:981 - CMSIS Pack Vendor :STMicroelectronics MBEDTLS 2.16.2
2023-09-20 09:59:02,572 [INFO] ThirdParty:981 - CMSIS Pack Vendor :emotas I-CUBE-CANOPEN 1.1.2
2023-09-20 09:59:02,572 [INFO] ThirdParty:981 - CMSIS Pack Vendor :STMicroelectronics X-CUBE-TOUCHGFX 4.20.0
2023-09-20 09:59:02,572 [INFO] ThirdParty:981 - CMSIS Pack Vendor :STMicroelectronics X-CUBE-FREERTOS 1.1.0
2023-09-20 09:59:02,572 [INFO] ThirdParty:981 - CMSIS Pack Vendor :STMicroelectronics X-CUBE-TOUCHGFX 4.22.0
2023-09-20 09:59:02,572 [INFO] ThirdParty:981 - CMSIS Pack Vendor :STMicroelectronics X-CUBE-NFC7 1.0.1
2023-09-20 09:59:02,572 [INFO] ThirdParty:981 - CMSIS Pack Vendor :STMicroelectronics MBEDTLS 2.14.1
2023-09-20 09:59:02,572 [INFO] ThirdParty:981 - CMSIS Pack Vendor :STMicroelectronics X-CUBE-NFC7 1.0.0
2023-09-20 09:59:02,572 [INFO] ThirdParty:981 - CMSIS Pack Vendor :STMicroelectronics X-CUBE-AZRTOS-F7 1.0.0
2023-09-20 09:59:02,572 [INFO] ThirdParty:981 - CMSIS Pack Vendor :STMicroelectronics X-CUBE-AZRTOS-WL 1.0.0
2023-09-20 09:59:02,572 [INFO] ThirdParty:981 - CMSIS Pack Vendor :STMicroelectronics X-CUBE-NFC6 3.0.0
2023-09-20 09:59:02,572 [INFO] ThirdParty:981 - CMSIS Pack Vendor :STMicroelectronics X-CUBE-MEMS1 9.3.0
2023-09-20 09:59:02,572 [INFO] ThirdParty:981 - CMSIS Pack Vendor :STMicroelectronics X-CUBE-EEPRMA1 4.1.0
2023-09-20 09:59:02,573 [INFO] ThirdParty:981 - CMSIS Pack Vendor :portGmbH I-Cube-SoM-uGOAL 1.1.0
2023-09-20 09:59:02,573 [INFO] ThirdParty:981 - CMSIS Pack Vendor :STMicroelectronics X-CUBE-ALS 1.0.1
2023-09-20 09:59:02,573 [INFO] ThirdParty:981 - CMSIS Pack Vendor :STMicroelectronics X-CUBE-AI 7.2.0
2023-09-20 09:59:02,574 [INFO] ThirdParty:981 - CMSIS Pack Vendor :STMicroelectronics ThreadX 1.0.0
2023-09-20 09:59:02,574 [INFO] ThirdParty:981 - CMSIS Pack Vendor :STMicroelectronics FP-SNS-SMARTAG2 1.2.0
2023-09-20 09:59:02,574 [INFO] ThirdParty:981 - CMSIS Pack Vendor :STMicroelectronics X-CUBE-AZRTOS-WL 2.0.0
2023-09-20 09:59:02,574 [INFO] ThirdParty:981 - CMSIS Pack Vendor :SEGGER I-CUBE-embOS 1.3.1
2023-09-20 09:59:02,574 [INFO] ThirdParty:981 - CMSIS Pack Vendor :STMicroelectronics X-CUBE-AZRTOS-L5 1.0.0
2023-09-20 09:59:02,574 [INFO] ThirdParty:981 - CMSIS Pack Vendor :STMicroelectronics USB_DEVICE 1.0.0
2023-09-20 09:59:02,575 [INFO] ThirdParty:981 - CMSIS Pack Vendor :STMicroelectronics X-CUBE-AI 8.1.0
2023-09-20 09:59:02,575 [INFO] ThirdParty:981 - CMSIS Pack Vendor :STMicroelectronics X-CUBE-AZRTOS-G0 1.0.0
2023-09-20 09:59:02,575 [INFO] ThirdParty:981 - CMSIS Pack Vendor :STMicroelectronics X-CUBE-EEPRMA1 3.1.1
2023-09-20 09:59:02,575 [INFO] ThirdParty:981 - CMSIS Pack Vendor :STMicroelectronics X-CUBE-AZRTOS-L4 2.0.0
2023-09-20 09:59:02,575 [INFO] ThirdParty:981 - CMSIS Pack Vendor :STMicroelectronics X-CUBE-GNSS1 5.2.0
2023-09-20 09:59:02,575 [INFO] ThirdParty:981 - CMSIS Pack Vendor :STMicroelectronics ThreadX 0.0.2
2023-09-20 09:59:02,576 [INFO] ThirdParty:981 - CMSIS Pack Vendor :WES I-CUBE-Cesium 1.3.0
2023-09-20 09:59:02,576 [INFO] ThirdParty:981 - CMSIS Pack Vendor :STMicroelectronics FP-ATR-ASTRA1 2.0.0
2023-09-20 09:59:02,576 [INFO] ThirdParty:981 - CMSIS Pack Vendor :STMicroelectronics lwIP 2.1.2
2023-09-20 09:59:02,576 [INFO] ThirdParty:981 - CMSIS Pack Vendor :STMicroelectronics X-CUBE-SFXS2LP1 4.0.0
2023-09-20 09:59:02,576 [INFO] ThirdParty:981 - CMSIS Pack Vendor :STMicroelectronics X-CUBE-BLE2 3.3.0
2023-09-20 09:59:02,576 [INFO] ThirdParty:981 - CMSIS Pack Vendor :STMicroelectronics X-CUBE-DISPLAY 2.2.0
2023-09-20 09:59:02,576 [INFO] ThirdParty:981 - CMSIS Pack Vendor :STMicroelectronics X-CUBE-TOF1 3.2.0
2023-09-20 09:59:02,576 [INFO] ThirdParty:981 - CMSIS Pack Vendor :STMicroelectronics PDM2PCM 3.2.0
2023-09-20 09:59:02,576 [INFO] ThirdParty:981 - CMSIS Pack Vendor :STMicroelectronics X-CUBE-TOF1 3.0.0
2023-09-20 09:59:02,576 [INFO] ThirdParty:981 - CMSIS Pack Vendor :STMicroelectronics X-CUBE-ISPU 1.0.0
2023-09-20 09:59:02,576 [INFO] ThirdParty:797 - exiting critical section [change project]
2023-09-20 09:59:02,840 [INFO] PinOutPanel:1468 - setPackage(No Configuration,No Configuration)
2023-09-20 09:59:02,842 [INFO] PinOutPanel:1468 - setPackage(STM32F103C6Tx,LQFP48)
2023-09-20 09:59:03,527 [INFO] UtilMem:74 - Before build in PCC Used Memory: 217145296 Bytes (499122176)
2023-09-20 09:59:04,370 [INFO] UtilMem:74 - After build in PCC Used Memory: 212197952 Bytes (499122176)
2023-09-20 09:59:04,392 [INFO] IPUIPlugin:79 - create IPUIPlugin
2023-09-20 09:59:04,392 [INFO] IPUIPlugin:79 - create IPUIPlugin
2023-09-20 09:59:04,392 [INFO] IPUIPlugin:79 - create IPUIPlugin
2023-09-20 09:59:04,393 [INFO] IPUIPlugin:79 - create IPUIPlugin
2023-09-20 09:59:04,393 [INFO] IPUIPlugin:79 - create IPUIPlugin
2023-09-20 09:59:04,393 [INFO] IPUIPlugin:79 - create IPUIPlugin
2023-09-20 09:59:04,393 [INFO] IPUIPlugin:79 - create IPUIPlugin
2023-09-20 09:59:04,393 [INFO] IPUIPlugin:79 - create IPUIPlugin
2023-09-20 09:59:04,394 [INFO] IPUIPlugin:79 - create IPUIPlugin
2023-09-20 09:59:04,394 [INFO] IPUIPlugin:79 - create IPUIPlugin
2023-09-20 09:59:04,394 [INFO] IPUIPlugin:79 - create IPUIPlugin
2023-09-20 09:59:04,394 [INFO] IPUIPlugin:79 - create IPUIPlugin
2023-09-20 09:59:04,394 [INFO] IPUIPlugin:79 - create IPUIPlugin
2023-09-20 09:59:04,395 [INFO] IPUIPlugin:79 - create IPUIPlugin
2023-09-20 09:59:04,395 [INFO] IPUIPlugin:79 - create IPUIPlugin
2023-09-20 09:59:04,396 [INFO] IPUIPlugin:79 - create IPUIPlugin
2023-09-20 09:59:04,396 [INFO] IPUIPlugin:79 - create IPUIPlugin
2023-09-20 09:59:04,396 [INFO] IPUIPlugin:79 - create IPUIPlugin
2023-09-20 09:59:04,397 [INFO] IPUIPlugin:79 - create IPUIPlugin
2023-09-20 09:59:04,397 [INFO] IPUIPlugin:79 - create IPUIPlugin
2023-09-20 09:59:04,397 [INFO] IPUIPlugin:79 - create IPUIPlugin
2023-09-20 09:59:04,398 [INFO] IPUIPlugin:79 - create IPUIPlugin
2023-09-20 09:59:04,398 [INFO] IPUIPlugin:79 - create IPUIPlugin
2023-09-20 09:59:04,687 [INFO] OpenFileManager:327 - Restore cursor
2023-09-20 09:59:05,374 [INFO] UtilMem:74 - End SaveConfig() Used Memory: 342582224 Bytes (499122176)
2023-09-20 09:59:05,432 [INFO] UtilMem:74 - End SaveConfig() Used Memory: 352707136 Bytes (499122176)
2023-09-20 09:59:05,915 [INFO] BlockDiagram:2753 - set Specific Code input for plugin: NVIC
2023-09-20 09:59:05,915 [INFO] BlockDiagram:2753 - set Specific Code input for plugin: RCC
2023-09-20 09:59:05,917 [INFO] CodeGenerator:690 - code generatio: config db path: C:\ST\STM32CubeIDE_1.9.0\STM32CubeIDE\plugins\com.st.stm32cube.common.mx_6.6.1.202207061420\\db\
2023-09-20 09:59:06,143 [INFO] CodeEngine:245 - oldGeneratedFile, C:\Users\truon\PROJECTS\STM32\LAB1\Ex3\Ex3\MXTmpFiles\license.tmp_save
2023-09-20 09:59:06,558 [INFO] CodeEngine:269 - Generated code: C:\Users\truon\PROJECTS\STM32\LAB1\Ex3\Ex3\MXTmpFiles\license.tmp
2023-09-20 09:59:06,574 [INFO] CodeEngine:245 - oldGeneratedFile, C:\Users\truon\PROJECTS\STM32\LAB1\Ex3\Ex3\Core\Src\stm32f1xx_it.c_save
2023-09-20 09:59:06,770 [INFO] CodeEngine:269 - Generated code: C:\Users\truon\PROJECTS\STM32\LAB1\Ex3\Ex3\Core\Src\stm32f1xx_it.c
2023-09-20 09:59:06,776 [INFO] CodeEngine:245 - oldGeneratedFile, C:\Users\truon\PROJECTS\STM32\LAB1\Ex3\Ex3\Core\Inc\stm32f1xx_it.h_save
2023-09-20 09:59:06,873 [INFO] CodeEngine:269 - Generated code: C:\Users\truon\PROJECTS\STM32\LAB1\Ex3\Ex3\Core\Inc\stm32f1xx_it.h
2023-09-20 09:59:07,070 [INFO] CodeEngine:245 - oldGeneratedFile, C:\Users\truon\PROJECTS\STM32\LAB1\Ex3\Ex3\Core\Src\stm32f1xx_hal_msp.c_save
2023-09-20 09:59:07,222 [INFO] CodeEngine:269 - Generated code: C:\Users\truon\PROJECTS\STM32\LAB1\Ex3\Ex3\Core\Src\stm32f1xx_hal_msp.c
2023-09-20 09:59:07,230 [INFO] CodeEngine:245 - oldGeneratedFile, C:\Users\truon\PROJECTS\STM32\LAB1\Ex3\Ex3\MXTmpFiles\system.tmp_save
2023-09-20 09:59:07,299 [INFO] CodeEngine:269 - Generated code: C:\Users\truon\PROJECTS\STM32\LAB1\Ex3\Ex3\MXTmpFiles\system.tmp
2023-09-20 09:59:07,313 [INFO] CodeEngine:245 - oldGeneratedFile, C:\Users\truon\PROJECTS\STM32\LAB1\Ex3\Ex3\Core\Inc\stm32f1xx_hal_conf.h_save
2023-09-20 09:59:07,449 [INFO] CodeEngine:269 - Generated code: C:\Users\truon\PROJECTS\STM32\LAB1\Ex3\Ex3\Core\Inc\stm32f1xx_hal_conf.h
2023-09-20 09:59:07,499 [INFO] CodeEngine:245 - oldGeneratedFile, C:\Users\truon\PROJECTS\STM32\LAB1\Ex3\Ex3\Core\Inc\main.h_save
2023-09-20 09:59:07,732 [INFO] CodeEngine:269 - Generated code: C:\Users\truon\PROJECTS\STM32\LAB1\Ex3\Ex3\Core\Inc\main.h
2023-09-20 09:59:07,737 [INFO] CodeEngine:245 - oldGeneratedFile, C:\Users\truon\PROJECTS\STM32\LAB1\Ex3\Ex3\Core\Src\main.c_save
2023-09-20 09:59:07,896 [INFO] CodeEngine:269 - Generated code: C:\Users\truon\PROJECTS\STM32\LAB1\Ex3\Ex3\Core\Src\main.c
2023-09-20 09:59:08,645 [INFO] ProjectBuilder:2919 - Time for Copy HAL[1] : 162mS.
2023-09-20 09:59:08,671 [INFO] ProjectBuilder:4117 - Project Generator version: 3.17.1
2023-09-20 09:59:08,987 [INFO] ConfigFileManager:1394 - The Die is : DIE412
2023-09-20 09:59:09,004 [INFO] ApiDbMcu:505 - Load IP Config File for FATFS
2023-09-20 09:59:09,022 [INFO] ApiDbMcu:505 - Load IP Config File for FREERTOS
2023-09-20 09:59:09,035 [INFO] ApiDbMcu:505 - Load IP Config File for USB_DEVICE
2023-09-20 09:59:11,994 [INFO] ProjectBuilder:4285 - Time for Generating toolchain IDE Files: 3323mS.
2023-09-20 09:59:11,996 [INFO] ProjectBuilder:2790 - Time for Copy CMSIS : 1mS.
2023-09-20 09:59:11,998 [INFO] ProjectBuilder:2790 - Time for Copy CMSIS : 0mS.
2023-09-20 09:59:13,036 [INFO] McuFinderGlobals:57 - Set McuFinderConnectedMode to true
2023-09-20 09:59:13,038 [INFO] ApiDb:443 - Save user favorites file C:\Users\truon/.stm32cubeide/favorites.mcus.txt: 0 item(s)
2023-09-20 09:59:13,039 [INFO] ApiDb:447 - User favorites MCUs=[]
2023-09-20 10:05:23,249 [INFO] UtilMem:74 - End SaveConfig() Used Memory: 592847456 Bytes (731906048)
2023-09-20 10:05:24,870 [INFO] UtilMem:74 - End SaveConfig() Used Memory: 623487384 Bytes (731906048)
2023-09-20 10:05:27,154 [INFO] UtilMem:74 - End SaveConfig() Used Memory: 595016616 Bytes (731906048)
2023-09-20 10:05:27,508 [INFO] BlockDiagram:2753 - set Specific Code input for plugin: NVIC
2023-09-20 10:05:27,508 [INFO] BlockDiagram:2753 - set Specific Code input for plugin: GPIO
2023-09-20 10:05:27,508 [INFO] BlockDiagram:2753 - set Specific Code input for plugin: RCC
2023-09-20 10:05:27,509 [INFO] CodeGenerator:690 - code generatio: config db path: C:\ST\STM32CubeIDE_1.9.0\STM32CubeIDE\plugins\com.st.stm32cube.common.mx_6.6.1.202207061420\\db\
2023-09-20 10:05:27,664 [INFO] CodeEngine:245 - oldGeneratedFile, C:\Users\truon\PROJECTS\STM32\LAB1\Ex3\Ex3\MXTmpFiles\license.tmp_save
2023-09-20 10:05:27,767 [INFO] CodeEngine:269 - Generated code: C:\Users\truon\PROJECTS\STM32\LAB1\Ex3\Ex3\MXTmpFiles\license.tmp
2023-09-20 10:05:27,871 [INFO] CodeEngine:245 - oldGeneratedFile, C:\Users\truon\PROJECTS\STM32\LAB1\Ex3\Ex3\MXTmpFiles\gpio.tmp_save
2023-09-20 10:05:28,030 [INFO] CodeEngine:269 - Generated code: C:\Users\truon\PROJECTS\STM32\LAB1\Ex3\Ex3\MXTmpFiles\gpio.tmp
2023-09-20 10:05:28,054 [INFO] CodeEngine:245 - oldGeneratedFile, C:\Users\truon\PROJECTS\STM32\LAB1\Ex3\Ex3\Core\Src\stm32f1xx_it.c_save
2023-09-20 10:05:28,181 [INFO] CodeEngine:269 - Generated code: C:\Users\truon\PROJECTS\STM32\LAB1\Ex3\Ex3\Core\Src\stm32f1xx_it.c
2023-09-20 10:05:28,190 [INFO] CodeEngine:245 - oldGeneratedFile, C:\Users\truon\PROJECTS\STM32\LAB1\Ex3\Ex3\Core\Inc\stm32f1xx_it.h_save
2023-09-20 10:05:28,247 [INFO] CodeEngine:269 - Generated code: C:\Users\truon\PROJECTS\STM32\LAB1\Ex3\Ex3\Core\Inc\stm32f1xx_it.h
2023-09-20 10:05:28,282 [INFO] CodeEngine:245 - oldGeneratedFile, C:\Users\truon\PROJECTS\STM32\LAB1\Ex3\Ex3\Core\Src\stm32f1xx_hal_msp.c_save
2023-09-20 10:05:28,379 [INFO] CodeEngine:269 - Generated code: C:\Users\truon\PROJECTS\STM32\LAB1\Ex3\Ex3\Core\Src\stm32f1xx_hal_msp.c
2023-09-20 10:05:28,384 [INFO] CodeEngine:245 - oldGeneratedFile, C:\Users\truon\PROJECTS\STM32\LAB1\Ex3\Ex3\MXTmpFiles\system.tmp_save
2023-09-20 10:05:28,439 [INFO] CodeEngine:269 - Generated code: C:\Users\truon\PROJECTS\STM32\LAB1\Ex3\Ex3\MXTmpFiles\system.tmp
2023-09-20 10:05:28,457 [INFO] CodeEngine:245 - oldGeneratedFile, C:\Users\truon\PROJECTS\STM32\LAB1\Ex3\Ex3\Core\Inc\stm32f1xx_hal_conf.h_save
2023-09-20 10:05:28,548 [INFO] CodeEngine:269 - Generated code: C:\Users\truon\PROJECTS\STM32\LAB1\Ex3\Ex3\Core\Inc\stm32f1xx_hal_conf.h
2023-09-20 10:05:28,606 [INFO] CodeEngine:245 - oldGeneratedFile, C:\Users\truon\PROJECTS\STM32\LAB1\Ex3\Ex3\Core\Inc\main.h_save
2023-09-20 10:05:28,715 [INFO] CodeEngine:269 - Generated code: C:\Users\truon\PROJECTS\STM32\LAB1\Ex3\Ex3\Core\Inc\main.h
2023-09-20 10:05:28,731 [INFO] CodeEngine:245 - oldGeneratedFile, C:\Users\truon\PROJECTS\STM32\LAB1\Ex3\Ex3\Core\Src\main.c_save
2023-09-20 10:05:28,852 [INFO] CodeEngine:269 - Generated code: C:\Users\truon\PROJECTS\STM32\LAB1\Ex3\Ex3\Core\Src\main.c
2023-09-20 10:05:29,610 [INFO] ProjectBuilder:2919 - Time for Copy HAL[1] : 279mS.
2023-09-20 10:05:29,616 [INFO] ProjectBuilder:4117 - Project Generator version: 3.17.1
2023-09-20 10:05:29,879 [INFO] ConfigFileManager:1394 - The Die is : DIE412
2023-09-20 10:05:31,135 [INFO] ProjectBuilder:4285 - Time for Generating toolchain IDE Files: 1519mS.
2023-09-20 10:05:31,136 [INFO] ProjectBuilder:2790 - Time for Copy CMSIS : 1mS.
2023-09-20 10:05:31,144 [INFO] ProjectBuilder:2790 - Time for Copy CMSIS : 0mS.
