2023-10-02 01:37:42,704 [INFO] Activator:176 - 


2023-10-02 01:37:42,706 [INFO] Activator:177 - !SESSION log4j initialized
2023-10-02 01:37:44,945 [INFO] LogOutputStream:77 - [STDOUT_REDIRECT] 
2023-10-02 01:37:46,340 [INFO] McuFinderGlobals:63 - Set McuFinder mode to 2 (CubeIDE integrated)
2023-10-02 01:37:46,445 [INFO] ApplicationProperties:184 - Using Application install path: C:\ST\STM32CubeIDE_1.9.0\STM32CubeIDE\plugins\com.st.stm32cube.common.mx_6.9.2.202309101412
2023-10-02 01:37:46,461 [INFO] DbMcusXml:78 - Set database path to: C:\ST\STM32CubeIDE_1.9.0\STM32CubeIDE\plugins\com.st.stm32cube.common.mx_6.9.2.202309101412\\db\/mcu/
2023-10-02 01:37:46,462 [INFO] ApiDb:274 - Set plugin database path to: C:\ST\STM32CubeIDE_1.9.0\STM32CubeIDE\plugins\com.st.stm32cube.common.mx_6.9.2.202309101412\\db\/plugins/boardmanager/
2023-10-02 01:37:46,462 [WARN] ApiDb:259 - Overriding images path with different value:  => C:\ST\STM32CubeIDE_1.9.0\STM32CubeIDE\plugins\com.st.stm32cube.common.mx_6.9.2.202309101412\\db\/plugins/mcufinder/images/
2023-10-02 01:37:46,471 [INFO] ApiDb:250 - Set database path to: C:\Users\truon\.stmcufinder\plugins\mcufinder//mcu/
2023-10-02 01:37:46,475 [INFO] DbMcusAds:125 - Set database path to: C:\Users\truon\.stmcufinder\plugins\mcufinder//mcu/
2023-10-02 01:37:46,476 [INFO] CrossReferenceDbSqlite:203 - Set database path to: C:\Users\truon\.stmcufinder\plugins\mcufinder//mcu/cs/
2023-10-02 01:37:46,571 [INFO] RulesReader:64 - Compatibility file has been processed (293 Rules)
2023-10-02 01:37:46,639 [INFO] DbMcusXml:78 - Set database path to: C:\ST\STM32CubeIDE_1.9.0\STM32CubeIDE\plugins\com.st.stm32cube.common.mx_6.9.2.202309101412\\db\/mcu/
2023-10-02 01:37:46,639 [INFO] ApiDb:274 - Set plugin database path to: C:\ST\STM32CubeIDE_1.9.0\STM32CubeIDE\plugins\com.st.stm32cube.common.mx_6.9.2.202309101412\\db\/plugins/boardmanager/
2023-10-02 01:37:46,639 [INFO] ApiDb:261 - Set plugin images path to: C:\ST\STM32CubeIDE_1.9.0\STM32CubeIDE\plugins\com.st.stm32cube.common.mx_6.9.2.202309101412\\db\/plugins/mcufinder/images/
2023-10-02 01:37:46,639 [WARN] DbFile:41 - Overriding database path with different value: C:\Users\truon\.stmcufinder\plugins\mcufinder/ => C:\Users\truon\.stmcufinder\plugins\mcufinder
2023-10-02 01:37:46,639 [INFO] ApiDb:250 - Set database path to: C:\Users\truon\.stmcufinder\plugins\mcufinder//mcu/
2023-10-02 01:37:46,639 [WARN] DbFile:41 - Overriding database path with different value: C:\Users\truon\.stmcufinder\plugins\mcufinder/ => C:\Users\truon\.stmcufinder\plugins\mcufinder
2023-10-02 01:37:46,639 [INFO] DbMcusAds:125 - Set database path to: C:\Users\truon\.stmcufinder\plugins\mcufinder//mcu/
2023-10-02 01:37:46,639 [WARN] DbFile:41 - Overriding database path with different value: C:\Users\truon\.stmcufinder\plugins\mcufinder/ => C:\Users\truon\.stmcufinder\plugins\mcufinder
2023-10-02 01:37:46,639 [WARN] DbFile:41 - Overriding database path with different value: C:\Users\truon\.stmcufinder\plugins\mcufinder/ => C:\Users\truon\.stmcufinder\plugins\mcufinder
2023-10-02 01:37:46,639 [INFO] CrossReferenceDbSqlite:203 - Set database path to: C:\Users\truon\.stmcufinder\plugins\mcufinder//mcu/cs/
2023-10-02 01:37:46,703 [INFO] MainPanel:262 - HeapMemory: 268435456
2023-10-02 01:37:46,759 [INFO] DbMcusXml:78 - Set database path to: C:\ST\STM32CubeIDE_1.9.0\STM32CubeIDE\plugins\com.st.stm32cube.common.mx_6.9.2.202309101412\\db\/mcu/
2023-10-02 01:37:46,759 [INFO] ApiDb:274 - Set plugin database path to: C:\ST\STM32CubeIDE_1.9.0\STM32CubeIDE\plugins\com.st.stm32cube.common.mx_6.9.2.202309101412\\db\/plugins/boardmanager/
2023-10-02 01:37:46,759 [INFO] ApiDb:261 - Set plugin images path to: C:\ST\STM32CubeIDE_1.9.0\STM32CubeIDE\plugins\com.st.stm32cube.common.mx_6.9.2.202309101412\\db\/plugins/mcufinder/images/
2023-10-02 01:37:46,759 [WARN] DbFile:41 - Overriding database path with different value: C:\Users\truon\.stmcufinder\plugins\mcufinder/ => C:\Users\truon\.stmcufinder\plugins\mcufinder
2023-10-02 01:37:46,759 [INFO] ApiDb:250 - Set database path to: C:\Users\truon\.stmcufinder\plugins\mcufinder//mcu/
2023-10-02 01:37:46,759 [WARN] DbFile:41 - Overriding database path with different value: C:\Users\truon\.stmcufinder\plugins\mcufinder/ => C:\Users\truon\.stmcufinder\plugins\mcufinder
2023-10-02 01:37:46,759 [INFO] DbMcusAds:125 - Set database path to: C:\Users\truon\.stmcufinder\plugins\mcufinder//mcu/
2023-10-02 01:37:46,759 [WARN] DbFile:41 - Overriding database path with different value: C:\Users\truon\.stmcufinder\plugins\mcufinder/ => C:\Users\truon\.stmcufinder\plugins\mcufinder
2023-10-02 01:37:46,759 [WARN] DbFile:41 - Overriding database path with different value: C:\Users\truon\.stmcufinder\plugins\mcufinder/ => C:\Users\truon\.stmcufinder\plugins\mcufinder
2023-10-02 01:37:46,760 [INFO] CrossReferenceDbSqlite:203 - Set database path to: C:\Users\truon\.stmcufinder\plugins\mcufinder//mcu/cs/
2023-10-02 01:37:46,773 [INFO] ApplicationProperties:184 - Using Application install path: C:\ST\STM32CubeIDE_1.9.0\STM32CubeIDE\plugins\com.st.stm32cube.common.mx_6.9.2.202309101412
2023-10-02 01:37:46,775 [INFO] PluginManage:196 - Search for loadable plugins [exclusion list=, ]
2023-10-02 01:37:46,775 [INFO] PluginManage:310 - Check plugin analytics
2023-10-02 01:37:46,901 [INFO] AnalyticsPlugin:253 - Accepted Software Licenses: STM32CubeMX.6.5.0
2023-10-02 01:37:46,901 [INFO] AnalyticsPlugin:255 - Accepted CMSIS Pack Licenses: 
2023-10-02 01:37:46,901 [INFO] AnalyticsPlugin:257 - Accepted Firmware Licenses: FW.C0.1.0.0
2023-10-02 01:37:46,903 [INFO] PluginManage:359 - Loaded plugin analytics (category:tool,tabindex:-1)
2023-10-02 01:37:46,904 [INFO] PluginManage:310 - Check plugin cadmodel
2023-10-02 01:37:46,907 [INFO] CADModel:105 - Init CAD model plugin
2023-10-02 01:37:46,907 [INFO] PluginManage:359 - Loaded plugin cadmodel (category:power,tabindex:5)
2023-10-02 01:37:46,907 [INFO] PluginManage:310 - Check plugin clock
2023-10-02 01:37:46,913 [INFO] PluginManage:359 - Loaded plugin clock (category:base,tabindex:2)
2023-10-02 01:37:46,913 [INFO] PluginManage:310 - Check plugin ddr
2023-10-02 01:37:46,915 [INFO] PluginManage:359 - Loaded plugin ddr (category:tool,tabindex:6)
2023-10-02 01:37:46,915 [INFO] PluginManage:310 - Check plugin filemanager
2023-10-02 01:37:47,021 [INFO] PluginManage:359 - Loaded plugin filemanager (category:base,tabindex:10)
2023-10-02 01:37:47,021 [INFO] PluginManage:310 - Check plugin ipmanager
2023-10-02 01:37:47,028 [INFO] PluginManage:359 - Loaded plugin ipmanager (category:base,tabindex:5)
2023-10-02 01:37:47,028 [INFO] PluginManage:310 - Check plugin lpbam
2023-10-02 01:37:47,035 [INFO] PluginManage:359 - Loaded plugin lpbam (category:base,tabindex:0)
2023-10-02 01:37:47,035 [INFO] PluginManage:310 - Check plugin memorymap
2023-10-02 01:37:47,045 [INFO] PluginManage:359 - Loaded plugin memorymap (category:base,tabindex:4)
2023-10-02 01:37:47,045 [INFO] PluginManage:310 - Check plugin pinoutandconfiguration
2023-10-02 01:37:47,054 [INFO] PluginManage:359 - Loaded plugin pinoutandconfiguration (category:base,tabindex:1)
2023-10-02 01:37:47,054 [INFO] PluginManage:310 - Check plugin pinoutconfig
2023-10-02 01:37:47,120 [WARN] SupportedApi:132 - Cannot load RTOS API schema: s4s-elt-must-match.1: The content of 'definitions' must match (annotation?, (simpleType | complexType)?, (unique | key | keyref)*)). A problem was found starting at: attribute.
2023-10-02 01:37:47,258 [INFO] PluginManage:359 - Loaded plugin pinoutconfig (category:base,tabindex:0)
2023-10-02 01:37:47,258 [INFO] PluginManage:310 - Check plugin power
2023-10-02 01:37:47,265 [INFO] PluginManage:359 - Loaded plugin power (category:power,tabindex:4)
2023-10-02 01:37:47,265 [INFO] PluginManage:310 - Check plugin projectmanager
2023-10-02 01:37:47,278 [INFO] PluginManage:359 - Loaded plugin projectmanager (category:projectmanager,tabindex:3)
2023-10-02 01:37:47,278 [INFO] PluginManage:310 - Check plugin thirdparty
2023-10-02 01:37:47,382 [WARN] IntegrityCheckThread:84 - waiting for thirdparty lock release [integrity check]
2023-10-02 01:37:47,382 [INFO] PluginManage:359 - Loaded plugin thirdparty (category:base,tabindex:-1)
2023-10-02 01:37:47,382 [INFO] IntegrityCheckThread:86 - entering critical section [integrity check]
2023-10-02 01:37:47,382 [INFO] PluginManage:310 - Check plugin tools
2023-10-02 01:37:47,382 [INFO] ThirdPartyUpdaterWithRetryManager:70 - Updater plugin not ready yet. [1/15]
2023-10-02 01:37:47,386 [INFO] PluginManage:359 - Loaded plugin tools (category:base,tabindex:7)
2023-10-02 01:37:47,386 [INFO] PluginManage:310 - Check plugin tutovideos
2023-10-02 01:37:47,510 [INFO] PluginManage:359 - Loaded plugin tutovideos (category:base,tabindex:-1)
2023-10-02 01:37:47,511 [INFO] PluginManage:310 - Check plugin updater
2023-10-02 01:37:47,519 [INFO] PluginManage:359 - Loaded plugin updater (category:base,tabindex:12)
2023-10-02 01:37:47,519 [INFO] PluginManage:310 - Check plugin userauth
2023-10-02 01:37:47,523 [INFO] UserAuth:113 - Init User Auth plugin
2023-10-02 01:37:47,524 [INFO] PluginManage:359 - Loaded plugin userauth (category:base,tabindex:14)
2023-10-02 01:37:47,524 [INFO] PluginManage:283 - PluginManage : Loaded plugins [17]
2023-10-02 01:37:47,688 [INFO] PinOutPanel:1499 - setPackage(No Configuration,No Configuration)
2023-10-02 01:37:47,780 [INFO] CADModel:165 - CPN selected for project level
2023-10-02 01:37:47,780 [INFO] CADModel:114 - Register for checkConnection events
2023-10-02 01:37:47,792 [INFO] IPUIPlugin:80 - create IPUIPlugin
2023-10-02 01:37:47,793 [INFO] PluginManager:220 - loadIPPluginJar : add adc
2023-10-02 01:37:47,795 [INFO] IPUIPlugin:80 - create IPUIPlugin
2023-10-02 01:37:47,795 [INFO] PluginManager:220 - loadIPPluginJar : add aes
2023-10-02 01:37:47,797 [INFO] IPUIPlugin:80 - create IPUIPlugin
2023-10-02 01:37:47,797 [INFO] PluginManager:220 - loadIPPluginJar : add can
2023-10-02 01:37:47,798 [INFO] IPUIPlugin:80 - create IPUIPlugin
2023-10-02 01:37:47,798 [INFO] PluginManager:220 - loadIPPluginJar : add comp
2023-10-02 01:37:47,800 [INFO] IPUIPlugin:80 - create IPUIPlugin
2023-10-02 01:37:47,800 [INFO] PluginManager:220 - loadIPPluginJar : add cryp
2023-10-02 01:37:47,801 [INFO] IPUIPlugin:80 - create IPUIPlugin
2023-10-02 01:37:47,801 [INFO] PluginManager:220 - loadIPPluginJar : add dfsdm
2023-10-02 01:37:47,805 [INFO] IPUIPlugin:80 - create IPUIPlugin
2023-10-02 01:37:47,806 [INFO] PluginManager:220 - loadIPPluginJar : add dma
2023-10-02 01:37:47,808 [INFO] IPUIPlugin:80 - create IPUIPlugin
2023-10-02 01:37:47,808 [INFO] PluginManager:220 - loadIPPluginJar : add dma3
2023-10-02 01:37:47,809 [INFO] IPUIPlugin:80 - create IPUIPlugin
2023-10-02 01:37:47,809 [INFO] PluginManager:220 - loadIPPluginJar : add fatfs
2023-10-02 01:37:47,813 [INFO] IPUIPlugin:80 - create IPUIPlugin
2023-10-02 01:37:47,813 [INFO] PluginManager:220 - loadIPPluginJar : add fmc
2023-10-02 01:37:47,818 [INFO] IPUIPlugin:80 - create IPUIPlugin
2023-10-02 01:37:47,818 [INFO] PluginManager:220 - loadIPPluginJar : add freertos
2023-10-02 01:37:47,819 [INFO] IPUIPlugin:80 - create IPUIPlugin
2023-10-02 01:37:47,819 [INFO] PluginManager:220 - loadIPPluginJar : add genericplugin
2023-10-02 01:37:47,821 [INFO] IPUIPlugin:80 - create IPUIPlugin
2023-10-02 01:37:47,821 [INFO] PluginManager:220 - loadIPPluginJar : add gfxmmu
2023-10-02 01:37:47,825 [INFO] IPUIPlugin:80 - create IPUIPlugin
2023-10-02 01:37:47,825 [INFO] PluginManager:220 - loadIPPluginJar : add gic
2023-10-02 01:37:47,828 [INFO] IPUIPlugin:80 - create IPUIPlugin
2023-10-02 01:37:47,828 [INFO] PluginManager:220 - loadIPPluginJar : add gpio
2023-10-02 01:37:47,830 [INFO] IPUIPlugin:80 - create IPUIPlugin
2023-10-02 01:37:47,830 [INFO] PluginManager:220 - loadIPPluginJar : add gtzc
2023-10-02 01:37:47,832 [INFO] IPUIPlugin:80 - create IPUIPlugin
2023-10-02 01:37:47,832 [INFO] PluginManager:220 - loadIPPluginJar : add hash
2023-10-02 01:37:47,834 [INFO] IPUIPlugin:80 - create IPUIPlugin
2023-10-02 01:37:47,834 [INFO] PluginManager:220 - loadIPPluginJar : add i2c
2023-10-02 01:37:47,835 [INFO] IPUIPlugin:80 - create IPUIPlugin
2023-10-02 01:37:47,835 [INFO] PluginManager:220 - loadIPPluginJar : add i2s
2023-10-02 01:37:47,837 [INFO] IPUIPlugin:80 - create IPUIPlugin
2023-10-02 01:37:47,838 [INFO] PluginManager:220 - loadIPPluginJar : add i3c
2023-10-02 01:37:47,840 [INFO] IPUIPlugin:80 - create IPUIPlugin
2023-10-02 01:37:47,840 [INFO] PluginManager:220 - loadIPPluginJar : add ipddr
2023-10-02 01:37:47,846 [INFO] IPUIPlugin:80 - create IPUIPlugin
2023-10-02 01:37:47,846 [INFO] PluginManager:220 - loadIPPluginJar : add linkedlist
2023-10-02 01:37:47,848 [INFO] IPUIPlugin:80 - create IPUIPlugin
2023-10-02 01:37:47,848 [INFO] PluginManager:220 - loadIPPluginJar : add lorawan
2023-10-02 01:37:47,849 [INFO] IPUIPlugin:80 - create IPUIPlugin
2023-10-02 01:37:47,849 [INFO] PluginManager:220 - loadIPPluginJar : add ltdc
2023-10-02 01:37:47,856 [INFO] IPUIPlugin:80 - create IPUIPlugin
2023-10-02 01:37:47,856 [INFO] PluginManager:220 - loadIPPluginJar : add mdma
2023-10-02 01:37:47,859 [INFO] IPUIPlugin:80 - create IPUIPlugin
2023-10-02 01:37:47,859 [INFO] PluginManager:220 - loadIPPluginJar : add nvic
2023-10-02 01:37:47,862 [INFO] IPUIPlugin:80 - create IPUIPlugin
2023-10-02 01:37:47,862 [INFO] PluginManager:220 - loadIPPluginJar : add opamp
2023-10-02 01:37:47,867 [INFO] IPUIPlugin:80 - create IPUIPlugin
2023-10-02 01:37:47,867 [INFO] PluginManager:220 - loadIPPluginJar : add openamp
2023-10-02 01:37:47,870 [INFO] IPUIPlugin:80 - create IPUIPlugin
2023-10-02 01:37:47,870 [INFO] PluginManager:220 - loadIPPluginJar : add pdm2pcm
2023-10-02 01:37:47,874 [INFO] IPUIPlugin:80 - create IPUIPlugin
2023-10-02 01:37:47,876 [INFO] PluginManager:220 - loadIPPluginJar : add plateformsettings
2023-10-02 01:37:47,877 [INFO] IPUIPlugin:80 - create IPUIPlugin
2023-10-02 01:37:47,877 [INFO] PluginManager:220 - loadIPPluginJar : add quadspi
2023-10-02 01:37:47,880 [INFO] IPUIPlugin:80 - create IPUIPlugin
2023-10-02 01:37:47,880 [INFO] PluginManager:220 - loadIPPluginJar : add resmgrutility
2023-10-02 01:37:47,882 [INFO] IPUIPlugin:80 - create IPUIPlugin
2023-10-02 01:37:47,882 [INFO] PluginManager:220 - loadIPPluginJar : add sai
2023-10-02 01:37:47,884 [INFO] IPUIPlugin:80 - create IPUIPlugin
2023-10-02 01:37:47,884 [INFO] PluginManager:220 - loadIPPluginJar : add spi
2023-10-02 01:37:47,888 [INFO] IPUIPlugin:80 - create IPUIPlugin
2023-10-02 01:37:47,888 [INFO] PluginManager:220 - loadIPPluginJar : add stm32_wpan
2023-10-02 01:37:47,890 [INFO] IPUIPlugin:80 - create IPUIPlugin
2023-10-02 01:37:47,890 [INFO] PluginManager:220 - loadIPPluginJar : add tim
2023-10-02 01:37:47,894 [INFO] IPUIPlugin:80 - create IPUIPlugin
2023-10-02 01:37:47,894 [INFO] PluginManager:220 - loadIPPluginJar : add touchsensing
2023-10-02 01:37:47,896 [INFO] IPUIPlugin:80 - create IPUIPlugin
2023-10-02 01:37:47,896 [INFO] PluginManager:220 - loadIPPluginJar : add tracer_emb
2023-10-02 01:37:47,897 [INFO] IPUIPlugin:80 - create IPUIPlugin
2023-10-02 01:37:47,898 [INFO] PluginManager:220 - loadIPPluginJar : add ts
2023-10-02 01:37:47,899 [INFO] IPUIPlugin:80 - create IPUIPlugin
2023-10-02 01:37:47,899 [INFO] PluginManager:220 - loadIPPluginJar : add tsc
2023-10-02 01:37:47,901 [INFO] IPUIPlugin:80 - create IPUIPlugin
2023-10-02 01:37:47,901 [INFO] PluginManager:220 - loadIPPluginJar : add ucpd
2023-10-02 01:37:47,903 [INFO] IPUIPlugin:80 - create IPUIPlugin
2023-10-02 01:37:47,903 [INFO] PluginManager:220 - loadIPPluginJar : add usart
2023-10-02 01:37:47,905 [INFO] IPUIPlugin:80 - create IPUIPlugin
2023-10-02 01:37:47,905 [INFO] PluginManager:220 - loadIPPluginJar : add usbx
2023-10-02 01:37:48,016 [INFO] CADModel:165 - CPN selected for project level
2023-10-02 01:37:48,016 [INFO] CADModel:114 - Register for checkConnection events
2023-10-02 01:37:48,017 [FATAL] Updater:308 - Updater called before beeing initialized
2023-10-02 01:37:48,017 [ERROR] CADModel:125 - Updater not yet initialized, retry later 
2023-10-02 01:37:48,136 [INFO] CADModel:165 - CPN selected for project level
2023-10-02 01:37:48,137 [INFO] CADModel:114 - Register for checkConnection events
2023-10-02 01:37:48,137 [FATAL] Updater:308 - Updater called before beeing initialized
2023-10-02 01:37:48,137 [ERROR] CADModel:125 - Updater not yet initialized, retry later 
2023-10-02 01:37:48,139 [FATAL] Updater:308 - Updater called before beeing initialized
2023-10-02 01:37:48,223 [FATAL] Updater:308 - Updater called before beeing initialized
2023-10-02 01:37:48,228 [INFO] DbMcusAds:53 - JSON generation date=Tue Mar 07 15:50:55 ICT 2023 (1678179055114)
2023-10-02 01:37:48,228 [FATAL] Updater:308 - Updater called before beeing initialized
2023-10-02 01:37:48,256 [WARN] DetailPanel:346 - Failed to get advertising image, set to default
2023-10-02 01:37:48,328 [FATAL] Updater:308 - Updater called before beeing initialized
2023-10-02 01:37:48,330 [FATAL] Updater:308 - Updater called before beeing initialized
2023-10-02 01:37:48,330 [FATAL] Updater:308 - Updater called before beeing initialized
2023-10-02 01:37:48,330 [WARN] DetailPanel:346 - Failed to get advertising image, set to default
2023-10-02 01:37:48,331 [FATAL] Updater:308 - Updater called before beeing initialized
2023-10-02 01:37:48,375 [ERROR] Updater:1120 - MainUpdater not yet initialized. External WinMGr cannot be set.
2023-10-02 01:37:48,376 [INFO] Updater:1056 - Updater Version found : 6.9.2
2023-10-02 01:37:48,392 [INFO] ApplicationProperties:184 - Using Application install path: C:\ST\STM32CubeIDE_1.9.0\STM32CubeIDE\plugins\com.st.stm32cube.common.mx_6.9.2.202309101412
2023-10-02 01:37:48,681 [INFO] MainUpdater:2868 - connection check result : 10
2023-10-02 01:37:48,682 [INFO] MainUpdater:285 - Updater Check For Update Now.
2023-10-02 01:37:48,682 [INFO] MicroXplorer:498 - Change Database Version : DB.6.0.92
2023-10-02 01:37:48,687 [INFO] McuFinderGlobals:63 - Set McuFinder mode to 2 (CubeIDE integrated)
2023-10-02 01:37:48,688 [INFO] UserAuth:179 - activating auth plugin
2023-10-02 01:37:48,691 [INFO] UserAuth:393 - Internet connection configuration mode: 1
2023-10-02 01:37:48,711 [INFO] JxBrowserEngine:151 - Initiate JxBrowser Engine with user profile folder
2023-10-02 01:37:48,842 [INFO] CheckServerUpdateThread:120 - End of CheckServer Thread
2023-10-02 01:37:48,892 [INFO] MainUpdater:2868 - connection check result : 10
2023-10-02 01:37:49,315 [INFO] ApiDb:581 - Connected to CubeFinder SQLite database (C:\Users\truon\.stmcufinder\plugins\mcufinder\mcu\cube-finder-db.db)
2023-10-02 01:37:49,384 [INFO] ApiDb:668 - CubeFinder database Data Model version=2.1
2023-10-02 01:37:49,384 [INFO] ApiDb:669 - CubeFinder database Configuration version=3.0.37
2023-10-02 01:37:49,385 [INFO] WebApp:157 - Instantiating new browser for Auth
2023-10-02 01:37:49,385 [INFO] ApiDb:670 - CubeFinder database generation date=2023-08-09 (1691586011)
2023-10-02 01:37:49,385 [INFO] ApiDb:671 - CubeFinder database FW Pack versions=[FP-ATR-ASTRA1_V2.0.0, FP-SNS-FLIGHT1_V5.0.1, FP-SNS-FLIGHT1_V5.0.2, FP-SNS-MOTENV1_V4.3.1, FP-SNS-MOTENV1_V4.3.2, STM32Cube_FW_C0_V1.1.0, STM32Cube_FW_F4_V1.27.1, STM32Cube_FW_F7_V1.17.0, STM32Cube_FW_G0_V1.6.1, STM32Cube_FW_G4_V1.5.1, STM32Cube_FW_H5_V0.5.1, STM32Cube_FW_H5_V1.1.0, STM32Cube_FW_H7_V1.11.0, STM32Cube_FW_L0_V1.12.2, STM32Cube_FW_L5_V1.5.0, STM32Cube_FW_U5_V1.3.0, STM32Cube_FW_U5_V1.3.0RC4, STM32Cube_FW_WBA_V1.0.0RC1, STM32Cube_FW_WBA_V1.1.0, STM32Cube_FW_WBA_V1.1.0RC1, STM32Cube_FW_WB_V1.15.0RC1, STM32Cube_FW_WB_V1.16.0, STM32Cube_FW_WB_V1.16.0RC2, STM32Cube_FW_WB_V1.17.0, STM32Cube_FW_WL_V1.3.0, X-CUBE-ALGOBUILD_V1.3.0, X-CUBE-ALS_V1.0.1, X-CUBE-AZRTOS-F4_V1.1.0, X-CUBE-AZRTOS-F7_V1.1.0, X-CUBE-AZRTOS-G0_V1.1.0, X-CUBE-AZRTOS-G4_V2.0.0, X-CUBE-AZRTOS-H7_V3.1.0, X-CUBE-AZRTOS-L4_V1.0.0, X-CUBE-AZRTOS-L4_V2.0.0, X-CUBE-AZRTOS-L5_V1.1.0, X-CUBE-AZRTOS-WB_V1.1.0, X-CUBE-AZRTOS-WL_V2.0.0, X-CUBE-BLE1_V7.0.0, X-CUBE-BLE2_V3.3.0, X-CUBE-BLEMGR_V2.0.0, X-CUBE-EEPRMA1_V4.1.0, X-CUBE-FREERTOS_V1.1.0, X-CUBE-GNSS1_V6.0.0, X-CUBE-MEMS1_V9.1.0, X-CUBE-MEMS1_V9.4.0, X-CUBE-MEMS1_V9.6.0, X-CUBE-NFC4_V3.0.0, X-CUBE-NFC7_V1.0.0, X-CUBE-SFXS2LP1_V4.0.0, X-CUBE-SUBG2_V5.0.0, X-CUBE-TOF1_V3.3.1]
2023-10-02 01:37:49,471 [INFO] DbBoardsSqlite:226 - include board P-NUCLEO-WB55-NUCLEO as a kit item of type 'Nucleo-64'
2023-10-02 01:37:49,471 [INFO] DbBoardsSqlite:226 - include board P-NUCLEO-WB55-USBDONGLE as a kit item of type 'Nucleo USB Dongle'
2023-10-02 01:37:49,471 [INFO] DbBoardsSqlite:226 - include board STEVAL-IDP005V1 as a kit item of type 'Evaluation Board'
2023-10-02 01:37:49,471 [INFO] DbBoardsSqlite:226 - include board STEVAL-IDP005V2 as a kit item of type 'Evaluation Board'
2023-10-02 01:37:49,527 [INFO] ApiDb:240 - Found 323 in-development CPN: [B-G473E-ZEST1S, B-WB1M-WPAN1, B-WL5M-SUBG1, NUCLEO-C031C6, NUCLEO-H503RB, NUCLEO-H563ZI, NUCLEO-U545RE-Q, NUCLEO-U5A5ZJ-Q, NUCLEO-WBA52CG, STEVAL-PROTEUS1, STEVAL-SMARTAG2, STEVAL-STWINBX1, STM320518-EVAL, STM32C0116-DK, STM32C011D6Y3TR, STM32C011D6Y6TR, STM32C011F4P3, STM32C011F4P6, STM32C011F4U3, STM32C011F4U6TR, STM32C011F6P3, STM32C011F6P6, STM32C011F6U3, STM32C011F6U6TR, STM32C011J4M3, STM32C011J4M6, STM32C011J6M3, STM32C011J6M6, STM32C0316-DK, STM32C031C4T3, STM32C031C4T6, STM32C031C4U3, STM32C031C4U6, STM32C031C6T3, STM32C031C6T6, STM32C031C6U3, STM32C031C6U6, STM32C031F4P3, STM32C031F4P6, STM32C031F6P3, STM32C031F6P6, STM32C031G4U3, STM32C031G4U6, STM32C031G6U3, STM32C031G6U6, STM32C031K4T3, STM32C031K4T6, STM32C031K4U3, STM32C031K4U6, STM32C031K6T3, STM32C031K6T6, STM32C031K6U3, STM32C031K6U6, STM32G071K8TXN, STM32G071K8UXN, STM32G081GBU6N, STM32G081KBT6N, STM32G081KBUXN, STM32G0B1CCT6N, STM32G0B1KCT6, STM32G0B1NEY6TR, STM32G0B1RCT6N, STM32G0C1CCT6, STM32G0C1CCT6N, STM32G0C1CCU6N, STM32G0C1CET6N, STM32G0C1CEU6N, STM32G0C1KCT6, STM32G0C1NEY6TR, STM32G0C1RCI6N, STM32G0C1RCT6N, STM32G0C1REI6N, STM32G0C1RET6N, STM32G0C1VCI6, STM32G0C1VEI6, STM32G471CCT6, STM32G471CCU6, STM32G471CET3, STM32G471CET6, STM32G471CEU3, STM32G471CEU6, STM32G471MCT6, STM32G471MET3, STM32G471MET6, STM32G471MEY6TR, STM32G471QCT6, STM32G471QET3, STM32G471RCT6, STM32G471RET3, STM32G471RET6, STM32G471VCH6, STM32G471VCI6, STM32G471VCT6, STM32G471VEH3, STM32G471VEH6, STM32G471VEI3, STM32G471VEI6, STM32G471VET3, STM32G471VET6, STM32G474CCT6, STM32H503CBT6, STM32H503CBU6, STM32H503EBY6TR, STM32H503KBU6, STM32H503RBT6, STM32H562AGI6, STM32H562AII6, STM32H562IGK6, STM32H562IGT6, STM32H562IIK6, STM32H562IIT6, STM32H562RGT6, STM32H562RGV6, STM32H562RIT6, STM32H562RIV6, STM32H562VGT6, STM32H562VIT6, STM32H562ZGT6, STM32H562ZIT6, STM32H563AGI6, STM32H563AII3Q, STM32H563AII6, STM32H563IGK6, STM32H563IGT6, STM32H563IIK3Q, STM32H563IIK6, STM32H563IIT3Q, STM32H563IIT6, STM32H563MIY3QTR, STM32H563RGT6, STM32H563RGV6, STM32H563RIT6, STM32H563RIV6, STM32H563VGT6, STM32H563VIT3Q, STM32H563VIT6, STM32H563ZGT6, STM32H563ZIT3Q, STM32H563ZIT6, STM32H573AII3Q, STM32H573AII6, STM32H573I-DK, STM32H573IIK3Q, STM32H573IIK6, STM32H573IIT3Q, STM32H573IIT6, STM32H573MIY3QTR, STM32H573RIT6, STM32H573RIV6, STM32H573VIT3Q, STM32H573VIT6, STM32H573ZIT3Q, STM32H573ZIT6, STM32L4R5QGI6STR, STM32MP131AAE3, STM32MP131AAF3, STM32MP131AAG3, STM32MP131CAE3, STM32MP131CAF3, STM32MP131CAG3, STM32MP131DAE7, STM32MP131DAF7, STM32MP131DAG7, STM32MP131FAE7, STM32MP131FAF7, STM32MP131FAG7, STM32MP133AAE3, STM32MP133AAF3, STM32MP133AAG3, STM32MP133CAE3, STM32MP133CAF3, STM32MP133CAG3, STM32MP133DAE7, STM32MP133DAF7, STM32MP133DAG7, STM32MP133FAE7, STM32MP133FAF7, STM32MP133FAG7, STM32MP135AAE3, STM32MP135AAF3, STM32MP135AAG3, STM32MP135CAE3, STM32MP135CAF3, STM32MP135CAG3, STM32MP135DAE7, STM32MP135DAF7, STM32MP135DAG7, STM32MP135F-DK, STM32MP135FAE7, STM32MP135FAF7, STM32MP135FAF7T, STM32MP135FAF7U, STM32MP135FAG7, STM32U535CBT6, STM32U535CBT6Q, STM32U535CBU6, STM32U535CBU6Q, STM32U535CCT6, STM32U535CCT6Q, STM32U535CCU6, STM32U535CCU6Q, STM32U535CET6, STM32U535CET6Q, STM32U535CEU6, STM32U535CEU6Q, STM32U535JEY6QTR, STM32U535NCY6QTR, STM32U535NEY6QTR, STM32U535RBI6, STM32U535RBI6Q, STM32U535RBT6, STM32U535RBT6Q, STM32U535RCI6, STM32U535RCI6Q, STM32U535RCT6, STM32U535RCT6Q, STM32U535REI6, STM32U535REI6Q, STM32U535RET6, STM32U535RET6Q, STM32U535VCI6, STM32U535VCI6Q, STM32U535VCT6, STM32U535VCT6Q, STM32U535VEI6, STM32U535VEI6Q, STM32U535VET6, STM32U535VET6Q, STM32U545CET6, STM32U545CET6Q, STM32U545CEU6, STM32U545CEU6Q, STM32U545JEY6QTR, STM32U545NEY6QTR, STM32U545REI6, STM32U545REI6Q, STM32U545RET6, STM32U545RET6Q, STM32U545VEI6, STM32U545VEI6Q, STM32U545VET6, STM32U545VET6Q, STM32U595AIH6, STM32U595AIH6Q, STM32U595AJH6, STM32U595AJH6Q, STM32U595QII6, STM32U595QII6Q, STM32U595QJI6, STM32U595QJI6Q, STM32U595RIT6, STM32U595RIT6Q, STM32U595RJT6, STM32U595RJT6Q, STM32U595VIT6, STM32U595VIT6Q, STM32U595VJT6, STM32U595VJT6Q, STM32U595ZIT6, STM32U595ZIT6Q, STM32U595ZIY6QTR, STM32U595ZJT6, STM32U595ZJT6Q, STM32U595ZJY6QTR, STM32U599BJY6QTR, STM32U599NIH6Q, STM32U599NJH6Q, STM32U599VIT6Q, STM32U599VJT6, STM32U599VJT6Q, STM32U599ZIT6Q, STM32U599ZIY6QTR, STM32U599ZJT6Q, STM32U599ZJY6QTR, STM32U5A5AJH6, STM32U5A5AJH6Q, STM32U5A5QJI6, STM32U5A5QJI6Q, STM32U5A5RJT6, STM32U5A5RJT6Q, STM32U5A5VJT6, STM32U5A5VJT6Q, STM32U5A5ZJT6, STM32U5A5ZJT6Q, STM32U5A5ZJY6QTR, STM32U5A9BJY6QTR, STM32U5A9J-DK, STM32U5A9NJH6Q, STM32U5A9VJT6Q, STM32U5A9ZJT6Q, STM32U5A9ZJY6QTR, STM32U5F7VIT6, STM32U5F7VIT6Q, STM32U5F7VJT6, STM32U5F7VJT6Q, STM32U5F9BJY6QTR, STM32U5F9NJH6Q, STM32U5F9VIT6Q, STM32U5F9VJT6Q, STM32U5F9ZIJ6QTR, STM32U5F9ZIT6Q, STM32U5F9ZJJ6QTR, STM32U5F9ZJT6Q, STM32U5G7VJT6, STM32U5G7VJT6Q, STM32U5G9BJY6QTR, STM32U5G9J-DK1, STM32U5G9J-DK2, STM32U5G9NJH6Q, STM32U5G9VJT6Q, STM32U5G9ZJJ6QTR, STM32U5G9ZJT6Q, STM32WB1MMCH6, STM32WBA52CEU6, STM32WBA52CEU6T, STM32WBA52CGU6, STM32WBA52CGU6T, STM32WBA52KEU6, STM32WBA52KEU6T, STM32WBA52KGU6, STM32WBA52KGU6T, STM32WL5MOCH6, STM32WL5MOCH6TR]
2023-10-02 01:37:49,665 [INFO] BoardInfo:880 - No configuration file found for board P-NUCLEO-WB55
2023-10-02 01:37:49,665 [INFO] DbBoards:157 - Kit is not supported: P-NUCLEO-WB55
2023-10-02 01:37:49,670 [INFO] BoardInfo:880 - No configuration file found for board STEVAL-BFA001V1B
2023-10-02 01:37:49,670 [INFO] DbBoards:157 - Kit is not supported: STEVAL-BFA001V1B
2023-10-02 01:37:49,671 [INFO] BoardInfo:880 - No configuration file found for board STEVAL-BFA001V2B
2023-10-02 01:37:49,671 [INFO] DbBoards:157 - Kit is not supported: STEVAL-BFA001V2B
2023-10-02 01:37:49,823 [INFO] DbBoards:161 - Found 190 boards, 187 are supported
2023-10-02 01:37:49,826 [INFO] ApiDb:668 - CubeFinder database Data Model version=2.1
2023-10-02 01:37:49,826 [INFO] ApiDb:669 - CubeFinder database Configuration version=3.0.37
2023-10-02 01:37:49,826 [INFO] ApiDb:670 - CubeFinder database generation date=2023-08-09 (1691586011)
2023-10-02 01:37:49,826 [INFO] ApiDb:671 - CubeFinder database FW Pack versions=[FP-ATR-ASTRA1_V2.0.0, FP-SNS-FLIGHT1_V5.0.1, FP-SNS-FLIGHT1_V5.0.2, FP-SNS-MOTENV1_V4.3.1, FP-SNS-MOTENV1_V4.3.2, STM32Cube_FW_C0_V1.1.0, STM32Cube_FW_F4_V1.27.1, STM32Cube_FW_F7_V1.17.0, STM32Cube_FW_G0_V1.6.1, STM32Cube_FW_G4_V1.5.1, STM32Cube_FW_H5_V0.5.1, STM32Cube_FW_H5_V1.1.0, STM32Cube_FW_H7_V1.11.0, STM32Cube_FW_L0_V1.12.2, STM32Cube_FW_L5_V1.5.0, STM32Cube_FW_U5_V1.3.0, STM32Cube_FW_U5_V1.3.0RC4, STM32Cube_FW_WBA_V1.0.0RC1, STM32Cube_FW_WBA_V1.1.0, STM32Cube_FW_WBA_V1.1.0RC1, STM32Cube_FW_WB_V1.15.0RC1, STM32Cube_FW_WB_V1.16.0, STM32Cube_FW_WB_V1.16.0RC2, STM32Cube_FW_WB_V1.17.0, STM32Cube_FW_WL_V1.3.0, X-CUBE-ALGOBUILD_V1.3.0, X-CUBE-ALS_V1.0.1, X-CUBE-AZRTOS-F4_V1.1.0, X-CUBE-AZRTOS-F7_V1.1.0, X-CUBE-AZRTOS-G0_V1.1.0, X-CUBE-AZRTOS-G4_V2.0.0, X-CUBE-AZRTOS-H7_V3.1.0, X-CUBE-AZRTOS-L4_V1.0.0, X-CUBE-AZRTOS-L4_V2.0.0, X-CUBE-AZRTOS-L5_V1.1.0, X-CUBE-AZRTOS-WB_V1.1.0, X-CUBE-AZRTOS-WL_V2.0.0, X-CUBE-BLE1_V7.0.0, X-CUBE-BLE2_V3.3.0, X-CUBE-BLEMGR_V2.0.0, X-CUBE-EEPRMA1_V4.1.0, X-CUBE-FREERTOS_V1.1.0, X-CUBE-GNSS1_V6.0.0, X-CUBE-MEMS1_V9.1.0, X-CUBE-MEMS1_V9.4.0, X-CUBE-MEMS1_V9.6.0, X-CUBE-NFC4_V3.0.0, X-CUBE-NFC7_V1.0.0, X-CUBE-SFXS2LP1_V4.0.0, X-CUBE-SUBG2_V5.0.0, X-CUBE-TOF1_V3.3.1]
2023-10-02 01:37:49,955 [INFO] WebApp:753 - Register for checkConnection events
2023-10-02 01:37:49,956 [INFO] WebApp:390 - Apply proxy settings
2023-10-02 01:37:49,956 [INFO] WebApp:475 - Chromium requires no authentication
2023-10-02 01:37:49,974 [INFO] WebApp:418 - Direct internet connection detected
2023-10-02 01:37:50,112 [INFO] WebApp:188 - Starting web application
2023-10-02 01:37:50,112 [INFO] WebApp:520 - Web application path used C:\ST\STM32CubeIDE_1.9.0\STM32CubeIDE\plugins\com.st.stm32cube.common.mx_6.9.2.202309101412\db\plugins\mcufinder\reactClient1\index.html
2023-10-02 01:37:50,534 [WARN] PackLoader:240 - Cannot read IP mode file for STMicroelectronics.X-CUBE-SMBUS.2.1.0
2023-10-02 01:37:50,593 [WARN] PackLoader:240 - Cannot read IP mode file for STMicroelectronics.X-CUBE-MEMS1.9.2.0
2023-10-02 01:37:50,750 [WARN] PackLoader:240 - Cannot read IP mode file for STMicroelectronics.X-CUBE-AZRTOS-F7.1.1.0
2023-10-02 01:37:50,759 [WARN] PackLoader:240 - Cannot read IP mode file for STMicroelectronics.X-CUBE-AI.7.1.0
2023-10-02 01:37:50,764 [WARN] PackLoader:240 - Cannot read IP mode file for STMicroelectronics.X-CUBE-TOUCHGFX.4.19.1
2023-10-02 01:37:50,769 [WARN] PackLoader:240 - Cannot read IP mode file for STMicroelectronics.FP-SNS-MOTENV1.4.3.2
2023-10-02 01:37:50,775 [WARN] PackLoader:240 - Cannot read IP mode file for STMicroelectronics.X-CUBE-BLE1.6.2.3
2023-10-02 01:37:50,779 [WARN] PackLoader:240 - Cannot read IP mode file for STMicroelectronics.FP-SNS-FLIGHT1.5.0.2
2023-10-02 01:37:50,784 [WARN] PackLoader:240 - Cannot read IP mode file for STMicroelectronics.X-CUBE-BLE2.3.2.2
2023-10-02 01:37:50,791 [WARN] PackLoader:240 - Cannot read IP mode file for STMicroelectronics.X-CUBE-TOF1.3.1.0
2023-10-02 01:37:50,800 [WARN] PackLoader:240 - Cannot read IP mode file for STMicroelectronics.X-CUBE-DISPLAY.3.0.0
2023-10-02 01:37:50,807 [WARN] PackLoader:240 - Cannot read IP mode file for STMicroelectronics.X-CUBE-BLE1.7.0.0
2023-10-02 01:37:50,810 [WARN] PackLoader:240 - Cannot read IP mode file for STMicroelectronics.X-CUBE-TOUCHGFX.4.22.0
2023-10-02 01:37:50,849 [WARN] PackLoader:240 - Cannot read IP mode file for STMicroelectronics.X-CUBE-MEMS1.9.3.0
2023-10-02 01:37:50,950 [WARN] PackLoader:240 - Cannot read IP mode file for STMicroelectronics.X-CUBE-AI.7.2.0
2023-10-02 01:37:50,954 [WARN] PackLoader:240 - Cannot read IP mode file for STMicroelectronics.FP-SNS-SMARTAG2.1.2.0
2023-10-02 01:37:50,964 [INFO] LogOutputStream:77 - [STDOUT_REDIRECT] 1 : Invalid condition id : UX_CORESTACK_Condition cause : null
2023-10-02 01:37:50,965 [INFO] LogOutputStream:77 - [STDOUT_REDIRECT] 1 : Invalid condition id : UX_CORESTACK_Condition cause : null
2023-10-02 01:37:50,966 [INFO] LogOutputStream:77 - [STDOUT_REDIRECT] 1 : Invalid condition id : UX_CORESTACK_Condition cause : null
2023-10-02 01:37:50,967 [INFO] LogOutputStream:77 - [STDOUT_REDIRECT] 1 : Invalid condition id : UX_CORESTACK_Condition cause : null
2023-10-02 01:37:50,968 [INFO] LogOutputStream:77 - [STDOUT_REDIRECT] 1 : Invalid condition id : UX_CORESTACK_Condition cause : null
2023-10-02 01:37:50,969 [WARN] PackLoader:240 - Cannot read IP mode file for STMicroelectronics.X-CUBE-AZRTOS-WL.2.0.0
2023-10-02 01:37:50,975 [WARN] PackLoader:240 - Cannot read IP mode file for WES.I-CUBE-Cesium.1.3.0
2023-10-02 01:37:50,979 [WARN] PackLoader:240 - Cannot read IP mode file for STMicroelectronics.X-CUBE-BLE2.3.3.0
2023-10-02 01:37:50,984 [WARN] PackLoader:240 - Cannot read IP mode file for STMicroelectronics.X-CUBE-DISPLAY.2.2.0
2023-10-02 01:37:50,991 [WARN] PackLoader:240 - Cannot read IP mode file for STMicroelectronics.X-CUBE-TOF1.3.2.0
2023-10-02 01:37:50,997 [WARN] PackLoader:240 - Cannot read IP mode file for STMicroelectronics.X-CUBE-ISPU.1.0.0
2023-10-02 01:37:51,014 [WARN] PackLoader:240 - Cannot read IP mode file for STMicroelectronics.X-CUBE-AZRTOS-H7.2.1.0
2023-10-02 01:37:51,020 [WARN] PackLoader:240 - Cannot read IP mode file for STMicroelectronics.X-CUBE-ALGOBUILD.1.3.0
2023-10-02 01:37:51,033 [WARN] PackLoader:240 - Cannot read IP mode file for STMicroelectronics.X-CUBE-AZRTOS-G0.1.1.0
2023-10-02 01:37:51,038 [WARN] PackLoader:240 - Cannot read IP mode file for STMicroelectronics.X-CUBE-NFC4.3.0.0
2023-10-02 01:37:51,074 [WARN] PackLoader:240 - Cannot read IP mode file for SEGGER.I-CUBE-embOS.1.2.0
2023-10-02 01:37:51,098 [WARN] PackLoader:240 - Cannot read IP mode file for STMicroelectronics.FP-ATR-SIGFOX1.3.2.0
2023-10-02 01:37:51,102 [WARN] PackLoader:240 - Cannot read IP mode file for emotas.I-CUBE-CANOPEN.1.1.2
2023-10-02 01:37:51,104 [WARN] PackLoader:240 - Cannot read IP mode file for STMicroelectronics.X-CUBE-TOUCHGFX.4.20.0
2023-10-02 01:37:51,127 [WARN] PackLoader:240 - Cannot read IP mode file for SEGGER.I-CUBE-embOS.1.3.1
2023-10-02 01:37:51,154 [WARN] PackLoader:240 - Cannot read IP mode file for STMicroelectronics.X-CUBE-TOF1.3.0.0
2023-10-02 01:37:51,158 [WARN] PackLoader:240 - Cannot read IP mode file for STMicroelectronics.X-CUBE-GNSS1.6.0.0
2023-10-02 01:37:51,169 [WARN] PackLoader:240 - Cannot read IP mode file for STMicroelectronics.X-CUBE-AZRTOS-F4.1.1.0
2023-10-02 01:37:51,176 [WARN] PackLoader:240 - Cannot read IP mode file for STMicroelectronics.X-CUBE-BLEMGR.1.2.0
2023-10-02 01:37:51,198 [WARN] PackLoader:240 - Cannot read IP mode file for STMicroelectronics.X-CUBE-AZRTOS-L5.2.0.0
2023-10-02 01:37:51,244 [WARN] PackLoader:240 - Cannot read IP mode file for STMicroelectronics.X-CUBE-MEMS1.9.6.0
2023-10-02 01:37:51,384 [WARN] PackLoader:240 - Cannot read IP mode file for STMicroelectronics.X-CUBE-BLEMGR.2.0.0
2023-10-02 01:37:51,389 [WARN] PackLoader:240 - Cannot read IP mode file for STMicroelectronics.X-CUBE-NFC4.2.0.4
2023-10-02 01:37:51,407 [WARN] ConditionMgr:438 - getConditionDescription Invalid condition id : UX DEVICE CLASS RTOS Condition cause : null
2023-10-02 01:37:51,407 [WARN] ConditionMgr:438 - getConditionDescription Invalid condition id : UX DEVICE CLASS RTOS Condition cause : null
2023-10-02 01:37:51,411 [WARN] PackLoader:240 - Cannot read IP mode file for STMicroelectronics.X-CUBE-AZRTOS-H7.3.1.0
2023-10-02 01:37:51,413 [WARN] ConditionMgr:1039 - genDependencies : Invalid condition id : UX DEVICE CLASS RTOS Condition cause : null
2023-10-02 01:37:51,413 [WARN] ConditionMgr:1039 - genDependencies : Invalid condition id : UX DEVICE CLASS RTOS Condition cause : null
2023-10-02 01:37:51,414 [WARN] ConditionMgr:1039 - genDependencies : Invalid condition id : UX DEVICE CLASS RTOS Condition cause : null
2023-10-02 01:37:51,415 [WARN] ConditionMgr:1039 - genDependencies : Invalid condition id : UX DEVICE CLASS RTOS Condition cause : null
2023-10-02 01:37:51,415 [WARN] ConditionMgr:1039 - genDependencies : Invalid condition id : UX DEVICE CLASS RTOS Condition cause : null
2023-10-02 01:37:51,421 [WARN] PackLoader:240 - Cannot read IP mode file for STMicroelectronics.X-CUBE-SFXS2LP1.3.1.0
2023-10-02 01:37:51,436 [WARN] PackLoader:240 - Cannot read IP mode file for STMicroelectronics.X-CUBE-AZRTOS-F4.1.0.0
2023-10-02 01:37:51,441 [WARN] PackLoader:240 - Cannot read IP mode file for STMicroelectronics.X-CUBE-NFC7.1.0.1
2023-10-02 01:37:51,446 [WARN] PackLoader:240 - Cannot read IP mode file for STMicroelectronics.X-CUBE-NFC7.1.0.0
2023-10-02 01:37:51,454 [WARN] PackLoader:240 - Cannot read IP mode file for STMicroelectronics.X-CUBE-NFC6.3.0.0
2023-10-02 01:37:51,461 [WARN] PackLoader:240 - Cannot read IP mode file for STMicroelectronics.X-CUBE-EEPRMA1.4.1.0
2023-10-02 01:37:51,465 [WARN] PackLoader:240 - Cannot read IP mode file for STMicroelectronics.X-CUBE-AI.8.1.0
2023-10-02 01:37:51,476 [WARN] PackLoader:240 - Cannot read IP mode file for STMicroelectronics.X-CUBE-AZRTOS-G0.1.0.0
2023-10-02 01:37:51,492 [WARN] ConditionMgr:438 - getConditionDescription Invalid condition id : LAN8742 Phy interface Condition cause : null
2023-10-02 01:37:51,492 [WARN] PackLoader:240 - Cannot read IP mode file for STMicroelectronics.X-CUBE-AZRTOS-L4.2.0.0
2023-10-02 01:37:51,493 [WARN] ConditionMgr:1039 - genDependencies : Invalid condition id : LAN8742 Phy interface Condition cause : null
2023-10-02 01:37:51,493 [WARN] ConditionMgr:1039 - genDependencies : Invalid condition id : LAN8742 Phy interface Condition cause : null
2023-10-02 01:37:51,493 [WARN] ConditionMgr:1039 - genDependencies : Invalid condition id : LAN8742 Phy interface Condition cause : null
2023-10-02 01:37:51,498 [WARN] PackLoader:240 - Cannot read IP mode file for STMicroelectronics.X-CUBE-SFXS2LP1.4.0.0
2023-10-02 01:37:51,501 [WARN] PackLoader:240 - Cannot read IP mode file for STMicroelectronics.X-CUBE-ISPU.1.1.0
2023-10-02 01:37:51,505 [WARN] PackLoader:240 - Cannot read IP mode file for RoweBots.I-CUBE-UNISONRTOS.5.5.0-4
2023-10-02 01:37:51,516 [WARN] ConditionMgr:438 - getConditionDescription Invalid condition id : UX DEVICE CLASS RTOS Condition cause : null
2023-10-02 01:37:51,517 [WARN] ConditionMgr:438 - getConditionDescription Invalid condition id : UX DEVICE CLASS RTOS Condition cause : null
2023-10-02 01:37:51,519 [WARN] PackLoader:240 - Cannot read IP mode file for STMicroelectronics.X-CUBE-AZRTOS-WB.2.0.0
2023-10-02 01:37:51,519 [WARN] ConditionMgr:1039 - genDependencies : Invalid condition id : UX DEVICE CLASS RTOS Condition cause : null
2023-10-02 01:37:51,519 [WARN] ConditionMgr:1039 - genDependencies : Invalid condition id : UX DEVICE CLASS RTOS Condition cause : null
2023-10-02 01:37:51,520 [WARN] ConditionMgr:1039 - genDependencies : Invalid condition id : UX DEVICE CLASS RTOS Condition cause : null
2023-10-02 01:37:51,520 [WARN] ConditionMgr:1039 - genDependencies : Invalid condition id : UX DEVICE CLASS RTOS Condition cause : null
2023-10-02 01:37:51,520 [WARN] ConditionMgr:1039 - genDependencies : Invalid condition id : UX DEVICE CLASS RTOS Condition cause : null
2023-10-02 01:37:51,524 [WARN] PackLoader:240 - Cannot read IP mode file for STMicroelectronics.X-CUBE-BLEMGR.1.0.0
2023-10-02 01:37:51,532 [WARN] PackLoader:240 - Cannot read IP mode file for STMicroelectronics.X-CUBE-SUBG2.5.0.0
2023-10-02 01:37:51,540 [WARN] PackLoader:240 - Cannot read IP mode file for STMicroelectronics.X-CUBE-TOF1.3.3.1
2023-10-02 01:37:51,551 [WARN] PackLoader:240 - Cannot read IP mode file for STMicroelectronics.X-CUBE-AZRTOS-G4.2.0.0
2023-10-02 01:37:51,556 [WARN] PackLoader:240 - Cannot read IP mode file for STMicroelectronics.FP-ATR-ASTRA1.1.1.1
2023-10-02 01:37:51,559 [WARN] PackLoader:240 - Cannot read IP mode file for STMicroelectronics.FP-ATR-ASTRA1.1.1.0
2023-10-02 01:37:51,566 [WARN] PackLoader:240 - Cannot read IP mode file for STMicroelectronics.X-CUBE-AZRTOS-G4.1.0.0
2023-10-02 01:37:51,569 [WARN] PackLoader:240 - Cannot read IP mode file for wolfSSL.I-CUBE-wolfSSL.5.3.0
2023-10-02 01:37:51,579 [WARN] PackLoader:240 - Cannot read IP mode file for STMicroelectronics.X-CUBE-AZRTOS-L4.1.0.0
2023-10-02 01:37:51,585 [WARN] PackLoader:240 - Cannot read IP mode file for STMicroelectronics.X-CUBE-FREERTOS.1.1.0
2023-10-02 01:37:51,593 [WARN] PackLoader:240 - Cannot read IP mode file for STMicroelectronics.X-CUBE-AZRTOS-F7.1.0.0
2023-10-02 01:37:51,605 [WARN] PackLoader:240 - Cannot read IP mode file for STMicroelectronics.X-CUBE-AZRTOS-WL.1.0.0
2023-10-02 01:37:51,608 [WARN] PackLoader:240 - Cannot read IP mode file for portGmbH.I-Cube-SoM-uGOAL.1.1.0
2023-10-02 01:37:51,611 [WARN] PackLoader:240 - Cannot read IP mode file for STMicroelectronics.X-CUBE-ALS.1.0.1
2023-10-02 01:37:51,620 [WARN] PackLoader:240 - Cannot read IP mode file for STMicroelectronics.X-CUBE-AZRTOS-L5.1.0.0
2023-10-02 01:37:51,625 [WARN] PackLoader:240 - Cannot read IP mode file for STMicroelectronics.X-CUBE-EEPRMA1.3.1.1
2023-10-02 01:37:51,629 [WARN] PackLoader:240 - Cannot read IP mode file for STMicroelectronics.X-CUBE-GNSS1.5.2.0
2023-10-02 01:37:51,633 [WARN] PackLoader:240 - Cannot read IP mode file for STMicroelectronics.FP-ATR-ASTRA1.2.0.0
2023-10-02 01:37:51,634 [INFO] ThirdParty:978 - Integrity check success = true
2023-10-02 01:37:51,635 [INFO] IntegrityCheckThread:100 - exiting critical section [integrity check]
2023-10-02 01:37:51,635 [INFO] IntegrityCheckThread:103 - End integrity checks thread
2023-10-02 01:37:51,669 [INFO] ApiDb:240 - Found 323 in-development CPN: [B-G473E-ZEST1S, B-WB1M-WPAN1, B-WL5M-SUBG1, NUCLEO-C031C6, NUCLEO-H503RB, NUCLEO-H563ZI, NUCLEO-U545RE-Q, NUCLEO-U5A5ZJ-Q, NUCLEO-WBA52CG, STEVAL-PROTEUS1, STEVAL-SMARTAG2, STEVAL-STWINBX1, STM320518-EVAL, STM32C0116-DK, STM32C011D6Y3TR, STM32C011D6Y6TR, STM32C011F4P3, STM32C011F4P6, STM32C011F4U3, STM32C011F4U6TR, STM32C011F6P3, STM32C011F6P6, STM32C011F6U3, STM32C011F6U6TR, STM32C011J4M3, STM32C011J4M6, STM32C011J6M3, STM32C011J6M6, STM32C0316-DK, STM32C031C4T3, STM32C031C4T6, STM32C031C4U3, STM32C031C4U6, STM32C031C6T3, STM32C031C6T6, STM32C031C6U3, STM32C031C6U6, STM32C031F4P3, STM32C031F4P6, STM32C031F6P3, STM32C031F6P6, STM32C031G4U3, STM32C031G4U6, STM32C031G6U3, STM32C031G6U6, STM32C031K4T3, STM32C031K4T6, STM32C031K4U3, STM32C031K4U6, STM32C031K6T3, STM32C031K6T6, STM32C031K6U3, STM32C031K6U6, STM32G071K8TXN, STM32G071K8UXN, STM32G081GBU6N, STM32G081KBT6N, STM32G081KBUXN, STM32G0B1CCT6N, STM32G0B1KCT6, STM32G0B1NEY6TR, STM32G0B1RCT6N, STM32G0C1CCT6, STM32G0C1CCT6N, STM32G0C1CCU6N, STM32G0C1CET6N, STM32G0C1CEU6N, STM32G0C1KCT6, STM32G0C1NEY6TR, STM32G0C1RCI6N, STM32G0C1RCT6N, STM32G0C1REI6N, STM32G0C1RET6N, STM32G0C1VCI6, STM32G0C1VEI6, STM32G471CCT6, STM32G471CCU6, STM32G471CET3, STM32G471CET6, STM32G471CEU3, STM32G471CEU6, STM32G471MCT6, STM32G471MET3, STM32G471MET6, STM32G471MEY6TR, STM32G471QCT6, STM32G471QET3, STM32G471RCT6, STM32G471RET3, STM32G471RET6, STM32G471VCH6, STM32G471VCI6, STM32G471VCT6, STM32G471VEH3, STM32G471VEH6, STM32G471VEI3, STM32G471VEI6, STM32G471VET3, STM32G471VET6, STM32G474CCT6, STM32H503CBT6, STM32H503CBU6, STM32H503EBY6TR, STM32H503KBU6, STM32H503RBT6, STM32H562AGI6, STM32H562AII6, STM32H562IGK6, STM32H562IGT6, STM32H562IIK6, STM32H562IIT6, STM32H562RGT6, STM32H562RGV6, STM32H562RIT6, STM32H562RIV6, STM32H562VGT6, STM32H562VIT6, STM32H562ZGT6, STM32H562ZIT6, STM32H563AGI6, STM32H563AII3Q, STM32H563AII6, STM32H563IGK6, STM32H563IGT6, STM32H563IIK3Q, STM32H563IIK6, STM32H563IIT3Q, STM32H563IIT6, STM32H563MIY3QTR, STM32H563RGT6, STM32H563RGV6, STM32H563RIT6, STM32H563RIV6, STM32H563VGT6, STM32H563VIT3Q, STM32H563VIT6, STM32H563ZGT6, STM32H563ZIT3Q, STM32H563ZIT6, STM32H573AII3Q, STM32H573AII6, STM32H573I-DK, STM32H573IIK3Q, STM32H573IIK6, STM32H573IIT3Q, STM32H573IIT6, STM32H573MIY3QTR, STM32H573RIT6, STM32H573RIV6, STM32H573VIT3Q, STM32H573VIT6, STM32H573ZIT3Q, STM32H573ZIT6, STM32L4R5QGI6STR, STM32MP131AAE3, STM32MP131AAF3, STM32MP131AAG3, STM32MP131CAE3, STM32MP131CAF3, STM32MP131CAG3, STM32MP131DAE7, STM32MP131DAF7, STM32MP131DAG7, STM32MP131FAE7, STM32MP131FAF7, STM32MP131FAG7, STM32MP133AAE3, STM32MP133AAF3, STM32MP133AAG3, STM32MP133CAE3, STM32MP133CAF3, STM32MP133CAG3, STM32MP133DAE7, STM32MP133DAF7, STM32MP133DAG7, STM32MP133FAE7, STM32MP133FAF7, STM32MP133FAG7, STM32MP135AAE3, STM32MP135AAF3, STM32MP135AAG3, STM32MP135CAE3, STM32MP135CAF3, STM32MP135CAG3, STM32MP135DAE7, STM32MP135DAF7, STM32MP135DAG7, STM32MP135F-DK, STM32MP135FAE7, STM32MP135FAF7, STM32MP135FAF7T, STM32MP135FAF7U, STM32MP135FAG7, STM32U535CBT6, STM32U535CBT6Q, STM32U535CBU6, STM32U535CBU6Q, STM32U535CCT6, STM32U535CCT6Q, STM32U535CCU6, STM32U535CCU6Q, STM32U535CET6, STM32U535CET6Q, STM32U535CEU6, STM32U535CEU6Q, STM32U535JEY6QTR, STM32U535NCY6QTR, STM32U535NEY6QTR, STM32U535RBI6, STM32U535RBI6Q, STM32U535RBT6, STM32U535RBT6Q, STM32U535RCI6, STM32U535RCI6Q, STM32U535RCT6, STM32U535RCT6Q, STM32U535REI6, STM32U535REI6Q, STM32U535RET6, STM32U535RET6Q, STM32U535VCI6, STM32U535VCI6Q, STM32U535VCT6, STM32U535VCT6Q, STM32U535VEI6, STM32U535VEI6Q, STM32U535VET6, STM32U535VET6Q, STM32U545CET6, STM32U545CET6Q, STM32U545CEU6, STM32U545CEU6Q, STM32U545JEY6QTR, STM32U545NEY6QTR, STM32U545REI6, STM32U545REI6Q, STM32U545RET6, STM32U545RET6Q, STM32U545VEI6, STM32U545VEI6Q, STM32U545VET6, STM32U545VET6Q, STM32U595AIH6, STM32U595AIH6Q, STM32U595AJH6, STM32U595AJH6Q, STM32U595QII6, STM32U595QII6Q, STM32U595QJI6, STM32U595QJI6Q, STM32U595RIT6, STM32U595RIT6Q, STM32U595RJT6, STM32U595RJT6Q, STM32U595VIT6, STM32U595VIT6Q, STM32U595VJT6, STM32U595VJT6Q, STM32U595ZIT6, STM32U595ZIT6Q, STM32U595ZIY6QTR, STM32U595ZJT6, STM32U595ZJT6Q, STM32U595ZJY6QTR, STM32U599BJY6QTR, STM32U599NIH6Q, STM32U599NJH6Q, STM32U599VIT6Q, STM32U599VJT6, STM32U599VJT6Q, STM32U599ZIT6Q, STM32U599ZIY6QTR, STM32U599ZJT6Q, STM32U599ZJY6QTR, STM32U5A5AJH6, STM32U5A5AJH6Q, STM32U5A5QJI6, STM32U5A5QJI6Q, STM32U5A5RJT6, STM32U5A5RJT6Q, STM32U5A5VJT6, STM32U5A5VJT6Q, STM32U5A5ZJT6, STM32U5A5ZJT6Q, STM32U5A5ZJY6QTR, STM32U5A9BJY6QTR, STM32U5A9J-DK, STM32U5A9NJH6Q, STM32U5A9VJT6Q, STM32U5A9ZJT6Q, STM32U5A9ZJY6QTR, STM32U5F7VIT6, STM32U5F7VIT6Q, STM32U5F7VJT6, STM32U5F7VJT6Q, STM32U5F9BJY6QTR, STM32U5F9NJH6Q, STM32U5F9VIT6Q, STM32U5F9VJT6Q, STM32U5F9ZIJ6QTR, STM32U5F9ZIT6Q, STM32U5F9ZJJ6QTR, STM32U5F9ZJT6Q, STM32U5G7VJT6, STM32U5G7VJT6Q, STM32U5G9BJY6QTR, STM32U5G9J-DK1, STM32U5G9J-DK2, STM32U5G9NJH6Q, STM32U5G9VJT6Q, STM32U5G9ZJJ6QTR, STM32U5G9ZJT6Q, STM32WB1MMCH6, STM32WBA52CEU6, STM32WBA52CEU6T, STM32WBA52CGU6, STM32WBA52CGU6T, STM32WBA52KEU6, STM32WBA52KEU6T, STM32WBA52KGU6, STM32WBA52KGU6T, STM32WL5MOCH6, STM32WL5MOCH6TR]
2023-10-02 01:37:51,675 [INFO] DbMcus:217 - Found 3848 MCUs, 3848 are supported
2023-10-02 01:37:51,675 [INFO] ApiDb:423 - Load user favorites file C:\Users\truon/.stm32cubeide/favorites.mcus.txt: 0 item(s)
2023-10-02 01:37:51,675 [INFO] ApiDb:427 - User favorites MCUs=[]
2023-10-02 01:37:51,675 [INFO] DbMcus:223 - Set 0 / 0 favorites MCUs
2023-10-02 01:37:51,941 [INFO] ApiDb:423 - Load user favorites file C:\Users\truon/.stm32cubeide/favorites.boards.txt: 0 item(s)
2023-10-02 01:37:51,942 [INFO] ApiDb:427 - User favorites Boards=[]
2023-10-02 01:37:51,942 [INFO] DbBoards:190 - Set 0 / 0 favorites Boards
2023-10-02 01:37:51,942 [INFO] McuFinderGlobals:76 - Set McuFinderConnectedMode to true
2023-10-02 01:37:51,947 [INFO] MultiScanPanel:200 - Auto-refresh data requested => check proxy status ongoing
2023-10-02 01:37:51,949 [INFO] FinderPluginLoader:95 - Searching for filters in installed packs
2023-10-02 01:37:53,090 [INFO] LoadUrlFilesThread:185 - End of LoadServerUrlFiles without Thread
2023-10-02 01:37:53,096 [INFO] DetailPanel:341 - Set advertising image to C:/Users/truon/STM32Cube/Repository/\en.prom-stm32h5-mcu-finder.jpg
2023-10-02 01:38:10,665 [ERROR] LogOutputStream:75 - [STDERR_REDIRECT] SLF4J: Failed to load class "org.slf4j.impl.StaticLoggerBinder".
2023-10-02 01:38:10,665 [ERROR] LogOutputStream:75 - [STDERR_REDIRECT] SLF4J: Defaulting to no-operation (NOP) logger implementation
2023-10-02 01:38:10,666 [ERROR] LogOutputStream:75 - [STDERR_REDIRECT] SLF4J: See http://www.slf4j.org/codes.html#StaticLoggerBinder for further details.
2023-10-02 01:38:28,337 [INFO] MainUpdater:2868 - connection check result : 10
2023-10-02 01:38:28,338 [INFO] MainUpdater:2868 - connection check result : 10
2023-10-02 01:38:28,358 [INFO] MicroXplorer:468 - Change Database Path : 
2023-10-02 01:38:28,359 [INFO] MicroXplorer:498 - Change Database Version : DB.6.0.92
2023-10-02 01:38:28,363 [WARN] ThirdParty:871 - waiting for thirdparty lock release [close project]
2023-10-02 01:38:28,364 [INFO] ThirdParty:873 - entering critical section [close project]
2023-10-02 01:38:28,365 [INFO] ThirdParty:883 - exiting critical section [close project]
2023-10-02 01:38:28,369 [INFO] PinOutPanel:1499 - setPackage(No Configuration,No Configuration)
2023-10-02 01:38:28,378 [INFO] UtilMem:75 - Begin LoadConfig() Used Memory: 420060360 Bytes (616562688)
2023-10-02 01:38:28,380 [INFO] MicroXplorer:468 - Change Database Path : 
2023-10-02 01:38:28,380 [INFO] MicroXplorer:498 - Change Database Version : DB.6.0.92
2023-10-02 01:38:28,380 [INFO] OpenFileManager:308 - Change cursor
2023-10-02 01:38:28,479 [INFO] Mcu:1946 - Initializing MCU STM32F103C6Tx STM32F103C6Tx STM32F103C6T6A
2023-10-02 01:38:29,074 [INFO] Context:659 - Trying to add GPIOservice into a context  which must be forbidden
2023-10-02 01:38:29,226 [INFO] ImportTextPane:194 - (OptionalMessage_ERROR) Unable to find key (Mcu.ThirdPartyNb) in loaded IOC file
2023-10-02 01:38:29,226 [INFO] ImportTextPane:194 - (OptionalMessage_ERROR) Unable to find key (Mcu.PinsNb) in loaded IOC file
2023-10-02 01:38:29,226 [INFO] ImportTextPane:194 - (OptionalMessage_ERROR) Unable to find key (Mcu.IPNb) in loaded IOC file
2023-10-02 01:38:29,469 [INFO] RtosManager:555 - Registered RTOS mode: class=CMSIS, group=RTOS, mode=CMSIS_V1, owner=FREERTOS
2023-10-02 01:38:29,469 [INFO] RtosManager:555 - Registered RTOS mode: class=CMSIS, group=RTOS2, mode=CMSIS_V2, owner=FREERTOS
2023-10-02 01:38:29,469 [INFO] RtosManager:555 - Registered RTOS mode: class=RTOS, group=Core, mode=CMSIS_V1, owner=FREERTOS
2023-10-02 01:38:29,469 [INFO] RtosManager:555 - Registered RTOS mode: class=RTOS, group=Core, mode=CMSIS_V2, owner=FREERTOS
2023-10-02 01:38:29,469 [WARN] ModelIntegratedComponent:184 - Missing modes for component STMicroelectronics:FreeRTOS:0.0.1:STMicroelectronics:RTOS:FreeRTOS:Core:::10.2.0:
2023-10-02 01:38:29,486 [WARN] ModelIntegratedComponent:63 - No mode defined for component null
2023-10-02 01:38:29,487 [WARN] ModelIntegratedComponent:63 - No mode defined for component null
2023-10-02 01:38:29,487 [WARN] ModelIntegratedComponent:63 - No mode defined for component null
2023-10-02 01:38:29,487 [WARN] ModelIntegratedComponent:63 - No mode defined for component null
2023-10-02 01:38:29,487 [WARN] ModelIntegratedComponent:63 - No mode defined for component null
2023-10-02 01:38:29,487 [WARN] ModelIntegratedComponent:63 - No mode defined for component null
2023-10-02 01:38:29,487 [WARN] ModelIntegratedComponent:63 - No mode defined for component null
2023-10-02 01:38:29,487 [WARN] ModelIntegratedComponent:63 - No mode defined for component null
2023-10-02 01:38:29,487 [WARN] ModelIntegratedComponent:63 - No mode defined for component null
2023-10-02 01:38:29,487 [WARN] ModelIntegratedComponent:63 - No mode defined for component null
2023-10-02 01:38:29,487 [WARN] ModelIntegratedComponent:63 - No mode defined for component null
2023-10-02 01:38:29,487 [WARN] ModelIntegratedComponent:63 - No mode defined for component null
2023-10-02 01:38:29,487 [WARN] ModelIntegratedComponent:63 - No mode defined for component null
2023-10-02 01:38:29,487 [WARN] ModelIntegratedComponent:63 - No mode defined for component null
2023-10-02 01:38:29,487 [WARN] ModelIntegratedComponent:63 - No mode defined for component null
2023-10-02 01:38:29,487 [WARN] ModelIntegratedComponent:63 - No mode defined for component null
2023-10-02 01:38:29,487 [WARN] ModelIntegratedComponent:63 - No mode defined for component null
2023-10-02 01:38:29,487 [WARN] ModelIntegratedComponent:63 - No mode defined for component null
2023-10-02 01:38:29,487 [WARN] ModelIntegratedComponent:63 - No mode defined for component null
2023-10-02 01:38:29,488 [WARN] ModelIntegratedComponent:63 - No mode defined for component null
2023-10-02 01:38:29,488 [WARN] ModelIntegratedComponent:63 - No mode defined for component null
2023-10-02 01:38:29,488 [WARN] ModelIntegratedComponent:63 - No mode defined for component null
2023-10-02 01:38:29,488 [WARN] ModelIntegratedComponent:63 - No mode defined for component null
2023-10-02 01:38:29,488 [WARN] ModelIntegratedComponent:63 - No mode defined for component null
2023-10-02 01:38:29,488 [WARN] ModelIntegratedComponent:63 - No mode defined for component null
2023-10-02 01:38:29,488 [WARN] ModelIntegratedComponent:63 - No mode defined for component null
2023-10-02 01:38:29,488 [WARN] ModelIntegratedComponent:63 - No mode defined for component null
2023-10-02 01:38:29,488 [WARN] ModelIntegratedComponent:63 - No mode defined for component null
2023-10-02 01:38:29,488 [WARN] ModelIntegratedComponent:63 - No mode defined for component null
2023-10-02 01:38:29,488 [WARN] ModelIntegratedComponent:63 - No mode defined for component null
2023-10-02 01:38:29,488 [WARN] ModelIntegratedComponent:63 - No mode defined for component null
2023-10-02 01:38:29,488 [WARN] ModelIntegratedComponent:63 - No mode defined for component null
2023-10-02 01:38:29,488 [WARN] ModelIntegratedComponent:63 - No mode defined for component null
2023-10-02 01:38:29,593 [INFO] ThirdPartyModel:298 - Start build external matchings
2023-10-02 01:38:30,492 [INFO] ThirdPartyModel:316 - End build external matchings
2023-10-02 01:38:30,676 [INFO] UtilMem:75 - End LoadConfig() Used Memory: 432113760 Bytes (616562688)
2023-10-02 01:38:30,703 [WARN] ThirdParty:833 - waiting for thirdparty lock release [change project]
2023-10-02 01:38:30,703 [INFO] ThirdParty:835 - entering critical section [change project]
2023-10-02 01:38:30,703 [INFO] ThirdParty:1030 - CMSIS Pack Vendor :STMicroelectronics X-CUBE-ISPU 1.1.0
2023-10-02 01:38:30,704 [INFO] ThirdParty:1030 - CMSIS Pack Vendor :STMicroelectronics USBPD 4.1
2023-10-02 01:38:30,704 [INFO] ThirdParty:1030 - CMSIS Pack Vendor :RoweBots I-CUBE-UNISONRTOS 5.5.0-4
2023-10-02 01:38:30,704 [INFO] ThirdParty:1030 - CMSIS Pack Vendor :STMicroelectronics X-CUBE-GNSS1 6.0.0
2023-10-02 01:38:30,704 [INFO] ThirdParty:1030 - CMSIS Pack Vendor :STMicroelectronics X-CUBE-AZRTOS-H7 2.1.0
2023-10-02 01:38:30,704 [INFO] ThirdParty:1030 - CMSIS Pack Vendor :STMicroelectronics USB_HOST 2.0.0
2023-10-02 01:38:30,704 [INFO] ThirdParty:1030 - CMSIS Pack Vendor :STMicroelectronics X-CUBE-AZRTOS-F4 1.1.0
2023-10-02 01:38:30,704 [INFO] ThirdParty:1030 - CMSIS Pack Vendor :STMicroelectronics LIBJPEG 8.0.0
2023-10-02 01:38:30,704 [INFO] ThirdParty:1030 - CMSIS Pack Vendor :STMicroelectronics X-CUBE-SMBUS 2.1.0
2023-10-02 01:38:30,704 [INFO] ThirdParty:1030 - CMSIS Pack Vendor :STMicroelectronics USB_DEVICE 3.0.0
2023-10-02 01:38:30,704 [INFO] ThirdParty:1030 - CMSIS Pack Vendor :STMicroelectronics X-CUBE-AZRTOS-WB 2.0.0
2023-10-02 01:38:30,704 [INFO] ThirdParty:1030 - CMSIS Pack Vendor :STMicroelectronics X-CUBE-BLEMGR 1.0.0
2023-10-02 01:38:30,704 [INFO] ThirdParty:1030 - CMSIS Pack Vendor :STMicroelectronics X-CUBE-MEMS1 9.2.0
2023-10-02 01:38:30,704 [INFO] ThirdParty:1030 - CMSIS Pack Vendor :STMicroelectronics X-CUBE-BLEMGR 1.2.0
2023-10-02 01:38:30,704 [INFO] ThirdParty:1030 - CMSIS Pack Vendor :STMicroelectronics X-CUBE-AZRTOS-F7 1.1.0
2023-10-02 01:38:30,704 [INFO] ThirdParty:1030 - CMSIS Pack Vendor :STMicroelectronics X-CUBE-AZRTOS-L5 2.0.0
2023-10-02 01:38:30,704 [INFO] ThirdParty:1030 - CMSIS Pack Vendor :STMicroelectronics USB_DEVICE 2.0.0
2023-10-02 01:38:30,704 [INFO] ThirdParty:1030 - CMSIS Pack Vendor :STMicroelectronics X-CUBE-MEMS1 9.6.0
2023-10-02 01:38:30,704 [INFO] ThirdParty:1030 - CMSIS Pack Vendor :STMicroelectronics X-CUBE-AI 7.1.0
2023-10-02 01:38:30,704 [INFO] ThirdParty:1030 - CMSIS Pack Vendor :STMicroelectronics X-CUBE-TOUCHGFX 4.19.1
2023-10-02 01:38:30,704 [INFO] ThirdParty:1030 - CMSIS Pack Vendor :STMicroelectronics FP-SNS-MOTENV1 4.3.2
2023-10-02 01:38:30,704 [INFO] ThirdParty:1030 - CMSIS Pack Vendor :STMicroelectronics X-CUBE-BLE1 6.2.3
2023-10-02 01:38:30,704 [INFO] ThirdParty:1030 - CMSIS Pack Vendor :STMicroelectronics X-CUBE-ALGOBUILD 1.3.0
2023-10-02 01:38:30,704 [INFO] ThirdParty:1030 - CMSIS Pack Vendor :STMicroelectronics FreeRTOS 0.0.1
2023-10-02 01:38:30,704 [INFO] ThirdParty:1030 - CMSIS Pack Vendor :STMicroelectronics X-CUBE-AZRTOS-G0 1.1.0
2023-10-02 01:38:30,704 [INFO] ThirdParty:1030 - CMSIS Pack Vendor :STMicroelectronics X-CUBE-BLEMGR 2.0.0
2023-10-02 01:38:30,704 [INFO] ThirdParty:1030 - CMSIS Pack Vendor :STMicroelectronics X-CUBE-NFC4 3.0.0
2023-10-02 01:38:30,704 [INFO] ThirdParty:1030 - CMSIS Pack Vendor :SEGGER I-CUBE-embOS 1.2.0
2023-10-02 01:38:30,704 [INFO] ThirdParty:1030 - CMSIS Pack Vendor :STMicroelectronics X-CUBE-SUBG2 5.0.0
2023-10-02 01:38:30,704 [INFO] ThirdParty:1030 - CMSIS Pack Vendor :STMicroelectronics STM32_WPAN 1.0.0
2023-10-02 01:38:30,704 [INFO] ThirdParty:1030 - CMSIS Pack Vendor :STMicroelectronics lwIP 2.0.3
2023-10-02 01:38:30,704 [INFO] ThirdParty:1030 - CMSIS Pack Vendor :STMicroelectronics FP-SNS-FLIGHT1 5.0.2
2023-10-02 01:38:30,704 [INFO] ThirdParty:1030 - CMSIS Pack Vendor :STMicroelectronics X-CUBE-BLE2 3.2.2
2023-10-02 01:38:30,704 [INFO] ThirdParty:1030 - CMSIS Pack Vendor :STMicroelectronics X-CUBE-NFC4 2.0.4
2023-10-02 01:38:30,704 [INFO] ThirdParty:1030 - CMSIS Pack Vendor :STMicroelectronics USB_HOST 1.0.0
2023-10-02 01:38:30,704 [INFO] ThirdParty:1030 - CMSIS Pack Vendor :STMicroelectronics X-CUBE-TOF1 3.3.1
2023-10-02 01:38:30,705 [INFO] ThirdParty:1030 - CMSIS Pack Vendor :STMicroelectronics X-CUBE-AZRTOS-G4 2.0.0
2023-10-02 01:38:30,705 [INFO] ThirdParty:1030 - CMSIS Pack Vendor :STMicroelectronics PDM2PCM 3.1.0
2023-10-02 01:38:30,705 [INFO] ThirdParty:1030 - CMSIS Pack Vendor :STMicroelectronics X-CUBE-AZRTOS-H7 3.1.0
2023-10-02 01:38:30,705 [INFO] ThirdParty:1030 - CMSIS Pack Vendor :STMicroelectronics FP-ATR-ASTRA1 1.1.1
2023-10-02 01:38:30,705 [INFO] ThirdParty:1030 - CMSIS Pack Vendor :STMicroelectronics PDM2PCM 3.3.0
2023-10-02 01:38:30,705 [INFO] ThirdParty:1030 - CMSIS Pack Vendor :STMicroelectronics X-CUBE-TOF1 3.1.0
2023-10-02 01:38:30,705 [INFO] ThirdParty:1030 - CMSIS Pack Vendor :STMicroelectronics X-CUBE-SFXS2LP1 3.1.0
2023-10-02 01:38:30,705 [INFO] ThirdParty:1030 - CMSIS Pack Vendor :STMicroelectronics FP-ATR-ASTRA1 1.1.0
2023-10-02 01:38:30,705 [INFO] ThirdParty:1030 - CMSIS Pack Vendor :STMicroelectronics X-CUBE-DISPLAY 3.0.0
2023-10-02 01:38:30,705 [INFO] ThirdParty:1030 - CMSIS Pack Vendor :STMicroelectronics X-CUBE-AZRTOS-F4 1.0.0
2023-10-02 01:38:30,705 [INFO] ThirdParty:1030 - CMSIS Pack Vendor :STMicroelectronics X-CUBE-BLE1 7.0.0
2023-10-02 01:38:30,705 [INFO] ThirdParty:1030 - CMSIS Pack Vendor :STMicroelectronics FP-ATR-SIGFOX1 3.2.0
2023-10-02 01:38:30,705 [INFO] ThirdParty:1030 - CMSIS Pack Vendor :STMicroelectronics X-CUBE-AZRTOS-G4 1.0.0
2023-10-02 01:38:30,705 [INFO] ThirdParty:1030 - CMSIS Pack Vendor :wolfSSL I-CUBE-wolfSSL 5.3.0
2023-10-02 01:38:30,705 [INFO] ThirdParty:1030 - CMSIS Pack Vendor :STMicroelectronics X-CUBE-AZRTOS-L4 1.0.0
2023-10-02 01:38:30,705 [INFO] ThirdParty:1030 - CMSIS Pack Vendor :STMicroelectronics HAL Drivers 0.0.0
2023-10-02 01:38:30,705 [INFO] ThirdParty:1030 - CMSIS Pack Vendor :STMicroelectronics MBEDTLS 2.16.2
2023-10-02 01:38:30,705 [INFO] ThirdParty:1030 - CMSIS Pack Vendor :emotas I-CUBE-CANOPEN 1.1.2
2023-10-02 01:38:30,705 [INFO] ThirdParty:1030 - CMSIS Pack Vendor :STMicroelectronics X-CUBE-TOUCHGFX 4.20.0
2023-10-02 01:38:30,705 [INFO] ThirdParty:1030 - CMSIS Pack Vendor :STMicroelectronics X-CUBE-FREERTOS 1.1.0
2023-10-02 01:38:30,705 [INFO] ThirdParty:1030 - CMSIS Pack Vendor :STMicroelectronics X-CUBE-TOUCHGFX 4.22.0
2023-10-02 01:38:30,705 [INFO] ThirdParty:1030 - CMSIS Pack Vendor :STMicroelectronics X-CUBE-NFC7 1.0.1
2023-10-02 01:38:30,705 [INFO] ThirdParty:1030 - CMSIS Pack Vendor :STMicroelectronics MBEDTLS 2.14.1
2023-10-02 01:38:30,706 [INFO] ThirdParty:1030 - CMSIS Pack Vendor :STMicroelectronics X-CUBE-NFC7 1.0.0
2023-10-02 01:38:30,706 [INFO] ThirdParty:1030 - CMSIS Pack Vendor :STMicroelectronics X-CUBE-AZRTOS-F7 1.0.0
2023-10-02 01:38:30,706 [INFO] ThirdParty:1030 - CMSIS Pack Vendor :STMicroelectronics X-CUBE-AZRTOS-WL 1.0.0
2023-10-02 01:38:30,706 [INFO] ThirdParty:1030 - CMSIS Pack Vendor :STMicroelectronics X-CUBE-NFC6 3.0.0
2023-10-02 01:38:30,706 [INFO] ThirdParty:1030 - CMSIS Pack Vendor :STMicroelectronics X-CUBE-MEMS1 9.3.0
2023-10-02 01:38:30,706 [INFO] ThirdParty:1030 - CMSIS Pack Vendor :STMicroelectronics X-CUBE-EEPRMA1 4.1.0
2023-10-02 01:38:30,706 [INFO] ThirdParty:1030 - CMSIS Pack Vendor :portGmbH I-Cube-SoM-uGOAL 1.1.0
2023-10-02 01:38:30,706 [INFO] ThirdParty:1030 - CMSIS Pack Vendor :STMicroelectronics X-CUBE-ALS 1.0.1
2023-10-02 01:38:30,706 [INFO] ThirdParty:1030 - CMSIS Pack Vendor :STMicroelectronics X-CUBE-AI 7.2.0
2023-10-02 01:38:30,706 [INFO] ThirdParty:1030 - CMSIS Pack Vendor :STMicroelectronics ThreadX 1.0.0
2023-10-02 01:38:30,706 [INFO] ThirdParty:1030 - CMSIS Pack Vendor :STMicroelectronics FP-SNS-SMARTAG2 1.2.0
2023-10-02 01:38:30,706 [INFO] ThirdParty:1030 - CMSIS Pack Vendor :STMicroelectronics X-CUBE-AZRTOS-WL 2.0.0
2023-10-02 01:38:30,706 [INFO] ThirdParty:1030 - CMSIS Pack Vendor :SEGGER I-CUBE-embOS 1.3.1
2023-10-02 01:38:30,706 [INFO] ThirdParty:1030 - CMSIS Pack Vendor :STMicroelectronics X-CUBE-AZRTOS-L5 1.0.0
2023-10-02 01:38:30,707 [INFO] ThirdParty:1030 - CMSIS Pack Vendor :STMicroelectronics USB_DEVICE 1.0.0
2023-10-02 01:38:30,707 [INFO] ThirdParty:1030 - CMSIS Pack Vendor :STMicroelectronics X-CUBE-AI 8.1.0
2023-10-02 01:38:30,707 [INFO] ThirdParty:1030 - CMSIS Pack Vendor :STMicroelectronics X-CUBE-AZRTOS-G0 1.0.0
2023-10-02 01:38:30,707 [INFO] ThirdParty:1030 - CMSIS Pack Vendor :STMicroelectronics X-CUBE-EEPRMA1 3.1.1
2023-10-02 01:38:30,707 [INFO] ThirdParty:1030 - CMSIS Pack Vendor :STMicroelectronics X-CUBE-AZRTOS-L4 2.0.0
2023-10-02 01:38:30,707 [INFO] ThirdParty:1030 - CMSIS Pack Vendor :STMicroelectronics X-CUBE-GNSS1 5.2.0
2023-10-02 01:38:30,707 [INFO] ThirdParty:1030 - CMSIS Pack Vendor :STMicroelectronics ThreadX 0.0.2
2023-10-02 01:38:30,707 [INFO] ThirdParty:1030 - CMSIS Pack Vendor :WES I-CUBE-Cesium 1.3.0
2023-10-02 01:38:30,707 [INFO] ThirdParty:1030 - CMSIS Pack Vendor :STMicroelectronics FP-ATR-ASTRA1 2.0.0
2023-10-02 01:38:30,707 [INFO] ThirdParty:1030 - CMSIS Pack Vendor :STMicroelectronics lwIP 2.1.2
2023-10-02 01:38:30,707 [INFO] ThirdParty:1030 - CMSIS Pack Vendor :STMicroelectronics X-CUBE-SFXS2LP1 4.0.0
2023-10-02 01:38:30,707 [INFO] ThirdParty:1030 - CMSIS Pack Vendor :STMicroelectronics X-CUBE-BLE2 3.3.0
2023-10-02 01:38:30,708 [INFO] ThirdParty:1030 - CMSIS Pack Vendor :STMicroelectronics X-CUBE-DISPLAY 2.2.0
2023-10-02 01:38:30,708 [INFO] ThirdParty:1030 - CMSIS Pack Vendor :STMicroelectronics X-CUBE-TOF1 3.2.0
2023-10-02 01:38:30,708 [INFO] ThirdParty:1030 - CMSIS Pack Vendor :STMicroelectronics PDM2PCM 3.2.0
2023-10-02 01:38:30,708 [INFO] ThirdParty:1030 - CMSIS Pack Vendor :STMicroelectronics X-CUBE-TOF1 3.0.0
2023-10-02 01:38:30,708 [INFO] ThirdParty:1030 - CMSIS Pack Vendor :STMicroelectronics X-CUBE-ISPU 1.0.0
2023-10-02 01:38:30,708 [INFO] ThirdParty:841 - exiting critical section [change project]
2023-10-02 01:38:30,906 [INFO] PinOutPanel:1499 - setPackage(No Configuration,No Configuration)
2023-10-02 01:38:30,907 [INFO] PinOutPanel:1499 - setPackage(STM32F103C6Tx,LQFP48)
2023-10-02 01:38:31,342 [INFO] UtilMem:75 - Before build in PCC Used Memory: 524274680 Bytes (616562688)
2023-10-02 01:38:32,168 [INFO] UtilMem:75 - After build in PCC Used Memory: 295634464 Bytes (616562688)
2023-10-02 01:38:32,187 [INFO] IPUIPlugin:80 - create IPUIPlugin
2023-10-02 01:38:32,188 [INFO] IPUIPlugin:80 - create IPUIPlugin
2023-10-02 01:38:32,188 [INFO] IPUIPlugin:80 - create IPUIPlugin
2023-10-02 01:38:32,188 [INFO] IPUIPlugin:80 - create IPUIPlugin
2023-10-02 01:38:32,188 [INFO] IPUIPlugin:80 - create IPUIPlugin
2023-10-02 01:38:32,188 [INFO] IPUIPlugin:80 - create IPUIPlugin
2023-10-02 01:38:32,188 [INFO] IPUIPlugin:80 - create IPUIPlugin
2023-10-02 01:38:32,188 [INFO] IPUIPlugin:80 - create IPUIPlugin
2023-10-02 01:38:32,188 [INFO] IPUIPlugin:80 - create IPUIPlugin
2023-10-02 01:38:32,188 [INFO] IPUIPlugin:80 - create IPUIPlugin
2023-10-02 01:38:32,188 [INFO] IPUIPlugin:80 - create IPUIPlugin
2023-10-02 01:38:32,188 [INFO] IPUIPlugin:80 - create IPUIPlugin
2023-10-02 01:38:32,189 [INFO] IPUIPlugin:80 - create IPUIPlugin
2023-10-02 01:38:32,189 [INFO] IPUIPlugin:80 - create IPUIPlugin
2023-10-02 01:38:32,189 [INFO] IPUIPlugin:80 - create IPUIPlugin
2023-10-02 01:38:32,189 [INFO] IPUIPlugin:80 - create IPUIPlugin
2023-10-02 01:38:32,189 [INFO] IPUIPlugin:80 - create IPUIPlugin
2023-10-02 01:38:32,189 [INFO] IPUIPlugin:80 - create IPUIPlugin
2023-10-02 01:38:32,189 [INFO] IPUIPlugin:80 - create IPUIPlugin
2023-10-02 01:38:32,189 [INFO] IPUIPlugin:80 - create IPUIPlugin
2023-10-02 01:38:32,190 [INFO] IPUIPlugin:80 - create IPUIPlugin
2023-10-02 01:38:32,190 [INFO] IPUIPlugin:80 - create IPUIPlugin
2023-10-02 01:38:32,190 [INFO] IPUIPlugin:80 - create IPUIPlugin
2023-10-02 01:38:32,371 [INFO] CADModel:165 - CPN selected for project levelSTM32F103C6T6A
2023-10-02 01:38:32,371 [INFO] CADModel:114 - Register for checkConnection events
2023-10-02 01:38:32,423 [INFO] OpenFileManager:328 - Restore cursor
2023-10-02 01:38:33,121 [INFO] UtilMem:75 - End SaveConfig() Used Memory: 430929528 Bytes (616562688)
2023-10-02 01:38:33,184 [INFO] UtilMem:75 - End SaveConfig() Used Memory: 442435104 Bytes (616562688)
2023-10-02 01:38:33,488 [INFO] BlockDiagram:2759 - set Specific Code input for plugin: NVIC
2023-10-02 01:38:33,489 [INFO] BlockDiagram:2759 - set Specific Code input for plugin: RCC
2023-10-02 01:38:33,491 [INFO] CodeGenerator:799 - code generatio: config db path: C:\ST\STM32CubeIDE_1.9.0\STM32CubeIDE\plugins\com.st.stm32cube.common.mx_6.9.2.202309101412\\db\
2023-10-02 01:38:33,622 [INFO] CodeEngine:255 - oldGeneratedFile, C:\Users\truon\PROJECTS\STM32\LAB1\Ex10\ex10\MXTmpFiles\license.tmp_save
2023-10-02 01:38:33,917 [INFO] CodeEngine:279 - Generated code: C:\Users\truon\PROJECTS\STM32\LAB1\Ex10\ex10\MXTmpFiles\license.tmp
2023-10-02 01:38:33,932 [INFO] CodeEngine:255 - oldGeneratedFile, C:\Users\truon\PROJECTS\STM32\LAB1\Ex10\ex10\Core\Src\stm32f1xx_it.c_save
2023-10-02 01:38:34,108 [INFO] CodeEngine:279 - Generated code: C:\Users\truon\PROJECTS\STM32\LAB1\Ex10\ex10\Core\Src\stm32f1xx_it.c
2023-10-02 01:38:34,115 [INFO] CodeEngine:255 - oldGeneratedFile, C:\Users\truon\PROJECTS\STM32\LAB1\Ex10\ex10\Core\Inc\stm32f1xx_it.h_save
2023-10-02 01:38:34,272 [INFO] CodeEngine:279 - Generated code: C:\Users\truon\PROJECTS\STM32\LAB1\Ex10\ex10\Core\Inc\stm32f1xx_it.h
2023-10-02 01:38:34,392 [INFO] CodeEngine:255 - oldGeneratedFile, C:\Users\truon\PROJECTS\STM32\LAB1\Ex10\ex10\Core\Src\stm32f1xx_hal_msp.c_save
2023-10-02 01:38:34,516 [INFO] CodeEngine:279 - Generated code: C:\Users\truon\PROJECTS\STM32\LAB1\Ex10\ex10\Core\Src\stm32f1xx_hal_msp.c
2023-10-02 01:38:34,522 [INFO] CodeEngine:255 - oldGeneratedFile, C:\Users\truon\PROJECTS\STM32\LAB1\Ex10\ex10\MXTmpFiles\system.tmp_save
2023-10-02 01:38:34,626 [INFO] CodeEngine:279 - Generated code: C:\Users\truon\PROJECTS\STM32\LAB1\Ex10\ex10\MXTmpFiles\system.tmp
2023-10-02 01:38:34,644 [INFO] CodeEngine:311 - oldGeneratedFile, C:\Users\truon\PROJECTS\STM32\LAB1\Ex10\ex10\Core\Inc\stm32f1xx_hal_conf.h_save
2023-10-02 01:38:34,794 [INFO] CodeEngine:335 - Generated code: C:\Users\truon\PROJECTS\STM32\LAB1\Ex10\ex10\Core\Inc\stm32f1xx_hal_conf.h
2023-10-02 01:38:34,844 [INFO] CodeEngine:255 - oldGeneratedFile, C:\Users\truon\PROJECTS\STM32\LAB1\Ex10\ex10\Core\Inc\main.h_save
2023-10-02 01:38:34,999 [INFO] CodeEngine:279 - Generated code: C:\Users\truon\PROJECTS\STM32\LAB1\Ex10\ex10\Core\Inc\main.h
2023-10-02 01:38:35,004 [INFO] CodeEngine:255 - oldGeneratedFile, C:\Users\truon\PROJECTS\STM32\LAB1\Ex10\ex10\Core\Src\main.c_save
2023-10-02 01:38:35,171 [INFO] CodeEngine:279 - Generated code: C:\Users\truon\PROJECTS\STM32\LAB1\Ex10\ex10\Core\Src\main.c
2023-10-02 01:38:35,703 [INFO] ProjectBuilder:3064 - Time for Copy HAL[1] : 161mS.
2023-10-02 01:38:35,709 [INFO] ProjectBuilder:4404 - Project Generator version: 4.1.0
2023-10-02 01:38:35,884 [INFO] ConfigFileManager:1457 - The Die is : DIE412
2023-10-02 01:38:35,897 [INFO] ApiDbMcu:507 - Load IP Config File for FATFS
2023-10-02 01:38:35,920 [INFO] ApiDbMcu:507 - Load IP Config File for FREERTOS
2023-10-02 01:38:35,946 [INFO] ApiDbMcu:507 - Load IP Config File for USB_DEVICE
2023-10-02 01:38:36,610 [INFO] LogOutputStream:77 - [STDOUT_REDIRECT] 
2023-10-02 01:38:38,796 [INFO] ProjectBuilder:4626 - Time for Generating toolchain IDE Files: 3087mS.
2023-10-02 01:38:38,797 [INFO] ProjectBuilder:2935 - Time for Copy CMSIS : 1mS.
2023-10-02 01:38:38,799 [INFO] ProjectBuilder:2935 - Time for Copy CMSIS : 0mS.
2023-10-02 01:38:39,596 [INFO] McuFinderGlobals:76 - Set McuFinderConnectedMode to true
2023-10-02 01:38:39,601 [INFO] ApiDb:448 - Save user favorites file C:\Users\truon/.stm32cubeide/favorites.mcus.txt: 0 item(s)
2023-10-02 01:38:39,601 [INFO] ApiDb:452 - User favorites MCUs=[]
2023-10-02 01:39:20,718 [INFO] UtilMem:75 - End SaveConfig() Used Memory: 534415216 Bytes (1073741824)
2023-10-02 01:39:22,901 [INFO] UtilMem:75 - End SaveConfig() Used Memory: 518410800 Bytes (1073741824)
2023-10-02 01:39:25,958 [INFO] UtilMem:75 - End SaveConfig() Used Memory: 693522992 Bytes (1073741824)
2023-10-02 01:39:26,221 [INFO] BlockDiagram:2759 - set Specific Code input for plugin: NVIC
2023-10-02 01:39:26,223 [INFO] BlockDiagram:2759 - set Specific Code input for plugin: GPIO
2023-10-02 01:39:26,223 [INFO] BlockDiagram:2759 - set Specific Code input for plugin: RCC
2023-10-02 01:39:26,224 [INFO] CodeGenerator:799 - code generatio: config db path: C:\ST\STM32CubeIDE_1.9.0\STM32CubeIDE\plugins\com.st.stm32cube.common.mx_6.9.2.202309101412\\db\
2023-10-02 01:39:26,321 [INFO] CodeEngine:255 - oldGeneratedFile, C:\Users\truon\PROJECTS\STM32\LAB1\Ex10\ex10\MXTmpFiles\license.tmp_save
2023-10-02 01:39:26,402 [INFO] CodeEngine:279 - Generated code: C:\Users\truon\PROJECTS\STM32\LAB1\Ex10\ex10\MXTmpFiles\license.tmp
2023-10-02 01:39:26,444 [INFO] CodeEngine:255 - oldGeneratedFile, C:\Users\truon\PROJECTS\STM32\LAB1\Ex10\ex10\MXTmpFiles\gpio.tmp_save
2023-10-02 01:39:26,548 [INFO] CodeEngine:279 - Generated code: C:\Users\truon\PROJECTS\STM32\LAB1\Ex10\ex10\MXTmpFiles\gpio.tmp
2023-10-02 01:39:26,570 [INFO] CodeEngine:255 - oldGeneratedFile, C:\Users\truon\PROJECTS\STM32\LAB1\Ex10\ex10\Core\Src\stm32f1xx_it.c_save
2023-10-02 01:39:26,666 [INFO] CodeEngine:279 - Generated code: C:\Users\truon\PROJECTS\STM32\LAB1\Ex10\ex10\Core\Src\stm32f1xx_it.c
2023-10-02 01:39:26,674 [INFO] CodeEngine:255 - oldGeneratedFile, C:\Users\truon\PROJECTS\STM32\LAB1\Ex10\ex10\Core\Inc\stm32f1xx_it.h_save
2023-10-02 01:39:26,727 [INFO] CodeEngine:279 - Generated code: C:\Users\truon\PROJECTS\STM32\LAB1\Ex10\ex10\Core\Inc\stm32f1xx_it.h
2023-10-02 01:39:26,761 [INFO] CodeEngine:255 - oldGeneratedFile, C:\Users\truon\PROJECTS\STM32\LAB1\Ex10\ex10\Core\Src\stm32f1xx_hal_msp.c_save
2023-10-02 01:39:26,840 [INFO] CodeEngine:279 - Generated code: C:\Users\truon\PROJECTS\STM32\LAB1\Ex10\ex10\Core\Src\stm32f1xx_hal_msp.c
2023-10-02 01:39:26,845 [INFO] CodeEngine:255 - oldGeneratedFile, C:\Users\truon\PROJECTS\STM32\LAB1\Ex10\ex10\MXTmpFiles\system.tmp_save
2023-10-02 01:39:26,891 [INFO] CodeEngine:279 - Generated code: C:\Users\truon\PROJECTS\STM32\LAB1\Ex10\ex10\MXTmpFiles\system.tmp
2023-10-02 01:39:26,912 [INFO] CodeEngine:311 - oldGeneratedFile, C:\Users\truon\PROJECTS\STM32\LAB1\Ex10\ex10\Core\Inc\stm32f1xx_hal_conf.h_save
2023-10-02 01:39:27,003 [INFO] CodeEngine:335 - Generated code: C:\Users\truon\PROJECTS\STM32\LAB1\Ex10\ex10\Core\Inc\stm32f1xx_hal_conf.h
2023-10-02 01:39:27,051 [INFO] CodeEngine:255 - oldGeneratedFile, C:\Users\truon\PROJECTS\STM32\LAB1\Ex10\ex10\Core\Inc\main.h_save
2023-10-02 01:39:27,117 [INFO] CodeEngine:279 - Generated code: C:\Users\truon\PROJECTS\STM32\LAB1\Ex10\ex10\Core\Inc\main.h
2023-10-02 01:39:27,133 [INFO] CodeEngine:255 - oldGeneratedFile, C:\Users\truon\PROJECTS\STM32\LAB1\Ex10\ex10\Core\Src\main.c_save
2023-10-02 01:39:27,230 [INFO] CodeEngine:279 - Generated code: C:\Users\truon\PROJECTS\STM32\LAB1\Ex10\ex10\Core\Src\main.c
2023-10-02 01:39:27,774 [INFO] ProjectBuilder:3064 - Time for Copy HAL[1] : 160mS.
2023-10-02 01:39:27,778 [INFO] ProjectBuilder:4404 - Project Generator version: 4.1.0
2023-10-02 01:39:27,991 [INFO] ConfigFileManager:1457 - The Die is : DIE412
2023-10-02 01:39:29,139 [INFO] ProjectBuilder:4626 - Time for Generating toolchain IDE Files: 1361mS.
2023-10-02 01:39:29,140 [INFO] ProjectBuilder:2935 - Time for Copy CMSIS : 1mS.
2023-10-02 01:39:29,143 [INFO] ProjectBuilder:2935 - Time for Copy CMSIS : 0mS.
