2023-09-20 16:03:33,655 [INFO] Activator:176 - 


2023-09-20 16:03:33,657 [INFO] Activator:177 - !SESSION log4j initialized
2023-09-20 16:03:36,480 [INFO] LogOutputStream:77 - [STDOUT_REDIRECT] 
2023-09-20 16:03:38,086 [INFO] ApplicationProperties:184 - Using Application install path: C:\ST\STM32CubeIDE_1.9.0\STM32CubeIDE\plugins\com.st.stm32cube.common.mx_6.9.2.202309101412
2023-09-20 16:03:38,109 [INFO] DbMcusXml:78 - Set database path to: C:\ST\STM32CubeIDE_1.9.0\STM32CubeIDE\plugins\com.st.stm32cube.common.mx_6.9.2.202309101412\\db\/mcu/
2023-09-20 16:03:38,109 [INFO] ApiDb:274 - Set plugin database path to: C:\ST\STM32CubeIDE_1.9.0\STM32CubeIDE\plugins\com.st.stm32cube.common.mx_6.9.2.202309101412\\db\/plugins/boardmanager/
2023-09-20 16:03:38,110 [WARN] ApiDb:259 - Overriding images path with different value:  => C:\ST\STM32CubeIDE_1.9.0\STM32CubeIDE\plugins\com.st.stm32cube.common.mx_6.9.2.202309101412\\db\/plugins/mcufinder/images/
2023-09-20 16:03:38,124 [INFO] ApiDb:250 - Set database path to: C:\Users\truon\.stmcufinder\plugins\mcufinder//mcu/
2023-09-20 16:03:38,125 [INFO] DbMcusAds:125 - Set database path to: C:\Users\truon\.stmcufinder\plugins\mcufinder//mcu/
2023-09-20 16:03:38,129 [INFO] CrossReferenceDbSqlite:203 - Set database path to: C:\Users\truon\.stmcufinder\plugins\mcufinder//mcu/cs/
2023-09-20 16:03:38,273 [INFO] RulesReader:64 - Compatibility file has been processed (293 Rules)
2023-09-20 16:03:38,364 [INFO] DbMcusXml:78 - Set database path to: C:\ST\STM32CubeIDE_1.9.0\STM32CubeIDE\plugins\com.st.stm32cube.common.mx_6.9.2.202309101412\\db\/mcu/
2023-09-20 16:03:38,364 [INFO] ApiDb:274 - Set plugin database path to: C:\ST\STM32CubeIDE_1.9.0\STM32CubeIDE\plugins\com.st.stm32cube.common.mx_6.9.2.202309101412\\db\/plugins/boardmanager/
2023-09-20 16:03:38,364 [INFO] ApiDb:261 - Set plugin images path to: C:\ST\STM32CubeIDE_1.9.0\STM32CubeIDE\plugins\com.st.stm32cube.common.mx_6.9.2.202309101412\\db\/plugins/mcufinder/images/
2023-09-20 16:03:38,364 [WARN] DbFile:41 - Overriding database path with different value: C:\Users\truon\.stmcufinder\plugins\mcufinder/ => C:\Users\truon\.stmcufinder\plugins\mcufinder
2023-09-20 16:03:38,364 [INFO] ApiDb:250 - Set database path to: C:\Users\truon\.stmcufinder\plugins\mcufinder//mcu/
2023-09-20 16:03:38,364 [WARN] DbFile:41 - Overriding database path with different value: C:\Users\truon\.stmcufinder\plugins\mcufinder/ => C:\Users\truon\.stmcufinder\plugins\mcufinder
2023-09-20 16:03:38,365 [INFO] DbMcusAds:125 - Set database path to: C:\Users\truon\.stmcufinder\plugins\mcufinder//mcu/
2023-09-20 16:03:38,365 [WARN] DbFile:41 - Overriding database path with different value: C:\Users\truon\.stmcufinder\plugins\mcufinder/ => C:\Users\truon\.stmcufinder\plugins\mcufinder
2023-09-20 16:03:38,365 [WARN] DbFile:41 - Overriding database path with different value: C:\Users\truon\.stmcufinder\plugins\mcufinder/ => C:\Users\truon\.stmcufinder\plugins\mcufinder
2023-09-20 16:03:38,365 [INFO] CrossReferenceDbSqlite:203 - Set database path to: C:\Users\truon\.stmcufinder\plugins\mcufinder//mcu/cs/
2023-09-20 16:03:38,448 [INFO] MainPanel:262 - HeapMemory: 268435456
2023-09-20 16:03:38,503 [INFO] DbMcusXml:78 - Set database path to: C:\ST\STM32CubeIDE_1.9.0\STM32CubeIDE\plugins\com.st.stm32cube.common.mx_6.9.2.202309101412\\db\/mcu/
2023-09-20 16:03:38,503 [INFO] ApiDb:274 - Set plugin database path to: C:\ST\STM32CubeIDE_1.9.0\STM32CubeIDE\plugins\com.st.stm32cube.common.mx_6.9.2.202309101412\\db\/plugins/boardmanager/
2023-09-20 16:03:38,503 [INFO] ApiDb:261 - Set plugin images path to: C:\ST\STM32CubeIDE_1.9.0\STM32CubeIDE\plugins\com.st.stm32cube.common.mx_6.9.2.202309101412\\db\/plugins/mcufinder/images/
2023-09-20 16:03:38,503 [WARN] DbFile:41 - Overriding database path with different value: C:\Users\truon\.stmcufinder\plugins\mcufinder/ => C:\Users\truon\.stmcufinder\plugins\mcufinder
2023-09-20 16:03:38,504 [INFO] ApiDb:250 - Set database path to: C:\Users\truon\.stmcufinder\plugins\mcufinder//mcu/
2023-09-20 16:03:38,504 [WARN] DbFile:41 - Overriding database path with different value: C:\Users\truon\.stmcufinder\plugins\mcufinder/ => C:\Users\truon\.stmcufinder\plugins\mcufinder
2023-09-20 16:03:38,504 [INFO] DbMcusAds:125 - Set database path to: C:\Users\truon\.stmcufinder\plugins\mcufinder//mcu/
2023-09-20 16:03:38,504 [WARN] DbFile:41 - Overriding database path with different value: C:\Users\truon\.stmcufinder\plugins\mcufinder/ => C:\Users\truon\.stmcufinder\plugins\mcufinder
2023-09-20 16:03:38,504 [WARN] DbFile:41 - Overriding database path with different value: C:\Users\truon\.stmcufinder\plugins\mcufinder/ => C:\Users\truon\.stmcufinder\plugins\mcufinder
2023-09-20 16:03:38,504 [INFO] CrossReferenceDbSqlite:203 - Set database path to: C:\Users\truon\.stmcufinder\plugins\mcufinder//mcu/cs/
2023-09-20 16:03:38,521 [INFO] ApplicationProperties:184 - Using Application install path: C:\ST\STM32CubeIDE_1.9.0\STM32CubeIDE\plugins\com.st.stm32cube.common.mx_6.9.2.202309101412
2023-09-20 16:03:38,522 [INFO] PluginManage:196 - Search for loadable plugins [exclusion list=, ]
2023-09-20 16:03:38,523 [INFO] PluginManage:310 - Check plugin analytics
2023-09-20 16:03:38,782 [INFO] AnalyticsPlugin:253 - Accepted Software Licenses: STM32CubeMX.6.5.0
2023-09-20 16:03:38,784 [INFO] AnalyticsPlugin:255 - Accepted CMSIS Pack Licenses: 
2023-09-20 16:03:38,784 [INFO] AnalyticsPlugin:257 - Accepted Firmware Licenses: FW.C0.1.0.0
2023-09-20 16:03:38,789 [INFO] PluginManage:359 - Loaded plugin analytics (category:tool,tabindex:-1)
2023-09-20 16:03:38,790 [INFO] PluginManage:310 - Check plugin cadmodel
2023-09-20 16:03:38,798 [INFO] CADModel:105 - Init CAD model plugin
2023-09-20 16:03:38,798 [INFO] PluginManage:359 - Loaded plugin cadmodel (category:power,tabindex:5)
2023-09-20 16:03:38,798 [INFO] PluginManage:310 - Check plugin clock
2023-09-20 16:03:38,810 [INFO] PluginManage:359 - Loaded plugin clock (category:base,tabindex:2)
2023-09-20 16:03:38,811 [INFO] PluginManage:310 - Check plugin ddr
2023-09-20 16:03:38,813 [INFO] PluginManage:359 - Loaded plugin ddr (category:tool,tabindex:6)
2023-09-20 16:03:38,814 [INFO] PluginManage:310 - Check plugin filemanager
2023-09-20 16:03:38,960 [INFO] PluginManage:359 - Loaded plugin filemanager (category:base,tabindex:10)
2023-09-20 16:03:38,960 [INFO] PluginManage:310 - Check plugin ipmanager
2023-09-20 16:03:38,973 [INFO] PluginManage:359 - Loaded plugin ipmanager (category:base,tabindex:5)
2023-09-20 16:03:38,974 [INFO] PluginManage:310 - Check plugin lpbam
2023-09-20 16:03:38,986 [INFO] PluginManage:359 - Loaded plugin lpbam (category:base,tabindex:0)
2023-09-20 16:03:38,986 [INFO] PluginManage:310 - Check plugin memorymap
2023-09-20 16:03:38,999 [INFO] PluginManage:359 - Loaded plugin memorymap (category:base,tabindex:4)
2023-09-20 16:03:38,999 [INFO] PluginManage:310 - Check plugin pinoutandconfiguration
2023-09-20 16:03:39,005 [INFO] PluginManage:359 - Loaded plugin pinoutandconfiguration (category:base,tabindex:1)
2023-09-20 16:03:39,005 [INFO] PluginManage:310 - Check plugin pinoutconfig
2023-09-20 16:03:39,092 [WARN] SupportedApi:132 - Cannot load RTOS API schema: s4s-elt-must-match.1: The content of 'definitions' must match (annotation?, (simpleType | complexType)?, (unique | key | keyref)*)). A problem was found starting at: attribute.
2023-09-20 16:03:39,254 [INFO] PluginManage:359 - Loaded plugin pinoutconfig (category:base,tabindex:0)
2023-09-20 16:03:39,254 [INFO] PluginManage:310 - Check plugin power
2023-09-20 16:03:39,265 [INFO] PluginManage:359 - Loaded plugin power (category:power,tabindex:4)
2023-09-20 16:03:39,265 [INFO] PluginManage:310 - Check plugin projectmanager
2023-09-20 16:03:39,280 [INFO] PluginManage:359 - Loaded plugin projectmanager (category:projectmanager,tabindex:3)
2023-09-20 16:03:39,280 [INFO] PluginManage:310 - Check plugin thirdparty
2023-09-20 16:03:39,409 [WARN] IntegrityCheckThread:84 - waiting for thirdparty lock release [integrity check]
2023-09-20 16:03:39,409 [INFO] IntegrityCheckThread:86 - entering critical section [integrity check]
2023-09-20 16:03:39,410 [INFO] ThirdPartyUpdaterWithRetryManager:70 - Updater plugin not ready yet. [1/15]
2023-09-20 16:03:39,410 [INFO] PluginManage:359 - Loaded plugin thirdparty (category:base,tabindex:-1)
2023-09-20 16:03:39,411 [INFO] PluginManage:310 - Check plugin tools
2023-09-20 16:03:39,414 [INFO] PluginManage:359 - Loaded plugin tools (category:base,tabindex:7)
2023-09-20 16:03:39,414 [INFO] PluginManage:310 - Check plugin tutovideos
2023-09-20 16:03:39,554 [INFO] PluginManage:359 - Loaded plugin tutovideos (category:base,tabindex:-1)
2023-09-20 16:03:39,554 [INFO] PluginManage:310 - Check plugin updater
2023-09-20 16:03:39,575 [INFO] PluginManage:359 - Loaded plugin updater (category:base,tabindex:12)
2023-09-20 16:03:39,575 [INFO] PluginManage:310 - Check plugin userauth
2023-09-20 16:03:39,579 [INFO] UserAuth:113 - Init User Auth plugin
2023-09-20 16:03:39,579 [INFO] PluginManage:359 - Loaded plugin userauth (category:base,tabindex:14)
2023-09-20 16:03:39,580 [INFO] PluginManage:283 - PluginManage : Loaded plugins [17]
2023-09-20 16:03:39,787 [INFO] PinOutPanel:1499 - setPackage(No Configuration,No Configuration)
2023-09-20 16:03:39,897 [INFO] CADModel:165 - CPN selected for project level
2023-09-20 16:03:39,897 [INFO] CADModel:114 - Register for checkConnection events
2023-09-20 16:03:39,910 [INFO] IPUIPlugin:80 - create IPUIPlugin
2023-09-20 16:03:39,910 [INFO] PluginManager:220 - loadIPPluginJar : add adc
2023-09-20 16:03:39,912 [INFO] IPUIPlugin:80 - create IPUIPlugin
2023-09-20 16:03:39,912 [INFO] PluginManager:220 - loadIPPluginJar : add aes
2023-09-20 16:03:39,914 [INFO] IPUIPlugin:80 - create IPUIPlugin
2023-09-20 16:03:39,914 [INFO] PluginManager:220 - loadIPPluginJar : add can
2023-09-20 16:03:39,915 [INFO] IPUIPlugin:80 - create IPUIPlugin
2023-09-20 16:03:39,916 [INFO] PluginManager:220 - loadIPPluginJar : add comp
2023-09-20 16:03:39,917 [INFO] IPUIPlugin:80 - create IPUIPlugin
2023-09-20 16:03:39,917 [INFO] PluginManager:220 - loadIPPluginJar : add cryp
2023-09-20 16:03:39,919 [INFO] IPUIPlugin:80 - create IPUIPlugin
2023-09-20 16:03:39,919 [INFO] PluginManager:220 - loadIPPluginJar : add dfsdm
2023-09-20 16:03:39,924 [INFO] IPUIPlugin:80 - create IPUIPlugin
2023-09-20 16:03:39,924 [INFO] PluginManager:220 - loadIPPluginJar : add dma
2023-09-20 16:03:39,927 [INFO] IPUIPlugin:80 - create IPUIPlugin
2023-09-20 16:03:39,927 [INFO] PluginManager:220 - loadIPPluginJar : add dma3
2023-09-20 16:03:39,928 [INFO] IPUIPlugin:80 - create IPUIPlugin
2023-09-20 16:03:39,928 [INFO] PluginManager:220 - loadIPPluginJar : add fatfs
2023-09-20 16:03:39,936 [INFO] IPUIPlugin:80 - create IPUIPlugin
2023-09-20 16:03:39,937 [INFO] PluginManager:220 - loadIPPluginJar : add fmc
2023-09-20 16:03:39,948 [INFO] IPUIPlugin:80 - create IPUIPlugin
2023-09-20 16:03:39,948 [INFO] PluginManager:220 - loadIPPluginJar : add freertos
2023-09-20 16:03:39,949 [INFO] IPUIPlugin:80 - create IPUIPlugin
2023-09-20 16:03:39,950 [INFO] PluginManager:220 - loadIPPluginJar : add genericplugin
2023-09-20 16:03:39,951 [INFO] IPUIPlugin:80 - create IPUIPlugin
2023-09-20 16:03:39,951 [INFO] PluginManager:220 - loadIPPluginJar : add gfxmmu
2023-09-20 16:03:39,955 [INFO] IPUIPlugin:80 - create IPUIPlugin
2023-09-20 16:03:39,955 [INFO] PluginManager:220 - loadIPPluginJar : add gic
2023-09-20 16:03:39,958 [INFO] IPUIPlugin:80 - create IPUIPlugin
2023-09-20 16:03:39,959 [INFO] PluginManager:220 - loadIPPluginJar : add gpio
2023-09-20 16:03:39,961 [INFO] IPUIPlugin:80 - create IPUIPlugin
2023-09-20 16:03:39,961 [INFO] PluginManager:220 - loadIPPluginJar : add gtzc
2023-09-20 16:03:39,962 [INFO] IPUIPlugin:80 - create IPUIPlugin
2023-09-20 16:03:39,962 [INFO] PluginManager:220 - loadIPPluginJar : add hash
2023-09-20 16:03:39,964 [INFO] IPUIPlugin:80 - create IPUIPlugin
2023-09-20 16:03:39,964 [INFO] PluginManager:220 - loadIPPluginJar : add i2c
2023-09-20 16:03:39,965 [INFO] IPUIPlugin:80 - create IPUIPlugin
2023-09-20 16:03:39,965 [INFO] PluginManager:220 - loadIPPluginJar : add i2s
2023-09-20 16:03:39,967 [INFO] IPUIPlugin:80 - create IPUIPlugin
2023-09-20 16:03:39,967 [INFO] PluginManager:220 - loadIPPluginJar : add i3c
2023-09-20 16:03:39,969 [INFO] IPUIPlugin:80 - create IPUIPlugin
2023-09-20 16:03:39,970 [INFO] PluginManager:220 - loadIPPluginJar : add ipddr
2023-09-20 16:03:39,975 [INFO] IPUIPlugin:80 - create IPUIPlugin
2023-09-20 16:03:39,975 [INFO] PluginManager:220 - loadIPPluginJar : add linkedlist
2023-09-20 16:03:39,977 [INFO] IPUIPlugin:80 - create IPUIPlugin
2023-09-20 16:03:39,978 [INFO] PluginManager:220 - loadIPPluginJar : add lorawan
2023-09-20 16:03:39,979 [INFO] IPUIPlugin:80 - create IPUIPlugin
2023-09-20 16:03:39,979 [INFO] PluginManager:220 - loadIPPluginJar : add ltdc
2023-09-20 16:03:39,983 [INFO] IPUIPlugin:80 - create IPUIPlugin
2023-09-20 16:03:39,983 [INFO] PluginManager:220 - loadIPPluginJar : add mdma
2023-09-20 16:03:39,985 [INFO] IPUIPlugin:80 - create IPUIPlugin
2023-09-20 16:03:39,986 [INFO] PluginManager:220 - loadIPPluginJar : add nvic
2023-09-20 16:03:39,987 [INFO] IPUIPlugin:80 - create IPUIPlugin
2023-09-20 16:03:39,988 [INFO] PluginManager:220 - loadIPPluginJar : add opamp
2023-09-20 16:03:39,990 [INFO] IPUIPlugin:80 - create IPUIPlugin
2023-09-20 16:03:39,990 [INFO] PluginManager:220 - loadIPPluginJar : add openamp
2023-09-20 16:03:39,993 [INFO] IPUIPlugin:80 - create IPUIPlugin
2023-09-20 16:03:39,993 [INFO] PluginManager:220 - loadIPPluginJar : add pdm2pcm
2023-09-20 16:03:39,999 [INFO] IPUIPlugin:80 - create IPUIPlugin
2023-09-20 16:03:40,003 [INFO] PluginManager:220 - loadIPPluginJar : add plateformsettings
2023-09-20 16:03:40,004 [INFO] IPUIPlugin:80 - create IPUIPlugin
2023-09-20 16:03:40,004 [INFO] PluginManager:220 - loadIPPluginJar : add quadspi
2023-09-20 16:03:40,007 [INFO] IPUIPlugin:80 - create IPUIPlugin
2023-09-20 16:03:40,007 [INFO] PluginManager:220 - loadIPPluginJar : add resmgrutility
2023-09-20 16:03:40,009 [INFO] IPUIPlugin:80 - create IPUIPlugin
2023-09-20 16:03:40,009 [INFO] PluginManager:220 - loadIPPluginJar : add sai
2023-09-20 16:03:40,011 [INFO] IPUIPlugin:80 - create IPUIPlugin
2023-09-20 16:03:40,011 [INFO] PluginManager:220 - loadIPPluginJar : add spi
2023-09-20 16:03:40,015 [INFO] IPUIPlugin:80 - create IPUIPlugin
2023-09-20 16:03:40,015 [INFO] PluginManager:220 - loadIPPluginJar : add stm32_wpan
2023-09-20 16:03:40,016 [INFO] IPUIPlugin:80 - create IPUIPlugin
2023-09-20 16:03:40,016 [INFO] PluginManager:220 - loadIPPluginJar : add tim
2023-09-20 16:03:40,019 [INFO] IPUIPlugin:80 - create IPUIPlugin
2023-09-20 16:03:40,019 [INFO] PluginManager:220 - loadIPPluginJar : add touchsensing
2023-09-20 16:03:40,020 [INFO] IPUIPlugin:80 - create IPUIPlugin
2023-09-20 16:03:40,021 [INFO] PluginManager:220 - loadIPPluginJar : add tracer_emb
2023-09-20 16:03:40,022 [INFO] IPUIPlugin:80 - create IPUIPlugin
2023-09-20 16:03:40,022 [INFO] PluginManager:220 - loadIPPluginJar : add ts
2023-09-20 16:03:40,024 [INFO] IPUIPlugin:80 - create IPUIPlugin
2023-09-20 16:03:40,024 [INFO] PluginManager:220 - loadIPPluginJar : add tsc
2023-09-20 16:03:40,029 [INFO] IPUIPlugin:80 - create IPUIPlugin
2023-09-20 16:03:40,029 [INFO] PluginManager:220 - loadIPPluginJar : add ucpd
2023-09-20 16:03:40,036 [INFO] IPUIPlugin:80 - create IPUIPlugin
2023-09-20 16:03:40,036 [INFO] PluginManager:220 - loadIPPluginJar : add usart
2023-09-20 16:03:40,042 [INFO] IPUIPlugin:80 - create IPUIPlugin
2023-09-20 16:03:40,042 [INFO] PluginManager:220 - loadIPPluginJar : add usbx
2023-09-20 16:03:40,188 [INFO] CADModel:165 - CPN selected for project level
2023-09-20 16:03:40,188 [INFO] CADModel:114 - Register for checkConnection events
2023-09-20 16:03:40,188 [FATAL] Updater:308 - Updater called before beeing initialized
2023-09-20 16:03:40,188 [ERROR] CADModel:125 - Updater not yet initialized, retry later 
2023-09-20 16:03:40,343 [INFO] CADModel:165 - CPN selected for project level
2023-09-20 16:03:40,343 [INFO] CADModel:114 - Register for checkConnection events
2023-09-20 16:03:40,344 [FATAL] Updater:308 - Updater called before beeing initialized
2023-09-20 16:03:40,344 [ERROR] CADModel:125 - Updater not yet initialized, retry later 
2023-09-20 16:03:40,347 [FATAL] Updater:308 - Updater called before beeing initialized
2023-09-20 16:03:40,466 [FATAL] Updater:308 - Updater called before beeing initialized
2023-09-20 16:03:40,473 [INFO] DbMcusAds:53 - JSON generation date=Tue Mar 07 15:50:55 ICT 2023 (1678179055114)
2023-09-20 16:03:40,473 [FATAL] Updater:308 - Updater called before beeing initialized
2023-09-20 16:03:40,507 [WARN] DetailPanel:346 - Failed to get advertising image, set to default
2023-09-20 16:03:40,586 [FATAL] Updater:308 - Updater called before beeing initialized
2023-09-20 16:03:40,588 [FATAL] Updater:308 - Updater called before beeing initialized
2023-09-20 16:03:40,588 [FATAL] Updater:308 - Updater called before beeing initialized
2023-09-20 16:03:40,588 [WARN] DetailPanel:346 - Failed to get advertising image, set to default
2023-09-20 16:03:40,588 [FATAL] Updater:308 - Updater called before beeing initialized
2023-09-20 16:03:40,660 [ERROR] Updater:1120 - MainUpdater not yet initialized. External WinMGr cannot be set.
2023-09-20 16:03:40,665 [INFO] Updater:1056 - Updater Version found : 6.9.2
2023-09-20 16:03:40,680 [INFO] ApplicationProperties:184 - Using Application install path: C:\ST\STM32CubeIDE_1.9.0\STM32CubeIDE\plugins\com.st.stm32cube.common.mx_6.9.2.202309101412
2023-09-20 16:03:40,868 [INFO] MainUpdater:2868 - connection check result : 10
2023-09-20 16:03:40,869 [INFO] MainUpdater:285 - Updater Check For Update Now.
2023-09-20 16:03:40,869 [INFO] MicroXplorer:498 - Change Database Version : DB.6.0.92
2023-09-20 16:03:40,876 [INFO] McuFinderGlobals:63 - Set McuFinder mode to 2 (CubeIDE integrated)
2023-09-20 16:03:40,877 [INFO] UserAuth:179 - activating auth plugin
2023-09-20 16:03:40,879 [INFO] UserAuth:393 - Internet connection configuration mode: 1
2023-09-20 16:03:40,908 [INFO] JxBrowserEngine:151 - Initiate JxBrowser Engine with user profile folder
2023-09-20 16:03:41,046 [INFO] CheckServerUpdateThread:120 - End of CheckServer Thread
2023-09-20 16:03:41,603 [INFO] WebApp:157 - Instantiating new browser for Auth
2023-09-20 16:03:42,067 [INFO] WebApp:753 - Register for checkConnection events
2023-09-20 16:03:42,067 [INFO] WebApp:390 - Apply proxy settings
2023-09-20 16:03:42,067 [INFO] WebApp:475 - Chromium requires no authentication
2023-09-20 16:03:42,072 [INFO] WebApp:418 - Direct internet connection detected
2023-09-20 16:03:42,209 [INFO] WebApp:188 - Starting web application
2023-09-20 16:03:42,209 [INFO] WebApp:520 - Web application path used C:\ST\STM32CubeIDE_1.9.0\STM32CubeIDE\plugins\com.st.stm32cube.common.mx_6.9.2.202309101412\db\plugins\mcufinder\reactClient1\index.html
2023-09-20 16:03:42,609 [WARN] PackLoader:240 - Cannot read IP mode file for STMicroelectronics.X-CUBE-SMBUS.2.1.0
2023-09-20 16:03:42,718 [WARN] PackLoader:240 - Cannot read IP mode file for STMicroelectronics.X-CUBE-MEMS1.9.2.0
2023-09-20 16:03:42,936 [WARN] PackLoader:240 - Cannot read IP mode file for STMicroelectronics.X-CUBE-AZRTOS-F7.1.1.0
2023-09-20 16:03:42,946 [WARN] PackLoader:240 - Cannot read IP mode file for STMicroelectronics.X-CUBE-AI.7.1.0
2023-09-20 16:03:42,955 [WARN] PackLoader:240 - Cannot read IP mode file for STMicroelectronics.X-CUBE-TOUCHGFX.4.19.1
2023-09-20 16:03:42,961 [WARN] PackLoader:240 - Cannot read IP mode file for STMicroelectronics.FP-SNS-MOTENV1.4.3.2
2023-09-20 16:03:42,969 [WARN] PackLoader:240 - Cannot read IP mode file for STMicroelectronics.X-CUBE-BLE1.6.2.3
2023-09-20 16:03:42,973 [WARN] PackLoader:240 - Cannot read IP mode file for STMicroelectronics.FP-SNS-FLIGHT1.5.0.2
2023-09-20 16:03:42,979 [WARN] PackLoader:240 - Cannot read IP mode file for STMicroelectronics.X-CUBE-BLE2.3.2.2
2023-09-20 16:03:42,988 [WARN] PackLoader:240 - Cannot read IP mode file for STMicroelectronics.X-CUBE-TOF1.3.1.0
2023-09-20 16:03:42,997 [WARN] PackLoader:240 - Cannot read IP mode file for STMicroelectronics.X-CUBE-DISPLAY.3.0.0
2023-09-20 16:03:43,009 [WARN] PackLoader:240 - Cannot read IP mode file for STMicroelectronics.X-CUBE-BLE1.7.0.0
2023-09-20 16:03:43,012 [WARN] PackLoader:240 - Cannot read IP mode file for STMicroelectronics.X-CUBE-TOUCHGFX.4.22.0
2023-09-20 16:03:43,058 [WARN] PackLoader:240 - Cannot read IP mode file for STMicroelectronics.X-CUBE-MEMS1.9.3.0
2023-09-20 16:03:43,134 [WARN] PackLoader:240 - Cannot read IP mode file for STMicroelectronics.X-CUBE-AI.7.2.0
2023-09-20 16:03:43,138 [WARN] PackLoader:240 - Cannot read IP mode file for STMicroelectronics.FP-SNS-SMARTAG2.1.2.0
2023-09-20 16:03:43,145 [INFO] LogOutputStream:77 - [STDOUT_REDIRECT] 1 : Invalid condition id : UX_CORESTACK_Condition cause : null
2023-09-20 16:03:43,145 [INFO] LogOutputStream:77 - [STDOUT_REDIRECT] 1 : Invalid condition id : UX_CORESTACK_Condition cause : null
2023-09-20 16:03:43,147 [INFO] LogOutputStream:77 - [STDOUT_REDIRECT] 1 : Invalid condition id : UX_CORESTACK_Condition cause : null
2023-09-20 16:03:43,148 [INFO] LogOutputStream:77 - [STDOUT_REDIRECT] 1 : Invalid condition id : UX_CORESTACK_Condition cause : null
2023-09-20 16:03:43,149 [INFO] LogOutputStream:77 - [STDOUT_REDIRECT] 1 : Invalid condition id : UX_CORESTACK_Condition cause : null
2023-09-20 16:03:43,152 [WARN] PackLoader:240 - Cannot read IP mode file for STMicroelectronics.X-CUBE-AZRTOS-WL.2.0.0
2023-09-20 16:03:43,163 [WARN] PackLoader:240 - Cannot read IP mode file for WES.I-CUBE-Cesium.1.3.0
2023-09-20 16:03:43,167 [WARN] PackLoader:240 - Cannot read IP mode file for STMicroelectronics.X-CUBE-BLE2.3.3.0
2023-09-20 16:03:43,172 [WARN] PackLoader:240 - Cannot read IP mode file for STMicroelectronics.X-CUBE-DISPLAY.2.2.0
2023-09-20 16:03:43,181 [WARN] PackLoader:240 - Cannot read IP mode file for STMicroelectronics.X-CUBE-TOF1.3.2.0
2023-09-20 16:03:43,189 [WARN] PackLoader:240 - Cannot read IP mode file for STMicroelectronics.X-CUBE-ISPU.1.0.0
2023-09-20 16:03:43,203 [WARN] PackLoader:240 - Cannot read IP mode file for STMicroelectronics.X-CUBE-AZRTOS-H7.2.1.0
2023-09-20 16:03:43,209 [WARN] PackLoader:240 - Cannot read IP mode file for STMicroelectronics.X-CUBE-ALGOBUILD.1.3.0
2023-09-20 16:03:43,219 [WARN] PackLoader:240 - Cannot read IP mode file for STMicroelectronics.X-CUBE-AZRTOS-G0.1.1.0
2023-09-20 16:03:43,230 [WARN] PackLoader:240 - Cannot read IP mode file for STMicroelectronics.X-CUBE-NFC4.3.0.0
2023-09-20 16:03:43,260 [WARN] PackLoader:240 - Cannot read IP mode file for SEGGER.I-CUBE-embOS.1.2.0
2023-09-20 16:03:43,290 [WARN] PackLoader:240 - Cannot read IP mode file for STMicroelectronics.FP-ATR-SIGFOX1.3.2.0
2023-09-20 16:03:43,295 [WARN] PackLoader:240 - Cannot read IP mode file for emotas.I-CUBE-CANOPEN.1.1.2
2023-09-20 16:03:43,298 [WARN] PackLoader:240 - Cannot read IP mode file for STMicroelectronics.X-CUBE-TOUCHGFX.4.20.0
2023-09-20 16:03:43,320 [WARN] PackLoader:240 - Cannot read IP mode file for SEGGER.I-CUBE-embOS.1.3.1
2023-09-20 16:03:43,345 [WARN] PackLoader:240 - Cannot read IP mode file for STMicroelectronics.X-CUBE-TOF1.3.0.0
2023-09-20 16:03:43,350 [WARN] PackLoader:240 - Cannot read IP mode file for STMicroelectronics.X-CUBE-GNSS1.6.0.0
2023-09-20 16:03:43,368 [WARN] PackLoader:240 - Cannot read IP mode file for STMicroelectronics.X-CUBE-AZRTOS-F4.1.1.0
2023-09-20 16:03:43,377 [WARN] PackLoader:240 - Cannot read IP mode file for STMicroelectronics.X-CUBE-BLEMGR.1.2.0
2023-09-20 16:03:43,389 [WARN] PackLoader:240 - Cannot read IP mode file for STMicroelectronics.X-CUBE-AZRTOS-L5.2.0.0
2023-09-20 16:03:43,418 [WARN] PackLoader:240 - Cannot read IP mode file for STMicroelectronics.X-CUBE-MEMS1.9.6.0
2023-09-20 16:03:43,528 [WARN] PackLoader:240 - Cannot read IP mode file for STMicroelectronics.X-CUBE-BLEMGR.2.0.0
2023-09-20 16:03:43,534 [WARN] PackLoader:240 - Cannot read IP mode file for STMicroelectronics.X-CUBE-NFC4.2.0.4
2023-09-20 16:03:43,546 [WARN] ConditionMgr:438 - getConditionDescription Invalid condition id : UX DEVICE CLASS RTOS Condition cause : null
2023-09-20 16:03:43,546 [WARN] ConditionMgr:438 - getConditionDescription Invalid condition id : UX DEVICE CLASS RTOS Condition cause : null
2023-09-20 16:03:43,550 [WARN] PackLoader:240 - Cannot read IP mode file for STMicroelectronics.X-CUBE-AZRTOS-H7.3.1.0
2023-09-20 16:03:43,551 [WARN] ConditionMgr:1039 - genDependencies : Invalid condition id : UX DEVICE CLASS RTOS Condition cause : null
2023-09-20 16:03:43,551 [WARN] ConditionMgr:1039 - genDependencies : Invalid condition id : UX DEVICE CLASS RTOS Condition cause : null
2023-09-20 16:03:43,552 [WARN] ConditionMgr:1039 - genDependencies : Invalid condition id : UX DEVICE CLASS RTOS Condition cause : null
2023-09-20 16:03:43,552 [WARN] ConditionMgr:1039 - genDependencies : Invalid condition id : UX DEVICE CLASS RTOS Condition cause : null
2023-09-20 16:03:43,552 [WARN] ConditionMgr:1039 - genDependencies : Invalid condition id : UX DEVICE CLASS RTOS Condition cause : null
2023-09-20 16:03:43,558 [WARN] PackLoader:240 - Cannot read IP mode file for STMicroelectronics.X-CUBE-SFXS2LP1.3.1.0
2023-09-20 16:03:43,569 [WARN] PackLoader:240 - Cannot read IP mode file for STMicroelectronics.X-CUBE-AZRTOS-F4.1.0.0
2023-09-20 16:03:43,576 [WARN] PackLoader:240 - Cannot read IP mode file for STMicroelectronics.X-CUBE-NFC7.1.0.1
2023-09-20 16:03:43,581 [WARN] PackLoader:240 - Cannot read IP mode file for STMicroelectronics.X-CUBE-NFC7.1.0.0
2023-09-20 16:03:43,588 [WARN] PackLoader:240 - Cannot read IP mode file for STMicroelectronics.X-CUBE-NFC6.3.0.0
2023-09-20 16:03:43,596 [WARN] PackLoader:240 - Cannot read IP mode file for STMicroelectronics.X-CUBE-EEPRMA1.4.1.0
2023-09-20 16:03:43,600 [WARN] PackLoader:240 - Cannot read IP mode file for STMicroelectronics.X-CUBE-AI.8.1.0
2023-09-20 16:03:43,611 [WARN] PackLoader:240 - Cannot read IP mode file for STMicroelectronics.X-CUBE-AZRTOS-G0.1.0.0
2023-09-20 16:03:43,625 [WARN] ConditionMgr:438 - getConditionDescription Invalid condition id : LAN8742 Phy interface Condition cause : null
2023-09-20 16:03:43,625 [WARN] PackLoader:240 - Cannot read IP mode file for STMicroelectronics.X-CUBE-AZRTOS-L4.2.0.0
2023-09-20 16:03:43,626 [WARN] ConditionMgr:1039 - genDependencies : Invalid condition id : LAN8742 Phy interface Condition cause : null
2023-09-20 16:03:43,626 [WARN] ConditionMgr:1039 - genDependencies : Invalid condition id : LAN8742 Phy interface Condition cause : null
2023-09-20 16:03:43,627 [WARN] ConditionMgr:1039 - genDependencies : Invalid condition id : LAN8742 Phy interface Condition cause : null
2023-09-20 16:03:43,634 [WARN] PackLoader:240 - Cannot read IP mode file for STMicroelectronics.X-CUBE-SFXS2LP1.4.0.0
2023-09-20 16:03:43,638 [WARN] PackLoader:240 - Cannot read IP mode file for STMicroelectronics.X-CUBE-ISPU.1.1.0
2023-09-20 16:03:43,644 [WARN] PackLoader:240 - Cannot read IP mode file for RoweBots.I-CUBE-UNISONRTOS.5.5.0-4
2023-09-20 16:03:43,654 [WARN] ConditionMgr:438 - getConditionDescription Invalid condition id : UX DEVICE CLASS RTOS Condition cause : null
2023-09-20 16:03:43,654 [WARN] ConditionMgr:438 - getConditionDescription Invalid condition id : UX DEVICE CLASS RTOS Condition cause : null
2023-09-20 16:03:43,656 [WARN] PackLoader:240 - Cannot read IP mode file for STMicroelectronics.X-CUBE-AZRTOS-WB.2.0.0
2023-09-20 16:03:43,656 [WARN] ConditionMgr:1039 - genDependencies : Invalid condition id : UX DEVICE CLASS RTOS Condition cause : null
2023-09-20 16:03:43,656 [WARN] ConditionMgr:1039 - genDependencies : Invalid condition id : UX DEVICE CLASS RTOS Condition cause : null
2023-09-20 16:03:43,657 [WARN] ConditionMgr:1039 - genDependencies : Invalid condition id : UX DEVICE CLASS RTOS Condition cause : null
2023-09-20 16:03:43,657 [WARN] ConditionMgr:1039 - genDependencies : Invalid condition id : UX DEVICE CLASS RTOS Condition cause : null
2023-09-20 16:03:43,657 [WARN] ConditionMgr:1039 - genDependencies : Invalid condition id : UX DEVICE CLASS RTOS Condition cause : null
2023-09-20 16:03:43,662 [WARN] PackLoader:240 - Cannot read IP mode file for STMicroelectronics.X-CUBE-BLEMGR.1.0.0
2023-09-20 16:03:43,674 [WARN] PackLoader:240 - Cannot read IP mode file for STMicroelectronics.X-CUBE-SUBG2.5.0.0
2023-09-20 16:03:43,684 [WARN] PackLoader:240 - Cannot read IP mode file for STMicroelectronics.X-CUBE-TOF1.3.3.1
2023-09-20 16:03:43,708 [WARN] PackLoader:240 - Cannot read IP mode file for STMicroelectronics.X-CUBE-AZRTOS-G4.2.0.0
2023-09-20 16:03:43,716 [WARN] PackLoader:240 - Cannot read IP mode file for STMicroelectronics.FP-ATR-ASTRA1.1.1.1
2023-09-20 16:03:43,720 [WARN] PackLoader:240 - Cannot read IP mode file for STMicroelectronics.FP-ATR-ASTRA1.1.1.0
2023-09-20 16:03:43,740 [WARN] PackLoader:240 - Cannot read IP mode file for STMicroelectronics.X-CUBE-AZRTOS-G4.1.0.0
2023-09-20 16:03:43,746 [WARN] PackLoader:240 - Cannot read IP mode file for wolfSSL.I-CUBE-wolfSSL.5.3.0
2023-09-20 16:03:43,757 [WARN] PackLoader:240 - Cannot read IP mode file for STMicroelectronics.X-CUBE-AZRTOS-L4.1.0.0
2023-09-20 16:03:43,763 [WARN] PackLoader:240 - Cannot read IP mode file for STMicroelectronics.X-CUBE-FREERTOS.1.1.0
2023-09-20 16:03:43,772 [WARN] PackLoader:240 - Cannot read IP mode file for STMicroelectronics.X-CUBE-AZRTOS-F7.1.0.0
2023-09-20 16:03:43,779 [WARN] PackLoader:240 - Cannot read IP mode file for STMicroelectronics.X-CUBE-AZRTOS-WL.1.0.0
2023-09-20 16:03:43,784 [WARN] PackLoader:240 - Cannot read IP mode file for portGmbH.I-Cube-SoM-uGOAL.1.1.0
2023-09-20 16:03:43,787 [WARN] PackLoader:240 - Cannot read IP mode file for STMicroelectronics.X-CUBE-ALS.1.0.1
2023-09-20 16:03:43,795 [WARN] PackLoader:240 - Cannot read IP mode file for STMicroelectronics.X-CUBE-AZRTOS-L5.1.0.0
2023-09-20 16:03:43,799 [WARN] PackLoader:240 - Cannot read IP mode file for STMicroelectronics.X-CUBE-EEPRMA1.3.1.1
2023-09-20 16:03:43,802 [WARN] PackLoader:240 - Cannot read IP mode file for STMicroelectronics.X-CUBE-GNSS1.5.2.0
2023-09-20 16:03:43,806 [WARN] PackLoader:240 - Cannot read IP mode file for STMicroelectronics.FP-ATR-ASTRA1.2.0.0
2023-09-20 16:03:43,806 [INFO] ThirdParty:978 - Integrity check success = true
2023-09-20 16:03:43,806 [INFO] IntegrityCheckThread:100 - exiting critical section [integrity check]
2023-09-20 16:03:43,806 [INFO] IntegrityCheckThread:103 - End integrity checks thread
2023-09-20 16:03:59,033 [INFO] McuFinderGlobals:63 - Set McuFinder mode to 2 (CubeIDE integrated)
2023-09-20 16:03:59,035 [INFO] MainUpdater:2868 - connection check result : 10
2023-09-20 16:03:59,391 [INFO] ApiDb:581 - Connected to CubeFinder SQLite database (C:\Users\truon\.stmcufinder\plugins\mcufinder\mcu\cube-finder-db.db)
2023-09-20 16:03:59,444 [INFO] ApiDb:668 - CubeFinder database Data Model version=2.1
2023-09-20 16:03:59,444 [INFO] ApiDb:669 - CubeFinder database Configuration version=3.0.37
2023-09-20 16:03:59,444 [INFO] ApiDb:670 - CubeFinder database generation date=2023-08-09 (1691586011)
2023-09-20 16:03:59,444 [INFO] ApiDb:671 - CubeFinder database FW Pack versions=[FP-ATR-ASTRA1_V2.0.0, FP-SNS-FLIGHT1_V5.0.1, FP-SNS-FLIGHT1_V5.0.2, FP-SNS-MOTENV1_V4.3.1, FP-SNS-MOTENV1_V4.3.2, STM32Cube_FW_C0_V1.1.0, STM32Cube_FW_F4_V1.27.1, STM32Cube_FW_F7_V1.17.0, STM32Cube_FW_G0_V1.6.1, STM32Cube_FW_G4_V1.5.1, STM32Cube_FW_H5_V0.5.1, STM32Cube_FW_H5_V1.1.0, STM32Cube_FW_H7_V1.11.0, STM32Cube_FW_L0_V1.12.2, STM32Cube_FW_L5_V1.5.0, STM32Cube_FW_U5_V1.3.0, STM32Cube_FW_U5_V1.3.0RC4, STM32Cube_FW_WBA_V1.0.0RC1, STM32Cube_FW_WBA_V1.1.0, STM32Cube_FW_WBA_V1.1.0RC1, STM32Cube_FW_WB_V1.15.0RC1, STM32Cube_FW_WB_V1.16.0, STM32Cube_FW_WB_V1.16.0RC2, STM32Cube_FW_WB_V1.17.0, STM32Cube_FW_WL_V1.3.0, X-CUBE-ALGOBUILD_V1.3.0, X-CUBE-ALS_V1.0.1, X-CUBE-AZRTOS-F4_V1.1.0, X-CUBE-AZRTOS-F7_V1.1.0, X-CUBE-AZRTOS-G0_V1.1.0, X-CUBE-AZRTOS-G4_V2.0.0, X-CUBE-AZRTOS-H7_V3.1.0, X-CUBE-AZRTOS-L4_V1.0.0, X-CUBE-AZRTOS-L4_V2.0.0, X-CUBE-AZRTOS-L5_V1.1.0, X-CUBE-AZRTOS-WB_V1.1.0, X-CUBE-AZRTOS-WL_V2.0.0, X-CUBE-BLE1_V7.0.0, X-CUBE-BLE2_V3.3.0, X-CUBE-BLEMGR_V2.0.0, X-CUBE-EEPRMA1_V4.1.0, X-CUBE-FREERTOS_V1.1.0, X-CUBE-GNSS1_V6.0.0, X-CUBE-MEMS1_V9.1.0, X-CUBE-MEMS1_V9.4.0, X-CUBE-MEMS1_V9.6.0, X-CUBE-NFC4_V3.0.0, X-CUBE-NFC7_V1.0.0, X-CUBE-SFXS2LP1_V4.0.0, X-CUBE-SUBG2_V5.0.0, X-CUBE-TOF1_V3.3.1]
2023-09-20 16:03:59,507 [INFO] DbBoardsSqlite:226 - include board P-NUCLEO-WB55-NUCLEO as a kit item of type 'Nucleo-64'
2023-09-20 16:03:59,508 [INFO] DbBoardsSqlite:226 - include board P-NUCLEO-WB55-USBDONGLE as a kit item of type 'Nucleo USB Dongle'
2023-09-20 16:03:59,508 [INFO] DbBoardsSqlite:226 - include board STEVAL-IDP005V1 as a kit item of type 'Evaluation Board'
2023-09-20 16:03:59,508 [INFO] DbBoardsSqlite:226 - include board STEVAL-IDP005V2 as a kit item of type 'Evaluation Board'
2023-09-20 16:03:59,552 [INFO] ApiDb:240 - Found 323 in-development CPN: [B-G473E-ZEST1S, B-WB1M-WPAN1, B-WL5M-SUBG1, NUCLEO-C031C6, NUCLEO-H503RB, NUCLEO-H563ZI, NUCLEO-U545RE-Q, NUCLEO-U5A5ZJ-Q, NUCLEO-WBA52CG, STEVAL-PROTEUS1, STEVAL-SMARTAG2, STEVAL-STWINBX1, STM320518-EVAL, STM32C0116-DK, STM32C011D6Y3TR, STM32C011D6Y6TR, STM32C011F4P3, STM32C011F4P6, STM32C011F4U3, STM32C011F4U6TR, STM32C011F6P3, STM32C011F6P6, STM32C011F6U3, STM32C011F6U6TR, STM32C011J4M3, STM32C011J4M6, STM32C011J6M3, STM32C011J6M6, STM32C0316-DK, STM32C031C4T3, STM32C031C4T6, STM32C031C4U3, STM32C031C4U6, STM32C031C6T3, STM32C031C6T6, STM32C031C6U3, STM32C031C6U6, STM32C031F4P3, STM32C031F4P6, STM32C031F6P3, STM32C031F6P6, STM32C031G4U3, STM32C031G4U6, STM32C031G6U3, STM32C031G6U6, STM32C031K4T3, STM32C031K4T6, STM32C031K4U3, STM32C031K4U6, STM32C031K6T3, STM32C031K6T6, STM32C031K6U3, STM32C031K6U6, STM32G071K8TXN, STM32G071K8UXN, STM32G081GBU6N, STM32G081KBT6N, STM32G081KBUXN, STM32G0B1CCT6N, STM32G0B1KCT6, STM32G0B1NEY6TR, STM32G0B1RCT6N, STM32G0C1CCT6, STM32G0C1CCT6N, STM32G0C1CCU6N, STM32G0C1CET6N, STM32G0C1CEU6N, STM32G0C1KCT6, STM32G0C1NEY6TR, STM32G0C1RCI6N, STM32G0C1RCT6N, STM32G0C1REI6N, STM32G0C1RET6N, STM32G0C1VCI6, STM32G0C1VEI6, STM32G471CCT6, STM32G471CCU6, STM32G471CET3, STM32G471CET6, STM32G471CEU3, STM32G471CEU6, STM32G471MCT6, STM32G471MET3, STM32G471MET6, STM32G471MEY6TR, STM32G471QCT6, STM32G471QET3, STM32G471RCT6, STM32G471RET3, STM32G471RET6, STM32G471VCH6, STM32G471VCI6, STM32G471VCT6, STM32G471VEH3, STM32G471VEH6, STM32G471VEI3, STM32G471VEI6, STM32G471VET3, STM32G471VET6, STM32G474CCT6, STM32H503CBT6, STM32H503CBU6, STM32H503EBY6TR, STM32H503KBU6, STM32H503RBT6, STM32H562AGI6, STM32H562AII6, STM32H562IGK6, STM32H562IGT6, STM32H562IIK6, STM32H562IIT6, STM32H562RGT6, STM32H562RGV6, STM32H562RIT6, STM32H562RIV6, STM32H562VGT6, STM32H562VIT6, STM32H562ZGT6, STM32H562ZIT6, STM32H563AGI6, STM32H563AII3Q, STM32H563AII6, STM32H563IGK6, STM32H563IGT6, STM32H563IIK3Q, STM32H563IIK6, STM32H563IIT3Q, STM32H563IIT6, STM32H563MIY3QTR, STM32H563RGT6, STM32H563RGV6, STM32H563RIT6, STM32H563RIV6, STM32H563VGT6, STM32H563VIT3Q, STM32H563VIT6, STM32H563ZGT6, STM32H563ZIT3Q, STM32H563ZIT6, STM32H573AII3Q, STM32H573AII6, STM32H573I-DK, STM32H573IIK3Q, STM32H573IIK6, STM32H573IIT3Q, STM32H573IIT6, STM32H573MIY3QTR, STM32H573RIT6, STM32H573RIV6, STM32H573VIT3Q, STM32H573VIT6, STM32H573ZIT3Q, STM32H573ZIT6, STM32L4R5QGI6STR, STM32MP131AAE3, STM32MP131AAF3, STM32MP131AAG3, STM32MP131CAE3, STM32MP131CAF3, STM32MP131CAG3, STM32MP131DAE7, STM32MP131DAF7, STM32MP131DAG7, STM32MP131FAE7, STM32MP131FAF7, STM32MP131FAG7, STM32MP133AAE3, STM32MP133AAF3, STM32MP133AAG3, STM32MP133CAE3, STM32MP133CAF3, STM32MP133CAG3, STM32MP133DAE7, STM32MP133DAF7, STM32MP133DAG7, STM32MP133FAE7, STM32MP133FAF7, STM32MP133FAG7, STM32MP135AAE3, STM32MP135AAF3, STM32MP135AAG3, STM32MP135CAE3, STM32MP135CAF3, STM32MP135CAG3, STM32MP135DAE7, STM32MP135DAF7, STM32MP135DAG7, STM32MP135F-DK, STM32MP135FAE7, STM32MP135FAF7, STM32MP135FAF7T, STM32MP135FAF7U, STM32MP135FAG7, STM32U535CBT6, STM32U535CBT6Q, STM32U535CBU6, STM32U535CBU6Q, STM32U535CCT6, STM32U535CCT6Q, STM32U535CCU6, STM32U535CCU6Q, STM32U535CET6, STM32U535CET6Q, STM32U535CEU6, STM32U535CEU6Q, STM32U535JEY6QTR, STM32U535NCY6QTR, STM32U535NEY6QTR, STM32U535RBI6, STM32U535RBI6Q, STM32U535RBT6, STM32U535RBT6Q, STM32U535RCI6, STM32U535RCI6Q, STM32U535RCT6, STM32U535RCT6Q, STM32U535REI6, STM32U535REI6Q, STM32U535RET6, STM32U535RET6Q, STM32U535VCI6, STM32U535VCI6Q, STM32U535VCT6, STM32U535VCT6Q, STM32U535VEI6, STM32U535VEI6Q, STM32U535VET6, STM32U535VET6Q, STM32U545CET6, STM32U545CET6Q, STM32U545CEU6, STM32U545CEU6Q, STM32U545JEY6QTR, STM32U545NEY6QTR, STM32U545REI6, STM32U545REI6Q, STM32U545RET6, STM32U545RET6Q, STM32U545VEI6, STM32U545VEI6Q, STM32U545VET6, STM32U545VET6Q, STM32U595AIH6, STM32U595AIH6Q, STM32U595AJH6, STM32U595AJH6Q, STM32U595QII6, STM32U595QII6Q, STM32U595QJI6, STM32U595QJI6Q, STM32U595RIT6, STM32U595RIT6Q, STM32U595RJT6, STM32U595RJT6Q, STM32U595VIT6, STM32U595VIT6Q, STM32U595VJT6, STM32U595VJT6Q, STM32U595ZIT6, STM32U595ZIT6Q, STM32U595ZIY6QTR, STM32U595ZJT6, STM32U595ZJT6Q, STM32U595ZJY6QTR, STM32U599BJY6QTR, STM32U599NIH6Q, STM32U599NJH6Q, STM32U599VIT6Q, STM32U599VJT6, STM32U599VJT6Q, STM32U599ZIT6Q, STM32U599ZIY6QTR, STM32U599ZJT6Q, STM32U599ZJY6QTR, STM32U5A5AJH6, STM32U5A5AJH6Q, STM32U5A5QJI6, STM32U5A5QJI6Q, STM32U5A5RJT6, STM32U5A5RJT6Q, STM32U5A5VJT6, STM32U5A5VJT6Q, STM32U5A5ZJT6, STM32U5A5ZJT6Q, STM32U5A5ZJY6QTR, STM32U5A9BJY6QTR, STM32U5A9J-DK, STM32U5A9NJH6Q, STM32U5A9VJT6Q, STM32U5A9ZJT6Q, STM32U5A9ZJY6QTR, STM32U5F7VIT6, STM32U5F7VIT6Q, STM32U5F7VJT6, STM32U5F7VJT6Q, STM32U5F9BJY6QTR, STM32U5F9NJH6Q, STM32U5F9VIT6Q, STM32U5F9VJT6Q, STM32U5F9ZIJ6QTR, STM32U5F9ZIT6Q, STM32U5F9ZJJ6QTR, STM32U5F9ZJT6Q, STM32U5G7VJT6, STM32U5G7VJT6Q, STM32U5G9BJY6QTR, STM32U5G9J-DK1, STM32U5G9J-DK2, STM32U5G9NJH6Q, STM32U5G9VJT6Q, STM32U5G9ZJJ6QTR, STM32U5G9ZJT6Q, STM32WB1MMCH6, STM32WBA52CEU6, STM32WBA52CEU6T, STM32WBA52CGU6, STM32WBA52CGU6T, STM32WBA52KEU6, STM32WBA52KEU6T, STM32WBA52KGU6, STM32WBA52KGU6T, STM32WL5MOCH6, STM32WL5MOCH6TR]
2023-09-20 16:03:59,638 [INFO] BoardInfo:880 - No configuration file found for board P-NUCLEO-WB55
2023-09-20 16:03:59,638 [INFO] DbBoards:157 - Kit is not supported: P-NUCLEO-WB55
2023-09-20 16:03:59,641 [INFO] BoardInfo:880 - No configuration file found for board STEVAL-BFA001V1B
2023-09-20 16:03:59,641 [INFO] DbBoards:157 - Kit is not supported: STEVAL-BFA001V1B
2023-09-20 16:03:59,642 [INFO] BoardInfo:880 - No configuration file found for board STEVAL-BFA001V2B
2023-09-20 16:03:59,642 [INFO] DbBoards:157 - Kit is not supported: STEVAL-BFA001V2B
2023-09-20 16:03:59,734 [INFO] DbBoards:161 - Found 190 boards, 187 are supported
2023-09-20 16:03:59,737 [INFO] ApiDb:668 - CubeFinder database Data Model version=2.1
2023-09-20 16:03:59,737 [INFO] ApiDb:669 - CubeFinder database Configuration version=3.0.37
2023-09-20 16:03:59,737 [INFO] ApiDb:670 - CubeFinder database generation date=2023-08-09 (1691586011)
2023-09-20 16:03:59,737 [INFO] ApiDb:671 - CubeFinder database FW Pack versions=[FP-ATR-ASTRA1_V2.0.0, FP-SNS-FLIGHT1_V5.0.1, FP-SNS-FLIGHT1_V5.0.2, FP-SNS-MOTENV1_V4.3.1, FP-SNS-MOTENV1_V4.3.2, STM32Cube_FW_C0_V1.1.0, STM32Cube_FW_F4_V1.27.1, STM32Cube_FW_F7_V1.17.0, STM32Cube_FW_G0_V1.6.1, STM32Cube_FW_G4_V1.5.1, STM32Cube_FW_H5_V0.5.1, STM32Cube_FW_H5_V1.1.0, STM32Cube_FW_H7_V1.11.0, STM32Cube_FW_L0_V1.12.2, STM32Cube_FW_L5_V1.5.0, STM32Cube_FW_U5_V1.3.0, STM32Cube_FW_U5_V1.3.0RC4, STM32Cube_FW_WBA_V1.0.0RC1, STM32Cube_FW_WBA_V1.1.0, STM32Cube_FW_WBA_V1.1.0RC1, STM32Cube_FW_WB_V1.15.0RC1, STM32Cube_FW_WB_V1.16.0, STM32Cube_FW_WB_V1.16.0RC2, STM32Cube_FW_WB_V1.17.0, STM32Cube_FW_WL_V1.3.0, X-CUBE-ALGOBUILD_V1.3.0, X-CUBE-ALS_V1.0.1, X-CUBE-AZRTOS-F4_V1.1.0, X-CUBE-AZRTOS-F7_V1.1.0, X-CUBE-AZRTOS-G0_V1.1.0, X-CUBE-AZRTOS-G4_V2.0.0, X-CUBE-AZRTOS-H7_V3.1.0, X-CUBE-AZRTOS-L4_V1.0.0, X-CUBE-AZRTOS-L4_V2.0.0, X-CUBE-AZRTOS-L5_V1.1.0, X-CUBE-AZRTOS-WB_V1.1.0, X-CUBE-AZRTOS-WL_V2.0.0, X-CUBE-BLE1_V7.0.0, X-CUBE-BLE2_V3.3.0, X-CUBE-BLEMGR_V2.0.0, X-CUBE-EEPRMA1_V4.1.0, X-CUBE-FREERTOS_V1.1.0, X-CUBE-GNSS1_V6.0.0, X-CUBE-MEMS1_V9.1.0, X-CUBE-MEMS1_V9.4.0, X-CUBE-MEMS1_V9.6.0, X-CUBE-NFC4_V3.0.0, X-CUBE-NFC7_V1.0.0, X-CUBE-SFXS2LP1_V4.0.0, X-CUBE-SUBG2_V5.0.0, X-CUBE-TOF1_V3.3.1]
2023-09-20 16:04:01,293 [INFO] ApiDb:240 - Found 323 in-development CPN: [B-G473E-ZEST1S, B-WB1M-WPAN1, B-WL5M-SUBG1, NUCLEO-C031C6, NUCLEO-H503RB, NUCLEO-H563ZI, NUCLEO-U545RE-Q, NUCLEO-U5A5ZJ-Q, NUCLEO-WBA52CG, STEVAL-PROTEUS1, STEVAL-SMARTAG2, STEVAL-STWINBX1, STM320518-EVAL, STM32C0116-DK, STM32C011D6Y3TR, STM32C011D6Y6TR, STM32C011F4P3, STM32C011F4P6, STM32C011F4U3, STM32C011F4U6TR, STM32C011F6P3, STM32C011F6P6, STM32C011F6U3, STM32C011F6U6TR, STM32C011J4M3, STM32C011J4M6, STM32C011J6M3, STM32C011J6M6, STM32C0316-DK, STM32C031C4T3, STM32C031C4T6, STM32C031C4U3, STM32C031C4U6, STM32C031C6T3, STM32C031C6T6, STM32C031C6U3, STM32C031C6U6, STM32C031F4P3, STM32C031F4P6, STM32C031F6P3, STM32C031F6P6, STM32C031G4U3, STM32C031G4U6, STM32C031G6U3, STM32C031G6U6, STM32C031K4T3, STM32C031K4T6, STM32C031K4U3, STM32C031K4U6, STM32C031K6T3, STM32C031K6T6, STM32C031K6U3, STM32C031K6U6, STM32G071K8TXN, STM32G071K8UXN, STM32G081GBU6N, STM32G081KBT6N, STM32G081KBUXN, STM32G0B1CCT6N, STM32G0B1KCT6, STM32G0B1NEY6TR, STM32G0B1RCT6N, STM32G0C1CCT6, STM32G0C1CCT6N, STM32G0C1CCU6N, STM32G0C1CET6N, STM32G0C1CEU6N, STM32G0C1KCT6, STM32G0C1NEY6TR, STM32G0C1RCI6N, STM32G0C1RCT6N, STM32G0C1REI6N, STM32G0C1RET6N, STM32G0C1VCI6, STM32G0C1VEI6, STM32G471CCT6, STM32G471CCU6, STM32G471CET3, STM32G471CET6, STM32G471CEU3, STM32G471CEU6, STM32G471MCT6, STM32G471MET3, STM32G471MET6, STM32G471MEY6TR, STM32G471QCT6, STM32G471QET3, STM32G471RCT6, STM32G471RET3, STM32G471RET6, STM32G471VCH6, STM32G471VCI6, STM32G471VCT6, STM32G471VEH3, STM32G471VEH6, STM32G471VEI3, STM32G471VEI6, STM32G471VET3, STM32G471VET6, STM32G474CCT6, STM32H503CBT6, STM32H503CBU6, STM32H503EBY6TR, STM32H503KBU6, STM32H503RBT6, STM32H562AGI6, STM32H562AII6, STM32H562IGK6, STM32H562IGT6, STM32H562IIK6, STM32H562IIT6, STM32H562RGT6, STM32H562RGV6, STM32H562RIT6, STM32H562RIV6, STM32H562VGT6, STM32H562VIT6, STM32H562ZGT6, STM32H562ZIT6, STM32H563AGI6, STM32H563AII3Q, STM32H563AII6, STM32H563IGK6, STM32H563IGT6, STM32H563IIK3Q, STM32H563IIK6, STM32H563IIT3Q, STM32H563IIT6, STM32H563MIY3QTR, STM32H563RGT6, STM32H563RGV6, STM32H563RIT6, STM32H563RIV6, STM32H563VGT6, STM32H563VIT3Q, STM32H563VIT6, STM32H563ZGT6, STM32H563ZIT3Q, STM32H563ZIT6, STM32H573AII3Q, STM32H573AII6, STM32H573I-DK, STM32H573IIK3Q, STM32H573IIK6, STM32H573IIT3Q, STM32H573IIT6, STM32H573MIY3QTR, STM32H573RIT6, STM32H573RIV6, STM32H573VIT3Q, STM32H573VIT6, STM32H573ZIT3Q, STM32H573ZIT6, STM32L4R5QGI6STR, STM32MP131AAE3, STM32MP131AAF3, STM32MP131AAG3, STM32MP131CAE3, STM32MP131CAF3, STM32MP131CAG3, STM32MP131DAE7, STM32MP131DAF7, STM32MP131DAG7, STM32MP131FAE7, STM32MP131FAF7, STM32MP131FAG7, STM32MP133AAE3, STM32MP133AAF3, STM32MP133AAG3, STM32MP133CAE3, STM32MP133CAF3, STM32MP133CAG3, STM32MP133DAE7, STM32MP133DAF7, STM32MP133DAG7, STM32MP133FAE7, STM32MP133FAF7, STM32MP133FAG7, STM32MP135AAE3, STM32MP135AAF3, STM32MP135AAG3, STM32MP135CAE3, STM32MP135CAF3, STM32MP135CAG3, STM32MP135DAE7, STM32MP135DAF7, STM32MP135DAG7, STM32MP135F-DK, STM32MP135FAE7, STM32MP135FAF7, STM32MP135FAF7T, STM32MP135FAF7U, STM32MP135FAG7, STM32U535CBT6, STM32U535CBT6Q, STM32U535CBU6, STM32U535CBU6Q, STM32U535CCT6, STM32U535CCT6Q, STM32U535CCU6, STM32U535CCU6Q, STM32U535CET6, STM32U535CET6Q, STM32U535CEU6, STM32U535CEU6Q, STM32U535JEY6QTR, STM32U535NCY6QTR, STM32U535NEY6QTR, STM32U535RBI6, STM32U535RBI6Q, STM32U535RBT6, STM32U535RBT6Q, STM32U535RCI6, STM32U535RCI6Q, STM32U535RCT6, STM32U535RCT6Q, STM32U535REI6, STM32U535REI6Q, STM32U535RET6, STM32U535RET6Q, STM32U535VCI6, STM32U535VCI6Q, STM32U535VCT6, STM32U535VCT6Q, STM32U535VEI6, STM32U535VEI6Q, STM32U535VET6, STM32U535VET6Q, STM32U545CET6, STM32U545CET6Q, STM32U545CEU6, STM32U545CEU6Q, STM32U545JEY6QTR, STM32U545NEY6QTR, STM32U545REI6, STM32U545REI6Q, STM32U545RET6, STM32U545RET6Q, STM32U545VEI6, STM32U545VEI6Q, STM32U545VET6, STM32U545VET6Q, STM32U595AIH6, STM32U595AIH6Q, STM32U595AJH6, STM32U595AJH6Q, STM32U595QII6, STM32U595QII6Q, STM32U595QJI6, STM32U595QJI6Q, STM32U595RIT6, STM32U595RIT6Q, STM32U595RJT6, STM32U595RJT6Q, STM32U595VIT6, STM32U595VIT6Q, STM32U595VJT6, STM32U595VJT6Q, STM32U595ZIT6, STM32U595ZIT6Q, STM32U595ZIY6QTR, STM32U595ZJT6, STM32U595ZJT6Q, STM32U595ZJY6QTR, STM32U599BJY6QTR, STM32U599NIH6Q, STM32U599NJH6Q, STM32U599VIT6Q, STM32U599VJT6, STM32U599VJT6Q, STM32U599ZIT6Q, STM32U599ZIY6QTR, STM32U599ZJT6Q, STM32U599ZJY6QTR, STM32U5A5AJH6, STM32U5A5AJH6Q, STM32U5A5QJI6, STM32U5A5QJI6Q, STM32U5A5RJT6, STM32U5A5RJT6Q, STM32U5A5VJT6, STM32U5A5VJT6Q, STM32U5A5ZJT6, STM32U5A5ZJT6Q, STM32U5A5ZJY6QTR, STM32U5A9BJY6QTR, STM32U5A9J-DK, STM32U5A9NJH6Q, STM32U5A9VJT6Q, STM32U5A9ZJT6Q, STM32U5A9ZJY6QTR, STM32U5F7VIT6, STM32U5F7VIT6Q, STM32U5F7VJT6, STM32U5F7VJT6Q, STM32U5F9BJY6QTR, STM32U5F9NJH6Q, STM32U5F9VIT6Q, STM32U5F9VJT6Q, STM32U5F9ZIJ6QTR, STM32U5F9ZIT6Q, STM32U5F9ZJJ6QTR, STM32U5F9ZJT6Q, STM32U5G7VJT6, STM32U5G7VJT6Q, STM32U5G9BJY6QTR, STM32U5G9J-DK1, STM32U5G9J-DK2, STM32U5G9NJH6Q, STM32U5G9VJT6Q, STM32U5G9ZJJ6QTR, STM32U5G9ZJT6Q, STM32WB1MMCH6, STM32WBA52CEU6, STM32WBA52CEU6T, STM32WBA52CGU6, STM32WBA52CGU6T, STM32WBA52KEU6, STM32WBA52KEU6T, STM32WBA52KGU6, STM32WBA52KGU6T, STM32WL5MOCH6, STM32WL5MOCH6TR]
2023-09-20 16:04:01,299 [INFO] DbMcus:217 - Found 3848 MCUs, 3848 are supported
2023-09-20 16:04:01,300 [INFO] ApiDb:423 - Load user favorites file C:\Users\truon/.stm32cubeide/favorites.mcus.txt: 0 item(s)
2023-09-20 16:04:01,300 [INFO] ApiDb:427 - User favorites MCUs=[]
2023-09-20 16:04:01,300 [INFO] DbMcus:223 - Set 0 / 0 favorites MCUs
2023-09-20 16:04:01,469 [INFO] ApiDb:423 - Load user favorites file C:\Users\truon/.stm32cubeide/favorites.boards.txt: 0 item(s)
2023-09-20 16:04:01,469 [INFO] ApiDb:427 - User favorites Boards=[]
2023-09-20 16:04:01,470 [INFO] DbBoards:190 - Set 0 / 0 favorites Boards
2023-09-20 16:04:01,470 [INFO] McuFinderGlobals:76 - Set McuFinderConnectedMode to true
2023-09-20 16:04:01,474 [INFO] MultiScanPanel:200 - Auto-refresh data requested => check proxy status ongoing
2023-09-20 16:04:01,475 [INFO] FinderPluginLoader:95 - Searching for filters in installed packs
2023-09-20 16:04:02,686 [INFO] LoadUrlFilesThread:185 - End of LoadServerUrlFiles without Thread
2023-09-20 16:04:02,700 [INFO] DetailPanel:341 - Set advertising image to C:/Users/truon/STM32Cube/Repository/\en.prom-stm32h5-mcu-finder.jpg
2023-09-20 16:04:03,131 [ERROR] LogOutputStream:75 - [STDERR_REDIRECT] SLF4J: Failed to load class "org.slf4j.impl.StaticLoggerBinder".
2023-09-20 16:04:03,132 [ERROR] LogOutputStream:75 - [STDERR_REDIRECT] SLF4J: Defaulting to no-operation (NOP) logger implementation
2023-09-20 16:04:03,134 [ERROR] LogOutputStream:75 - [STDERR_REDIRECT] SLF4J: See http://www.slf4j.org/codes.html#StaticLoggerBinder for further details.
2023-09-20 16:04:48,543 [INFO] MainUpdater:2868 - connection check result : 10
2023-09-20 16:04:48,544 [INFO] MainUpdater:2868 - connection check result : 10
2023-09-20 16:04:48,581 [INFO] MicroXplorer:468 - Change Database Path : 
2023-09-20 16:04:48,581 [INFO] MicroXplorer:498 - Change Database Version : DB.6.0.92
2023-09-20 16:04:48,585 [WARN] ThirdParty:871 - waiting for thirdparty lock release [close project]
2023-09-20 16:04:48,585 [INFO] ThirdParty:873 - entering critical section [close project]
2023-09-20 16:04:48,586 [INFO] ThirdParty:883 - exiting critical section [close project]
2023-09-20 16:04:48,590 [INFO] PinOutPanel:1499 - setPackage(No Configuration,No Configuration)
2023-09-20 16:04:48,598 [INFO] UtilMem:75 - Begin LoadConfig() Used Memory: 327714112 Bytes (577765376)
2023-09-20 16:04:48,600 [INFO] MicroXplorer:468 - Change Database Path : 
2023-09-20 16:04:48,600 [INFO] MicroXplorer:498 - Change Database Version : DB.6.0.92
2023-09-20 16:04:48,600 [INFO] OpenFileManager:308 - Change cursor
2023-09-20 16:04:48,644 [INFO] Mcu:1946 - Initializing MCU STM32F103C6Tx STM32F103C6Tx STM32F103C6T6A
2023-09-20 16:04:49,513 [INFO] Context:659 - Trying to add GPIOservice into a context  which must be forbidden
2023-09-20 16:04:49,798 [INFO] ImportTextPane:194 - (OptionalMessage_ERROR) Unable to find key (Mcu.ThirdPartyNb) in loaded IOC file
2023-09-20 16:04:49,798 [INFO] ImportTextPane:194 - (OptionalMessage_ERROR) Unable to find key (Mcu.PinsNb) in loaded IOC file
2023-09-20 16:04:49,798 [INFO] ImportTextPane:194 - (OptionalMessage_ERROR) Unable to find key (Mcu.IPNb) in loaded IOC file
2023-09-20 16:04:50,098 [INFO] RtosManager:555 - Registered RTOS mode: class=CMSIS, group=RTOS, mode=CMSIS_V1, owner=FREERTOS
2023-09-20 16:04:50,098 [INFO] RtosManager:555 - Registered RTOS mode: class=CMSIS, group=RTOS2, mode=CMSIS_V2, owner=FREERTOS
2023-09-20 16:04:50,098 [INFO] RtosManager:555 - Registered RTOS mode: class=RTOS, group=Core, mode=CMSIS_V1, owner=FREERTOS
2023-09-20 16:04:50,098 [INFO] RtosManager:555 - Registered RTOS mode: class=RTOS, group=Core, mode=CMSIS_V2, owner=FREERTOS
2023-09-20 16:04:50,099 [WARN] ModelIntegratedComponent:184 - Missing modes for component STMicroelectronics:FreeRTOS:0.0.1:STMicroelectronics:RTOS:FreeRTOS:Core:::10.2.0:
2023-09-20 16:04:50,118 [WARN] ModelIntegratedComponent:63 - No mode defined for component null
2023-09-20 16:04:50,118 [WARN] ModelIntegratedComponent:63 - No mode defined for component null
2023-09-20 16:04:50,118 [WARN] ModelIntegratedComponent:63 - No mode defined for component null
2023-09-20 16:04:50,118 [WARN] ModelIntegratedComponent:63 - No mode defined for component null
2023-09-20 16:04:50,118 [WARN] ModelIntegratedComponent:63 - No mode defined for component null
2023-09-20 16:04:50,118 [WARN] ModelIntegratedComponent:63 - No mode defined for component null
2023-09-20 16:04:50,118 [WARN] ModelIntegratedComponent:63 - No mode defined for component null
2023-09-20 16:04:50,118 [WARN] ModelIntegratedComponent:63 - No mode defined for component null
2023-09-20 16:04:50,118 [WARN] ModelIntegratedComponent:63 - No mode defined for component null
2023-09-20 16:04:50,119 [WARN] ModelIntegratedComponent:63 - No mode defined for component null
2023-09-20 16:04:50,119 [WARN] ModelIntegratedComponent:63 - No mode defined for component null
2023-09-20 16:04:50,119 [WARN] ModelIntegratedComponent:63 - No mode defined for component null
2023-09-20 16:04:50,119 [WARN] ModelIntegratedComponent:63 - No mode defined for component null
2023-09-20 16:04:50,119 [WARN] ModelIntegratedComponent:63 - No mode defined for component null
2023-09-20 16:04:50,119 [WARN] ModelIntegratedComponent:63 - No mode defined for component null
2023-09-20 16:04:50,119 [WARN] ModelIntegratedComponent:63 - No mode defined for component null
2023-09-20 16:04:50,119 [WARN] ModelIntegratedComponent:63 - No mode defined for component null
2023-09-20 16:04:50,119 [WARN] ModelIntegratedComponent:63 - No mode defined for component null
2023-09-20 16:04:50,119 [WARN] ModelIntegratedComponent:63 - No mode defined for component null
2023-09-20 16:04:50,119 [WARN] ModelIntegratedComponent:63 - No mode defined for component null
2023-09-20 16:04:50,119 [WARN] ModelIntegratedComponent:63 - No mode defined for component null
2023-09-20 16:04:50,119 [WARN] ModelIntegratedComponent:63 - No mode defined for component null
2023-09-20 16:04:50,119 [WARN] ModelIntegratedComponent:63 - No mode defined for component null
2023-09-20 16:04:50,119 [WARN] ModelIntegratedComponent:63 - No mode defined for component null
2023-09-20 16:04:50,119 [WARN] ModelIntegratedComponent:63 - No mode defined for component null
2023-09-20 16:04:50,120 [WARN] ModelIntegratedComponent:63 - No mode defined for component null
2023-09-20 16:04:50,120 [WARN] ModelIntegratedComponent:63 - No mode defined for component null
2023-09-20 16:04:50,120 [WARN] ModelIntegratedComponent:63 - No mode defined for component null
2023-09-20 16:04:50,120 [WARN] ModelIntegratedComponent:63 - No mode defined for component null
2023-09-20 16:04:50,120 [WARN] ModelIntegratedComponent:63 - No mode defined for component null
2023-09-20 16:04:50,120 [WARN] ModelIntegratedComponent:63 - No mode defined for component null
2023-09-20 16:04:50,120 [WARN] ModelIntegratedComponent:63 - No mode defined for component null
2023-09-20 16:04:50,120 [WARN] ModelIntegratedComponent:63 - No mode defined for component null
2023-09-20 16:04:50,242 [INFO] ThirdPartyModel:298 - Start build external matchings
2023-09-20 16:04:51,402 [INFO] ThirdPartyModel:316 - End build external matchings
2023-09-20 16:04:51,670 [INFO] UtilMem:75 - End LoadConfig() Used Memory: 381783608 Bytes (963641344)
2023-09-20 16:04:51,708 [WARN] ThirdParty:833 - waiting for thirdparty lock release [change project]
2023-09-20 16:04:51,708 [INFO] ThirdParty:835 - entering critical section [change project]
2023-09-20 16:04:51,709 [INFO] ThirdParty:1030 - CMSIS Pack Vendor :STMicroelectronics X-CUBE-ISPU 1.1.0
2023-09-20 16:04:51,709 [INFO] ThirdParty:1030 - CMSIS Pack Vendor :STMicroelectronics USBPD 4.1
2023-09-20 16:04:51,709 [INFO] ThirdParty:1030 - CMSIS Pack Vendor :RoweBots I-CUBE-UNISONRTOS 5.5.0-4
2023-09-20 16:04:51,709 [INFO] ThirdParty:1030 - CMSIS Pack Vendor :STMicroelectronics X-CUBE-GNSS1 6.0.0
2023-09-20 16:04:51,709 [INFO] ThirdParty:1030 - CMSIS Pack Vendor :STMicroelectronics X-CUBE-AZRTOS-H7 2.1.0
2023-09-20 16:04:51,709 [INFO] ThirdParty:1030 - CMSIS Pack Vendor :STMicroelectronics USB_HOST 2.0.0
2023-09-20 16:04:51,709 [INFO] ThirdParty:1030 - CMSIS Pack Vendor :STMicroelectronics X-CUBE-AZRTOS-F4 1.1.0
2023-09-20 16:04:51,709 [INFO] ThirdParty:1030 - CMSIS Pack Vendor :STMicroelectronics LIBJPEG 8.0.0
2023-09-20 16:04:51,709 [INFO] ThirdParty:1030 - CMSIS Pack Vendor :STMicroelectronics X-CUBE-SMBUS 2.1.0
2023-09-20 16:04:51,709 [INFO] ThirdParty:1030 - CMSIS Pack Vendor :STMicroelectronics USB_DEVICE 3.0.0
2023-09-20 16:04:51,709 [INFO] ThirdParty:1030 - CMSIS Pack Vendor :STMicroelectronics X-CUBE-AZRTOS-WB 2.0.0
2023-09-20 16:04:51,709 [INFO] ThirdParty:1030 - CMSIS Pack Vendor :STMicroelectronics X-CUBE-BLEMGR 1.0.0
2023-09-20 16:04:51,709 [INFO] ThirdParty:1030 - CMSIS Pack Vendor :STMicroelectronics X-CUBE-MEMS1 9.2.0
2023-09-20 16:04:51,709 [INFO] ThirdParty:1030 - CMSIS Pack Vendor :STMicroelectronics X-CUBE-BLEMGR 1.2.0
2023-09-20 16:04:51,709 [INFO] ThirdParty:1030 - CMSIS Pack Vendor :STMicroelectronics X-CUBE-AZRTOS-F7 1.1.0
2023-09-20 16:04:51,709 [INFO] ThirdParty:1030 - CMSIS Pack Vendor :STMicroelectronics X-CUBE-AZRTOS-L5 2.0.0
2023-09-20 16:04:51,709 [INFO] ThirdParty:1030 - CMSIS Pack Vendor :STMicroelectronics USB_DEVICE 2.0.0
2023-09-20 16:04:51,709 [INFO] ThirdParty:1030 - CMSIS Pack Vendor :STMicroelectronics X-CUBE-MEMS1 9.6.0
2023-09-20 16:04:51,709 [INFO] ThirdParty:1030 - CMSIS Pack Vendor :STMicroelectronics X-CUBE-AI 7.1.0
2023-09-20 16:04:51,709 [INFO] ThirdParty:1030 - CMSIS Pack Vendor :STMicroelectronics X-CUBE-TOUCHGFX 4.19.1
2023-09-20 16:04:51,710 [INFO] ThirdParty:1030 - CMSIS Pack Vendor :STMicroelectronics FP-SNS-MOTENV1 4.3.2
2023-09-20 16:04:51,710 [INFO] ThirdParty:1030 - CMSIS Pack Vendor :STMicroelectronics X-CUBE-BLE1 6.2.3
2023-09-20 16:04:51,710 [INFO] ThirdParty:1030 - CMSIS Pack Vendor :STMicroelectronics X-CUBE-ALGOBUILD 1.3.0
2023-09-20 16:04:51,710 [INFO] ThirdParty:1030 - CMSIS Pack Vendor :STMicroelectronics FreeRTOS 0.0.1
2023-09-20 16:04:51,710 [INFO] ThirdParty:1030 - CMSIS Pack Vendor :STMicroelectronics X-CUBE-AZRTOS-G0 1.1.0
2023-09-20 16:04:51,710 [INFO] ThirdParty:1030 - CMSIS Pack Vendor :STMicroelectronics X-CUBE-BLEMGR 2.0.0
2023-09-20 16:04:51,710 [INFO] ThirdParty:1030 - CMSIS Pack Vendor :STMicroelectronics X-CUBE-NFC4 3.0.0
2023-09-20 16:04:51,710 [INFO] ThirdParty:1030 - CMSIS Pack Vendor :SEGGER I-CUBE-embOS 1.2.0
2023-09-20 16:04:51,710 [INFO] ThirdParty:1030 - CMSIS Pack Vendor :STMicroelectronics X-CUBE-SUBG2 5.0.0
2023-09-20 16:04:51,710 [INFO] ThirdParty:1030 - CMSIS Pack Vendor :STMicroelectronics STM32_WPAN 1.0.0
2023-09-20 16:04:51,710 [INFO] ThirdParty:1030 - CMSIS Pack Vendor :STMicroelectronics lwIP 2.0.3
2023-09-20 16:04:51,710 [INFO] ThirdParty:1030 - CMSIS Pack Vendor :STMicroelectronics FP-SNS-FLIGHT1 5.0.2
2023-09-20 16:04:51,710 [INFO] ThirdParty:1030 - CMSIS Pack Vendor :STMicroelectronics X-CUBE-BLE2 3.2.2
2023-09-20 16:04:51,710 [INFO] ThirdParty:1030 - CMSIS Pack Vendor :STMicroelectronics X-CUBE-NFC4 2.0.4
2023-09-20 16:04:51,710 [INFO] ThirdParty:1030 - CMSIS Pack Vendor :STMicroelectronics USB_HOST 1.0.0
2023-09-20 16:04:51,710 [INFO] ThirdParty:1030 - CMSIS Pack Vendor :STMicroelectronics X-CUBE-TOF1 3.3.1
2023-09-20 16:04:51,710 [INFO] ThirdParty:1030 - CMSIS Pack Vendor :STMicroelectronics X-CUBE-AZRTOS-G4 2.0.0
2023-09-20 16:04:51,710 [INFO] ThirdParty:1030 - CMSIS Pack Vendor :STMicroelectronics PDM2PCM 3.1.0
2023-09-20 16:04:51,710 [INFO] ThirdParty:1030 - CMSIS Pack Vendor :STMicroelectronics X-CUBE-AZRTOS-H7 3.1.0
2023-09-20 16:04:51,710 [INFO] ThirdParty:1030 - CMSIS Pack Vendor :STMicroelectronics FP-ATR-ASTRA1 1.1.1
2023-09-20 16:04:51,710 [INFO] ThirdParty:1030 - CMSIS Pack Vendor :STMicroelectronics PDM2PCM 3.3.0
2023-09-20 16:04:51,710 [INFO] ThirdParty:1030 - CMSIS Pack Vendor :STMicroelectronics X-CUBE-TOF1 3.1.0
2023-09-20 16:04:51,710 [INFO] ThirdParty:1030 - CMSIS Pack Vendor :STMicroelectronics X-CUBE-SFXS2LP1 3.1.0
2023-09-20 16:04:51,710 [INFO] ThirdParty:1030 - CMSIS Pack Vendor :STMicroelectronics FP-ATR-ASTRA1 1.1.0
2023-09-20 16:04:51,711 [INFO] ThirdParty:1030 - CMSIS Pack Vendor :STMicroelectronics X-CUBE-DISPLAY 3.0.0
2023-09-20 16:04:51,711 [INFO] ThirdParty:1030 - CMSIS Pack Vendor :STMicroelectronics X-CUBE-AZRTOS-F4 1.0.0
2023-09-20 16:04:51,711 [INFO] ThirdParty:1030 - CMSIS Pack Vendor :STMicroelectronics X-CUBE-BLE1 7.0.0
2023-09-20 16:04:51,711 [INFO] ThirdParty:1030 - CMSIS Pack Vendor :STMicroelectronics FP-ATR-SIGFOX1 3.2.0
2023-09-20 16:04:51,711 [INFO] ThirdParty:1030 - CMSIS Pack Vendor :STMicroelectronics X-CUBE-AZRTOS-G4 1.0.0
2023-09-20 16:04:51,711 [INFO] ThirdParty:1030 - CMSIS Pack Vendor :wolfSSL I-CUBE-wolfSSL 5.3.0
2023-09-20 16:04:51,711 [INFO] ThirdParty:1030 - CMSIS Pack Vendor :STMicroelectronics X-CUBE-AZRTOS-L4 1.0.0
2023-09-20 16:04:51,711 [INFO] ThirdParty:1030 - CMSIS Pack Vendor :STMicroelectronics HAL Drivers 0.0.0
2023-09-20 16:04:51,711 [INFO] ThirdParty:1030 - CMSIS Pack Vendor :STMicroelectronics MBEDTLS 2.16.2
2023-09-20 16:04:51,711 [INFO] ThirdParty:1030 - CMSIS Pack Vendor :emotas I-CUBE-CANOPEN 1.1.2
2023-09-20 16:04:51,711 [INFO] ThirdParty:1030 - CMSIS Pack Vendor :STMicroelectronics X-CUBE-TOUCHGFX 4.20.0
2023-09-20 16:04:51,711 [INFO] ThirdParty:1030 - CMSIS Pack Vendor :STMicroelectronics X-CUBE-FREERTOS 1.1.0
2023-09-20 16:04:51,711 [INFO] ThirdParty:1030 - CMSIS Pack Vendor :STMicroelectronics X-CUBE-TOUCHGFX 4.22.0
2023-09-20 16:04:51,711 [INFO] ThirdParty:1030 - CMSIS Pack Vendor :STMicroelectronics X-CUBE-NFC7 1.0.1
2023-09-20 16:04:51,711 [INFO] ThirdParty:1030 - CMSIS Pack Vendor :STMicroelectronics MBEDTLS 2.14.1
2023-09-20 16:04:51,711 [INFO] ThirdParty:1030 - CMSIS Pack Vendor :STMicroelectronics X-CUBE-NFC7 1.0.0
2023-09-20 16:04:51,711 [INFO] ThirdParty:1030 - CMSIS Pack Vendor :STMicroelectronics X-CUBE-AZRTOS-F7 1.0.0
2023-09-20 16:04:51,711 [INFO] ThirdParty:1030 - CMSIS Pack Vendor :STMicroelectronics X-CUBE-AZRTOS-WL 1.0.0
2023-09-20 16:04:51,711 [INFO] ThirdParty:1030 - CMSIS Pack Vendor :STMicroelectronics X-CUBE-NFC6 3.0.0
2023-09-20 16:04:51,711 [INFO] ThirdParty:1030 - CMSIS Pack Vendor :STMicroelectronics X-CUBE-MEMS1 9.3.0
2023-09-20 16:04:51,711 [INFO] ThirdParty:1030 - CMSIS Pack Vendor :STMicroelectronics X-CUBE-EEPRMA1 4.1.0
2023-09-20 16:04:51,712 [INFO] ThirdParty:1030 - CMSIS Pack Vendor :portGmbH I-Cube-SoM-uGOAL 1.1.0
2023-09-20 16:04:51,712 [INFO] ThirdParty:1030 - CMSIS Pack Vendor :STMicroelectronics X-CUBE-ALS 1.0.1
2023-09-20 16:04:51,712 [INFO] ThirdParty:1030 - CMSIS Pack Vendor :STMicroelectronics X-CUBE-AI 7.2.0
2023-09-20 16:04:51,712 [INFO] ThirdParty:1030 - CMSIS Pack Vendor :STMicroelectronics ThreadX 1.0.0
2023-09-20 16:04:51,712 [INFO] ThirdParty:1030 - CMSIS Pack Vendor :STMicroelectronics FP-SNS-SMARTAG2 1.2.0
2023-09-20 16:04:51,712 [INFO] ThirdParty:1030 - CMSIS Pack Vendor :STMicroelectronics X-CUBE-AZRTOS-WL 2.0.0
2023-09-20 16:04:51,712 [INFO] ThirdParty:1030 - CMSIS Pack Vendor :SEGGER I-CUBE-embOS 1.3.1
2023-09-20 16:04:51,712 [INFO] ThirdParty:1030 - CMSIS Pack Vendor :STMicroelectronics X-CUBE-AZRTOS-L5 1.0.0
2023-09-20 16:04:51,712 [INFO] ThirdParty:1030 - CMSIS Pack Vendor :STMicroelectronics USB_DEVICE 1.0.0
2023-09-20 16:04:51,712 [INFO] ThirdParty:1030 - CMSIS Pack Vendor :STMicroelectronics X-CUBE-AI 8.1.0
2023-09-20 16:04:51,712 [INFO] ThirdParty:1030 - CMSIS Pack Vendor :STMicroelectronics X-CUBE-AZRTOS-G0 1.0.0
2023-09-20 16:04:51,712 [INFO] ThirdParty:1030 - CMSIS Pack Vendor :STMicroelectronics X-CUBE-EEPRMA1 3.1.1
2023-09-20 16:04:51,712 [INFO] ThirdParty:1030 - CMSIS Pack Vendor :STMicroelectronics X-CUBE-AZRTOS-L4 2.0.0
2023-09-20 16:04:51,712 [INFO] ThirdParty:1030 - CMSIS Pack Vendor :STMicroelectronics X-CUBE-GNSS1 5.2.0
2023-09-20 16:04:51,712 [INFO] ThirdParty:1030 - CMSIS Pack Vendor :STMicroelectronics ThreadX 0.0.2
2023-09-20 16:04:51,712 [INFO] ThirdParty:1030 - CMSIS Pack Vendor :WES I-CUBE-Cesium 1.3.0
2023-09-20 16:04:51,712 [INFO] ThirdParty:1030 - CMSIS Pack Vendor :STMicroelectronics FP-ATR-ASTRA1 2.0.0
2023-09-20 16:04:51,712 [INFO] ThirdParty:1030 - CMSIS Pack Vendor :STMicroelectronics lwIP 2.1.2
2023-09-20 16:04:51,712 [INFO] ThirdParty:1030 - CMSIS Pack Vendor :STMicroelectronics X-CUBE-SFXS2LP1 4.0.0
2023-09-20 16:04:51,712 [INFO] ThirdParty:1030 - CMSIS Pack Vendor :STMicroelectronics X-CUBE-BLE2 3.3.0
2023-09-20 16:04:51,712 [INFO] ThirdParty:1030 - CMSIS Pack Vendor :STMicroelectronics X-CUBE-DISPLAY 2.2.0
2023-09-20 16:04:51,712 [INFO] ThirdParty:1030 - CMSIS Pack Vendor :STMicroelectronics X-CUBE-TOF1 3.2.0
2023-09-20 16:04:51,712 [INFO] ThirdParty:1030 - CMSIS Pack Vendor :STMicroelectronics PDM2PCM 3.2.0
2023-09-20 16:04:51,712 [INFO] ThirdParty:1030 - CMSIS Pack Vendor :STMicroelectronics X-CUBE-TOF1 3.0.0
2023-09-20 16:04:51,712 [INFO] ThirdParty:1030 - CMSIS Pack Vendor :STMicroelectronics X-CUBE-ISPU 1.0.0
2023-09-20 16:04:51,712 [INFO] ThirdParty:841 - exiting critical section [change project]
2023-09-20 16:04:51,959 [INFO] PinOutPanel:1499 - setPackage(No Configuration,No Configuration)
2023-09-20 16:04:51,961 [INFO] PinOutPanel:1499 - setPackage(STM32F103C6Tx,LQFP48)
2023-09-20 16:04:52,565 [INFO] UtilMem:75 - Before build in PCC Used Memory: 462171104 Bytes (963641344)
2023-09-20 16:04:53,801 [INFO] UtilMem:75 - After build in PCC Used Memory: 557700152 Bytes (963641344)
2023-09-20 16:04:53,828 [INFO] IPUIPlugin:80 - create IPUIPlugin
2023-09-20 16:04:53,829 [INFO] IPUIPlugin:80 - create IPUIPlugin
2023-09-20 16:04:53,829 [INFO] IPUIPlugin:80 - create IPUIPlugin
2023-09-20 16:04:53,829 [INFO] IPUIPlugin:80 - create IPUIPlugin
2023-09-20 16:04:53,829 [INFO] IPUIPlugin:80 - create IPUIPlugin
2023-09-20 16:04:53,829 [INFO] IPUIPlugin:80 - create IPUIPlugin
2023-09-20 16:04:53,829 [INFO] IPUIPlugin:80 - create IPUIPlugin
2023-09-20 16:04:53,829 [INFO] IPUIPlugin:80 - create IPUIPlugin
2023-09-20 16:04:53,829 [INFO] IPUIPlugin:80 - create IPUIPlugin
2023-09-20 16:04:53,829 [INFO] IPUIPlugin:80 - create IPUIPlugin
2023-09-20 16:04:53,829 [INFO] IPUIPlugin:80 - create IPUIPlugin
2023-09-20 16:04:53,830 [INFO] IPUIPlugin:80 - create IPUIPlugin
2023-09-20 16:04:53,830 [INFO] IPUIPlugin:80 - create IPUIPlugin
2023-09-20 16:04:53,830 [INFO] IPUIPlugin:80 - create IPUIPlugin
2023-09-20 16:04:53,830 [INFO] IPUIPlugin:80 - create IPUIPlugin
2023-09-20 16:04:53,830 [INFO] IPUIPlugin:80 - create IPUIPlugin
2023-09-20 16:04:53,830 [INFO] IPUIPlugin:80 - create IPUIPlugin
2023-09-20 16:04:53,831 [INFO] IPUIPlugin:80 - create IPUIPlugin
2023-09-20 16:04:53,831 [INFO] IPUIPlugin:80 - create IPUIPlugin
2023-09-20 16:04:53,831 [INFO] IPUIPlugin:80 - create IPUIPlugin
2023-09-20 16:04:53,831 [INFO] IPUIPlugin:80 - create IPUIPlugin
2023-09-20 16:04:53,831 [INFO] IPUIPlugin:80 - create IPUIPlugin
2023-09-20 16:04:53,832 [INFO] IPUIPlugin:80 - create IPUIPlugin
2023-09-20 16:04:54,165 [INFO] CADModel:165 - CPN selected for project levelSTM32F103C6T6A
2023-09-20 16:04:54,166 [INFO] CADModel:114 - Register for checkConnection events
2023-09-20 16:04:54,233 [INFO] OpenFileManager:328 - Restore cursor
2023-09-20 16:04:57,227 [INFO] UtilMem:75 - End SaveConfig() Used Memory: 489679016 Bytes (963641344)
2023-09-20 16:04:57,317 [INFO] UtilMem:75 - End SaveConfig() Used Memory: 501213360 Bytes (963641344)
2023-09-20 16:04:57,732 [INFO] BlockDiagram:2759 - set Specific Code input for plugin: NVIC
2023-09-20 16:04:57,733 [INFO] BlockDiagram:2759 - set Specific Code input for plugin: RCC
2023-09-20 16:04:57,734 [INFO] CodeGenerator:799 - code generatio: config db path: C:\ST\STM32CubeIDE_1.9.0\STM32CubeIDE\plugins\com.st.stm32cube.common.mx_6.9.2.202309101412\\db\
2023-09-20 16:04:57,970 [INFO] CodeEngine:255 - oldGeneratedFile, C:\Users\truon\PROJECTS\STM32\LAB1\Ex4\Ex4\MXTmpFiles\license.tmp_save
2023-09-20 16:04:58,435 [INFO] CodeEngine:279 - Generated code: C:\Users\truon\PROJECTS\STM32\LAB1\Ex4\Ex4\MXTmpFiles\license.tmp
2023-09-20 16:04:58,455 [INFO] CodeEngine:255 - oldGeneratedFile, C:\Users\truon\PROJECTS\STM32\LAB1\Ex4\Ex4\Core\Src\stm32f1xx_it.c_save
2023-09-20 16:04:58,642 [INFO] CodeEngine:279 - Generated code: C:\Users\truon\PROJECTS\STM32\LAB1\Ex4\Ex4\Core\Src\stm32f1xx_it.c
2023-09-20 16:04:58,649 [INFO] CodeEngine:255 - oldGeneratedFile, C:\Users\truon\PROJECTS\STM32\LAB1\Ex4\Ex4\Core\Inc\stm32f1xx_it.h_save
2023-09-20 16:04:58,756 [INFO] CodeEngine:279 - Generated code: C:\Users\truon\PROJECTS\STM32\LAB1\Ex4\Ex4\Core\Inc\stm32f1xx_it.h
2023-09-20 16:04:58,903 [INFO] CodeEngine:255 - oldGeneratedFile, C:\Users\truon\PROJECTS\STM32\LAB1\Ex4\Ex4\Core\Src\stm32f1xx_hal_msp.c_save
2023-09-20 16:04:59,031 [INFO] CodeEngine:279 - Generated code: C:\Users\truon\PROJECTS\STM32\LAB1\Ex4\Ex4\Core\Src\stm32f1xx_hal_msp.c
2023-09-20 16:04:59,037 [INFO] CodeEngine:255 - oldGeneratedFile, C:\Users\truon\PROJECTS\STM32\LAB1\Ex4\Ex4\MXTmpFiles\system.tmp_save
2023-09-20 16:04:59,114 [INFO] CodeEngine:279 - Generated code: C:\Users\truon\PROJECTS\STM32\LAB1\Ex4\Ex4\MXTmpFiles\system.tmp
2023-09-20 16:04:59,126 [INFO] CodeEngine:311 - oldGeneratedFile, C:\Users\truon\PROJECTS\STM32\LAB1\Ex4\Ex4\Core\Inc\stm32f1xx_hal_conf.h_save
2023-09-20 16:04:59,236 [INFO] CodeEngine:335 - Generated code: C:\Users\truon\PROJECTS\STM32\LAB1\Ex4\Ex4\Core\Inc\stm32f1xx_hal_conf.h
2023-09-20 16:04:59,282 [INFO] CodeEngine:255 - oldGeneratedFile, C:\Users\truon\PROJECTS\STM32\LAB1\Ex4\Ex4\Core\Inc\main.h_save
2023-09-20 16:04:59,399 [INFO] CodeEngine:279 - Generated code: C:\Users\truon\PROJECTS\STM32\LAB1\Ex4\Ex4\Core\Inc\main.h
2023-09-20 16:04:59,404 [INFO] CodeEngine:255 - oldGeneratedFile, C:\Users\truon\PROJECTS\STM32\LAB1\Ex4\Ex4\Core\Src\main.c_save
2023-09-20 16:04:59,553 [INFO] CodeEngine:279 - Generated code: C:\Users\truon\PROJECTS\STM32\LAB1\Ex4\Ex4\Core\Src\main.c
2023-09-20 16:05:00,261 [INFO] ProjectBuilder:3064 - Time for Copy HAL[1] : 242mS.
2023-09-20 16:05:00,280 [INFO] ProjectBuilder:4404 - Project Generator version: 4.1.0
2023-09-20 16:05:00,587 [INFO] ConfigFileManager:1457 - The Die is : DIE412
2023-09-20 16:05:00,612 [INFO] ApiDbMcu:507 - Load IP Config File for FATFS
2023-09-20 16:05:00,635 [INFO] ApiDbMcu:507 - Load IP Config File for FREERTOS
2023-09-20 16:05:00,653 [INFO] ApiDbMcu:507 - Load IP Config File for USB_DEVICE
2023-09-20 16:05:01,316 [INFO] LogOutputStream:77 - [STDOUT_REDIRECT] 
2023-09-20 16:05:03,482 [INFO] ProjectBuilder:4626 - Time for Generating toolchain IDE Files: 3202mS.
2023-09-20 16:05:03,484 [INFO] ProjectBuilder:2935 - Time for Copy CMSIS : 0mS.
2023-09-20 16:05:03,486 [INFO] ProjectBuilder:2935 - Time for Copy CMSIS : 0mS.
2023-09-20 16:05:04,255 [INFO] McuFinderGlobals:76 - Set McuFinderConnectedMode to true
2023-09-20 16:05:04,258 [INFO] ApiDb:448 - Save user favorites file C:\Users\truon/.stm32cubeide/favorites.mcus.txt: 0 item(s)
2023-09-20 16:05:04,258 [INFO] ApiDb:452 - User favorites MCUs=[]
2023-09-20 16:08:58,216 [INFO] UtilMem:75 - End SaveConfig() Used Memory: 728199224 Bytes (1073741824)
2023-09-20 16:08:59,911 [INFO] UtilMem:75 - End SaveConfig() Used Memory: 532726560 Bytes (1073741824)
2023-09-20 16:09:02,508 [INFO] UtilMem:75 - End SaveConfig() Used Memory: 682258832 Bytes (1073741824)
2023-09-20 16:09:02,822 [INFO] BlockDiagram:2759 - set Specific Code input for plugin: NVIC
2023-09-20 16:09:02,822 [INFO] BlockDiagram:2759 - set Specific Code input for plugin: GPIO
2023-09-20 16:09:02,822 [INFO] BlockDiagram:2759 - set Specific Code input for plugin: RCC
2023-09-20 16:09:02,824 [INFO] CodeGenerator:799 - code generatio: config db path: C:\ST\STM32CubeIDE_1.9.0\STM32CubeIDE\plugins\com.st.stm32cube.common.mx_6.9.2.202309101412\\db\
2023-09-20 16:09:02,948 [INFO] CodeEngine:255 - oldGeneratedFile, C:\Users\truon\PROJECTS\STM32\LAB1\Ex4\Ex4\MXTmpFiles\license.tmp_save
2023-09-20 16:09:03,059 [INFO] CodeEngine:279 - Generated code: C:\Users\truon\PROJECTS\STM32\LAB1\Ex4\Ex4\MXTmpFiles\license.tmp
2023-09-20 16:09:03,161 [INFO] CodeEngine:255 - oldGeneratedFile, C:\Users\truon\PROJECTS\STM32\LAB1\Ex4\Ex4\MXTmpFiles\gpio.tmp_save
2023-09-20 16:09:03,294 [INFO] CodeEngine:279 - Generated code: C:\Users\truon\PROJECTS\STM32\LAB1\Ex4\Ex4\MXTmpFiles\gpio.tmp
2023-09-20 16:09:03,316 [INFO] CodeEngine:255 - oldGeneratedFile, C:\Users\truon\PROJECTS\STM32\LAB1\Ex4\Ex4\Core\Src\stm32f1xx_it.c_save
2023-09-20 16:09:03,390 [INFO] CodeEngine:279 - Generated code: C:\Users\truon\PROJECTS\STM32\LAB1\Ex4\Ex4\Core\Src\stm32f1xx_it.c
2023-09-20 16:09:03,399 [INFO] CodeEngine:255 - oldGeneratedFile, C:\Users\truon\PROJECTS\STM32\LAB1\Ex4\Ex4\Core\Inc\stm32f1xx_it.h_save
2023-09-20 16:09:03,460 [INFO] CodeEngine:279 - Generated code: C:\Users\truon\PROJECTS\STM32\LAB1\Ex4\Ex4\Core\Inc\stm32f1xx_it.h
2023-09-20 16:09:03,497 [INFO] CodeEngine:255 - oldGeneratedFile, C:\Users\truon\PROJECTS\STM32\LAB1\Ex4\Ex4\Core\Src\stm32f1xx_hal_msp.c_save
2023-09-20 16:09:03,577 [INFO] CodeEngine:279 - Generated code: C:\Users\truon\PROJECTS\STM32\LAB1\Ex4\Ex4\Core\Src\stm32f1xx_hal_msp.c
2023-09-20 16:09:03,583 [INFO] CodeEngine:255 - oldGeneratedFile, C:\Users\truon\PROJECTS\STM32\LAB1\Ex4\Ex4\MXTmpFiles\system.tmp_save
2023-09-20 16:09:03,641 [INFO] CodeEngine:279 - Generated code: C:\Users\truon\PROJECTS\STM32\LAB1\Ex4\Ex4\MXTmpFiles\system.tmp
2023-09-20 16:09:03,660 [INFO] CodeEngine:311 - oldGeneratedFile, C:\Users\truon\PROJECTS\STM32\LAB1\Ex4\Ex4\Core\Inc\stm32f1xx_hal_conf.h_save
2023-09-20 16:09:03,757 [INFO] CodeEngine:335 - Generated code: C:\Users\truon\PROJECTS\STM32\LAB1\Ex4\Ex4\Core\Inc\stm32f1xx_hal_conf.h
2023-09-20 16:09:03,824 [INFO] CodeEngine:255 - oldGeneratedFile, C:\Users\truon\PROJECTS\STM32\LAB1\Ex4\Ex4\Core\Inc\main.h_save
2023-09-20 16:09:03,924 [INFO] CodeEngine:279 - Generated code: C:\Users\truon\PROJECTS\STM32\LAB1\Ex4\Ex4\Core\Inc\main.h
2023-09-20 16:09:03,943 [INFO] CodeEngine:255 - oldGeneratedFile, C:\Users\truon\PROJECTS\STM32\LAB1\Ex4\Ex4\Core\Src\main.c_save
2023-09-20 16:09:04,047 [INFO] CodeEngine:279 - Generated code: C:\Users\truon\PROJECTS\STM32\LAB1\Ex4\Ex4\Core\Src\main.c
2023-09-20 16:09:04,507 [INFO] ProjectBuilder:3064 - Time for Copy HAL[1] : 176mS.
2023-09-20 16:09:04,511 [INFO] ProjectBuilder:4404 - Project Generator version: 4.1.0
2023-09-20 16:09:04,780 [INFO] ConfigFileManager:1457 - The Die is : DIE412
2023-09-20 16:09:05,994 [INFO] ProjectBuilder:4626 - Time for Generating toolchain IDE Files: 1482mS.
2023-09-20 16:09:05,994 [INFO] ProjectBuilder:2935 - Time for Copy CMSIS : 0mS.
2023-09-20 16:09:05,998 [INFO] ProjectBuilder:2935 - Time for Copy CMSIS : 0mS.
2023-09-20 19:35:37,289 [INFO] UtilMem:75 - End SaveConfig() Used Memory: 241071920 Bytes (835715072)
2023-09-20 19:35:39,802 [INFO] UtilMem:75 - End SaveConfig() Used Memory: 246301368 Bytes (814743552)
2023-09-20 19:35:42,102 [INFO] UtilMem:75 - End SaveConfig() Used Memory: 288778312 Bytes (814743552)
2023-09-20 19:35:42,296 [INFO] BlockDiagram:2759 - set Specific Code input for plugin: NVIC
2023-09-20 19:35:42,296 [INFO] BlockDiagram:2759 - set Specific Code input for plugin: GPIO
2023-09-20 19:35:42,296 [INFO] BlockDiagram:2759 - set Specific Code input for plugin: RCC
2023-09-20 19:35:42,297 [INFO] CodeGenerator:799 - code generatio: config db path: C:\ST\STM32CubeIDE_1.9.0\STM32CubeIDE\plugins\com.st.stm32cube.common.mx_6.9.2.202309101412\\db\
2023-09-20 19:35:42,413 [INFO] CodeEngine:255 - oldGeneratedFile, C:\Users\truon\PROJECTS\STM32\LAB1\Ex4\Ex4\MXTmpFiles\license.tmp_save
2023-09-20 19:35:42,502 [INFO] CodeEngine:279 - Generated code: C:\Users\truon\PROJECTS\STM32\LAB1\Ex4\Ex4\MXTmpFiles\license.tmp
2023-09-20 19:35:42,540 [INFO] CodeEngine:255 - oldGeneratedFile, C:\Users\truon\PROJECTS\STM32\LAB1\Ex4\Ex4\MXTmpFiles\gpio.tmp_save
2023-09-20 19:35:42,633 [INFO] CodeEngine:279 - Generated code: C:\Users\truon\PROJECTS\STM32\LAB1\Ex4\Ex4\MXTmpFiles\gpio.tmp
2023-09-20 19:35:42,662 [INFO] CodeEngine:255 - oldGeneratedFile, C:\Users\truon\PROJECTS\STM32\LAB1\Ex4\Ex4\Core\Src\stm32f1xx_it.c_save
2023-09-20 19:35:42,812 [INFO] CodeEngine:279 - Generated code: C:\Users\truon\PROJECTS\STM32\LAB1\Ex4\Ex4\Core\Src\stm32f1xx_it.c
2023-09-20 19:35:42,827 [INFO] CodeEngine:255 - oldGeneratedFile, C:\Users\truon\PROJECTS\STM32\LAB1\Ex4\Ex4\Core\Inc\stm32f1xx_it.h_save
2023-09-20 19:35:42,889 [INFO] CodeEngine:279 - Generated code: C:\Users\truon\PROJECTS\STM32\LAB1\Ex4\Ex4\Core\Inc\stm32f1xx_it.h
2023-09-20 19:35:42,927 [INFO] CodeEngine:255 - oldGeneratedFile, C:\Users\truon\PROJECTS\STM32\LAB1\Ex4\Ex4\Core\Src\stm32f1xx_hal_msp.c_save
2023-09-20 19:35:43,018 [INFO] CodeEngine:279 - Generated code: C:\Users\truon\PROJECTS\STM32\LAB1\Ex4\Ex4\Core\Src\stm32f1xx_hal_msp.c
2023-09-20 19:35:43,029 [INFO] CodeEngine:255 - oldGeneratedFile, C:\Users\truon\PROJECTS\STM32\LAB1\Ex4\Ex4\MXTmpFiles\system.tmp_save
2023-09-20 19:35:43,078 [INFO] CodeEngine:279 - Generated code: C:\Users\truon\PROJECTS\STM32\LAB1\Ex4\Ex4\MXTmpFiles\system.tmp
2023-09-20 19:35:43,108 [INFO] CodeEngine:311 - oldGeneratedFile, C:\Users\truon\PROJECTS\STM32\LAB1\Ex4\Ex4\Core\Inc\stm32f1xx_hal_conf.h_save
2023-09-20 19:35:43,208 [INFO] CodeEngine:335 - Generated code: C:\Users\truon\PROJECTS\STM32\LAB1\Ex4\Ex4\Core\Inc\stm32f1xx_hal_conf.h
2023-09-20 19:35:43,259 [INFO] CodeEngine:255 - oldGeneratedFile, C:\Users\truon\PROJECTS\STM32\LAB1\Ex4\Ex4\Core\Inc\main.h_save
2023-09-20 19:35:43,334 [INFO] CodeEngine:279 - Generated code: C:\Users\truon\PROJECTS\STM32\LAB1\Ex4\Ex4\Core\Inc\main.h
2023-09-20 19:35:43,353 [INFO] CodeEngine:255 - oldGeneratedFile, C:\Users\truon\PROJECTS\STM32\LAB1\Ex4\Ex4\Core\Src\main.c_save
2023-09-20 19:35:43,457 [INFO] CodeEngine:279 - Generated code: C:\Users\truon\PROJECTS\STM32\LAB1\Ex4\Ex4\Core\Src\main.c
2023-09-20 19:35:43,977 [INFO] ProjectBuilder:3064 - Time for Copy HAL[1] : 134mS.
2023-09-20 19:35:43,981 [INFO] ProjectBuilder:4404 - Project Generator version: 4.1.0
2023-09-20 19:35:44,101 [INFO] ConfigFileManager:1457 - The Die is : DIE412
2023-09-20 19:35:45,338 [INFO] ProjectBuilder:4626 - Time for Generating toolchain IDE Files: 1357mS.
2023-09-20 19:35:45,339 [INFO] ProjectBuilder:2935 - Time for Copy CMSIS : 1mS.
2023-09-20 19:35:45,342 [INFO] ProjectBuilder:2935 - Time for Copy CMSIS : 0mS.
2023-09-20 19:38:24,245 [ERROR] LogOutputStream:75 - [STDERR_REDIRECT] 
