2023-10-01 16:14:10,961 [INFO] Activator:176 - 


2023-10-01 16:14:10,967 [INFO] Activator:177 - !SESSION log4j initialized
2023-10-01 16:14:15,553 [INFO] LogOutputStream:77 - [STDOUT_REDIRECT] 
2023-10-01 16:14:17,780 [INFO] ApplicationProperties:184 - Using Application install path: C:\ST\STM32CubeIDE_1.9.0\STM32CubeIDE\plugins\com.st.stm32cube.common.mx_6.9.2.202309101412
2023-10-01 16:14:17,797 [INFO] DbMcusXml:78 - Set database path to: C:\ST\STM32CubeIDE_1.9.0\STM32CubeIDE\plugins\com.st.stm32cube.common.mx_6.9.2.202309101412\\db\/mcu/
2023-10-01 16:14:17,798 [INFO] ApiDb:274 - Set plugin database path to: C:\ST\STM32CubeIDE_1.9.0\STM32CubeIDE\plugins\com.st.stm32cube.common.mx_6.9.2.202309101412\\db\/plugins/boardmanager/
2023-10-01 16:14:17,798 [WARN] ApiDb:259 - Overriding images path with different value:  => C:\ST\STM32CubeIDE_1.9.0\STM32CubeIDE\plugins\com.st.stm32cube.common.mx_6.9.2.202309101412\\db\/plugins/mcufinder/images/
2023-10-01 16:14:17,806 [INFO] ApiDb:250 - Set database path to: C:\Users\truon\.stmcufinder\plugins\mcufinder//mcu/
2023-10-01 16:14:17,808 [INFO] DbMcusAds:125 - Set database path to: C:\Users\truon\.stmcufinder\plugins\mcufinder//mcu/
2023-10-01 16:14:18,444 [INFO] CrossReferenceDbSqlite:203 - Set database path to: C:\Users\truon\.stmcufinder\plugins\mcufinder//mcu/cs/
2023-10-01 16:14:18,534 [INFO] RulesReader:64 - Compatibility file has been processed (293 Rules)
2023-10-01 16:14:18,602 [INFO] DbMcusXml:78 - Set database path to: C:\ST\STM32CubeIDE_1.9.0\STM32CubeIDE\plugins\com.st.stm32cube.common.mx_6.9.2.202309101412\\db\/mcu/
2023-10-01 16:14:18,602 [INFO] ApiDb:274 - Set plugin database path to: C:\ST\STM32CubeIDE_1.9.0\STM32CubeIDE\plugins\com.st.stm32cube.common.mx_6.9.2.202309101412\\db\/plugins/boardmanager/
2023-10-01 16:14:18,602 [INFO] ApiDb:261 - Set plugin images path to: C:\ST\STM32CubeIDE_1.9.0\STM32CubeIDE\plugins\com.st.stm32cube.common.mx_6.9.2.202309101412\\db\/plugins/mcufinder/images/
2023-10-01 16:14:18,603 [WARN] DbFile:41 - Overriding database path with different value: C:\Users\truon\.stmcufinder\plugins\mcufinder/ => C:\Users\truon\.stmcufinder\plugins\mcufinder
2023-10-01 16:14:18,603 [INFO] ApiDb:250 - Set database path to: C:\Users\truon\.stmcufinder\plugins\mcufinder//mcu/
2023-10-01 16:14:18,603 [WARN] DbFile:41 - Overriding database path with different value: C:\Users\truon\.stmcufinder\plugins\mcufinder/ => C:\Users\truon\.stmcufinder\plugins\mcufinder
2023-10-01 16:14:18,603 [INFO] DbMcusAds:125 - Set database path to: C:\Users\truon\.stmcufinder\plugins\mcufinder//mcu/
2023-10-01 16:14:18,603 [WARN] DbFile:41 - Overriding database path with different value: C:\Users\truon\.stmcufinder\plugins\mcufinder/ => C:\Users\truon\.stmcufinder\plugins\mcufinder
2023-10-01 16:14:18,603 [WARN] DbFile:41 - Overriding database path with different value: C:\Users\truon\.stmcufinder\plugins\mcufinder/ => C:\Users\truon\.stmcufinder\plugins\mcufinder
2023-10-01 16:14:19,451 [INFO] CrossReferenceDbSqlite:203 - Set database path to: C:\Users\truon\.stmcufinder\plugins\mcufinder//mcu/cs/
2023-10-01 16:14:19,508 [INFO] MainPanel:262 - HeapMemory: 268435456
2023-10-01 16:14:19,576 [INFO] DbMcusXml:78 - Set database path to: C:\ST\STM32CubeIDE_1.9.0\STM32CubeIDE\plugins\com.st.stm32cube.common.mx_6.9.2.202309101412\\db\/mcu/
2023-10-01 16:14:19,576 [INFO] ApiDb:274 - Set plugin database path to: C:\ST\STM32CubeIDE_1.9.0\STM32CubeIDE\plugins\com.st.stm32cube.common.mx_6.9.2.202309101412\\db\/plugins/boardmanager/
2023-10-01 16:14:19,576 [INFO] ApiDb:261 - Set plugin images path to: C:\ST\STM32CubeIDE_1.9.0\STM32CubeIDE\plugins\com.st.stm32cube.common.mx_6.9.2.202309101412\\db\/plugins/mcufinder/images/
2023-10-01 16:14:19,576 [WARN] DbFile:41 - Overriding database path with different value: C:\Users\truon\.stmcufinder\plugins\mcufinder/ => C:\Users\truon\.stmcufinder\plugins\mcufinder
2023-10-01 16:14:19,576 [INFO] ApiDb:250 - Set database path to: C:\Users\truon\.stmcufinder\plugins\mcufinder//mcu/
2023-10-01 16:14:19,576 [WARN] DbFile:41 - Overriding database path with different value: C:\Users\truon\.stmcufinder\plugins\mcufinder/ => C:\Users\truon\.stmcufinder\plugins\mcufinder
2023-10-01 16:14:19,577 [INFO] DbMcusAds:125 - Set database path to: C:\Users\truon\.stmcufinder\plugins\mcufinder//mcu/
2023-10-01 16:14:19,577 [WARN] DbFile:41 - Overriding database path with different value: C:\Users\truon\.stmcufinder\plugins\mcufinder/ => C:\Users\truon\.stmcufinder\plugins\mcufinder
2023-10-01 16:14:19,577 [WARN] DbFile:41 - Overriding database path with different value: C:\Users\truon\.stmcufinder\plugins\mcufinder/ => C:\Users\truon\.stmcufinder\plugins\mcufinder
2023-10-01 16:14:20,450 [INFO] CrossReferenceDbSqlite:203 - Set database path to: C:\Users\truon\.stmcufinder\plugins\mcufinder//mcu/cs/
2023-10-01 16:14:20,466 [INFO] ApplicationProperties:184 - Using Application install path: C:\ST\STM32CubeIDE_1.9.0\STM32CubeIDE\plugins\com.st.stm32cube.common.mx_6.9.2.202309101412
2023-10-01 16:14:20,468 [INFO] PluginManage:196 - Search for loadable plugins [exclusion list=, ]
2023-10-01 16:14:20,469 [INFO] PluginManage:310 - Check plugin analytics
2023-10-01 16:14:21,514 [INFO] AnalyticsPlugin:253 - Accepted Software Licenses: STM32CubeMX.6.5.0
2023-10-01 16:14:21,515 [INFO] AnalyticsPlugin:255 - Accepted CMSIS Pack Licenses: 
2023-10-01 16:14:21,515 [INFO] AnalyticsPlugin:257 - Accepted Firmware Licenses: FW.C0.1.0.0
2023-10-01 16:14:21,517 [INFO] PluginManage:359 - Loaded plugin analytics (category:tool,tabindex:-1)
2023-10-01 16:14:21,517 [INFO] PluginManage:310 - Check plugin cadmodel
2023-10-01 16:14:21,521 [INFO] CADModel:105 - Init CAD model plugin
2023-10-01 16:14:21,521 [INFO] PluginManage:359 - Loaded plugin cadmodel (category:power,tabindex:5)
2023-10-01 16:14:21,521 [INFO] PluginManage:310 - Check plugin clock
2023-10-01 16:14:21,530 [INFO] PluginManage:359 - Loaded plugin clock (category:base,tabindex:2)
2023-10-01 16:14:21,530 [INFO] PluginManage:310 - Check plugin ddr
2023-10-01 16:14:21,531 [INFO] PluginManage:359 - Loaded plugin ddr (category:tool,tabindex:6)
2023-10-01 16:14:21,532 [INFO] PluginManage:310 - Check plugin filemanager
2023-10-01 16:14:21,665 [INFO] PluginManage:359 - Loaded plugin filemanager (category:base,tabindex:10)
2023-10-01 16:14:21,665 [INFO] PluginManage:310 - Check plugin ipmanager
2023-10-01 16:14:21,672 [INFO] PluginManage:359 - Loaded plugin ipmanager (category:base,tabindex:5)
2023-10-01 16:14:21,673 [INFO] PluginManage:310 - Check plugin lpbam
2023-10-01 16:14:21,682 [INFO] PluginManage:359 - Loaded plugin lpbam (category:base,tabindex:0)
2023-10-01 16:14:21,682 [INFO] PluginManage:310 - Check plugin memorymap
2023-10-01 16:14:21,693 [INFO] PluginManage:359 - Loaded plugin memorymap (category:base,tabindex:4)
2023-10-01 16:14:21,694 [INFO] PluginManage:310 - Check plugin pinoutandconfiguration
2023-10-01 16:14:21,698 [INFO] PluginManage:359 - Loaded plugin pinoutandconfiguration (category:base,tabindex:1)
2023-10-01 16:14:21,699 [INFO] PluginManage:310 - Check plugin pinoutconfig
2023-10-01 16:14:21,781 [WARN] SupportedApi:132 - Cannot load RTOS API schema: s4s-elt-must-match.1: The content of 'definitions' must match (annotation?, (simpleType | complexType)?, (unique | key | keyref)*)). A problem was found starting at: attribute.
2023-10-01 16:14:21,884 [INFO] PluginManage:359 - Loaded plugin pinoutconfig (category:base,tabindex:0)
2023-10-01 16:14:21,884 [INFO] PluginManage:310 - Check plugin power
2023-10-01 16:14:21,892 [INFO] PluginManage:359 - Loaded plugin power (category:power,tabindex:4)
2023-10-01 16:14:21,893 [INFO] PluginManage:310 - Check plugin projectmanager
2023-10-01 16:14:21,905 [INFO] PluginManage:359 - Loaded plugin projectmanager (category:projectmanager,tabindex:3)
2023-10-01 16:14:21,905 [INFO] PluginManage:310 - Check plugin thirdparty
2023-10-01 16:14:22,010 [INFO] PluginManage:359 - Loaded plugin thirdparty (category:base,tabindex:-1)
2023-10-01 16:14:22,010 [WARN] IntegrityCheckThread:84 - waiting for thirdparty lock release [integrity check]
2023-10-01 16:14:22,010 [INFO] PluginManage:310 - Check plugin tools
2023-10-01 16:14:22,010 [INFO] IntegrityCheckThread:86 - entering critical section [integrity check]
2023-10-01 16:14:22,010 [INFO] ThirdPartyUpdaterWithRetryManager:70 - Updater plugin not ready yet. [1/15]
2023-10-01 16:14:22,012 [INFO] PluginManage:359 - Loaded plugin tools (category:base,tabindex:7)
2023-10-01 16:14:22,012 [INFO] PluginManage:310 - Check plugin tutovideos
2023-10-01 16:14:22,168 [INFO] PluginManage:359 - Loaded plugin tutovideos (category:base,tabindex:-1)
2023-10-01 16:14:22,168 [INFO] PluginManage:310 - Check plugin updater
2023-10-01 16:14:22,177 [INFO] PluginManage:359 - Loaded plugin updater (category:base,tabindex:12)
2023-10-01 16:14:22,177 [INFO] PluginManage:310 - Check plugin userauth
2023-10-01 16:14:22,182 [INFO] UserAuth:113 - Init User Auth plugin
2023-10-01 16:14:22,182 [INFO] PluginManage:359 - Loaded plugin userauth (category:base,tabindex:14)
2023-10-01 16:14:22,182 [INFO] PluginManage:283 - PluginManage : Loaded plugins [17]
2023-10-01 16:14:22,361 [INFO] PinOutPanel:1499 - setPackage(No Configuration,No Configuration)
2023-10-01 16:14:22,442 [INFO] CADModel:165 - CPN selected for project level
2023-10-01 16:14:22,442 [INFO] CADModel:114 - Register for checkConnection events
2023-10-01 16:14:22,455 [INFO] IPUIPlugin:80 - create IPUIPlugin
2023-10-01 16:14:22,456 [INFO] PluginManager:220 - loadIPPluginJar : add adc
2023-10-01 16:14:22,457 [INFO] IPUIPlugin:80 - create IPUIPlugin
2023-10-01 16:14:22,457 [INFO] PluginManager:220 - loadIPPluginJar : add aes
2023-10-01 16:14:22,459 [INFO] IPUIPlugin:80 - create IPUIPlugin
2023-10-01 16:14:22,459 [INFO] PluginManager:220 - loadIPPluginJar : add can
2023-10-01 16:14:22,460 [INFO] IPUIPlugin:80 - create IPUIPlugin
2023-10-01 16:14:22,460 [INFO] PluginManager:220 - loadIPPluginJar : add comp
2023-10-01 16:14:22,462 [INFO] IPUIPlugin:80 - create IPUIPlugin
2023-10-01 16:14:22,462 [INFO] PluginManager:220 - loadIPPluginJar : add cryp
2023-10-01 16:14:22,464 [INFO] IPUIPlugin:80 - create IPUIPlugin
2023-10-01 16:14:22,464 [INFO] PluginManager:220 - loadIPPluginJar : add dfsdm
2023-10-01 16:14:22,469 [INFO] IPUIPlugin:80 - create IPUIPlugin
2023-10-01 16:14:22,469 [INFO] PluginManager:220 - loadIPPluginJar : add dma
2023-10-01 16:14:22,471 [INFO] IPUIPlugin:80 - create IPUIPlugin
2023-10-01 16:14:22,471 [INFO] PluginManager:220 - loadIPPluginJar : add dma3
2023-10-01 16:14:22,472 [INFO] IPUIPlugin:80 - create IPUIPlugin
2023-10-01 16:14:22,472 [INFO] PluginManager:220 - loadIPPluginJar : add fatfs
2023-10-01 16:14:22,476 [INFO] IPUIPlugin:80 - create IPUIPlugin
2023-10-01 16:14:22,476 [INFO] PluginManager:220 - loadIPPluginJar : add fmc
2023-10-01 16:14:22,480 [INFO] IPUIPlugin:80 - create IPUIPlugin
2023-10-01 16:14:22,480 [INFO] PluginManager:220 - loadIPPluginJar : add freertos
2023-10-01 16:14:22,481 [INFO] IPUIPlugin:80 - create IPUIPlugin
2023-10-01 16:14:22,481 [INFO] PluginManager:220 - loadIPPluginJar : add genericplugin
2023-10-01 16:14:22,483 [INFO] IPUIPlugin:80 - create IPUIPlugin
2023-10-01 16:14:22,484 [INFO] PluginManager:220 - loadIPPluginJar : add gfxmmu
2023-10-01 16:14:22,489 [INFO] IPUIPlugin:80 - create IPUIPlugin
2023-10-01 16:14:22,489 [INFO] PluginManager:220 - loadIPPluginJar : add gic
2023-10-01 16:14:22,494 [INFO] IPUIPlugin:80 - create IPUIPlugin
2023-10-01 16:14:22,494 [INFO] PluginManager:220 - loadIPPluginJar : add gpio
2023-10-01 16:14:22,496 [INFO] IPUIPlugin:80 - create IPUIPlugin
2023-10-01 16:14:22,496 [INFO] PluginManager:220 - loadIPPluginJar : add gtzc
2023-10-01 16:14:22,498 [INFO] IPUIPlugin:80 - create IPUIPlugin
2023-10-01 16:14:22,498 [INFO] PluginManager:220 - loadIPPluginJar : add hash
2023-10-01 16:14:22,501 [INFO] IPUIPlugin:80 - create IPUIPlugin
2023-10-01 16:14:22,501 [INFO] PluginManager:220 - loadIPPluginJar : add i2c
2023-10-01 16:14:22,503 [INFO] IPUIPlugin:80 - create IPUIPlugin
2023-10-01 16:14:22,503 [INFO] PluginManager:220 - loadIPPluginJar : add i2s
2023-10-01 16:14:22,505 [INFO] IPUIPlugin:80 - create IPUIPlugin
2023-10-01 16:14:22,505 [INFO] PluginManager:220 - loadIPPluginJar : add i3c
2023-10-01 16:14:22,508 [INFO] IPUIPlugin:80 - create IPUIPlugin
2023-10-01 16:14:22,508 [INFO] PluginManager:220 - loadIPPluginJar : add ipddr
2023-10-01 16:14:22,514 [INFO] IPUIPlugin:80 - create IPUIPlugin
2023-10-01 16:14:22,515 [INFO] PluginManager:220 - loadIPPluginJar : add linkedlist
2023-10-01 16:14:22,517 [INFO] IPUIPlugin:80 - create IPUIPlugin
2023-10-01 16:14:22,517 [INFO] PluginManager:220 - loadIPPluginJar : add lorawan
2023-10-01 16:14:22,519 [INFO] IPUIPlugin:80 - create IPUIPlugin
2023-10-01 16:14:22,519 [INFO] PluginManager:220 - loadIPPluginJar : add ltdc
2023-10-01 16:14:22,524 [INFO] IPUIPlugin:80 - create IPUIPlugin
2023-10-01 16:14:22,524 [INFO] PluginManager:220 - loadIPPluginJar : add mdma
2023-10-01 16:14:22,527 [INFO] IPUIPlugin:80 - create IPUIPlugin
2023-10-01 16:14:22,527 [INFO] PluginManager:220 - loadIPPluginJar : add nvic
2023-10-01 16:14:22,530 [INFO] IPUIPlugin:80 - create IPUIPlugin
2023-10-01 16:14:22,530 [INFO] PluginManager:220 - loadIPPluginJar : add opamp
2023-10-01 16:14:22,532 [INFO] IPUIPlugin:80 - create IPUIPlugin
2023-10-01 16:14:22,532 [INFO] PluginManager:220 - loadIPPluginJar : add openamp
2023-10-01 16:14:22,536 [INFO] IPUIPlugin:80 - create IPUIPlugin
2023-10-01 16:14:22,536 [INFO] PluginManager:220 - loadIPPluginJar : add pdm2pcm
2023-10-01 16:14:22,543 [INFO] IPUIPlugin:80 - create IPUIPlugin
2023-10-01 16:14:22,546 [INFO] PluginManager:220 - loadIPPluginJar : add plateformsettings
2023-10-01 16:14:22,547 [INFO] IPUIPlugin:80 - create IPUIPlugin
2023-10-01 16:14:22,547 [INFO] PluginManager:220 - loadIPPluginJar : add quadspi
2023-10-01 16:14:22,550 [INFO] IPUIPlugin:80 - create IPUIPlugin
2023-10-01 16:14:22,550 [INFO] PluginManager:220 - loadIPPluginJar : add resmgrutility
2023-10-01 16:14:22,553 [INFO] IPUIPlugin:80 - create IPUIPlugin
2023-10-01 16:14:22,553 [INFO] PluginManager:220 - loadIPPluginJar : add sai
2023-10-01 16:14:22,555 [INFO] IPUIPlugin:80 - create IPUIPlugin
2023-10-01 16:14:22,555 [INFO] PluginManager:220 - loadIPPluginJar : add spi
2023-10-01 16:14:22,559 [INFO] IPUIPlugin:80 - create IPUIPlugin
2023-10-01 16:14:22,559 [INFO] PluginManager:220 - loadIPPluginJar : add stm32_wpan
2023-10-01 16:14:22,561 [INFO] IPUIPlugin:80 - create IPUIPlugin
2023-10-01 16:14:22,561 [INFO] PluginManager:220 - loadIPPluginJar : add tim
2023-10-01 16:14:22,564 [INFO] IPUIPlugin:80 - create IPUIPlugin
2023-10-01 16:14:22,564 [INFO] PluginManager:220 - loadIPPluginJar : add touchsensing
2023-10-01 16:14:22,568 [INFO] IPUIPlugin:80 - create IPUIPlugin
2023-10-01 16:14:22,568 [INFO] PluginManager:220 - loadIPPluginJar : add tracer_emb
2023-10-01 16:14:22,570 [INFO] IPUIPlugin:80 - create IPUIPlugin
2023-10-01 16:14:22,570 [INFO] PluginManager:220 - loadIPPluginJar : add ts
2023-10-01 16:14:22,571 [INFO] IPUIPlugin:80 - create IPUIPlugin
2023-10-01 16:14:22,571 [INFO] PluginManager:220 - loadIPPluginJar : add tsc
2023-10-01 16:14:22,573 [INFO] IPUIPlugin:80 - create IPUIPlugin
2023-10-01 16:14:22,573 [INFO] PluginManager:220 - loadIPPluginJar : add ucpd
2023-10-01 16:14:22,575 [INFO] IPUIPlugin:80 - create IPUIPlugin
2023-10-01 16:14:22,575 [INFO] PluginManager:220 - loadIPPluginJar : add usart
2023-10-01 16:14:22,578 [INFO] IPUIPlugin:80 - create IPUIPlugin
2023-10-01 16:14:22,578 [INFO] PluginManager:220 - loadIPPluginJar : add usbx
2023-10-01 16:14:22,696 [INFO] CADModel:165 - CPN selected for project level
2023-10-01 16:14:22,696 [INFO] CADModel:114 - Register for checkConnection events
2023-10-01 16:14:22,697 [FATAL] Updater:308 - Updater called before beeing initialized
2023-10-01 16:14:22,697 [ERROR] CADModel:125 - Updater not yet initialized, retry later 
2023-10-01 16:14:22,825 [INFO] CADModel:165 - CPN selected for project level
2023-10-01 16:14:22,825 [INFO] CADModel:114 - Register for checkConnection events
2023-10-01 16:14:22,825 [FATAL] Updater:308 - Updater called before beeing initialized
2023-10-01 16:14:22,826 [ERROR] CADModel:125 - Updater not yet initialized, retry later 
2023-10-01 16:14:22,828 [FATAL] Updater:308 - Updater called before beeing initialized
2023-10-01 16:14:22,937 [FATAL] Updater:308 - Updater called before beeing initialized
2023-10-01 16:14:22,942 [INFO] DbMcusAds:53 - JSON generation date=Tue Mar 07 15:50:55 ICT 2023 (1678179055114)
2023-10-01 16:14:22,942 [FATAL] Updater:308 - Updater called before beeing initialized
2023-10-01 16:14:22,970 [WARN] DetailPanel:346 - Failed to get advertising image, set to default
2023-10-01 16:14:23,048 [FATAL] Updater:308 - Updater called before beeing initialized
2023-10-01 16:14:23,050 [FATAL] Updater:308 - Updater called before beeing initialized
2023-10-01 16:14:23,050 [FATAL] Updater:308 - Updater called before beeing initialized
2023-10-01 16:14:23,050 [WARN] DetailPanel:346 - Failed to get advertising image, set to default
2023-10-01 16:14:23,051 [FATAL] Updater:308 - Updater called before beeing initialized
2023-10-01 16:14:23,091 [ERROR] Updater:1120 - MainUpdater not yet initialized. External WinMGr cannot be set.
2023-10-01 16:14:23,092 [INFO] Updater:1056 - Updater Version found : 6.9.2
2023-10-01 16:14:23,110 [INFO] ApplicationProperties:184 - Using Application install path: C:\ST\STM32CubeIDE_1.9.0\STM32CubeIDE\plugins\com.st.stm32cube.common.mx_6.9.2.202309101412
2023-10-01 16:14:24,407 [INFO] MainUpdater:2868 - connection check result : 10
2023-10-01 16:14:24,408 [INFO] MainUpdater:285 - Updater Check For Update Now.
2023-10-01 16:14:24,409 [INFO] MicroXplorer:498 - Change Database Version : DB.6.0.92
2023-10-01 16:14:24,415 [INFO] McuFinderGlobals:63 - Set McuFinder mode to 2 (CubeIDE integrated)
2023-10-01 16:14:24,415 [INFO] UserAuth:179 - activating auth plugin
2023-10-01 16:14:24,418 [INFO] UserAuth:393 - Internet connection configuration mode: 1
2023-10-01 16:14:24,436 [INFO] JxBrowserEngine:151 - Initiate JxBrowser Engine with user profile folder
2023-10-01 16:14:24,578 [INFO] CheckServerUpdateThread:120 - End of CheckServer Thread
2023-10-01 16:14:25,023 [INFO] WebApp:157 - Instantiating new browser for Auth
2023-10-01 16:14:25,194 [WARN] PackLoader:240 - Cannot read IP mode file for STMicroelectronics.X-CUBE-SMBUS.2.1.0
2023-10-01 16:14:25,258 [WARN] PackLoader:240 - Cannot read IP mode file for STMicroelectronics.X-CUBE-MEMS1.9.2.0
2023-10-01 16:14:25,395 [WARN] PackLoader:240 - Cannot read IP mode file for STMicroelectronics.X-CUBE-AZRTOS-F7.1.1.0
2023-10-01 16:14:25,403 [WARN] PackLoader:240 - Cannot read IP mode file for STMicroelectronics.X-CUBE-AI.7.1.0
2023-10-01 16:14:25,408 [WARN] PackLoader:240 - Cannot read IP mode file for STMicroelectronics.X-CUBE-TOUCHGFX.4.19.1
2023-10-01 16:14:25,414 [WARN] PackLoader:240 - Cannot read IP mode file for STMicroelectronics.FP-SNS-MOTENV1.4.3.2
2023-10-01 16:14:25,425 [WARN] PackLoader:240 - Cannot read IP mode file for STMicroelectronics.X-CUBE-BLE1.6.2.3
2023-10-01 16:14:25,430 [WARN] PackLoader:240 - Cannot read IP mode file for STMicroelectronics.FP-SNS-FLIGHT1.5.0.2
2023-10-01 16:14:25,436 [WARN] PackLoader:240 - Cannot read IP mode file for STMicroelectronics.X-CUBE-BLE2.3.2.2
2023-10-01 16:14:25,449 [WARN] PackLoader:240 - Cannot read IP mode file for STMicroelectronics.X-CUBE-TOF1.3.1.0
2023-10-01 16:14:25,462 [WARN] PackLoader:240 - Cannot read IP mode file for STMicroelectronics.X-CUBE-DISPLAY.3.0.0
2023-10-01 16:14:25,474 [WARN] PackLoader:240 - Cannot read IP mode file for STMicroelectronics.X-CUBE-BLE1.7.0.0
2023-10-01 16:14:25,478 [WARN] PackLoader:240 - Cannot read IP mode file for STMicroelectronics.X-CUBE-TOUCHGFX.4.22.0
2023-10-01 16:14:25,532 [WARN] PackLoader:240 - Cannot read IP mode file for STMicroelectronics.X-CUBE-MEMS1.9.3.0
2023-10-01 16:14:25,651 [WARN] PackLoader:240 - Cannot read IP mode file for STMicroelectronics.X-CUBE-AI.7.2.0
2023-10-01 16:14:25,655 [WARN] PackLoader:240 - Cannot read IP mode file for STMicroelectronics.FP-SNS-SMARTAG2.1.2.0
2023-10-01 16:14:25,662 [INFO] LogOutputStream:77 - [STDOUT_REDIRECT] 1 : Invalid condition id : UX_CORESTACK_Condition cause : null
2023-10-01 16:14:25,663 [INFO] LogOutputStream:77 - [STDOUT_REDIRECT] 1 : Invalid condition id : UX_CORESTACK_Condition cause : null
2023-10-01 16:14:25,664 [INFO] LogOutputStream:77 - [STDOUT_REDIRECT] 1 : Invalid condition id : UX_CORESTACK_Condition cause : null
2023-10-01 16:14:25,664 [INFO] LogOutputStream:77 - [STDOUT_REDIRECT] 1 : Invalid condition id : UX_CORESTACK_Condition cause : null
2023-10-01 16:14:25,665 [INFO] LogOutputStream:77 - [STDOUT_REDIRECT] 1 : Invalid condition id : UX_CORESTACK_Condition cause : null
2023-10-01 16:14:25,668 [WARN] PackLoader:240 - Cannot read IP mode file for STMicroelectronics.X-CUBE-AZRTOS-WL.2.0.0
2023-10-01 16:14:25,676 [WARN] PackLoader:240 - Cannot read IP mode file for WES.I-CUBE-Cesium.1.3.0
2023-10-01 16:14:25,680 [WARN] PackLoader:240 - Cannot read IP mode file for STMicroelectronics.X-CUBE-BLE2.3.3.0
2023-10-01 16:14:25,686 [WARN] PackLoader:240 - Cannot read IP mode file for STMicroelectronics.X-CUBE-DISPLAY.2.2.0
2023-10-01 16:14:25,697 [WARN] PackLoader:240 - Cannot read IP mode file for STMicroelectronics.X-CUBE-TOF1.3.2.0
2023-10-01 16:14:25,706 [WARN] PackLoader:240 - Cannot read IP mode file for STMicroelectronics.X-CUBE-ISPU.1.0.0
2023-10-01 16:14:25,727 [WARN] PackLoader:240 - Cannot read IP mode file for STMicroelectronics.X-CUBE-AZRTOS-H7.2.1.0
2023-10-01 16:14:25,738 [WARN] PackLoader:240 - Cannot read IP mode file for STMicroelectronics.X-CUBE-ALGOBUILD.1.3.0
2023-10-01 16:14:25,756 [WARN] PackLoader:240 - Cannot read IP mode file for STMicroelectronics.X-CUBE-AZRTOS-G0.1.1.0
2023-10-01 16:14:25,763 [WARN] PackLoader:240 - Cannot read IP mode file for STMicroelectronics.X-CUBE-NFC4.3.0.0
2023-10-01 16:14:25,789 [INFO] WebApp:753 - Register for checkConnection events
2023-10-01 16:14:25,790 [INFO] WebApp:390 - Apply proxy settings
2023-10-01 16:14:25,790 [INFO] WebApp:475 - Chromium requires no authentication
2023-10-01 16:14:25,799 [INFO] WebApp:418 - Direct internet connection detected
2023-10-01 16:14:25,837 [WARN] PackLoader:240 - Cannot read IP mode file for SEGGER.I-CUBE-embOS.1.2.0
2023-10-01 16:14:25,889 [WARN] PackLoader:240 - Cannot read IP mode file for STMicroelectronics.FP-ATR-SIGFOX1.3.2.0
2023-10-01 16:14:25,894 [WARN] PackLoader:240 - Cannot read IP mode file for emotas.I-CUBE-CANOPEN.1.1.2
2023-10-01 16:14:25,897 [WARN] PackLoader:240 - Cannot read IP mode file for STMicroelectronics.X-CUBE-TOUCHGFX.4.20.0
2023-10-01 16:14:25,922 [WARN] PackLoader:240 - Cannot read IP mode file for SEGGER.I-CUBE-embOS.1.3.1
2023-10-01 16:14:25,980 [WARN] PackLoader:240 - Cannot read IP mode file for STMicroelectronics.X-CUBE-TOF1.3.0.0
2023-10-01 16:14:25,987 [WARN] PackLoader:240 - Cannot read IP mode file for STMicroelectronics.X-CUBE-GNSS1.6.0.0
2023-10-01 16:14:26,001 [WARN] PackLoader:240 - Cannot read IP mode file for STMicroelectronics.X-CUBE-AZRTOS-F4.1.1.0
2023-10-01 16:14:26,009 [WARN] PackLoader:240 - Cannot read IP mode file for STMicroelectronics.X-CUBE-BLEMGR.1.2.0
2023-10-01 16:14:26,028 [WARN] PackLoader:240 - Cannot read IP mode file for STMicroelectronics.X-CUBE-AZRTOS-L5.2.0.0
2023-10-01 16:14:26,066 [WARN] PackLoader:240 - Cannot read IP mode file for STMicroelectronics.X-CUBE-MEMS1.9.6.0
2023-10-01 16:14:26,118 [INFO] WebApp:188 - Starting web application
2023-10-01 16:14:26,118 [INFO] WebApp:520 - Web application path used C:\ST\STM32CubeIDE_1.9.0\STM32CubeIDE\plugins\com.st.stm32cube.common.mx_6.9.2.202309101412\db\plugins\mcufinder\reactClient1\index.html
2023-10-01 16:14:26,193 [WARN] PackLoader:240 - Cannot read IP mode file for STMicroelectronics.X-CUBE-BLEMGR.2.0.0
2023-10-01 16:14:26,199 [WARN] PackLoader:240 - Cannot read IP mode file for STMicroelectronics.X-CUBE-NFC4.2.0.4
2023-10-01 16:14:26,218 [WARN] ConditionMgr:438 - getConditionDescription Invalid condition id : UX DEVICE CLASS RTOS Condition cause : null
2023-10-01 16:14:26,218 [WARN] ConditionMgr:438 - getConditionDescription Invalid condition id : UX DEVICE CLASS RTOS Condition cause : null
2023-10-01 16:14:26,221 [WARN] PackLoader:240 - Cannot read IP mode file for STMicroelectronics.X-CUBE-AZRTOS-H7.3.1.0
2023-10-01 16:14:26,223 [WARN] ConditionMgr:1039 - genDependencies : Invalid condition id : UX DEVICE CLASS RTOS Condition cause : null
2023-10-01 16:14:26,223 [WARN] ConditionMgr:1039 - genDependencies : Invalid condition id : UX DEVICE CLASS RTOS Condition cause : null
2023-10-01 16:14:26,223 [WARN] ConditionMgr:1039 - genDependencies : Invalid condition id : UX DEVICE CLASS RTOS Condition cause : null
2023-10-01 16:14:26,224 [WARN] ConditionMgr:1039 - genDependencies : Invalid condition id : UX DEVICE CLASS RTOS Condition cause : null
2023-10-01 16:14:26,224 [WARN] ConditionMgr:1039 - genDependencies : Invalid condition id : UX DEVICE CLASS RTOS Condition cause : null
2023-10-01 16:14:26,234 [WARN] PackLoader:240 - Cannot read IP mode file for STMicroelectronics.X-CUBE-SFXS2LP1.3.1.0
2023-10-01 16:14:26,260 [WARN] PackLoader:240 - Cannot read IP mode file for STMicroelectronics.X-CUBE-AZRTOS-F4.1.0.0
2023-10-01 16:14:26,270 [WARN] PackLoader:240 - Cannot read IP mode file for STMicroelectronics.X-CUBE-NFC7.1.0.1
2023-10-01 16:14:26,276 [WARN] PackLoader:240 - Cannot read IP mode file for STMicroelectronics.X-CUBE-NFC7.1.0.0
2023-10-01 16:14:26,292 [WARN] PackLoader:240 - Cannot read IP mode file for STMicroelectronics.X-CUBE-NFC6.3.0.0
2023-10-01 16:14:26,300 [WARN] PackLoader:240 - Cannot read IP mode file for STMicroelectronics.X-CUBE-EEPRMA1.4.1.0
2023-10-01 16:14:26,305 [WARN] PackLoader:240 - Cannot read IP mode file for STMicroelectronics.X-CUBE-AI.8.1.0
2023-10-01 16:14:26,333 [WARN] PackLoader:240 - Cannot read IP mode file for STMicroelectronics.X-CUBE-AZRTOS-G0.1.0.0
2023-10-01 16:14:26,353 [WARN] ConditionMgr:438 - getConditionDescription Invalid condition id : LAN8742 Phy interface Condition cause : null
2023-10-01 16:14:26,354 [WARN] PackLoader:240 - Cannot read IP mode file for STMicroelectronics.X-CUBE-AZRTOS-L4.2.0.0
2023-10-01 16:14:26,355 [WARN] ConditionMgr:1039 - genDependencies : Invalid condition id : LAN8742 Phy interface Condition cause : null
2023-10-01 16:14:26,356 [WARN] ConditionMgr:1039 - genDependencies : Invalid condition id : LAN8742 Phy interface Condition cause : null
2023-10-01 16:14:26,356 [WARN] ConditionMgr:1039 - genDependencies : Invalid condition id : LAN8742 Phy interface Condition cause : null
2023-10-01 16:14:26,363 [WARN] PackLoader:240 - Cannot read IP mode file for STMicroelectronics.X-CUBE-SFXS2LP1.4.0.0
2023-10-01 16:14:26,367 [WARN] PackLoader:240 - Cannot read IP mode file for STMicroelectronics.X-CUBE-ISPU.1.1.0
2023-10-01 16:14:26,374 [WARN] PackLoader:240 - Cannot read IP mode file for RoweBots.I-CUBE-UNISONRTOS.5.5.0-4
2023-10-01 16:14:26,387 [WARN] ConditionMgr:438 - getConditionDescription Invalid condition id : UX DEVICE CLASS RTOS Condition cause : null
2023-10-01 16:14:26,388 [WARN] ConditionMgr:438 - getConditionDescription Invalid condition id : UX DEVICE CLASS RTOS Condition cause : null
2023-10-01 16:14:26,391 [WARN] PackLoader:240 - Cannot read IP mode file for STMicroelectronics.X-CUBE-AZRTOS-WB.2.0.0
2023-10-01 16:14:26,391 [WARN] ConditionMgr:1039 - genDependencies : Invalid condition id : UX DEVICE CLASS RTOS Condition cause : null
2023-10-01 16:14:26,391 [WARN] ConditionMgr:1039 - genDependencies : Invalid condition id : UX DEVICE CLASS RTOS Condition cause : null
2023-10-01 16:14:26,392 [WARN] ConditionMgr:1039 - genDependencies : Invalid condition id : UX DEVICE CLASS RTOS Condition cause : null
2023-10-01 16:14:26,392 [WARN] ConditionMgr:1039 - genDependencies : Invalid condition id : UX DEVICE CLASS RTOS Condition cause : null
2023-10-01 16:14:26,392 [WARN] ConditionMgr:1039 - genDependencies : Invalid condition id : UX DEVICE CLASS RTOS Condition cause : null
2023-10-01 16:14:26,401 [WARN] PackLoader:240 - Cannot read IP mode file for STMicroelectronics.X-CUBE-BLEMGR.1.0.0
2023-10-01 16:14:26,413 [WARN] PackLoader:240 - Cannot read IP mode file for STMicroelectronics.X-CUBE-SUBG2.5.0.0
2023-10-01 16:14:26,427 [WARN] PackLoader:240 - Cannot read IP mode file for STMicroelectronics.X-CUBE-TOF1.3.3.1
2023-10-01 16:14:26,448 [WARN] PackLoader:240 - Cannot read IP mode file for STMicroelectronics.X-CUBE-AZRTOS-G4.2.0.0
2023-10-01 16:14:26,454 [WARN] PackLoader:240 - Cannot read IP mode file for STMicroelectronics.FP-ATR-ASTRA1.1.1.1
2023-10-01 16:14:26,457 [WARN] PackLoader:240 - Cannot read IP mode file for STMicroelectronics.FP-ATR-ASTRA1.1.1.0
2023-10-01 16:14:26,469 [WARN] PackLoader:240 - Cannot read IP mode file for STMicroelectronics.X-CUBE-AZRTOS-G4.1.0.0
2023-10-01 16:14:26,475 [WARN] PackLoader:240 - Cannot read IP mode file for wolfSSL.I-CUBE-wolfSSL.5.3.0
2023-10-01 16:14:26,489 [WARN] PackLoader:240 - Cannot read IP mode file for STMicroelectronics.X-CUBE-AZRTOS-L4.1.0.0
2023-10-01 16:14:26,496 [WARN] PackLoader:240 - Cannot read IP mode file for STMicroelectronics.X-CUBE-FREERTOS.1.1.0
2023-10-01 16:14:26,509 [WARN] PackLoader:240 - Cannot read IP mode file for STMicroelectronics.X-CUBE-AZRTOS-F7.1.0.0
2023-10-01 16:14:26,520 [WARN] PackLoader:240 - Cannot read IP mode file for STMicroelectronics.X-CUBE-AZRTOS-WL.1.0.0
2023-10-01 16:14:26,526 [WARN] PackLoader:240 - Cannot read IP mode file for portGmbH.I-Cube-SoM-uGOAL.1.1.0
2023-10-01 16:14:26,530 [WARN] PackLoader:240 - Cannot read IP mode file for STMicroelectronics.X-CUBE-ALS.1.0.1
2023-10-01 16:14:26,541 [WARN] PackLoader:240 - Cannot read IP mode file for STMicroelectronics.X-CUBE-AZRTOS-L5.1.0.0
2023-10-01 16:14:26,547 [WARN] PackLoader:240 - Cannot read IP mode file for STMicroelectronics.X-CUBE-EEPRMA1.3.1.1
2023-10-01 16:14:26,551 [WARN] PackLoader:240 - Cannot read IP mode file for STMicroelectronics.X-CUBE-GNSS1.5.2.0
2023-10-01 16:14:26,555 [WARN] PackLoader:240 - Cannot read IP mode file for STMicroelectronics.FP-ATR-ASTRA1.2.0.0
2023-10-01 16:14:26,556 [INFO] ThirdParty:978 - Integrity check success = true
2023-10-01 16:14:26,556 [INFO] IntegrityCheckThread:100 - exiting critical section [integrity check]
2023-10-01 16:14:26,556 [INFO] IntegrityCheckThread:103 - End integrity checks thread
2023-10-01 16:14:46,830 [ERROR] LogOutputStream:75 - [STDERR_REDIRECT] SLF4J: Failed to load class "org.slf4j.impl.StaticLoggerBinder".
2023-10-01 16:14:46,830 [ERROR] LogOutputStream:75 - [STDERR_REDIRECT] SLF4J: Defaulting to no-operation (NOP) logger implementation
2023-10-01 16:14:46,831 [ERROR] LogOutputStream:75 - [STDERR_REDIRECT] SLF4J: See http://www.slf4j.org/codes.html#StaticLoggerBinder for further details.
