2023-09-21 11:55:27,727 [INFO] Activator:176 - 


2023-09-21 11:55:27,730 [INFO] Activator:177 - !SESSION log4j initialized
2023-09-21 11:55:31,056 [INFO] LogOutputStream:77 - [STDOUT_REDIRECT] 
2023-09-21 11:55:32,756 [INFO] ApplicationProperties:184 - Using Application install path: C:\ST\STM32CubeIDE_1.9.0\STM32CubeIDE\plugins\com.st.stm32cube.common.mx_6.9.2.202309101412
2023-09-21 11:55:32,789 [INFO] DbMcusXml:78 - Set database path to: C:\ST\STM32CubeIDE_1.9.0\STM32CubeIDE\plugins\com.st.stm32cube.common.mx_6.9.2.202309101412\\db\/mcu/
2023-09-21 11:55:32,790 [INFO] ApiDb:274 - Set plugin database path to: C:\ST\STM32CubeIDE_1.9.0\STM32CubeIDE\plugins\com.st.stm32cube.common.mx_6.9.2.202309101412\\db\/plugins/boardmanager/
2023-09-21 11:55:32,791 [WARN] ApiDb:259 - Overriding images path with different value:  => C:\ST\STM32CubeIDE_1.9.0\STM32CubeIDE\plugins\com.st.stm32cube.common.mx_6.9.2.202309101412\\db\/plugins/mcufinder/images/
2023-09-21 11:55:32,804 [INFO] ApiDb:250 - Set database path to: C:\Users\truon\.stmcufinder\plugins\mcufinder//mcu/
2023-09-21 11:55:32,805 [INFO] DbMcusAds:125 - Set database path to: C:\Users\truon\.stmcufinder\plugins\mcufinder//mcu/
2023-09-21 11:55:32,808 [INFO] CrossReferenceDbSqlite:203 - Set database path to: C:\Users\truon\.stmcufinder\plugins\mcufinder//mcu/cs/
2023-09-21 11:55:33,003 [INFO] RulesReader:64 - Compatibility file has been processed (293 Rules)
2023-09-21 11:55:33,104 [INFO] DbMcusXml:78 - Set database path to: C:\ST\STM32CubeIDE_1.9.0\STM32CubeIDE\plugins\com.st.stm32cube.common.mx_6.9.2.202309101412\\db\/mcu/
2023-09-21 11:55:33,104 [INFO] ApiDb:274 - Set plugin database path to: C:\ST\STM32CubeIDE_1.9.0\STM32CubeIDE\plugins\com.st.stm32cube.common.mx_6.9.2.202309101412\\db\/plugins/boardmanager/
2023-09-21 11:55:33,104 [INFO] ApiDb:261 - Set plugin images path to: C:\ST\STM32CubeIDE_1.9.0\STM32CubeIDE\plugins\com.st.stm32cube.common.mx_6.9.2.202309101412\\db\/plugins/mcufinder/images/
2023-09-21 11:55:33,104 [WARN] DbFile:41 - Overriding database path with different value: C:\Users\truon\.stmcufinder\plugins\mcufinder/ => C:\Users\truon\.stmcufinder\plugins\mcufinder
2023-09-21 11:55:33,105 [INFO] ApiDb:250 - Set database path to: C:\Users\truon\.stmcufinder\plugins\mcufinder//mcu/
2023-09-21 11:55:33,105 [WARN] DbFile:41 - Overriding database path with different value: C:\Users\truon\.stmcufinder\plugins\mcufinder/ => C:\Users\truon\.stmcufinder\plugins\mcufinder
2023-09-21 11:55:33,105 [INFO] DbMcusAds:125 - Set database path to: C:\Users\truon\.stmcufinder\plugins\mcufinder//mcu/
2023-09-21 11:55:33,105 [WARN] DbFile:41 - Overriding database path with different value: C:\Users\truon\.stmcufinder\plugins\mcufinder/ => C:\Users\truon\.stmcufinder\plugins\mcufinder
2023-09-21 11:55:33,105 [WARN] DbFile:41 - Overriding database path with different value: C:\Users\truon\.stmcufinder\plugins\mcufinder/ => C:\Users\truon\.stmcufinder\plugins\mcufinder
2023-09-21 11:55:33,105 [INFO] CrossReferenceDbSqlite:203 - Set database path to: C:\Users\truon\.stmcufinder\plugins\mcufinder//mcu/cs/
2023-09-21 11:55:33,194 [INFO] MainPanel:262 - HeapMemory: 268435456
2023-09-21 11:55:33,294 [INFO] DbMcusXml:78 - Set database path to: C:\ST\STM32CubeIDE_1.9.0\STM32CubeIDE\plugins\com.st.stm32cube.common.mx_6.9.2.202309101412\\db\/mcu/
2023-09-21 11:55:33,294 [INFO] ApiDb:274 - Set plugin database path to: C:\ST\STM32CubeIDE_1.9.0\STM32CubeIDE\plugins\com.st.stm32cube.common.mx_6.9.2.202309101412\\db\/plugins/boardmanager/
2023-09-21 11:55:33,294 [INFO] ApiDb:261 - Set plugin images path to: C:\ST\STM32CubeIDE_1.9.0\STM32CubeIDE\plugins\com.st.stm32cube.common.mx_6.9.2.202309101412\\db\/plugins/mcufinder/images/
2023-09-21 11:55:33,294 [WARN] DbFile:41 - Overriding database path with different value: C:\Users\truon\.stmcufinder\plugins\mcufinder/ => C:\Users\truon\.stmcufinder\plugins\mcufinder
2023-09-21 11:55:33,295 [INFO] ApiDb:250 - Set database path to: C:\Users\truon\.stmcufinder\plugins\mcufinder//mcu/
2023-09-21 11:55:33,295 [WARN] DbFile:41 - Overriding database path with different value: C:\Users\truon\.stmcufinder\plugins\mcufinder/ => C:\Users\truon\.stmcufinder\plugins\mcufinder
2023-09-21 11:55:33,295 [INFO] DbMcusAds:125 - Set database path to: C:\Users\truon\.stmcufinder\plugins\mcufinder//mcu/
2023-09-21 11:55:33,295 [WARN] DbFile:41 - Overriding database path with different value: C:\Users\truon\.stmcufinder\plugins\mcufinder/ => C:\Users\truon\.stmcufinder\plugins\mcufinder
2023-09-21 11:55:33,295 [WARN] DbFile:41 - Overriding database path with different value: C:\Users\truon\.stmcufinder\plugins\mcufinder/ => C:\Users\truon\.stmcufinder\plugins\mcufinder
2023-09-21 11:55:33,295 [INFO] CrossReferenceDbSqlite:203 - Set database path to: C:\Users\truon\.stmcufinder\plugins\mcufinder//mcu/cs/
2023-09-21 11:55:33,314 [INFO] ApplicationProperties:184 - Using Application install path: C:\ST\STM32CubeIDE_1.9.0\STM32CubeIDE\plugins\com.st.stm32cube.common.mx_6.9.2.202309101412
2023-09-21 11:55:33,315 [INFO] PluginManage:196 - Search for loadable plugins [exclusion list=, ]
2023-09-21 11:55:33,316 [INFO] PluginManage:310 - Check plugin analytics
2023-09-21 11:55:33,526 [INFO] AnalyticsPlugin:253 - Accepted Software Licenses: STM32CubeMX.6.5.0
2023-09-21 11:55:33,527 [INFO] AnalyticsPlugin:255 - Accepted CMSIS Pack Licenses: 
2023-09-21 11:55:33,527 [INFO] AnalyticsPlugin:257 - Accepted Firmware Licenses: FW.C0.1.0.0
2023-09-21 11:55:33,533 [INFO] PluginManage:359 - Loaded plugin analytics (category:tool,tabindex:-1)
2023-09-21 11:55:33,533 [INFO] PluginManage:310 - Check plugin cadmodel
2023-09-21 11:55:33,541 [INFO] CADModel:105 - Init CAD model plugin
2023-09-21 11:55:33,541 [INFO] PluginManage:359 - Loaded plugin cadmodel (category:power,tabindex:5)
2023-09-21 11:55:33,542 [INFO] PluginManage:310 - Check plugin clock
2023-09-21 11:55:33,549 [INFO] PluginManage:359 - Loaded plugin clock (category:base,tabindex:2)
2023-09-21 11:55:33,549 [INFO] PluginManage:310 - Check plugin ddr
2023-09-21 11:55:33,551 [INFO] PluginManage:359 - Loaded plugin ddr (category:tool,tabindex:6)
2023-09-21 11:55:33,552 [INFO] PluginManage:310 - Check plugin filemanager
2023-09-21 11:55:33,742 [INFO] PluginManage:359 - Loaded plugin filemanager (category:base,tabindex:10)
2023-09-21 11:55:33,742 [INFO] PluginManage:310 - Check plugin ipmanager
2023-09-21 11:55:33,750 [INFO] PluginManage:359 - Loaded plugin ipmanager (category:base,tabindex:5)
2023-09-21 11:55:33,751 [INFO] PluginManage:310 - Check plugin lpbam
2023-09-21 11:55:33,758 [INFO] PluginManage:359 - Loaded plugin lpbam (category:base,tabindex:0)
2023-09-21 11:55:33,758 [INFO] PluginManage:310 - Check plugin memorymap
2023-09-21 11:55:33,784 [INFO] PluginManage:359 - Loaded plugin memorymap (category:base,tabindex:4)
2023-09-21 11:55:33,784 [INFO] PluginManage:310 - Check plugin pinoutandconfiguration
2023-09-21 11:55:33,790 [INFO] PluginManage:359 - Loaded plugin pinoutandconfiguration (category:base,tabindex:1)
2023-09-21 11:55:33,790 [INFO] PluginManage:310 - Check plugin pinoutconfig
2023-09-21 11:55:33,897 [WARN] SupportedApi:132 - Cannot load RTOS API schema: s4s-elt-must-match.1: The content of 'definitions' must match (annotation?, (simpleType | complexType)?, (unique | key | keyref)*)). A problem was found starting at: attribute.
2023-09-21 11:55:34,162 [INFO] PluginManage:359 - Loaded plugin pinoutconfig (category:base,tabindex:0)
2023-09-21 11:55:34,162 [INFO] PluginManage:310 - Check plugin power
2023-09-21 11:55:34,169 [INFO] PluginManage:359 - Loaded plugin power (category:power,tabindex:4)
2023-09-21 11:55:34,169 [INFO] PluginManage:310 - Check plugin projectmanager
2023-09-21 11:55:34,186 [INFO] PluginManage:359 - Loaded plugin projectmanager (category:projectmanager,tabindex:3)
2023-09-21 11:55:34,186 [INFO] PluginManage:310 - Check plugin thirdparty
2023-09-21 11:55:34,328 [WARN] IntegrityCheckThread:84 - waiting for thirdparty lock release [integrity check]
2023-09-21 11:55:34,329 [INFO] IntegrityCheckThread:86 - entering critical section [integrity check]
2023-09-21 11:55:34,329 [INFO] ThirdPartyUpdaterWithRetryManager:70 - Updater plugin not ready yet. [1/15]
2023-09-21 11:55:34,330 [INFO] PluginManage:359 - Loaded plugin thirdparty (category:base,tabindex:-1)
2023-09-21 11:55:34,330 [INFO] PluginManage:310 - Check plugin tools
2023-09-21 11:55:34,335 [INFO] PluginManage:359 - Loaded plugin tools (category:base,tabindex:7)
2023-09-21 11:55:34,335 [INFO] PluginManage:310 - Check plugin tutovideos
2023-09-21 11:55:34,512 [INFO] PluginManage:359 - Loaded plugin tutovideos (category:base,tabindex:-1)
2023-09-21 11:55:34,512 [INFO] PluginManage:310 - Check plugin updater
2023-09-21 11:55:34,531 [INFO] PluginManage:359 - Loaded plugin updater (category:base,tabindex:12)
2023-09-21 11:55:34,532 [INFO] PluginManage:310 - Check plugin userauth
2023-09-21 11:55:34,538 [INFO] UserAuth:113 - Init User Auth plugin
2023-09-21 11:55:34,538 [INFO] PluginManage:359 - Loaded plugin userauth (category:base,tabindex:14)
2023-09-21 11:55:34,538 [INFO] PluginManage:283 - PluginManage : Loaded plugins [17]
2023-09-21 11:55:34,611 [INFO] McuFinderGlobals:63 - Set McuFinder mode to 2 (CubeIDE integrated)
2023-09-21 11:55:34,794 [INFO] PinOutPanel:1499 - setPackage(No Configuration,No Configuration)
2023-09-21 11:55:34,896 [INFO] CADModel:165 - CPN selected for project level
2023-09-21 11:55:34,896 [INFO] CADModel:114 - Register for checkConnection events
2023-09-21 11:55:34,914 [INFO] IPUIPlugin:80 - create IPUIPlugin
2023-09-21 11:55:34,914 [INFO] PluginManager:220 - loadIPPluginJar : add adc
2023-09-21 11:55:34,919 [INFO] IPUIPlugin:80 - create IPUIPlugin
2023-09-21 11:55:34,919 [INFO] PluginManager:220 - loadIPPluginJar : add aes
2023-09-21 11:55:34,921 [INFO] IPUIPlugin:80 - create IPUIPlugin
2023-09-21 11:55:34,921 [INFO] PluginManager:220 - loadIPPluginJar : add can
2023-09-21 11:55:34,923 [INFO] IPUIPlugin:80 - create IPUIPlugin
2023-09-21 11:55:34,923 [INFO] PluginManager:220 - loadIPPluginJar : add comp
2023-09-21 11:55:34,924 [INFO] IPUIPlugin:80 - create IPUIPlugin
2023-09-21 11:55:34,924 [INFO] PluginManager:220 - loadIPPluginJar : add cryp
2023-09-21 11:55:34,927 [INFO] IPUIPlugin:80 - create IPUIPlugin
2023-09-21 11:55:34,927 [INFO] PluginManager:220 - loadIPPluginJar : add dfsdm
2023-09-21 11:55:34,931 [INFO] IPUIPlugin:80 - create IPUIPlugin
2023-09-21 11:55:34,931 [INFO] PluginManager:220 - loadIPPluginJar : add dma
2023-09-21 11:55:34,933 [INFO] IPUIPlugin:80 - create IPUIPlugin
2023-09-21 11:55:34,933 [INFO] PluginManager:220 - loadIPPluginJar : add dma3
2023-09-21 11:55:34,934 [INFO] IPUIPlugin:80 - create IPUIPlugin
2023-09-21 11:55:34,935 [INFO] PluginManager:220 - loadIPPluginJar : add fatfs
2023-09-21 11:55:34,939 [INFO] IPUIPlugin:80 - create IPUIPlugin
2023-09-21 11:55:34,939 [INFO] PluginManager:220 - loadIPPluginJar : add fmc
2023-09-21 11:55:34,943 [INFO] IPUIPlugin:80 - create IPUIPlugin
2023-09-21 11:55:34,944 [INFO] PluginManager:220 - loadIPPluginJar : add freertos
2023-09-21 11:55:34,945 [INFO] IPUIPlugin:80 - create IPUIPlugin
2023-09-21 11:55:34,945 [INFO] PluginManager:220 - loadIPPluginJar : add genericplugin
2023-09-21 11:55:34,947 [INFO] IPUIPlugin:80 - create IPUIPlugin
2023-09-21 11:55:34,947 [INFO] PluginManager:220 - loadIPPluginJar : add gfxmmu
2023-09-21 11:55:34,950 [INFO] IPUIPlugin:80 - create IPUIPlugin
2023-09-21 11:55:34,950 [INFO] PluginManager:220 - loadIPPluginJar : add gic
2023-09-21 11:55:34,954 [INFO] IPUIPlugin:80 - create IPUIPlugin
2023-09-21 11:55:34,954 [INFO] PluginManager:220 - loadIPPluginJar : add gpio
2023-09-21 11:55:34,956 [INFO] IPUIPlugin:80 - create IPUIPlugin
2023-09-21 11:55:34,956 [INFO] PluginManager:220 - loadIPPluginJar : add gtzc
2023-09-21 11:55:34,959 [INFO] IPUIPlugin:80 - create IPUIPlugin
2023-09-21 11:55:34,959 [INFO] PluginManager:220 - loadIPPluginJar : add hash
2023-09-21 11:55:34,961 [INFO] IPUIPlugin:80 - create IPUIPlugin
2023-09-21 11:55:34,961 [INFO] PluginManager:220 - loadIPPluginJar : add i2c
2023-09-21 11:55:34,963 [INFO] IPUIPlugin:80 - create IPUIPlugin
2023-09-21 11:55:34,963 [INFO] PluginManager:220 - loadIPPluginJar : add i2s
2023-09-21 11:55:34,965 [INFO] IPUIPlugin:80 - create IPUIPlugin
2023-09-21 11:55:34,965 [INFO] PluginManager:220 - loadIPPluginJar : add i3c
2023-09-21 11:55:34,969 [INFO] IPUIPlugin:80 - create IPUIPlugin
2023-09-21 11:55:34,969 [INFO] PluginManager:220 - loadIPPluginJar : add ipddr
2023-09-21 11:55:34,975 [INFO] IPUIPlugin:80 - create IPUIPlugin
2023-09-21 11:55:34,976 [INFO] PluginManager:220 - loadIPPluginJar : add linkedlist
2023-09-21 11:55:34,977 [INFO] IPUIPlugin:80 - create IPUIPlugin
2023-09-21 11:55:34,977 [INFO] PluginManager:220 - loadIPPluginJar : add lorawan
2023-09-21 11:55:34,979 [INFO] IPUIPlugin:80 - create IPUIPlugin
2023-09-21 11:55:34,980 [INFO] PluginManager:220 - loadIPPluginJar : add ltdc
2023-09-21 11:55:34,984 [INFO] IPUIPlugin:80 - create IPUIPlugin
2023-09-21 11:55:34,984 [INFO] PluginManager:220 - loadIPPluginJar : add mdma
2023-09-21 11:55:34,986 [INFO] IPUIPlugin:80 - create IPUIPlugin
2023-09-21 11:55:34,986 [INFO] PluginManager:220 - loadIPPluginJar : add nvic
2023-09-21 11:55:34,989 [INFO] IPUIPlugin:80 - create IPUIPlugin
2023-09-21 11:55:34,989 [INFO] PluginManager:220 - loadIPPluginJar : add opamp
2023-09-21 11:55:34,992 [INFO] IPUIPlugin:80 - create IPUIPlugin
2023-09-21 11:55:34,992 [INFO] PluginManager:220 - loadIPPluginJar : add openamp
2023-09-21 11:55:34,995 [INFO] IPUIPlugin:80 - create IPUIPlugin
2023-09-21 11:55:34,995 [INFO] PluginManager:220 - loadIPPluginJar : add pdm2pcm
2023-09-21 11:55:35,000 [INFO] IPUIPlugin:80 - create IPUIPlugin
2023-09-21 11:55:35,002 [INFO] PluginManager:220 - loadIPPluginJar : add plateformsettings
2023-09-21 11:55:35,004 [INFO] IPUIPlugin:80 - create IPUIPlugin
2023-09-21 11:55:35,004 [INFO] PluginManager:220 - loadIPPluginJar : add quadspi
2023-09-21 11:55:35,006 [INFO] IPUIPlugin:80 - create IPUIPlugin
2023-09-21 11:55:35,007 [INFO] PluginManager:220 - loadIPPluginJar : add resmgrutility
2023-09-21 11:55:35,009 [INFO] IPUIPlugin:80 - create IPUIPlugin
2023-09-21 11:55:35,009 [INFO] PluginManager:220 - loadIPPluginJar : add sai
2023-09-21 11:55:35,010 [INFO] IPUIPlugin:80 - create IPUIPlugin
2023-09-21 11:55:35,010 [INFO] PluginManager:220 - loadIPPluginJar : add spi
2023-09-21 11:55:35,014 [INFO] IPUIPlugin:80 - create IPUIPlugin
2023-09-21 11:55:35,014 [INFO] PluginManager:220 - loadIPPluginJar : add stm32_wpan
2023-09-21 11:55:35,015 [INFO] IPUIPlugin:80 - create IPUIPlugin
2023-09-21 11:55:35,015 [INFO] PluginManager:220 - loadIPPluginJar : add tim
2023-09-21 11:55:35,018 [INFO] IPUIPlugin:80 - create IPUIPlugin
2023-09-21 11:55:35,018 [INFO] PluginManager:220 - loadIPPluginJar : add touchsensing
2023-09-21 11:55:35,020 [INFO] IPUIPlugin:80 - create IPUIPlugin
2023-09-21 11:55:35,020 [INFO] PluginManager:220 - loadIPPluginJar : add tracer_emb
2023-09-21 11:55:35,021 [INFO] IPUIPlugin:80 - create IPUIPlugin
2023-09-21 11:55:35,021 [INFO] PluginManager:220 - loadIPPluginJar : add ts
2023-09-21 11:55:35,022 [INFO] IPUIPlugin:80 - create IPUIPlugin
2023-09-21 11:55:35,022 [INFO] PluginManager:220 - loadIPPluginJar : add tsc
2023-09-21 11:55:35,025 [INFO] IPUIPlugin:80 - create IPUIPlugin
2023-09-21 11:55:35,025 [INFO] PluginManager:220 - loadIPPluginJar : add ucpd
2023-09-21 11:55:35,027 [INFO] IPUIPlugin:80 - create IPUIPlugin
2023-09-21 11:55:35,027 [INFO] PluginManager:220 - loadIPPluginJar : add usart
2023-09-21 11:55:35,029 [INFO] IPUIPlugin:80 - create IPUIPlugin
2023-09-21 11:55:35,029 [INFO] PluginManager:220 - loadIPPluginJar : add usbx
2023-09-21 11:55:35,152 [INFO] CADModel:165 - CPN selected for project level
2023-09-21 11:55:35,152 [INFO] CADModel:114 - Register for checkConnection events
2023-09-21 11:55:35,152 [FATAL] Updater:308 - Updater called before beeing initialized
2023-09-21 11:55:35,152 [ERROR] CADModel:125 - Updater not yet initialized, retry later 
2023-09-21 11:55:35,330 [INFO] CADModel:165 - CPN selected for project level
2023-09-21 11:55:35,330 [INFO] CADModel:114 - Register for checkConnection events
2023-09-21 11:55:35,330 [FATAL] Updater:308 - Updater called before beeing initialized
2023-09-21 11:55:35,330 [ERROR] CADModel:125 - Updater not yet initialized, retry later 
2023-09-21 11:55:35,336 [FATAL] Updater:308 - Updater called before beeing initialized
2023-09-21 11:55:35,458 [FATAL] Updater:308 - Updater called before beeing initialized
2023-09-21 11:55:35,466 [INFO] DbMcusAds:53 - JSON generation date=Tue Mar 07 15:50:55 ICT 2023 (1678179055114)
2023-09-21 11:55:35,467 [FATAL] Updater:308 - Updater called before beeing initialized
2023-09-21 11:55:35,509 [WARN] DetailPanel:346 - Failed to get advertising image, set to default
2023-09-21 11:55:35,593 [FATAL] Updater:308 - Updater called before beeing initialized
2023-09-21 11:55:35,596 [FATAL] Updater:308 - Updater called before beeing initialized
2023-09-21 11:55:35,596 [FATAL] Updater:308 - Updater called before beeing initialized
2023-09-21 11:55:35,596 [WARN] DetailPanel:346 - Failed to get advertising image, set to default
2023-09-21 11:55:35,597 [FATAL] Updater:308 - Updater called before beeing initialized
2023-09-21 11:55:35,643 [ERROR] Updater:1120 - MainUpdater not yet initialized. External WinMGr cannot be set.
2023-09-21 11:55:35,646 [INFO] Updater:1056 - Updater Version found : 6.9.2
2023-09-21 11:55:35,661 [INFO] ApplicationProperties:184 - Using Application install path: C:\ST\STM32CubeIDE_1.9.0\STM32CubeIDE\plugins\com.st.stm32cube.common.mx_6.9.2.202309101412
2023-09-21 11:55:36,323 [INFO] MainUpdater:2868 - connection check result : 10
2023-09-21 11:55:36,324 [INFO] MainUpdater:285 - Updater Check For Update Now.
2023-09-21 11:55:36,324 [INFO] MicroXplorer:498 - Change Database Version : DB.6.0.92
2023-09-21 11:55:36,340 [INFO] McuFinderGlobals:63 - Set McuFinder mode to 2 (CubeIDE integrated)
2023-09-21 11:55:36,340 [INFO] UserAuth:179 - activating auth plugin
2023-09-21 11:55:36,344 [INFO] UserAuth:393 - Internet connection configuration mode: 1
2023-09-21 11:55:36,394 [INFO] JxBrowserEngine:151 - Initiate JxBrowser Engine with user profile folder
2023-09-21 11:55:36,514 [INFO] CheckServerUpdateThread:120 - End of CheckServer Thread
2023-09-21 11:55:36,549 [INFO] MainUpdater:2868 - connection check result : 10
2023-09-21 11:55:37,142 [INFO] ApiDb:581 - Connected to CubeFinder SQLite database (C:\Users\truon\.stmcufinder\plugins\mcufinder\mcu\cube-finder-db.db)
2023-09-21 11:55:37,226 [INFO] ApiDb:668 - CubeFinder database Data Model version=2.1
2023-09-21 11:55:37,226 [INFO] ApiDb:669 - CubeFinder database Configuration version=3.0.37
2023-09-21 11:55:37,226 [INFO] ApiDb:670 - CubeFinder database generation date=2023-08-09 (1691586011)
2023-09-21 11:55:37,226 [INFO] ApiDb:671 - CubeFinder database FW Pack versions=[FP-ATR-ASTRA1_V2.0.0, FP-SNS-FLIGHT1_V5.0.1, FP-SNS-FLIGHT1_V5.0.2, FP-SNS-MOTENV1_V4.3.1, FP-SNS-MOTENV1_V4.3.2, STM32Cube_FW_C0_V1.1.0, STM32Cube_FW_F4_V1.27.1, STM32Cube_FW_F7_V1.17.0, STM32Cube_FW_G0_V1.6.1, STM32Cube_FW_G4_V1.5.1, STM32Cube_FW_H5_V0.5.1, STM32Cube_FW_H5_V1.1.0, STM32Cube_FW_H7_V1.11.0, STM32Cube_FW_L0_V1.12.2, STM32Cube_FW_L5_V1.5.0, STM32Cube_FW_U5_V1.3.0, STM32Cube_FW_U5_V1.3.0RC4, STM32Cube_FW_WBA_V1.0.0RC1, STM32Cube_FW_WBA_V1.1.0, STM32Cube_FW_WBA_V1.1.0RC1, STM32Cube_FW_WB_V1.15.0RC1, STM32Cube_FW_WB_V1.16.0, STM32Cube_FW_WB_V1.16.0RC2, STM32Cube_FW_WB_V1.17.0, STM32Cube_FW_WL_V1.3.0, X-CUBE-ALGOBUILD_V1.3.0, X-CUBE-ALS_V1.0.1, X-CUBE-AZRTOS-F4_V1.1.0, X-CUBE-AZRTOS-F7_V1.1.0, X-CUBE-AZRTOS-G0_V1.1.0, X-CUBE-AZRTOS-G4_V2.0.0, X-CUBE-AZRTOS-H7_V3.1.0, X-CUBE-AZRTOS-L4_V1.0.0, X-CUBE-AZRTOS-L4_V2.0.0, X-CUBE-AZRTOS-L5_V1.1.0, X-CUBE-AZRTOS-WB_V1.1.0, X-CUBE-AZRTOS-WL_V2.0.0, X-CUBE-BLE1_V7.0.0, X-CUBE-BLE2_V3.3.0, X-CUBE-BLEMGR_V2.0.0, X-CUBE-EEPRMA1_V4.1.0, X-CUBE-FREERTOS_V1.1.0, X-CUBE-GNSS1_V6.0.0, X-CUBE-MEMS1_V9.1.0, X-CUBE-MEMS1_V9.4.0, X-CUBE-MEMS1_V9.6.0, X-CUBE-NFC4_V3.0.0, X-CUBE-NFC7_V1.0.0, X-CUBE-SFXS2LP1_V4.0.0, X-CUBE-SUBG2_V5.0.0, X-CUBE-TOF1_V3.3.1]
2023-09-21 11:55:37,370 [INFO] DbBoardsSqlite:226 - include board P-NUCLEO-WB55-NUCLEO as a kit item of type 'Nucleo-64'
2023-09-21 11:55:37,371 [INFO] DbBoardsSqlite:226 - include board P-NUCLEO-WB55-USBDONGLE as a kit item of type 'Nucleo USB Dongle'
2023-09-21 11:55:37,372 [INFO] DbBoardsSqlite:226 - include board STEVAL-IDP005V1 as a kit item of type 'Evaluation Board'
2023-09-21 11:55:37,373 [INFO] DbBoardsSqlite:226 - include board STEVAL-IDP005V2 as a kit item of type 'Evaluation Board'
2023-09-21 11:55:37,509 [WARN] PackLoader:240 - Cannot read IP mode file for STMicroelectronics.X-CUBE-SMBUS.2.1.0
2023-09-21 11:55:37,601 [WARN] PackLoader:240 - Cannot read IP mode file for STMicroelectronics.X-CUBE-MEMS1.9.2.0
2023-09-21 11:55:37,803 [WARN] PackLoader:240 - Cannot read IP mode file for STMicroelectronics.X-CUBE-AZRTOS-F7.1.1.0
2023-09-21 11:55:37,815 [WARN] PackLoader:240 - Cannot read IP mode file for STMicroelectronics.X-CUBE-AI.7.1.0
2023-09-21 11:55:37,821 [WARN] PackLoader:240 - Cannot read IP mode file for STMicroelectronics.X-CUBE-TOUCHGFX.4.19.1
2023-09-21 11:55:37,852 [WARN] PackLoader:240 - Cannot read IP mode file for STMicroelectronics.FP-SNS-MOTENV1.4.3.2
2023-09-21 11:55:37,860 [WARN] PackLoader:240 - Cannot read IP mode file for STMicroelectronics.X-CUBE-BLE1.6.2.3
2023-09-21 11:55:37,868 [WARN] PackLoader:240 - Cannot read IP mode file for STMicroelectronics.FP-SNS-FLIGHT1.5.0.2
2023-09-21 11:55:37,891 [INFO] ApiDb:240 - Found 323 in-development CPN: [B-G473E-ZEST1S, B-WB1M-WPAN1, B-WL5M-SUBG1, NUCLEO-C031C6, NUCLEO-H503RB, NUCLEO-H563ZI, NUCLEO-U545RE-Q, NUCLEO-U5A5ZJ-Q, NUCLEO-WBA52CG, STEVAL-PROTEUS1, STEVAL-SMARTAG2, STEVAL-STWINBX1, STM320518-EVAL, STM32C0116-DK, STM32C011D6Y3TR, STM32C011D6Y6TR, STM32C011F4P3, STM32C011F4P6, STM32C011F4U3, STM32C011F4U6TR, STM32C011F6P3, STM32C011F6P6, STM32C011F6U3, STM32C011F6U6TR, STM32C011J4M3, STM32C011J4M6, STM32C011J6M3, STM32C011J6M6, STM32C0316-DK, STM32C031C4T3, STM32C031C4T6, STM32C031C4U3, STM32C031C4U6, STM32C031C6T3, STM32C031C6T6, STM32C031C6U3, STM32C031C6U6, STM32C031F4P3, STM32C031F4P6, STM32C031F6P3, STM32C031F6P6, STM32C031G4U3, STM32C031G4U6, STM32C031G6U3, STM32C031G6U6, STM32C031K4T3, STM32C031K4T6, STM32C031K4U3, STM32C031K4U6, STM32C031K6T3, STM32C031K6T6, STM32C031K6U3, STM32C031K6U6, STM32G071K8TXN, STM32G071K8UXN, STM32G081GBU6N, STM32G081KBT6N, STM32G081KBUXN, STM32G0B1CCT6N, STM32G0B1KCT6, STM32G0B1NEY6TR, STM32G0B1RCT6N, STM32G0C1CCT6, STM32G0C1CCT6N, STM32G0C1CCU6N, STM32G0C1CET6N, STM32G0C1CEU6N, STM32G0C1KCT6, STM32G0C1NEY6TR, STM32G0C1RCI6N, STM32G0C1RCT6N, STM32G0C1REI6N, STM32G0C1RET6N, STM32G0C1VCI6, STM32G0C1VEI6, STM32G471CCT6, STM32G471CCU6, STM32G471CET3, STM32G471CET6, STM32G471CEU3, STM32G471CEU6, STM32G471MCT6, STM32G471MET3, STM32G471MET6, STM32G471MEY6TR, STM32G471QCT6, STM32G471QET3, STM32G471RCT6, STM32G471RET3, STM32G471RET6, STM32G471VCH6, STM32G471VCI6, STM32G471VCT6, STM32G471VEH3, STM32G471VEH6, STM32G471VEI3, STM32G471VEI6, STM32G471VET3, STM32G471VET6, STM32G474CCT6, STM32H503CBT6, STM32H503CBU6, STM32H503EBY6TR, STM32H503KBU6, STM32H503RBT6, STM32H562AGI6, STM32H562AII6, STM32H562IGK6, STM32H562IGT6, STM32H562IIK6, STM32H562IIT6, STM32H562RGT6, STM32H562RGV6, STM32H562RIT6, STM32H562RIV6, STM32H562VGT6, STM32H562VIT6, STM32H562ZGT6, STM32H562ZIT6, STM32H563AGI6, STM32H563AII3Q, STM32H563AII6, STM32H563IGK6, STM32H563IGT6, STM32H563IIK3Q, STM32H563IIK6, STM32H563IIT3Q, STM32H563IIT6, STM32H563MIY3QTR, STM32H563RGT6, STM32H563RGV6, STM32H563RIT6, STM32H563RIV6, STM32H563VGT6, STM32H563VIT3Q, STM32H563VIT6, STM32H563ZGT6, STM32H563ZIT3Q, STM32H563ZIT6, STM32H573AII3Q, STM32H573AII6, STM32H573I-DK, STM32H573IIK3Q, STM32H573IIK6, STM32H573IIT3Q, STM32H573IIT6, STM32H573MIY3QTR, STM32H573RIT6, STM32H573RIV6, STM32H573VIT3Q, STM32H573VIT6, STM32H573ZIT3Q, STM32H573ZIT6, STM32L4R5QGI6STR, STM32MP131AAE3, STM32MP131AAF3, STM32MP131AAG3, STM32MP131CAE3, STM32MP131CAF3, STM32MP131CAG3, STM32MP131DAE7, STM32MP131DAF7, STM32MP131DAG7, STM32MP131FAE7, STM32MP131FAF7, STM32MP131FAG7, STM32MP133AAE3, STM32MP133AAF3, STM32MP133AAG3, STM32MP133CAE3, STM32MP133CAF3, STM32MP133CAG3, STM32MP133DAE7, STM32MP133DAF7, STM32MP133DAG7, STM32MP133FAE7, STM32MP133FAF7, STM32MP133FAG7, STM32MP135AAE3, STM32MP135AAF3, STM32MP135AAG3, STM32MP135CAE3, STM32MP135CAF3, STM32MP135CAG3, STM32MP135DAE7, STM32MP135DAF7, STM32MP135DAG7, STM32MP135F-DK, STM32MP135FAE7, STM32MP135FAF7, STM32MP135FAF7T, STM32MP135FAF7U, STM32MP135FAG7, STM32U535CBT6, STM32U535CBT6Q, STM32U535CBU6, STM32U535CBU6Q, STM32U535CCT6, STM32U535CCT6Q, STM32U535CCU6, STM32U535CCU6Q, STM32U535CET6, STM32U535CET6Q, STM32U535CEU6, STM32U535CEU6Q, STM32U535JEY6QTR, STM32U535NCY6QTR, STM32U535NEY6QTR, STM32U535RBI6, STM32U535RBI6Q, STM32U535RBT6, STM32U535RBT6Q, STM32U535RCI6, STM32U535RCI6Q, STM32U535RCT6, STM32U535RCT6Q, STM32U535REI6, STM32U535REI6Q, STM32U535RET6, STM32U535RET6Q, STM32U535VCI6, STM32U535VCI6Q, STM32U535VCT6, STM32U535VCT6Q, STM32U535VEI6, STM32U535VEI6Q, STM32U535VET6, STM32U535VET6Q, STM32U545CET6, STM32U545CET6Q, STM32U545CEU6, STM32U545CEU6Q, STM32U545JEY6QTR, STM32U545NEY6QTR, STM32U545REI6, STM32U545REI6Q, STM32U545RET6, STM32U545RET6Q, STM32U545VEI6, STM32U545VEI6Q, STM32U545VET6, STM32U545VET6Q, STM32U595AIH6, STM32U595AIH6Q, STM32U595AJH6, STM32U595AJH6Q, STM32U595QII6, STM32U595QII6Q, STM32U595QJI6, STM32U595QJI6Q, STM32U595RIT6, STM32U595RIT6Q, STM32U595RJT6, STM32U595RJT6Q, STM32U595VIT6, STM32U595VIT6Q, STM32U595VJT6, STM32U595VJT6Q, STM32U595ZIT6, STM32U595ZIT6Q, STM32U595ZIY6QTR, STM32U595ZJT6, STM32U595ZJT6Q, STM32U595ZJY6QTR, STM32U599BJY6QTR, STM32U599NIH6Q, STM32U599NJH6Q, STM32U599VIT6Q, STM32U599VJT6, STM32U599VJT6Q, STM32U599ZIT6Q, STM32U599ZIY6QTR, STM32U599ZJT6Q, STM32U599ZJY6QTR, STM32U5A5AJH6, STM32U5A5AJH6Q, STM32U5A5QJI6, STM32U5A5QJI6Q, STM32U5A5RJT6, STM32U5A5RJT6Q, STM32U5A5VJT6, STM32U5A5VJT6Q, STM32U5A5ZJT6, STM32U5A5ZJT6Q, STM32U5A5ZJY6QTR, STM32U5A9BJY6QTR, STM32U5A9J-DK, STM32U5A9NJH6Q, STM32U5A9VJT6Q, STM32U5A9ZJT6Q, STM32U5A9ZJY6QTR, STM32U5F7VIT6, STM32U5F7VIT6Q, STM32U5F7VJT6, STM32U5F7VJT6Q, STM32U5F9BJY6QTR, STM32U5F9NJH6Q, STM32U5F9VIT6Q, STM32U5F9VJT6Q, STM32U5F9ZIJ6QTR, STM32U5F9ZIT6Q, STM32U5F9ZJJ6QTR, STM32U5F9ZJT6Q, STM32U5G7VJT6, STM32U5G7VJT6Q, STM32U5G9BJY6QTR, STM32U5G9J-DK1, STM32U5G9J-DK2, STM32U5G9NJH6Q, STM32U5G9VJT6Q, STM32U5G9ZJJ6QTR, STM32U5G9ZJT6Q, STM32WB1MMCH6, STM32WBA52CEU6, STM32WBA52CEU6T, STM32WBA52CGU6, STM32WBA52CGU6T, STM32WBA52KEU6, STM32WBA52KEU6T, STM32WBA52KGU6, STM32WBA52KGU6T, STM32WL5MOCH6, STM32WL5MOCH6TR]
2023-09-21 11:55:37,891 [WARN] PackLoader:240 - Cannot read IP mode file for STMicroelectronics.X-CUBE-BLE2.3.2.2
2023-09-21 11:55:37,905 [WARN] PackLoader:240 - Cannot read IP mode file for STMicroelectronics.X-CUBE-TOF1.3.1.0
2023-09-21 11:55:37,919 [WARN] PackLoader:240 - Cannot read IP mode file for STMicroelectronics.X-CUBE-DISPLAY.3.0.0
2023-09-21 11:55:37,928 [WARN] PackLoader:240 - Cannot read IP mode file for STMicroelectronics.X-CUBE-BLE1.7.0.0
2023-09-21 11:55:37,932 [WARN] PackLoader:240 - Cannot read IP mode file for STMicroelectronics.X-CUBE-TOUCHGFX.4.22.0
2023-09-21 11:55:37,987 [WARN] PackLoader:240 - Cannot read IP mode file for STMicroelectronics.X-CUBE-MEMS1.9.3.0
2023-09-21 11:55:38,113 [WARN] PackLoader:240 - Cannot read IP mode file for STMicroelectronics.X-CUBE-AI.7.2.0
2023-09-21 11:55:38,117 [WARN] PackLoader:240 - Cannot read IP mode file for STMicroelectronics.FP-SNS-SMARTAG2.1.2.0
2023-09-21 11:55:38,122 [INFO] BoardInfo:880 - No configuration file found for board P-NUCLEO-WB55
2023-09-21 11:55:38,122 [INFO] DbBoards:157 - Kit is not supported: P-NUCLEO-WB55
2023-09-21 11:55:38,129 [INFO] LogOutputStream:77 - [STDOUT_REDIRECT] 1 : Invalid condition id : UX_CORESTACK_Condition cause : null
2023-09-21 11:55:38,131 [INFO] LogOutputStream:77 - [STDOUT_REDIRECT] 1 : Invalid condition id : UX_CORESTACK_Condition cause : null
2023-09-21 11:55:38,131 [INFO] BoardInfo:880 - No configuration file found for board STEVAL-BFA001V1B
2023-09-21 11:55:38,131 [INFO] DbBoards:157 - Kit is not supported: STEVAL-BFA001V1B
2023-09-21 11:55:38,132 [INFO] LogOutputStream:77 - [STDOUT_REDIRECT] 1 : Invalid condition id : UX_CORESTACK_Condition cause : null
2023-09-21 11:55:38,132 [INFO] BoardInfo:880 - No configuration file found for board STEVAL-BFA001V2B
2023-09-21 11:55:38,133 [INFO] DbBoards:157 - Kit is not supported: STEVAL-BFA001V2B
2023-09-21 11:55:38,133 [INFO] LogOutputStream:77 - [STDOUT_REDIRECT] 1 : Invalid condition id : UX_CORESTACK_Condition cause : null
2023-09-21 11:55:38,134 [INFO] LogOutputStream:77 - [STDOUT_REDIRECT] 1 : Invalid condition id : UX_CORESTACK_Condition cause : null
2023-09-21 11:55:38,143 [WARN] PackLoader:240 - Cannot read IP mode file for STMicroelectronics.X-CUBE-AZRTOS-WL.2.0.0
2023-09-21 11:55:38,155 [WARN] PackLoader:240 - Cannot read IP mode file for WES.I-CUBE-Cesium.1.3.0
2023-09-21 11:55:38,160 [WARN] PackLoader:240 - Cannot read IP mode file for STMicroelectronics.X-CUBE-BLE2.3.3.0
2023-09-21 11:55:38,164 [WARN] PackLoader:240 - Cannot read IP mode file for STMicroelectronics.X-CUBE-DISPLAY.2.2.0
2023-09-21 11:55:38,174 [WARN] PackLoader:240 - Cannot read IP mode file for STMicroelectronics.X-CUBE-TOF1.3.2.0
2023-09-21 11:55:38,183 [WARN] PackLoader:240 - Cannot read IP mode file for STMicroelectronics.X-CUBE-ISPU.1.0.0
2023-09-21 11:55:38,201 [WARN] PackLoader:240 - Cannot read IP mode file for STMicroelectronics.X-CUBE-AZRTOS-H7.2.1.0
2023-09-21 11:55:38,210 [WARN] PackLoader:240 - Cannot read IP mode file for STMicroelectronics.X-CUBE-ALGOBUILD.1.3.0
2023-09-21 11:55:38,222 [WARN] PackLoader:240 - Cannot read IP mode file for STMicroelectronics.X-CUBE-AZRTOS-G0.1.1.0
2023-09-21 11:55:38,230 [WARN] PackLoader:240 - Cannot read IP mode file for STMicroelectronics.X-CUBE-NFC4.3.0.0
2023-09-21 11:55:38,267 [WARN] PackLoader:240 - Cannot read IP mode file for SEGGER.I-CUBE-embOS.1.2.0
2023-09-21 11:55:38,304 [INFO] DbBoards:161 - Found 190 boards, 187 are supported
2023-09-21 11:55:38,310 [INFO] ApiDb:668 - CubeFinder database Data Model version=2.1
2023-09-21 11:55:38,310 [INFO] ApiDb:669 - CubeFinder database Configuration version=3.0.37
2023-09-21 11:55:38,310 [INFO] ApiDb:670 - CubeFinder database generation date=2023-08-09 (1691586011)
2023-09-21 11:55:38,310 [INFO] ApiDb:671 - CubeFinder database FW Pack versions=[FP-ATR-ASTRA1_V2.0.0, FP-SNS-FLIGHT1_V5.0.1, FP-SNS-FLIGHT1_V5.0.2, FP-SNS-MOTENV1_V4.3.1, FP-SNS-MOTENV1_V4.3.2, STM32Cube_FW_C0_V1.1.0, STM32Cube_FW_F4_V1.27.1, STM32Cube_FW_F7_V1.17.0, STM32Cube_FW_G0_V1.6.1, STM32Cube_FW_G4_V1.5.1, STM32Cube_FW_H5_V0.5.1, STM32Cube_FW_H5_V1.1.0, STM32Cube_FW_H7_V1.11.0, STM32Cube_FW_L0_V1.12.2, STM32Cube_FW_L5_V1.5.0, STM32Cube_FW_U5_V1.3.0, STM32Cube_FW_U5_V1.3.0RC4, STM32Cube_FW_WBA_V1.0.0RC1, STM32Cube_FW_WBA_V1.1.0, STM32Cube_FW_WBA_V1.1.0RC1, STM32Cube_FW_WB_V1.15.0RC1, STM32Cube_FW_WB_V1.16.0, STM32Cube_FW_WB_V1.16.0RC2, STM32Cube_FW_WB_V1.17.0, STM32Cube_FW_WL_V1.3.0, X-CUBE-ALGOBUILD_V1.3.0, X-CUBE-ALS_V1.0.1, X-CUBE-AZRTOS-F4_V1.1.0, X-CUBE-AZRTOS-F7_V1.1.0, X-CUBE-AZRTOS-G0_V1.1.0, X-CUBE-AZRTOS-G4_V2.0.0, X-CUBE-AZRTOS-H7_V3.1.0, X-CUBE-AZRTOS-L4_V1.0.0, X-CUBE-AZRTOS-L4_V2.0.0, X-CUBE-AZRTOS-L5_V1.1.0, X-CUBE-AZRTOS-WB_V1.1.0, X-CUBE-AZRTOS-WL_V2.0.0, X-CUBE-BLE1_V7.0.0, X-CUBE-BLE2_V3.3.0, X-CUBE-BLEMGR_V2.0.0, X-CUBE-EEPRMA1_V4.1.0, X-CUBE-FREERTOS_V1.1.0, X-CUBE-GNSS1_V6.0.0, X-CUBE-MEMS1_V9.1.0, X-CUBE-MEMS1_V9.4.0, X-CUBE-MEMS1_V9.6.0, X-CUBE-NFC4_V3.0.0, X-CUBE-NFC7_V1.0.0, X-CUBE-SFXS2LP1_V4.0.0, X-CUBE-SUBG2_V5.0.0, X-CUBE-TOF1_V3.3.1]
2023-09-21 11:55:38,310 [WARN] PackLoader:240 - Cannot read IP mode file for STMicroelectronics.FP-ATR-SIGFOX1.3.2.0
2023-09-21 11:55:38,316 [WARN] PackLoader:240 - Cannot read IP mode file for emotas.I-CUBE-CANOPEN.1.1.2
2023-09-21 11:55:38,320 [WARN] PackLoader:240 - Cannot read IP mode file for STMicroelectronics.X-CUBE-TOUCHGFX.4.20.0
2023-09-21 11:55:38,356 [WARN] PackLoader:240 - Cannot read IP mode file for SEGGER.I-CUBE-embOS.1.3.1
2023-09-21 11:55:38,398 [WARN] PackLoader:240 - Cannot read IP mode file for STMicroelectronics.X-CUBE-TOF1.3.0.0
2023-09-21 11:55:38,405 [WARN] PackLoader:240 - Cannot read IP mode file for STMicroelectronics.X-CUBE-GNSS1.6.0.0
2023-09-21 11:55:38,422 [WARN] PackLoader:240 - Cannot read IP mode file for STMicroelectronics.X-CUBE-AZRTOS-F4.1.1.0
2023-09-21 11:55:38,433 [WARN] PackLoader:240 - Cannot read IP mode file for STMicroelectronics.X-CUBE-BLEMGR.1.2.0
2023-09-21 11:55:38,450 [WARN] PackLoader:240 - Cannot read IP mode file for STMicroelectronics.X-CUBE-AZRTOS-L5.2.0.0
2023-09-21 11:55:38,486 [WARN] PackLoader:240 - Cannot read IP mode file for STMicroelectronics.X-CUBE-MEMS1.9.6.0
2023-09-21 11:55:38,622 [WARN] PackLoader:240 - Cannot read IP mode file for STMicroelectronics.X-CUBE-BLEMGR.2.0.0
2023-09-21 11:55:38,642 [WARN] PackLoader:240 - Cannot read IP mode file for STMicroelectronics.X-CUBE-NFC4.2.0.4
2023-09-21 11:55:38,662 [WARN] ConditionMgr:438 - getConditionDescription Invalid condition id : UX DEVICE CLASS RTOS Condition cause : null
2023-09-21 11:55:38,663 [WARN] ConditionMgr:438 - getConditionDescription Invalid condition id : UX DEVICE CLASS RTOS Condition cause : null
2023-09-21 11:55:38,666 [WARN] PackLoader:240 - Cannot read IP mode file for STMicroelectronics.X-CUBE-AZRTOS-H7.3.1.0
2023-09-21 11:55:38,667 [WARN] ConditionMgr:1039 - genDependencies : Invalid condition id : UX DEVICE CLASS RTOS Condition cause : null
2023-09-21 11:55:38,668 [WARN] ConditionMgr:1039 - genDependencies : Invalid condition id : UX DEVICE CLASS RTOS Condition cause : null
2023-09-21 11:55:38,668 [WARN] ConditionMgr:1039 - genDependencies : Invalid condition id : UX DEVICE CLASS RTOS Condition cause : null
2023-09-21 11:55:38,670 [WARN] ConditionMgr:1039 - genDependencies : Invalid condition id : UX DEVICE CLASS RTOS Condition cause : null
2023-09-21 11:55:38,671 [WARN] ConditionMgr:1039 - genDependencies : Invalid condition id : UX DEVICE CLASS RTOS Condition cause : null
2023-09-21 11:55:38,681 [WARN] PackLoader:240 - Cannot read IP mode file for STMicroelectronics.X-CUBE-SFXS2LP1.3.1.0
2023-09-21 11:55:38,699 [WARN] PackLoader:240 - Cannot read IP mode file for STMicroelectronics.X-CUBE-AZRTOS-F4.1.0.0
2023-09-21 11:55:38,709 [WARN] PackLoader:240 - Cannot read IP mode file for STMicroelectronics.X-CUBE-NFC7.1.0.1
2023-09-21 11:55:38,715 [WARN] PackLoader:240 - Cannot read IP mode file for STMicroelectronics.X-CUBE-NFC7.1.0.0
2023-09-21 11:55:38,723 [WARN] PackLoader:240 - Cannot read IP mode file for STMicroelectronics.X-CUBE-NFC6.3.0.0
2023-09-21 11:55:38,731 [WARN] PackLoader:240 - Cannot read IP mode file for STMicroelectronics.X-CUBE-EEPRMA1.4.1.0
2023-09-21 11:55:38,736 [WARN] PackLoader:240 - Cannot read IP mode file for STMicroelectronics.X-CUBE-AI.8.1.0
2023-09-21 11:55:38,749 [WARN] PackLoader:240 - Cannot read IP mode file for STMicroelectronics.X-CUBE-AZRTOS-G0.1.0.0
2023-09-21 11:55:38,767 [WARN] ConditionMgr:438 - getConditionDescription Invalid condition id : LAN8742 Phy interface Condition cause : null
2023-09-21 11:55:38,768 [WARN] PackLoader:240 - Cannot read IP mode file for STMicroelectronics.X-CUBE-AZRTOS-L4.2.0.0
2023-09-21 11:55:38,769 [WARN] ConditionMgr:1039 - genDependencies : Invalid condition id : LAN8742 Phy interface Condition cause : null
2023-09-21 11:55:38,769 [WARN] ConditionMgr:1039 - genDependencies : Invalid condition id : LAN8742 Phy interface Condition cause : null
2023-09-21 11:55:38,770 [WARN] ConditionMgr:1039 - genDependencies : Invalid condition id : LAN8742 Phy interface Condition cause : null
2023-09-21 11:55:38,777 [WARN] PackLoader:240 - Cannot read IP mode file for STMicroelectronics.X-CUBE-SFXS2LP1.4.0.0
2023-09-21 11:55:38,780 [WARN] PackLoader:240 - Cannot read IP mode file for STMicroelectronics.X-CUBE-ISPU.1.1.0
2023-09-21 11:55:38,788 [WARN] PackLoader:240 - Cannot read IP mode file for RoweBots.I-CUBE-UNISONRTOS.5.5.0-4
2023-09-21 11:55:38,800 [WARN] ConditionMgr:438 - getConditionDescription Invalid condition id : UX DEVICE CLASS RTOS Condition cause : null
2023-09-21 11:55:38,801 [WARN] ConditionMgr:438 - getConditionDescription Invalid condition id : UX DEVICE CLASS RTOS Condition cause : null
2023-09-21 11:55:38,803 [WARN] PackLoader:240 - Cannot read IP mode file for STMicroelectronics.X-CUBE-AZRTOS-WB.2.0.0
2023-09-21 11:55:38,804 [WARN] ConditionMgr:1039 - genDependencies : Invalid condition id : UX DEVICE CLASS RTOS Condition cause : null
2023-09-21 11:55:38,804 [WARN] ConditionMgr:1039 - genDependencies : Invalid condition id : UX DEVICE CLASS RTOS Condition cause : null
2023-09-21 11:55:38,805 [WARN] ConditionMgr:1039 - genDependencies : Invalid condition id : UX DEVICE CLASS RTOS Condition cause : null
2023-09-21 11:55:38,805 [WARN] ConditionMgr:1039 - genDependencies : Invalid condition id : UX DEVICE CLASS RTOS Condition cause : null
2023-09-21 11:55:38,805 [WARN] ConditionMgr:1039 - genDependencies : Invalid condition id : UX DEVICE CLASS RTOS Condition cause : null
2023-09-21 11:55:38,814 [WARN] PackLoader:240 - Cannot read IP mode file for STMicroelectronics.X-CUBE-BLEMGR.1.0.0
2023-09-21 11:55:38,826 [WARN] PackLoader:240 - Cannot read IP mode file for STMicroelectronics.X-CUBE-SUBG2.5.0.0
2023-09-21 11:55:38,842 [WARN] PackLoader:240 - Cannot read IP mode file for STMicroelectronics.X-CUBE-TOF1.3.3.1
2023-09-21 11:55:38,867 [WARN] PackLoader:240 - Cannot read IP mode file for STMicroelectronics.X-CUBE-AZRTOS-G4.2.0.0
2023-09-21 11:55:38,874 [WARN] PackLoader:240 - Cannot read IP mode file for STMicroelectronics.FP-ATR-ASTRA1.1.1.1
2023-09-21 11:55:38,878 [WARN] PackLoader:240 - Cannot read IP mode file for STMicroelectronics.FP-ATR-ASTRA1.1.1.0
2023-09-21 11:55:38,892 [WARN] PackLoader:240 - Cannot read IP mode file for STMicroelectronics.X-CUBE-AZRTOS-G4.1.0.0
2023-09-21 11:55:38,899 [WARN] PackLoader:240 - Cannot read IP mode file for wolfSSL.I-CUBE-wolfSSL.5.3.0
2023-09-21 11:55:38,917 [WARN] PackLoader:240 - Cannot read IP mode file for STMicroelectronics.X-CUBE-AZRTOS-L4.1.0.0
2023-09-21 11:55:38,925 [WARN] PackLoader:240 - Cannot read IP mode file for STMicroelectronics.X-CUBE-FREERTOS.1.1.0
2023-09-21 11:55:38,943 [WARN] PackLoader:240 - Cannot read IP mode file for STMicroelectronics.X-CUBE-AZRTOS-F7.1.0.0
2023-09-21 11:55:38,958 [WARN] PackLoader:240 - Cannot read IP mode file for STMicroelectronics.X-CUBE-AZRTOS-WL.1.0.0
2023-09-21 11:55:38,965 [WARN] PackLoader:240 - Cannot read IP mode file for portGmbH.I-Cube-SoM-uGOAL.1.1.0
2023-09-21 11:55:38,971 [WARN] PackLoader:240 - Cannot read IP mode file for STMicroelectronics.X-CUBE-ALS.1.0.1
2023-09-21 11:55:38,987 [WARN] PackLoader:240 - Cannot read IP mode file for STMicroelectronics.X-CUBE-AZRTOS-L5.1.0.0
2023-09-21 11:55:38,995 [WARN] PackLoader:240 - Cannot read IP mode file for STMicroelectronics.X-CUBE-EEPRMA1.3.1.1
2023-09-21 11:55:39,001 [WARN] PackLoader:240 - Cannot read IP mode file for STMicroelectronics.X-CUBE-GNSS1.5.2.0
2023-09-21 11:55:39,006 [WARN] PackLoader:240 - Cannot read IP mode file for STMicroelectronics.FP-ATR-ASTRA1.2.0.0
2023-09-21 11:55:39,007 [INFO] ThirdParty:978 - Integrity check success = true
2023-09-21 11:55:39,008 [INFO] IntegrityCheckThread:100 - exiting critical section [integrity check]
2023-09-21 11:55:39,008 [INFO] IntegrityCheckThread:103 - End integrity checks thread
2023-09-21 11:55:39,476 [INFO] WebApp:157 - Instantiating new browser for Auth
2023-09-21 11:55:40,267 [INFO] WebApp:753 - Register for checkConnection events
2023-09-21 11:55:40,267 [INFO] WebApp:390 - Apply proxy settings
2023-09-21 11:55:40,267 [INFO] WebApp:475 - Chromium requires no authentication
2023-09-21 11:55:40,277 [INFO] WebApp:418 - Direct internet connection detected
2023-09-21 11:55:40,421 [INFO] WebApp:188 - Starting web application
2023-09-21 11:55:40,421 [INFO] WebApp:520 - Web application path used C:\ST\STM32CubeIDE_1.9.0\STM32CubeIDE\plugins\com.st.stm32cube.common.mx_6.9.2.202309101412\db\plugins\mcufinder\reactClient1\index.html
2023-09-21 11:55:40,813 [INFO] ApiDb:240 - Found 323 in-development CPN: [B-G473E-ZEST1S, B-WB1M-WPAN1, B-WL5M-SUBG1, NUCLEO-C031C6, NUCLEO-H503RB, NUCLEO-H563ZI, NUCLEO-U545RE-Q, NUCLEO-U5A5ZJ-Q, NUCLEO-WBA52CG, STEVAL-PROTEUS1, STEVAL-SMARTAG2, STEVAL-STWINBX1, STM320518-EVAL, STM32C0116-DK, STM32C011D6Y3TR, STM32C011D6Y6TR, STM32C011F4P3, STM32C011F4P6, STM32C011F4U3, STM32C011F4U6TR, STM32C011F6P3, STM32C011F6P6, STM32C011F6U3, STM32C011F6U6TR, STM32C011J4M3, STM32C011J4M6, STM32C011J6M3, STM32C011J6M6, STM32C0316-DK, STM32C031C4T3, STM32C031C4T6, STM32C031C4U3, STM32C031C4U6, STM32C031C6T3, STM32C031C6T6, STM32C031C6U3, STM32C031C6U6, STM32C031F4P3, STM32C031F4P6, STM32C031F6P3, STM32C031F6P6, STM32C031G4U3, STM32C031G4U6, STM32C031G6U3, STM32C031G6U6, STM32C031K4T3, STM32C031K4T6, STM32C031K4U3, STM32C031K4U6, STM32C031K6T3, STM32C031K6T6, STM32C031K6U3, STM32C031K6U6, STM32G071K8TXN, STM32G071K8UXN, STM32G081GBU6N, STM32G081KBT6N, STM32G081KBUXN, STM32G0B1CCT6N, STM32G0B1KCT6, STM32G0B1NEY6TR, STM32G0B1RCT6N, STM32G0C1CCT6, STM32G0C1CCT6N, STM32G0C1CCU6N, STM32G0C1CET6N, STM32G0C1CEU6N, STM32G0C1KCT6, STM32G0C1NEY6TR, STM32G0C1RCI6N, STM32G0C1RCT6N, STM32G0C1REI6N, STM32G0C1RET6N, STM32G0C1VCI6, STM32G0C1VEI6, STM32G471CCT6, STM32G471CCU6, STM32G471CET3, STM32G471CET6, STM32G471CEU3, STM32G471CEU6, STM32G471MCT6, STM32G471MET3, STM32G471MET6, STM32G471MEY6TR, STM32G471QCT6, STM32G471QET3, STM32G471RCT6, STM32G471RET3, STM32G471RET6, STM32G471VCH6, STM32G471VCI6, STM32G471VCT6, STM32G471VEH3, STM32G471VEH6, STM32G471VEI3, STM32G471VEI6, STM32G471VET3, STM32G471VET6, STM32G474CCT6, STM32H503CBT6, STM32H503CBU6, STM32H503EBY6TR, STM32H503KBU6, STM32H503RBT6, STM32H562AGI6, STM32H562AII6, STM32H562IGK6, STM32H562IGT6, STM32H562IIK6, STM32H562IIT6, STM32H562RGT6, STM32H562RGV6, STM32H562RIT6, STM32H562RIV6, STM32H562VGT6, STM32H562VIT6, STM32H562ZGT6, STM32H562ZIT6, STM32H563AGI6, STM32H563AII3Q, STM32H563AII6, STM32H563IGK6, STM32H563IGT6, STM32H563IIK3Q, STM32H563IIK6, STM32H563IIT3Q, STM32H563IIT6, STM32H563MIY3QTR, STM32H563RGT6, STM32H563RGV6, STM32H563RIT6, STM32H563RIV6, STM32H563VGT6, STM32H563VIT3Q, STM32H563VIT6, STM32H563ZGT6, STM32H563ZIT3Q, STM32H563ZIT6, STM32H573AII3Q, STM32H573AII6, STM32H573I-DK, STM32H573IIK3Q, STM32H573IIK6, STM32H573IIT3Q, STM32H573IIT6, STM32H573MIY3QTR, STM32H573RIT6, STM32H573RIV6, STM32H573VIT3Q, STM32H573VIT6, STM32H573ZIT3Q, STM32H573ZIT6, STM32L4R5QGI6STR, STM32MP131AAE3, STM32MP131AAF3, STM32MP131AAG3, STM32MP131CAE3, STM32MP131CAF3, STM32MP131CAG3, STM32MP131DAE7, STM32MP131DAF7, STM32MP131DAG7, STM32MP131FAE7, STM32MP131FAF7, STM32MP131FAG7, STM32MP133AAE3, STM32MP133AAF3, STM32MP133AAG3, STM32MP133CAE3, STM32MP133CAF3, STM32MP133CAG3, STM32MP133DAE7, STM32MP133DAF7, STM32MP133DAG7, STM32MP133FAE7, STM32MP133FAF7, STM32MP133FAG7, STM32MP135AAE3, STM32MP135AAF3, STM32MP135AAG3, STM32MP135CAE3, STM32MP135CAF3, STM32MP135CAG3, STM32MP135DAE7, STM32MP135DAF7, STM32MP135DAG7, STM32MP135F-DK, STM32MP135FAE7, STM32MP135FAF7, STM32MP135FAF7T, STM32MP135FAF7U, STM32MP135FAG7, STM32U535CBT6, STM32U535CBT6Q, STM32U535CBU6, STM32U535CBU6Q, STM32U535CCT6, STM32U535CCT6Q, STM32U535CCU6, STM32U535CCU6Q, STM32U535CET6, STM32U535CET6Q, STM32U535CEU6, STM32U535CEU6Q, STM32U535JEY6QTR, STM32U535NCY6QTR, STM32U535NEY6QTR, STM32U535RBI6, STM32U535RBI6Q, STM32U535RBT6, STM32U535RBT6Q, STM32U535RCI6, STM32U535RCI6Q, STM32U535RCT6, STM32U535RCT6Q, STM32U535REI6, STM32U535REI6Q, STM32U535RET6, STM32U535RET6Q, STM32U535VCI6, STM32U535VCI6Q, STM32U535VCT6, STM32U535VCT6Q, STM32U535VEI6, STM32U535VEI6Q, STM32U535VET6, STM32U535VET6Q, STM32U545CET6, STM32U545CET6Q, STM32U545CEU6, STM32U545CEU6Q, STM32U545JEY6QTR, STM32U545NEY6QTR, STM32U545REI6, STM32U545REI6Q, STM32U545RET6, STM32U545RET6Q, STM32U545VEI6, STM32U545VEI6Q, STM32U545VET6, STM32U545VET6Q, STM32U595AIH6, STM32U595AIH6Q, STM32U595AJH6, STM32U595AJH6Q, STM32U595QII6, STM32U595QII6Q, STM32U595QJI6, STM32U595QJI6Q, STM32U595RIT6, STM32U595RIT6Q, STM32U595RJT6, STM32U595RJT6Q, STM32U595VIT6, STM32U595VIT6Q, STM32U595VJT6, STM32U595VJT6Q, STM32U595ZIT6, STM32U595ZIT6Q, STM32U595ZIY6QTR, STM32U595ZJT6, STM32U595ZJT6Q, STM32U595ZJY6QTR, STM32U599BJY6QTR, STM32U599NIH6Q, STM32U599NJH6Q, STM32U599VIT6Q, STM32U599VJT6, STM32U599VJT6Q, STM32U599ZIT6Q, STM32U599ZIY6QTR, STM32U599ZJT6Q, STM32U599ZJY6QTR, STM32U5A5AJH6, STM32U5A5AJH6Q, STM32U5A5QJI6, STM32U5A5QJI6Q, STM32U5A5RJT6, STM32U5A5RJT6Q, STM32U5A5VJT6, STM32U5A5VJT6Q, STM32U5A5ZJT6, STM32U5A5ZJT6Q, STM32U5A5ZJY6QTR, STM32U5A9BJY6QTR, STM32U5A9J-DK, STM32U5A9NJH6Q, STM32U5A9VJT6Q, STM32U5A9ZJT6Q, STM32U5A9ZJY6QTR, STM32U5F7VIT6, STM32U5F7VIT6Q, STM32U5F7VJT6, STM32U5F7VJT6Q, STM32U5F9BJY6QTR, STM32U5F9NJH6Q, STM32U5F9VIT6Q, STM32U5F9VJT6Q, STM32U5F9ZIJ6QTR, STM32U5F9ZIT6Q, STM32U5F9ZJJ6QTR, STM32U5F9ZJT6Q, STM32U5G7VJT6, STM32U5G7VJT6Q, STM32U5G9BJY6QTR, STM32U5G9J-DK1, STM32U5G9J-DK2, STM32U5G9NJH6Q, STM32U5G9VJT6Q, STM32U5G9ZJJ6QTR, STM32U5G9ZJT6Q, STM32WB1MMCH6, STM32WBA52CEU6, STM32WBA52CEU6T, STM32WBA52CGU6, STM32WBA52CGU6T, STM32WBA52KEU6, STM32WBA52KEU6T, STM32WBA52KGU6, STM32WBA52KGU6T, STM32WL5MOCH6, STM32WL5MOCH6TR]
2023-09-21 11:55:40,821 [INFO] DbMcus:217 - Found 3848 MCUs, 3848 are supported
2023-09-21 11:55:40,821 [INFO] ApiDb:423 - Load user favorites file C:\Users\truon/.stm32cubeide/favorites.mcus.txt: 0 item(s)
2023-09-21 11:55:40,821 [INFO] ApiDb:427 - User favorites MCUs=[]
2023-09-21 11:55:40,821 [INFO] DbMcus:223 - Set 0 / 0 favorites MCUs
2023-09-21 11:55:41,039 [INFO] ApiDb:423 - Load user favorites file C:\Users\truon/.stm32cubeide/favorites.boards.txt: 0 item(s)
2023-09-21 11:55:41,039 [INFO] ApiDb:427 - User favorites Boards=[]
2023-09-21 11:55:41,040 [INFO] DbBoards:190 - Set 0 / 0 favorites Boards
2023-09-21 11:55:41,040 [INFO] McuFinderGlobals:76 - Set McuFinderConnectedMode to true
2023-09-21 11:55:41,048 [INFO] MultiScanPanel:200 - Auto-refresh data requested => check proxy status ongoing
2023-09-21 11:55:41,051 [INFO] FinderPluginLoader:95 - Searching for filters in installed packs
2023-09-21 11:55:42,437 [INFO] LoadUrlFilesThread:185 - End of LoadServerUrlFiles without Thread
2023-09-21 11:55:42,445 [INFO] DetailPanel:341 - Set advertising image to C:/Users/truon/STM32Cube/Repository/\en.prom-stm32h5-mcu-finder.jpg
2023-09-21 11:56:01,147 [ERROR] LogOutputStream:75 - [STDERR_REDIRECT] SLF4J: Failed to load class "org.slf4j.impl.StaticLoggerBinder".
2023-09-21 11:56:01,147 [ERROR] LogOutputStream:75 - [STDERR_REDIRECT] SLF4J: Defaulting to no-operation (NOP) logger implementation
2023-09-21 11:56:01,148 [ERROR] LogOutputStream:75 - [STDERR_REDIRECT] SLF4J: See http://www.slf4j.org/codes.html#StaticLoggerBinder for further details.
2023-09-21 11:56:29,969 [INFO] MainUpdater:2868 - connection check result : 10
2023-09-21 11:56:29,969 [INFO] MainUpdater:2868 - connection check result : 10
2023-09-21 11:56:30,008 [INFO] MicroXplorer:468 - Change Database Path : 
2023-09-21 11:56:30,009 [INFO] MicroXplorer:498 - Change Database Version : DB.6.0.92
2023-09-21 11:56:30,016 [WARN] ThirdParty:871 - waiting for thirdparty lock release [close project]
2023-09-21 11:56:30,017 [INFO] ThirdParty:873 - entering critical section [close project]
2023-09-21 11:56:30,018 [INFO] ThirdParty:883 - exiting critical section [close project]
2023-09-21 11:56:30,021 [INFO] PinOutPanel:1499 - setPackage(No Configuration,No Configuration)
2023-09-21 11:56:30,030 [INFO] UtilMem:75 - Begin LoadConfig() Used Memory: 338916720 Bytes (445644800)
2023-09-21 11:56:30,031 [INFO] MicroXplorer:468 - Change Database Path : 
2023-09-21 11:56:30,031 [INFO] MicroXplorer:498 - Change Database Version : DB.6.0.92
2023-09-21 11:56:30,031 [INFO] OpenFileManager:308 - Change cursor
2023-09-21 11:56:30,172 [INFO] Mcu:1946 - Initializing MCU STM32F103C6Tx STM32F103C6Tx STM32F103C6T6A
2023-09-21 11:56:31,015 [INFO] Context:659 - Trying to add GPIOservice into a context  which must be forbidden
2023-09-21 11:56:31,303 [INFO] ImportTextPane:194 - (OptionalMessage_ERROR) Unable to find key (Mcu.ThirdPartyNb) in loaded IOC file
2023-09-21 11:56:31,303 [INFO] ImportTextPane:194 - (OptionalMessage_ERROR) Unable to find key (Mcu.PinsNb) in loaded IOC file
2023-09-21 11:56:31,303 [INFO] ImportTextPane:194 - (OptionalMessage_ERROR) Unable to find key (Mcu.IPNb) in loaded IOC file
2023-09-21 11:56:31,558 [INFO] RtosManager:555 - Registered RTOS mode: class=CMSIS, group=RTOS, mode=CMSIS_V1, owner=FREERTOS
2023-09-21 11:56:31,559 [INFO] RtosManager:555 - Registered RTOS mode: class=CMSIS, group=RTOS2, mode=CMSIS_V2, owner=FREERTOS
2023-09-21 11:56:31,559 [INFO] RtosManager:555 - Registered RTOS mode: class=RTOS, group=Core, mode=CMSIS_V1, owner=FREERTOS
2023-09-21 11:56:31,559 [INFO] RtosManager:555 - Registered RTOS mode: class=RTOS, group=Core, mode=CMSIS_V2, owner=FREERTOS
2023-09-21 11:56:31,559 [WARN] ModelIntegratedComponent:184 - Missing modes for component STMicroelectronics:FreeRTOS:0.0.1:STMicroelectronics:RTOS:FreeRTOS:Core:::10.2.0:
2023-09-21 11:56:31,577 [WARN] ModelIntegratedComponent:63 - No mode defined for component null
2023-09-21 11:56:31,577 [WARN] ModelIntegratedComponent:63 - No mode defined for component null
2023-09-21 11:56:31,577 [WARN] ModelIntegratedComponent:63 - No mode defined for component null
2023-09-21 11:56:31,577 [WARN] ModelIntegratedComponent:63 - No mode defined for component null
2023-09-21 11:56:31,577 [WARN] ModelIntegratedComponent:63 - No mode defined for component null
2023-09-21 11:56:31,577 [WARN] ModelIntegratedComponent:63 - No mode defined for component null
2023-09-21 11:56:31,577 [WARN] ModelIntegratedComponent:63 - No mode defined for component null
2023-09-21 11:56:31,577 [WARN] ModelIntegratedComponent:63 - No mode defined for component null
2023-09-21 11:56:31,577 [WARN] ModelIntegratedComponent:63 - No mode defined for component null
2023-09-21 11:56:31,577 [WARN] ModelIntegratedComponent:63 - No mode defined for component null
2023-09-21 11:56:31,577 [WARN] ModelIntegratedComponent:63 - No mode defined for component null
2023-09-21 11:56:31,577 [WARN] ModelIntegratedComponent:63 - No mode defined for component null
2023-09-21 11:56:31,577 [WARN] ModelIntegratedComponent:63 - No mode defined for component null
2023-09-21 11:56:31,577 [WARN] ModelIntegratedComponent:63 - No mode defined for component null
2023-09-21 11:56:31,577 [WARN] ModelIntegratedComponent:63 - No mode defined for component null
2023-09-21 11:56:31,577 [WARN] ModelIntegratedComponent:63 - No mode defined for component null
2023-09-21 11:56:31,577 [WARN] ModelIntegratedComponent:63 - No mode defined for component null
2023-09-21 11:56:31,577 [WARN] ModelIntegratedComponent:63 - No mode defined for component null
2023-09-21 11:56:31,577 [WARN] ModelIntegratedComponent:63 - No mode defined for component null
2023-09-21 11:56:31,577 [WARN] ModelIntegratedComponent:63 - No mode defined for component null
2023-09-21 11:56:31,577 [WARN] ModelIntegratedComponent:63 - No mode defined for component null
2023-09-21 11:56:31,577 [WARN] ModelIntegratedComponent:63 - No mode defined for component null
2023-09-21 11:56:31,578 [WARN] ModelIntegratedComponent:63 - No mode defined for component null
2023-09-21 11:56:31,578 [WARN] ModelIntegratedComponent:63 - No mode defined for component null
2023-09-21 11:56:31,578 [WARN] ModelIntegratedComponent:63 - No mode defined for component null
2023-09-21 11:56:31,578 [WARN] ModelIntegratedComponent:63 - No mode defined for component null
2023-09-21 11:56:31,578 [WARN] ModelIntegratedComponent:63 - No mode defined for component null
2023-09-21 11:56:31,578 [WARN] ModelIntegratedComponent:63 - No mode defined for component null
2023-09-21 11:56:31,578 [WARN] ModelIntegratedComponent:63 - No mode defined for component null
2023-09-21 11:56:31,578 [WARN] ModelIntegratedComponent:63 - No mode defined for component null
2023-09-21 11:56:31,578 [WARN] ModelIntegratedComponent:63 - No mode defined for component null
2023-09-21 11:56:31,578 [WARN] ModelIntegratedComponent:63 - No mode defined for component null
2023-09-21 11:56:31,578 [WARN] ModelIntegratedComponent:63 - No mode defined for component null
2023-09-21 11:56:31,721 [INFO] ThirdPartyModel:298 - Start build external matchings
2023-09-21 11:56:32,776 [INFO] ThirdPartyModel:316 - End build external matchings
2023-09-21 11:56:33,098 [INFO] UtilMem:75 - End LoadConfig() Used Memory: 325951680 Bytes (633339904)
2023-09-21 11:56:33,137 [WARN] ThirdParty:833 - waiting for thirdparty lock release [change project]
2023-09-21 11:56:33,138 [INFO] ThirdParty:835 - entering critical section [change project]
2023-09-21 11:56:33,138 [INFO] ThirdParty:1030 - CMSIS Pack Vendor :STMicroelectronics X-CUBE-ISPU 1.1.0
2023-09-21 11:56:33,138 [INFO] ThirdParty:1030 - CMSIS Pack Vendor :STMicroelectronics USBPD 4.1
2023-09-21 11:56:33,138 [INFO] ThirdParty:1030 - CMSIS Pack Vendor :RoweBots I-CUBE-UNISONRTOS 5.5.0-4
2023-09-21 11:56:33,138 [INFO] ThirdParty:1030 - CMSIS Pack Vendor :STMicroelectronics X-CUBE-GNSS1 6.0.0
2023-09-21 11:56:33,138 [INFO] ThirdParty:1030 - CMSIS Pack Vendor :STMicroelectronics X-CUBE-AZRTOS-H7 2.1.0
2023-09-21 11:56:33,138 [INFO] ThirdParty:1030 - CMSIS Pack Vendor :STMicroelectronics USB_HOST 2.0.0
2023-09-21 11:56:33,138 [INFO] ThirdParty:1030 - CMSIS Pack Vendor :STMicroelectronics X-CUBE-AZRTOS-F4 1.1.0
2023-09-21 11:56:33,138 [INFO] ThirdParty:1030 - CMSIS Pack Vendor :STMicroelectronics LIBJPEG 8.0.0
2023-09-21 11:56:33,138 [INFO] ThirdParty:1030 - CMSIS Pack Vendor :STMicroelectronics X-CUBE-SMBUS 2.1.0
2023-09-21 11:56:33,138 [INFO] ThirdParty:1030 - CMSIS Pack Vendor :STMicroelectronics USB_DEVICE 3.0.0
2023-09-21 11:56:33,138 [INFO] ThirdParty:1030 - CMSIS Pack Vendor :STMicroelectronics X-CUBE-AZRTOS-WB 2.0.0
2023-09-21 11:56:33,138 [INFO] ThirdParty:1030 - CMSIS Pack Vendor :STMicroelectronics X-CUBE-BLEMGR 1.0.0
2023-09-21 11:56:33,139 [INFO] ThirdParty:1030 - CMSIS Pack Vendor :STMicroelectronics X-CUBE-MEMS1 9.2.0
2023-09-21 11:56:33,139 [INFO] ThirdParty:1030 - CMSIS Pack Vendor :STMicroelectronics X-CUBE-BLEMGR 1.2.0
2023-09-21 11:56:33,139 [INFO] ThirdParty:1030 - CMSIS Pack Vendor :STMicroelectronics X-CUBE-AZRTOS-F7 1.1.0
2023-09-21 11:56:33,139 [INFO] ThirdParty:1030 - CMSIS Pack Vendor :STMicroelectronics X-CUBE-AZRTOS-L5 2.0.0
2023-09-21 11:56:33,139 [INFO] ThirdParty:1030 - CMSIS Pack Vendor :STMicroelectronics USB_DEVICE 2.0.0
2023-09-21 11:56:33,139 [INFO] ThirdParty:1030 - CMSIS Pack Vendor :STMicroelectronics X-CUBE-MEMS1 9.6.0
2023-09-21 11:56:33,139 [INFO] ThirdParty:1030 - CMSIS Pack Vendor :STMicroelectronics X-CUBE-AI 7.1.0
2023-09-21 11:56:33,139 [INFO] ThirdParty:1030 - CMSIS Pack Vendor :STMicroelectronics X-CUBE-TOUCHGFX 4.19.1
2023-09-21 11:56:33,139 [INFO] ThirdParty:1030 - CMSIS Pack Vendor :STMicroelectronics FP-SNS-MOTENV1 4.3.2
2023-09-21 11:56:33,139 [INFO] ThirdParty:1030 - CMSIS Pack Vendor :STMicroelectronics X-CUBE-BLE1 6.2.3
2023-09-21 11:56:33,139 [INFO] ThirdParty:1030 - CMSIS Pack Vendor :STMicroelectronics X-CUBE-ALGOBUILD 1.3.0
2023-09-21 11:56:33,139 [INFO] ThirdParty:1030 - CMSIS Pack Vendor :STMicroelectronics FreeRTOS 0.0.1
2023-09-21 11:56:33,139 [INFO] ThirdParty:1030 - CMSIS Pack Vendor :STMicroelectronics X-CUBE-AZRTOS-G0 1.1.0
2023-09-21 11:56:33,139 [INFO] ThirdParty:1030 - CMSIS Pack Vendor :STMicroelectronics X-CUBE-BLEMGR 2.0.0
2023-09-21 11:56:33,139 [INFO] ThirdParty:1030 - CMSIS Pack Vendor :STMicroelectronics X-CUBE-NFC4 3.0.0
2023-09-21 11:56:33,139 [INFO] ThirdParty:1030 - CMSIS Pack Vendor :SEGGER I-CUBE-embOS 1.2.0
2023-09-21 11:56:33,139 [INFO] ThirdParty:1030 - CMSIS Pack Vendor :STMicroelectronics X-CUBE-SUBG2 5.0.0
2023-09-21 11:56:33,139 [INFO] ThirdParty:1030 - CMSIS Pack Vendor :STMicroelectronics STM32_WPAN 1.0.0
2023-09-21 11:56:33,139 [INFO] ThirdParty:1030 - CMSIS Pack Vendor :STMicroelectronics lwIP 2.0.3
2023-09-21 11:56:33,139 [INFO] ThirdParty:1030 - CMSIS Pack Vendor :STMicroelectronics FP-SNS-FLIGHT1 5.0.2
2023-09-21 11:56:33,139 [INFO] ThirdParty:1030 - CMSIS Pack Vendor :STMicroelectronics X-CUBE-BLE2 3.2.2
2023-09-21 11:56:33,139 [INFO] ThirdParty:1030 - CMSIS Pack Vendor :STMicroelectronics X-CUBE-NFC4 2.0.4
2023-09-21 11:56:33,139 [INFO] ThirdParty:1030 - CMSIS Pack Vendor :STMicroelectronics USB_HOST 1.0.0
2023-09-21 11:56:33,139 [INFO] ThirdParty:1030 - CMSIS Pack Vendor :STMicroelectronics X-CUBE-TOF1 3.3.1
2023-09-21 11:56:33,139 [INFO] ThirdParty:1030 - CMSIS Pack Vendor :STMicroelectronics X-CUBE-AZRTOS-G4 2.0.0
2023-09-21 11:56:33,139 [INFO] ThirdParty:1030 - CMSIS Pack Vendor :STMicroelectronics PDM2PCM 3.1.0
2023-09-21 11:56:33,140 [INFO] ThirdParty:1030 - CMSIS Pack Vendor :STMicroelectronics X-CUBE-AZRTOS-H7 3.1.0
2023-09-21 11:56:33,140 [INFO] ThirdParty:1030 - CMSIS Pack Vendor :STMicroelectronics FP-ATR-ASTRA1 1.1.1
2023-09-21 11:56:33,140 [INFO] ThirdParty:1030 - CMSIS Pack Vendor :STMicroelectronics PDM2PCM 3.3.0
2023-09-21 11:56:33,140 [INFO] ThirdParty:1030 - CMSIS Pack Vendor :STMicroelectronics X-CUBE-TOF1 3.1.0
2023-09-21 11:56:33,140 [INFO] ThirdParty:1030 - CMSIS Pack Vendor :STMicroelectronics X-CUBE-SFXS2LP1 3.1.0
2023-09-21 11:56:33,140 [INFO] ThirdParty:1030 - CMSIS Pack Vendor :STMicroelectronics FP-ATR-ASTRA1 1.1.0
2023-09-21 11:56:33,140 [INFO] ThirdParty:1030 - CMSIS Pack Vendor :STMicroelectronics X-CUBE-DISPLAY 3.0.0
2023-09-21 11:56:33,140 [INFO] ThirdParty:1030 - CMSIS Pack Vendor :STMicroelectronics X-CUBE-AZRTOS-F4 1.0.0
2023-09-21 11:56:33,140 [INFO] ThirdParty:1030 - CMSIS Pack Vendor :STMicroelectronics X-CUBE-BLE1 7.0.0
2023-09-21 11:56:33,140 [INFO] ThirdParty:1030 - CMSIS Pack Vendor :STMicroelectronics FP-ATR-SIGFOX1 3.2.0
2023-09-21 11:56:33,140 [INFO] ThirdParty:1030 - CMSIS Pack Vendor :STMicroelectronics X-CUBE-AZRTOS-G4 1.0.0
2023-09-21 11:56:33,140 [INFO] ThirdParty:1030 - CMSIS Pack Vendor :wolfSSL I-CUBE-wolfSSL 5.3.0
2023-09-21 11:56:33,140 [INFO] ThirdParty:1030 - CMSIS Pack Vendor :STMicroelectronics X-CUBE-AZRTOS-L4 1.0.0
2023-09-21 11:56:33,140 [INFO] ThirdParty:1030 - CMSIS Pack Vendor :STMicroelectronics HAL Drivers 0.0.0
2023-09-21 11:56:33,140 [INFO] ThirdParty:1030 - CMSIS Pack Vendor :STMicroelectronics MBEDTLS 2.16.2
2023-09-21 11:56:33,140 [INFO] ThirdParty:1030 - CMSIS Pack Vendor :emotas I-CUBE-CANOPEN 1.1.2
2023-09-21 11:56:33,140 [INFO] ThirdParty:1030 - CMSIS Pack Vendor :STMicroelectronics X-CUBE-TOUCHGFX 4.20.0
2023-09-21 11:56:33,140 [INFO] ThirdParty:1030 - CMSIS Pack Vendor :STMicroelectronics X-CUBE-FREERTOS 1.1.0
2023-09-21 11:56:33,140 [INFO] ThirdParty:1030 - CMSIS Pack Vendor :STMicroelectronics X-CUBE-TOUCHGFX 4.22.0
2023-09-21 11:56:33,140 [INFO] ThirdParty:1030 - CMSIS Pack Vendor :STMicroelectronics X-CUBE-NFC7 1.0.1
2023-09-21 11:56:33,140 [INFO] ThirdParty:1030 - CMSIS Pack Vendor :STMicroelectronics MBEDTLS 2.14.1
2023-09-21 11:56:33,140 [INFO] ThirdParty:1030 - CMSIS Pack Vendor :STMicroelectronics X-CUBE-NFC7 1.0.0
2023-09-21 11:56:33,141 [INFO] ThirdParty:1030 - CMSIS Pack Vendor :STMicroelectronics X-CUBE-AZRTOS-F7 1.0.0
2023-09-21 11:56:33,141 [INFO] ThirdParty:1030 - CMSIS Pack Vendor :STMicroelectronics X-CUBE-AZRTOS-WL 1.0.0
2023-09-21 11:56:33,141 [INFO] ThirdParty:1030 - CMSIS Pack Vendor :STMicroelectronics X-CUBE-NFC6 3.0.0
2023-09-21 11:56:33,141 [INFO] ThirdParty:1030 - CMSIS Pack Vendor :STMicroelectronics X-CUBE-MEMS1 9.3.0
2023-09-21 11:56:33,141 [INFO] ThirdParty:1030 - CMSIS Pack Vendor :STMicroelectronics X-CUBE-EEPRMA1 4.1.0
2023-09-21 11:56:33,141 [INFO] ThirdParty:1030 - CMSIS Pack Vendor :portGmbH I-Cube-SoM-uGOAL 1.1.0
2023-09-21 11:56:33,141 [INFO] ThirdParty:1030 - CMSIS Pack Vendor :STMicroelectronics X-CUBE-ALS 1.0.1
2023-09-21 11:56:33,141 [INFO] ThirdParty:1030 - CMSIS Pack Vendor :STMicroelectronics X-CUBE-AI 7.2.0
2023-09-21 11:56:33,141 [INFO] ThirdParty:1030 - CMSIS Pack Vendor :STMicroelectronics ThreadX 1.0.0
2023-09-21 11:56:33,141 [INFO] ThirdParty:1030 - CMSIS Pack Vendor :STMicroelectronics FP-SNS-SMARTAG2 1.2.0
2023-09-21 11:56:33,141 [INFO] ThirdParty:1030 - CMSIS Pack Vendor :STMicroelectronics X-CUBE-AZRTOS-WL 2.0.0
2023-09-21 11:56:33,141 [INFO] ThirdParty:1030 - CMSIS Pack Vendor :SEGGER I-CUBE-embOS 1.3.1
2023-09-21 11:56:33,141 [INFO] ThirdParty:1030 - CMSIS Pack Vendor :STMicroelectronics X-CUBE-AZRTOS-L5 1.0.0
2023-09-21 11:56:33,141 [INFO] ThirdParty:1030 - CMSIS Pack Vendor :STMicroelectronics USB_DEVICE 1.0.0
2023-09-21 11:56:33,141 [INFO] ThirdParty:1030 - CMSIS Pack Vendor :STMicroelectronics X-CUBE-AI 8.1.0
2023-09-21 11:56:33,141 [INFO] ThirdParty:1030 - CMSIS Pack Vendor :STMicroelectronics X-CUBE-AZRTOS-G0 1.0.0
2023-09-21 11:56:33,141 [INFO] ThirdParty:1030 - CMSIS Pack Vendor :STMicroelectronics X-CUBE-EEPRMA1 3.1.1
2023-09-21 11:56:33,141 [INFO] ThirdParty:1030 - CMSIS Pack Vendor :STMicroelectronics X-CUBE-AZRTOS-L4 2.0.0
2023-09-21 11:56:33,141 [INFO] ThirdParty:1030 - CMSIS Pack Vendor :STMicroelectronics X-CUBE-GNSS1 5.2.0
2023-09-21 11:56:33,141 [INFO] ThirdParty:1030 - CMSIS Pack Vendor :STMicroelectronics ThreadX 0.0.2
2023-09-21 11:56:33,141 [INFO] ThirdParty:1030 - CMSIS Pack Vendor :WES I-CUBE-Cesium 1.3.0
2023-09-21 11:56:33,141 [INFO] ThirdParty:1030 - CMSIS Pack Vendor :STMicroelectronics FP-ATR-ASTRA1 2.0.0
2023-09-21 11:56:33,141 [INFO] ThirdParty:1030 - CMSIS Pack Vendor :STMicroelectronics lwIP 2.1.2
2023-09-21 11:56:33,141 [INFO] ThirdParty:1030 - CMSIS Pack Vendor :STMicroelectronics X-CUBE-SFXS2LP1 4.0.0
2023-09-21 11:56:33,141 [INFO] ThirdParty:1030 - CMSIS Pack Vendor :STMicroelectronics X-CUBE-BLE2 3.3.0
2023-09-21 11:56:33,141 [INFO] ThirdParty:1030 - CMSIS Pack Vendor :STMicroelectronics X-CUBE-DISPLAY 2.2.0
2023-09-21 11:56:33,142 [INFO] ThirdParty:1030 - CMSIS Pack Vendor :STMicroelectronics X-CUBE-TOF1 3.2.0
2023-09-21 11:56:33,142 [INFO] ThirdParty:1030 - CMSIS Pack Vendor :STMicroelectronics PDM2PCM 3.2.0
2023-09-21 11:56:33,142 [INFO] ThirdParty:1030 - CMSIS Pack Vendor :STMicroelectronics X-CUBE-TOF1 3.0.0
2023-09-21 11:56:33,142 [INFO] ThirdParty:1030 - CMSIS Pack Vendor :STMicroelectronics X-CUBE-ISPU 1.0.0
2023-09-21 11:56:33,142 [INFO] ThirdParty:841 - exiting critical section [change project]
2023-09-21 11:56:33,428 [INFO] PinOutPanel:1499 - setPackage(No Configuration,No Configuration)
2023-09-21 11:56:33,431 [INFO] PinOutPanel:1499 - setPackage(STM32F103C6Tx,LQFP48)
2023-09-21 11:56:34,020 [INFO] UtilMem:75 - Before build in PCC Used Memory: 483230080 Bytes (633339904)
2023-09-21 11:56:35,456 [INFO] UtilMem:75 - After build in PCC Used Memory: 250388560 Bytes (633339904)
2023-09-21 11:56:35,481 [INFO] IPUIPlugin:80 - create IPUIPlugin
2023-09-21 11:56:35,481 [INFO] IPUIPlugin:80 - create IPUIPlugin
2023-09-21 11:56:35,481 [INFO] IPUIPlugin:80 - create IPUIPlugin
2023-09-21 11:56:35,481 [INFO] IPUIPlugin:80 - create IPUIPlugin
2023-09-21 11:56:35,481 [INFO] IPUIPlugin:80 - create IPUIPlugin
2023-09-21 11:56:35,481 [INFO] IPUIPlugin:80 - create IPUIPlugin
2023-09-21 11:56:35,481 [INFO] IPUIPlugin:80 - create IPUIPlugin
2023-09-21 11:56:35,481 [INFO] IPUIPlugin:80 - create IPUIPlugin
2023-09-21 11:56:35,481 [INFO] IPUIPlugin:80 - create IPUIPlugin
2023-09-21 11:56:35,481 [INFO] IPUIPlugin:80 - create IPUIPlugin
2023-09-21 11:56:35,482 [INFO] IPUIPlugin:80 - create IPUIPlugin
2023-09-21 11:56:35,482 [INFO] IPUIPlugin:80 - create IPUIPlugin
2023-09-21 11:56:35,482 [INFO] IPUIPlugin:80 - create IPUIPlugin
2023-09-21 11:56:35,482 [INFO] IPUIPlugin:80 - create IPUIPlugin
2023-09-21 11:56:35,482 [INFO] IPUIPlugin:80 - create IPUIPlugin
2023-09-21 11:56:35,482 [INFO] IPUIPlugin:80 - create IPUIPlugin
2023-09-21 11:56:35,482 [INFO] IPUIPlugin:80 - create IPUIPlugin
2023-09-21 11:56:35,483 [INFO] IPUIPlugin:80 - create IPUIPlugin
2023-09-21 11:56:35,483 [INFO] IPUIPlugin:80 - create IPUIPlugin
2023-09-21 11:56:35,483 [INFO] IPUIPlugin:80 - create IPUIPlugin
2023-09-21 11:56:35,483 [INFO] IPUIPlugin:80 - create IPUIPlugin
2023-09-21 11:56:35,483 [INFO] IPUIPlugin:80 - create IPUIPlugin
2023-09-21 11:56:35,484 [INFO] IPUIPlugin:80 - create IPUIPlugin
2023-09-21 11:56:35,808 [INFO] CADModel:165 - CPN selected for project levelSTM32F103C6T6A
2023-09-21 11:56:35,809 [INFO] CADModel:114 - Register for checkConnection events
2023-09-21 11:56:35,849 [INFO] OpenFileManager:328 - Restore cursor
2023-09-21 11:56:37,035 [INFO] UtilMem:75 - End SaveConfig() Used Memory: 497510424 Bytes (633339904)
2023-09-21 11:56:37,107 [INFO] UtilMem:75 - End SaveConfig() Used Memory: 509382976 Bytes (633339904)
2023-09-21 11:56:37,513 [INFO] BlockDiagram:2759 - set Specific Code input for plugin: NVIC
2023-09-21 11:56:37,514 [INFO] BlockDiagram:2759 - set Specific Code input for plugin: RCC
2023-09-21 11:56:37,516 [INFO] CodeGenerator:799 - code generatio: config db path: C:\ST\STM32CubeIDE_1.9.0\STM32CubeIDE\plugins\com.st.stm32cube.common.mx_6.9.2.202309101412\\db\
2023-09-21 11:56:37,851 [INFO] CodeEngine:255 - oldGeneratedFile, C:\Users\truon\PROJECTS\STM32\LAB1\Ex5\Ex5\MXTmpFiles\license.tmp_save
2023-09-21 11:56:38,289 [INFO] CodeEngine:279 - Generated code: C:\Users\truon\PROJECTS\STM32\LAB1\Ex5\Ex5\MXTmpFiles\license.tmp
2023-09-21 11:56:38,314 [INFO] CodeEngine:255 - oldGeneratedFile, C:\Users\truon\PROJECTS\STM32\LAB1\Ex5\Ex5\Core\Src\stm32f1xx_it.c_save
2023-09-21 11:56:38,487 [INFO] CodeEngine:279 - Generated code: C:\Users\truon\PROJECTS\STM32\LAB1\Ex5\Ex5\Core\Src\stm32f1xx_it.c
2023-09-21 11:56:38,499 [INFO] CodeEngine:255 - oldGeneratedFile, C:\Users\truon\PROJECTS\STM32\LAB1\Ex5\Ex5\Core\Inc\stm32f1xx_it.h_save
2023-09-21 11:56:38,583 [INFO] CodeEngine:279 - Generated code: C:\Users\truon\PROJECTS\STM32\LAB1\Ex5\Ex5\Core\Inc\stm32f1xx_it.h
2023-09-21 11:56:38,869 [INFO] CodeEngine:255 - oldGeneratedFile, C:\Users\truon\PROJECTS\STM32\LAB1\Ex5\Ex5\Core\Src\stm32f1xx_hal_msp.c_save
2023-09-21 11:56:39,001 [INFO] CodeEngine:279 - Generated code: C:\Users\truon\PROJECTS\STM32\LAB1\Ex5\Ex5\Core\Src\stm32f1xx_hal_msp.c
2023-09-21 11:56:39,015 [INFO] CodeEngine:255 - oldGeneratedFile, C:\Users\truon\PROJECTS\STM32\LAB1\Ex5\Ex5\MXTmpFiles\system.tmp_save
2023-09-21 11:56:39,084 [INFO] CodeEngine:279 - Generated code: C:\Users\truon\PROJECTS\STM32\LAB1\Ex5\Ex5\MXTmpFiles\system.tmp
2023-09-21 11:56:39,107 [INFO] CodeEngine:311 - oldGeneratedFile, C:\Users\truon\PROJECTS\STM32\LAB1\Ex5\Ex5\Core\Inc\stm32f1xx_hal_conf.h_save
2023-09-21 11:56:39,233 [INFO] CodeEngine:335 - Generated code: C:\Users\truon\PROJECTS\STM32\LAB1\Ex5\Ex5\Core\Inc\stm32f1xx_hal_conf.h
2023-09-21 11:56:39,297 [INFO] CodeEngine:255 - oldGeneratedFile, C:\Users\truon\PROJECTS\STM32\LAB1\Ex5\Ex5\Core\Inc\main.h_save
2023-09-21 11:56:39,419 [INFO] CodeEngine:279 - Generated code: C:\Users\truon\PROJECTS\STM32\LAB1\Ex5\Ex5\Core\Inc\main.h
2023-09-21 11:56:39,437 [INFO] CodeEngine:255 - oldGeneratedFile, C:\Users\truon\PROJECTS\STM32\LAB1\Ex5\Ex5\Core\Src\main.c_save
2023-09-21 11:56:39,623 [INFO] CodeEngine:279 - Generated code: C:\Users\truon\PROJECTS\STM32\LAB1\Ex5\Ex5\Core\Src\main.c
2023-09-21 11:56:40,485 [INFO] ProjectBuilder:3064 - Time for Copy HAL[1] : 268mS.
2023-09-21 11:56:40,498 [INFO] ProjectBuilder:4404 - Project Generator version: 4.1.0
2023-09-21 11:56:40,845 [INFO] ConfigFileManager:1457 - The Die is : DIE412
2023-09-21 11:56:40,882 [INFO] ApiDbMcu:507 - Load IP Config File for FATFS
2023-09-21 11:56:40,924 [INFO] ApiDbMcu:507 - Load IP Config File for FREERTOS
2023-09-21 11:56:40,958 [INFO] ApiDbMcu:507 - Load IP Config File for USB_DEVICE
2023-09-21 11:56:42,024 [INFO] LogOutputStream:77 - [STDOUT_REDIRECT] 
2023-09-21 11:56:44,989 [INFO] ProjectBuilder:4626 - Time for Generating toolchain IDE Files: 4490mS.
2023-09-21 11:56:44,990 [INFO] ProjectBuilder:2935 - Time for Copy CMSIS : 1mS.
2023-09-21 11:56:44,992 [INFO] ProjectBuilder:2935 - Time for Copy CMSIS : 0mS.
2023-09-21 11:56:45,904 [INFO] McuFinderGlobals:76 - Set McuFinderConnectedMode to true
2023-09-21 11:56:45,908 [INFO] ApiDb:448 - Save user favorites file C:\Users\truon/.stm32cubeide/favorites.mcus.txt: 0 item(s)
2023-09-21 11:56:45,908 [INFO] ApiDb:452 - User favorites MCUs=[]
2023-09-21 12:01:22,753 [INFO] UtilMem:75 - End SaveConfig() Used Memory: 798950312 Bytes (1073741824)
2023-09-21 12:01:24,750 [INFO] UtilMem:75 - End SaveConfig() Used Memory: 813169136 Bytes (1073741824)
2023-09-21 12:01:27,920 [INFO] UtilMem:75 - End SaveConfig() Used Memory: 961256624 Bytes (1073741824)
2023-09-21 12:01:28,338 [INFO] BlockDiagram:2759 - set Specific Code input for plugin: NVIC
2023-09-21 12:01:28,340 [INFO] BlockDiagram:2759 - set Specific Code input for plugin: GPIO
2023-09-21 12:01:28,340 [INFO] BlockDiagram:2759 - set Specific Code input for plugin: RCC
2023-09-21 12:01:28,341 [INFO] CodeGenerator:799 - code generatio: config db path: C:\ST\STM32CubeIDE_1.9.0\STM32CubeIDE\plugins\com.st.stm32cube.common.mx_6.9.2.202309101412\\db\
2023-09-21 12:01:28,481 [INFO] CodeEngine:255 - oldGeneratedFile, C:\Users\truon\PROJECTS\STM32\LAB1\Ex5\Ex5\MXTmpFiles\license.tmp_save
2023-09-21 12:01:28,615 [INFO] CodeEngine:279 - Generated code: C:\Users\truon\PROJECTS\STM32\LAB1\Ex5\Ex5\MXTmpFiles\license.tmp
2023-09-21 12:01:28,692 [INFO] CodeEngine:255 - oldGeneratedFile, C:\Users\truon\PROJECTS\STM32\LAB1\Ex5\Ex5\MXTmpFiles\gpio.tmp_save
2023-09-21 12:01:28,816 [INFO] CodeEngine:279 - Generated code: C:\Users\truon\PROJECTS\STM32\LAB1\Ex5\Ex5\MXTmpFiles\gpio.tmp
2023-09-21 12:01:28,844 [INFO] CodeEngine:255 - oldGeneratedFile, C:\Users\truon\PROJECTS\STM32\LAB1\Ex5\Ex5\Core\Src\stm32f1xx_it.c_save
2023-09-21 12:01:28,922 [INFO] CodeEngine:279 - Generated code: C:\Users\truon\PROJECTS\STM32\LAB1\Ex5\Ex5\Core\Src\stm32f1xx_it.c
2023-09-21 12:01:28,930 [INFO] CodeEngine:255 - oldGeneratedFile, C:\Users\truon\PROJECTS\STM32\LAB1\Ex5\Ex5\Core\Inc\stm32f1xx_it.h_save
2023-09-21 12:01:28,983 [INFO] CodeEngine:279 - Generated code: C:\Users\truon\PROJECTS\STM32\LAB1\Ex5\Ex5\Core\Inc\stm32f1xx_it.h
2023-09-21 12:01:29,022 [INFO] CodeEngine:255 - oldGeneratedFile, C:\Users\truon\PROJECTS\STM32\LAB1\Ex5\Ex5\Core\Src\stm32f1xx_hal_msp.c_save
2023-09-21 12:01:29,109 [INFO] CodeEngine:279 - Generated code: C:\Users\truon\PROJECTS\STM32\LAB1\Ex5\Ex5\Core\Src\stm32f1xx_hal_msp.c
2023-09-21 12:01:29,115 [INFO] CodeEngine:255 - oldGeneratedFile, C:\Users\truon\PROJECTS\STM32\LAB1\Ex5\Ex5\MXTmpFiles\system.tmp_save
2023-09-21 12:01:29,170 [INFO] CodeEngine:279 - Generated code: C:\Users\truon\PROJECTS\STM32\LAB1\Ex5\Ex5\MXTmpFiles\system.tmp
2023-09-21 12:01:29,194 [INFO] CodeEngine:311 - oldGeneratedFile, C:\Users\truon\PROJECTS\STM32\LAB1\Ex5\Ex5\Core\Inc\stm32f1xx_hal_conf.h_save
2023-09-21 12:01:29,308 [INFO] CodeEngine:335 - Generated code: C:\Users\truon\PROJECTS\STM32\LAB1\Ex5\Ex5\Core\Inc\stm32f1xx_hal_conf.h
2023-09-21 12:01:29,374 [INFO] CodeEngine:255 - oldGeneratedFile, C:\Users\truon\PROJECTS\STM32\LAB1\Ex5\Ex5\Core\Inc\main.h_save
2023-09-21 12:01:29,441 [INFO] CodeEngine:279 - Generated code: C:\Users\truon\PROJECTS\STM32\LAB1\Ex5\Ex5\Core\Inc\main.h
2023-09-21 12:01:29,459 [INFO] CodeEngine:255 - oldGeneratedFile, C:\Users\truon\PROJECTS\STM32\LAB1\Ex5\Ex5\Core\Src\main.c_save
2023-09-21 12:01:29,573 [INFO] CodeEngine:279 - Generated code: C:\Users\truon\PROJECTS\STM32\LAB1\Ex5\Ex5\Core\Src\main.c
2023-09-21 12:01:29,947 [INFO] ProjectBuilder:3064 - Time for Copy HAL[1] : 159mS.
2023-09-21 12:01:29,952 [INFO] ProjectBuilder:4404 - Project Generator version: 4.1.0
2023-09-21 12:01:30,266 [INFO] ConfigFileManager:1457 - The Die is : DIE412
2023-09-21 12:01:31,953 [INFO] ProjectBuilder:4626 - Time for Generating toolchain IDE Files: 2001mS.
2023-09-21 12:01:31,954 [INFO] ProjectBuilder:2935 - Time for Copy CMSIS : 1mS.
2023-09-21 12:01:31,957 [INFO] ProjectBuilder:2935 - Time for Copy CMSIS : 0mS.
2023-09-21 19:06:17,903 [ERROR] LogOutputStream:75 - [STDERR_REDIRECT] 
