2023-09-20 08:58:07,091 [INFO] Activator:177 - 


2023-09-20 08:58:07,098 [INFO] Activator:178 - !SESSION log4j initialized
2023-09-20 08:58:32,568 [ERROR] LogOutputStream:74 - [STDERR_REDIRECT] SLF4J: Failed to load class "org.slf4j.impl.StaticLoggerBinder".
2023-09-20 08:58:32,569 [ERROR] LogOutputStream:74 - [STDERR_REDIRECT] SLF4J: Defaulting to no-operation (NOP) logger implementation
2023-09-20 08:58:32,570 [ERROR] LogOutputStream:74 - [STDERR_REDIRECT] SLF4J: See http://www.slf4j.org/codes.html#StaticLoggerBinder for further details.
2023-09-20 08:58:51,202 [INFO] McuFinderGlobals:44 - Set McuFinder mode to 2 (CubeIDE integrated)
2023-09-20 08:58:51,448 [INFO] ApplicationProperties:181 - Using Application install path: C:\ST\STM32CubeIDE_1.9.0\STM32CubeIDE\plugins\com.st.stm32cube.common.mx_6.6.1.202207061420
2023-09-20 08:58:51,467 [INFO] DbMcusXml:77 - Set database path to: C:\ST\STM32CubeIDE_1.9.0\STM32CubeIDE\plugins\com.st.stm32cube.common.mx_6.6.1.202207061420\\db\/mcu/
2023-09-20 08:58:51,467 [INFO] ApiDb:269 - Set plugin database path to: C:\ST\STM32CubeIDE_1.9.0\STM32CubeIDE\plugins\com.st.stm32cube.common.mx_6.6.1.202207061420\\db\/plugins/boardmanager/
2023-09-20 08:58:51,470 [WARN] ApiDb:254 - Overriding images path with different value:  => C:\ST\STM32CubeIDE_1.9.0\STM32CubeIDE\plugins\com.st.stm32cube.common.mx_6.6.1.202207061420\\db\/plugins/mcufinder/images/
2023-09-20 08:58:51,488 [INFO] ApiDb:249 - Set database path to: C:\Users\truon\.stmcufinder\plugins\mcufinder//mcu/
2023-09-20 08:58:51,489 [INFO] DbMcusAds:124 - Set database path to: C:\Users\truon\.stmcufinder\plugins\mcufinder//mcu/
2023-09-20 08:58:51,507 [INFO] CrossReferenceDbSqlite:201 - Set database path to: C:\Users\truon\.stmcufinder\plugins\mcufinder//mcu/cs/
2023-09-20 08:58:51,632 [INFO] RulesReader:61 - Compatibility file has been processed (282 Rules)
2023-09-20 08:58:51,753 [INFO] DbMcusXml:77 - Set database path to: C:\ST\STM32CubeIDE_1.9.0\STM32CubeIDE\plugins\com.st.stm32cube.common.mx_6.6.1.202207061420\\db\/mcu/
2023-09-20 08:58:51,754 [INFO] ApiDb:269 - Set plugin database path to: C:\ST\STM32CubeIDE_1.9.0\STM32CubeIDE\plugins\com.st.stm32cube.common.mx_6.6.1.202207061420\\db\/plugins/boardmanager/
2023-09-20 08:58:51,754 [INFO] ApiDb:256 - Set plugin images path to: C:\ST\STM32CubeIDE_1.9.0\STM32CubeIDE\plugins\com.st.stm32cube.common.mx_6.6.1.202207061420\\db\/plugins/mcufinder/images/
2023-09-20 08:58:51,755 [WARN] DbFile:40 - Overriding database path with different value: C:\Users\truon\.stmcufinder\plugins\mcufinder/ => C:\Users\truon\.stmcufinder\plugins\mcufinder
2023-09-20 08:58:51,756 [INFO] ApiDb:249 - Set database path to: C:\Users\truon\.stmcufinder\plugins\mcufinder//mcu/
2023-09-20 08:58:51,757 [WARN] DbFile:40 - Overriding database path with different value: C:\Users\truon\.stmcufinder\plugins\mcufinder/ => C:\Users\truon\.stmcufinder\plugins\mcufinder
2023-09-20 08:58:51,758 [INFO] DbMcusAds:124 - Set database path to: C:\Users\truon\.stmcufinder\plugins\mcufinder//mcu/
2023-09-20 08:58:51,759 [WARN] DbFile:40 - Overriding database path with different value: C:\Users\truon\.stmcufinder\plugins\mcufinder/ => C:\Users\truon\.stmcufinder\plugins\mcufinder
2023-09-20 08:58:51,760 [WARN] DbFile:40 - Overriding database path with different value: C:\Users\truon\.stmcufinder\plugins\mcufinder/ => C:\Users\truon\.stmcufinder\plugins\mcufinder
2023-09-20 08:58:51,761 [INFO] CrossReferenceDbSqlite:201 - Set database path to: C:\Users\truon\.stmcufinder\plugins\mcufinder//mcu/cs/
2023-09-20 08:58:51,887 [INFO] MainPanel:242 - HeapMemory: 268435456
2023-09-20 08:58:51,989 [INFO] DbMcusXml:77 - Set database path to: C:\ST\STM32CubeIDE_1.9.0\STM32CubeIDE\plugins\com.st.stm32cube.common.mx_6.6.1.202207061420\\db\/mcu/
2023-09-20 08:58:51,989 [INFO] ApiDb:269 - Set plugin database path to: C:\ST\STM32CubeIDE_1.9.0\STM32CubeIDE\plugins\com.st.stm32cube.common.mx_6.6.1.202207061420\\db\/plugins/boardmanager/
2023-09-20 08:58:51,989 [INFO] ApiDb:256 - Set plugin images path to: C:\ST\STM32CubeIDE_1.9.0\STM32CubeIDE\plugins\com.st.stm32cube.common.mx_6.6.1.202207061420\\db\/plugins/mcufinder/images/
2023-09-20 08:58:51,990 [WARN] DbFile:40 - Overriding database path with different value: C:\Users\truon\.stmcufinder\plugins\mcufinder/ => C:\Users\truon\.stmcufinder\plugins\mcufinder
2023-09-20 08:58:51,990 [INFO] ApiDb:249 - Set database path to: C:\Users\truon\.stmcufinder\plugins\mcufinder//mcu/
2023-09-20 08:58:51,990 [WARN] DbFile:40 - Overriding database path with different value: C:\Users\truon\.stmcufinder\plugins\mcufinder/ => C:\Users\truon\.stmcufinder\plugins\mcufinder
2023-09-20 08:58:51,990 [INFO] DbMcusAds:124 - Set database path to: C:\Users\truon\.stmcufinder\plugins\mcufinder//mcu/
2023-09-20 08:58:51,990 [WARN] DbFile:40 - Overriding database path with different value: C:\Users\truon\.stmcufinder\plugins\mcufinder/ => C:\Users\truon\.stmcufinder\plugins\mcufinder
2023-09-20 08:58:51,990 [WARN] DbFile:40 - Overriding database path with different value: C:\Users\truon\.stmcufinder\plugins\mcufinder/ => C:\Users\truon\.stmcufinder\plugins\mcufinder
2023-09-20 08:58:51,990 [INFO] CrossReferenceDbSqlite:201 - Set database path to: C:\Users\truon\.stmcufinder\plugins\mcufinder//mcu/cs/
2023-09-20 08:58:52,012 [INFO] ApplicationProperties:181 - Using Application install path: C:\ST\STM32CubeIDE_1.9.0\STM32CubeIDE\plugins\com.st.stm32cube.common.mx_6.6.1.202207061420
2023-09-20 08:58:52,014 [INFO] PluginManage:193 - Search for loadable plugins [exclusion list=, ]
2023-09-20 08:58:52,015 [INFO] PluginManage:307 - Check plugin analytics
2023-09-20 08:58:52,229 [INFO] AnalyticsPlugin:262 - Accepted Software Licenses: STM32CubeMX.6.5.0
2023-09-20 08:58:52,231 [INFO] AnalyticsPlugin:264 - Accepted CMSIS Pack Licenses: 
2023-09-20 08:58:52,232 [INFO] AnalyticsPlugin:266 - Accepted Firmware Licenses: FW.C0.1.0.0
2023-09-20 08:58:52,257 [INFO] PluginManage:356 - Loaded plugin analytics (category:tool,tabindex:-1)
2023-09-20 08:58:52,258 [INFO] PluginManage:307 - Check plugin cadmodel
2023-09-20 08:58:52,264 [INFO] CADModel:65 - Init CAD model plugin
2023-09-20 08:58:52,265 [INFO] PluginManage:356 - Loaded plugin cadmodel (category:power,tabindex:5)
2023-09-20 08:58:52,265 [INFO] PluginManage:307 - Check plugin clock
2023-09-20 08:58:52,290 [INFO] PluginManage:356 - Loaded plugin clock (category:base,tabindex:2)
2023-09-20 08:58:52,290 [INFO] PluginManage:307 - Check plugin ddr
2023-09-20 08:58:52,295 [INFO] PluginManage:356 - Loaded plugin ddr (category:tool,tabindex:6)
2023-09-20 08:58:52,296 [INFO] PluginManage:307 - Check plugin filemanager
2023-09-20 08:58:52,433 [INFO] PluginManage:356 - Loaded plugin filemanager (category:base,tabindex:10)
2023-09-20 08:58:52,434 [INFO] PluginManage:307 - Check plugin ipmanager
2023-09-20 08:58:52,446 [INFO] PluginManage:356 - Loaded plugin ipmanager (category:base,tabindex:5)
2023-09-20 08:58:52,446 [INFO] PluginManage:307 - Check plugin lpbam
2023-09-20 08:58:52,454 [INFO] PluginManage:356 - Loaded plugin lpbam (category:base,tabindex:0)
2023-09-20 08:58:52,455 [INFO] PluginManage:307 - Check plugin pinoutandconfiguration
2023-09-20 08:58:52,462 [INFO] PluginManage:356 - Loaded plugin pinoutandconfiguration (category:base,tabindex:1)
2023-09-20 08:58:52,463 [INFO] PluginManage:307 - Check plugin pinoutconfig
2023-09-20 08:58:52,490 [INFO] PluginManage:356 - Loaded plugin pinoutconfig (category:base,tabindex:0)
2023-09-20 08:58:52,490 [INFO] PluginManage:307 - Check plugin power
2023-09-20 08:58:52,498 [INFO] PluginManage:356 - Loaded plugin power (category:power,tabindex:4)
2023-09-20 08:58:52,499 [INFO] PluginManage:307 - Check plugin projectmanager
2023-09-20 08:58:52,520 [INFO] PluginManage:356 - Loaded plugin projectmanager (category:projectmanager,tabindex:3)
2023-09-20 08:58:52,521 [INFO] PluginManage:307 - Check plugin thirdparty
2023-09-20 08:58:52,659 [WARN] IntegrityCheckThread:82 - waiting for thirdparty lock release [integrity check]
2023-09-20 08:58:52,664 [INFO] IntegrityCheckThread:84 - entering critical section [integrity check]
2023-09-20 08:58:52,664 [INFO] PluginManage:356 - Loaded plugin thirdparty (category:base,tabindex:-1)
2023-09-20 08:58:52,665 [INFO] PluginManage:307 - Check plugin tools
2023-09-20 08:58:52,668 [INFO] ThirdPartyUpdaterWithRetryManager:70 - Updater plugin not ready yet. [1/15]
2023-09-20 08:58:52,671 [INFO] PluginManage:356 - Loaded plugin tools (category:base,tabindex:7)
2023-09-20 08:58:52,672 [INFO] PluginManage:307 - Check plugin tutovideos
2023-09-20 08:58:52,851 [INFO] PluginManage:356 - Loaded plugin tutovideos (category:base,tabindex:-1)
2023-09-20 08:58:52,851 [INFO] PluginManage:307 - Check plugin updater
2023-09-20 08:58:52,868 [INFO] PluginManage:356 - Loaded plugin updater (category:base,tabindex:12)
2023-09-20 08:58:52,869 [INFO] PluginManage:280 - PluginManage : Loaded plugins [15]
2023-09-20 08:58:53,112 [INFO] PinOutPanel:1468 - setPackage(No Configuration,No Configuration)
2023-09-20 08:58:53,183 [INFO] CADModel:98 - CPN selected for project level
2023-09-20 08:58:53,199 [INFO] IPUIPlugin:79 - create IPUIPlugin
2023-09-20 08:58:53,199 [INFO] PluginManager:217 - loadIPPluginJar : add adc
2023-09-20 08:58:53,202 [INFO] IPUIPlugin:79 - create IPUIPlugin
2023-09-20 08:58:53,203 [INFO] PluginManager:217 - loadIPPluginJar : add aes
2023-09-20 08:58:53,207 [INFO] IPUIPlugin:79 - create IPUIPlugin
2023-09-20 08:58:53,207 [INFO] PluginManager:217 - loadIPPluginJar : add can
2023-09-20 08:58:53,209 [INFO] IPUIPlugin:79 - create IPUIPlugin
2023-09-20 08:58:53,209 [INFO] PluginManager:217 - loadIPPluginJar : add comp
2023-09-20 08:58:53,211 [INFO] IPUIPlugin:79 - create IPUIPlugin
2023-09-20 08:58:53,212 [INFO] PluginManager:217 - loadIPPluginJar : add cryp
2023-09-20 08:58:53,214 [INFO] IPUIPlugin:79 - create IPUIPlugin
2023-09-20 08:58:53,214 [INFO] PluginManager:217 - loadIPPluginJar : add dfsdm
2023-09-20 08:58:53,220 [INFO] IPUIPlugin:79 - create IPUIPlugin
2023-09-20 08:58:53,220 [INFO] PluginManager:217 - loadIPPluginJar : add dma
2023-09-20 08:58:53,222 [INFO] IPUIPlugin:79 - create IPUIPlugin
2023-09-20 08:58:53,223 [INFO] PluginManager:217 - loadIPPluginJar : add dma3
2023-09-20 08:58:53,224 [INFO] IPUIPlugin:79 - create IPUIPlugin
2023-09-20 08:58:53,224 [INFO] PluginManager:217 - loadIPPluginJar : add fatfs
2023-09-20 08:58:53,229 [INFO] IPUIPlugin:79 - create IPUIPlugin
2023-09-20 08:58:53,229 [INFO] PluginManager:217 - loadIPPluginJar : add fmc
2023-09-20 08:58:53,234 [INFO] IPUIPlugin:79 - create IPUIPlugin
2023-09-20 08:58:53,235 [INFO] PluginManager:217 - loadIPPluginJar : add freertos
2023-09-20 08:58:53,236 [INFO] IPUIPlugin:79 - create IPUIPlugin
2023-09-20 08:58:53,236 [INFO] PluginManager:217 - loadIPPluginJar : add genericplugin
2023-09-20 08:58:53,238 [INFO] IPUIPlugin:79 - create IPUIPlugin
2023-09-20 08:58:53,238 [INFO] PluginManager:217 - loadIPPluginJar : add gfxmmu
2023-09-20 08:58:53,244 [INFO] IPUIPlugin:79 - create IPUIPlugin
2023-09-20 08:58:53,246 [INFO] PluginManager:217 - loadIPPluginJar : add gic
2023-09-20 08:58:53,250 [INFO] IPUIPlugin:79 - create IPUIPlugin
2023-09-20 08:58:53,250 [INFO] PluginManager:217 - loadIPPluginJar : add gpio
2023-09-20 08:58:53,252 [INFO] IPUIPlugin:79 - create IPUIPlugin
2023-09-20 08:58:53,253 [INFO] PluginManager:217 - loadIPPluginJar : add gtzc
2023-09-20 08:58:53,255 [INFO] IPUIPlugin:79 - create IPUIPlugin
2023-09-20 08:58:53,255 [INFO] PluginManager:217 - loadIPPluginJar : add hash
2023-09-20 08:58:53,256 [INFO] IPUIPlugin:79 - create IPUIPlugin
2023-09-20 08:58:53,257 [INFO] PluginManager:217 - loadIPPluginJar : add i2c
2023-09-20 08:58:53,259 [INFO] IPUIPlugin:79 - create IPUIPlugin
2023-09-20 08:58:53,260 [INFO] PluginManager:217 - loadIPPluginJar : add i2s
2023-09-20 08:58:53,263 [INFO] IPUIPlugin:79 - create IPUIPlugin
2023-09-20 08:58:53,263 [INFO] PluginManager:217 - loadIPPluginJar : add ipddr
2023-09-20 08:58:53,269 [INFO] IPUIPlugin:79 - create IPUIPlugin
2023-09-20 08:58:53,269 [INFO] PluginManager:217 - loadIPPluginJar : add linkedlist
2023-09-20 08:58:53,272 [INFO] IPUIPlugin:79 - create IPUIPlugin
2023-09-20 08:58:53,272 [INFO] PluginManager:217 - loadIPPluginJar : add lorawan
2023-09-20 08:58:53,273 [INFO] IPUIPlugin:79 - create IPUIPlugin
2023-09-20 08:58:53,273 [INFO] PluginManager:217 - loadIPPluginJar : add ltdc
2023-09-20 08:58:53,279 [INFO] IPUIPlugin:79 - create IPUIPlugin
2023-09-20 08:58:53,279 [INFO] PluginManager:217 - loadIPPluginJar : add mdma
2023-09-20 08:58:53,282 [INFO] IPUIPlugin:79 - create IPUIPlugin
2023-09-20 08:58:53,282 [INFO] PluginManager:217 - loadIPPluginJar : add nvic
2023-09-20 08:58:53,284 [INFO] IPUIPlugin:79 - create IPUIPlugin
2023-09-20 08:58:53,285 [INFO] PluginManager:217 - loadIPPluginJar : add opamp
2023-09-20 08:58:53,288 [INFO] IPUIPlugin:79 - create IPUIPlugin
2023-09-20 08:58:53,288 [INFO] PluginManager:217 - loadIPPluginJar : add openamp
2023-09-20 08:58:53,290 [INFO] IPUIPlugin:79 - create IPUIPlugin
2023-09-20 08:58:53,291 [INFO] PluginManager:217 - loadIPPluginJar : add pdm2pcm
2023-09-20 08:58:53,295 [INFO] IPUIPlugin:79 - create IPUIPlugin
2023-09-20 08:58:53,298 [INFO] PluginManager:217 - loadIPPluginJar : add plateformsettings
2023-09-20 08:58:53,299 [INFO] IPUIPlugin:79 - create IPUIPlugin
2023-09-20 08:58:53,299 [INFO] PluginManager:217 - loadIPPluginJar : add quadspi
2023-09-20 08:58:53,302 [INFO] IPUIPlugin:79 - create IPUIPlugin
2023-09-20 08:58:53,302 [INFO] PluginManager:217 - loadIPPluginJar : add resmgrutility
2023-09-20 08:58:53,305 [INFO] IPUIPlugin:79 - create IPUIPlugin
2023-09-20 08:58:53,305 [INFO] PluginManager:217 - loadIPPluginJar : add sai
2023-09-20 08:58:53,307 [INFO] IPUIPlugin:79 - create IPUIPlugin
2023-09-20 08:58:53,307 [INFO] PluginManager:217 - loadIPPluginJar : add spi
2023-09-20 08:58:53,311 [INFO] IPUIPlugin:79 - create IPUIPlugin
2023-09-20 08:58:53,311 [INFO] PluginManager:217 - loadIPPluginJar : add stm32_wpan
2023-09-20 08:58:53,313 [INFO] IPUIPlugin:79 - create IPUIPlugin
2023-09-20 08:58:53,313 [INFO] PluginManager:217 - loadIPPluginJar : add tim
2023-09-20 08:58:53,316 [INFO] IPUIPlugin:79 - create IPUIPlugin
2023-09-20 08:58:53,316 [INFO] PluginManager:217 - loadIPPluginJar : add touchsensing
2023-09-20 08:58:53,318 [INFO] IPUIPlugin:79 - create IPUIPlugin
2023-09-20 08:58:53,318 [INFO] PluginManager:217 - loadIPPluginJar : add tracer_emb
2023-09-20 08:58:53,320 [INFO] IPUIPlugin:79 - create IPUIPlugin
2023-09-20 08:58:53,320 [INFO] PluginManager:217 - loadIPPluginJar : add ts
2023-09-20 08:58:53,321 [INFO] IPUIPlugin:79 - create IPUIPlugin
2023-09-20 08:58:53,322 [INFO] PluginManager:217 - loadIPPluginJar : add tsc
2023-09-20 08:58:53,324 [INFO] IPUIPlugin:79 - create IPUIPlugin
2023-09-20 08:58:53,324 [INFO] PluginManager:217 - loadIPPluginJar : add ucpd
2023-09-20 08:58:53,330 [INFO] IPUIPlugin:79 - create IPUIPlugin
2023-09-20 08:58:53,330 [INFO] PluginManager:217 - loadIPPluginJar : add usart
2023-09-20 08:58:53,357 [INFO] IPUIPlugin:79 - create IPUIPlugin
2023-09-20 08:58:53,357 [INFO] PluginManager:217 - loadIPPluginJar : add usbx
2023-09-20 08:58:53,663 [FATAL] Updater:301 - Updater called before beeing initialized
2023-09-20 08:58:53,827 [FATAL] Updater:301 - Updater called before beeing initialized
2023-09-20 08:58:53,843 [INFO] DbMcusAds:52 - JSON generation date=Tue Mar 07 15:50:55 ICT 2023 (1678179055114)
2023-09-20 08:58:53,843 [FATAL] Updater:301 - Updater called before beeing initialized
2023-09-20 08:58:53,876 [WARN] DetailPanel:344 - Failed to get advertising image, set to default
2023-09-20 08:58:53,969 [FATAL] Updater:301 - Updater called before beeing initialized
2023-09-20 08:58:53,971 [FATAL] Updater:301 - Updater called before beeing initialized
2023-09-20 08:58:53,971 [FATAL] Updater:301 - Updater called before beeing initialized
2023-09-20 08:58:53,971 [WARN] DetailPanel:344 - Failed to get advertising image, set to default
2023-09-20 08:58:53,972 [FATAL] Updater:301 - Updater called before beeing initialized
2023-09-20 08:58:54,021 [ERROR] Updater:1105 - MainUpdater not yet initialized. External WinMGr cannot be set.
2023-09-20 08:58:54,024 [INFO] Updater:1041 - Updater Version found : 6.6.1
2023-09-20 08:58:54,041 [INFO] ApplicationProperties:181 - Using Application install path: C:\ST\STM32CubeIDE_1.9.0\STM32CubeIDE\plugins\com.st.stm32cube.common.mx_6.6.1.202207061420
2023-09-20 08:58:54,286 [INFO] MainUpdater:2768 - connection check result : 10
2023-09-20 08:58:54,287 [INFO] MainUpdater:280 - Updater Check For Update Now.
2023-09-20 08:58:54,287 [INFO] MicroXplorer:481 - Change Database Version : DB.6.0.60
2023-09-20 08:58:54,532 [INFO] MainUpdater:2768 - connection check result : 10
2023-09-20 08:58:54,534 [INFO] CheckServerUpdateThread:119 - End of CheckServer Thread
2023-09-20 08:58:54,773 [INFO] McuFinderGlobals:57 - Set McuFinderConnectedMode to true
2023-09-20 08:58:54,782 [INFO] MultiScanPanel:195 - Auto-refresh data requested => check proxy status ongoing
2023-09-20 08:58:54,785 [INFO] FinderPluginLoader:92 - Searching for filters in installed packs
2023-09-20 08:58:54,885 [INFO] ApiDb:576 - Connected to CubeFinder SQLite database (C:\Users\truon\.stmcufinder\plugins\mcufinder\mcu\cube-finder-db.db)
2023-09-20 08:58:54,935 [INFO] ApiDb:663 - CubeFinder database Data Model version=2.1
2023-09-20 08:58:54,936 [INFO] ApiDb:664 - CubeFinder database Configuration version=3.0.37
2023-09-20 08:58:54,936 [INFO] ApiDb:665 - CubeFinder database generation date=2023-08-09 (1691586011)
2023-09-20 08:58:54,936 [INFO] ApiDb:666 - CubeFinder database FW Pack versions=[FP-ATR-ASTRA1_V2.0.0, FP-SNS-FLIGHT1_V5.0.1, FP-SNS-FLIGHT1_V5.0.2, FP-SNS-MOTENV1_V4.3.1, FP-SNS-MOTENV1_V4.3.2, STM32Cube_FW_C0_V1.1.0, STM32Cube_FW_F4_V1.27.1, STM32Cube_FW_F7_V1.17.0, STM32Cube_FW_G0_V1.6.1, STM32Cube_FW_G4_V1.5.1, STM32Cube_FW_H5_V0.5.1, STM32Cube_FW_H5_V1.1.0, STM32Cube_FW_H7_V1.11.0, STM32Cube_FW_L0_V1.12.2, STM32Cube_FW_L5_V1.5.0, STM32Cube_FW_U5_V1.3.0, STM32Cube_FW_U5_V1.3.0RC4, STM32Cube_FW_WBA_V1.0.0RC1, STM32Cube_FW_WBA_V1.1.0, STM32Cube_FW_WBA_V1.1.0RC1, STM32Cube_FW_WB_V1.15.0RC1, STM32Cube_FW_WB_V1.16.0, STM32Cube_FW_WB_V1.16.0RC2, STM32Cube_FW_WB_V1.17.0, STM32Cube_FW_WL_V1.3.0, X-CUBE-ALGOBUILD_V1.3.0, X-CUBE-ALS_V1.0.1, X-CUBE-AZRTOS-F4_V1.1.0, X-CUBE-AZRTOS-F7_V1.1.0, X-CUBE-AZRTOS-G0_V1.1.0, X-CUBE-AZRTOS-G4_V2.0.0, X-CUBE-AZRTOS-H7_V3.1.0, X-CUBE-AZRTOS-L4_V1.0.0, X-CUBE-AZRTOS-L4_V2.0.0, X-CUBE-AZRTOS-L5_V1.1.0, X-CUBE-AZRTOS-WB_V1.1.0, X-CUBE-AZRTOS-WL_V2.0.0, X-CUBE-BLE1_V7.0.0, X-CUBE-BLE2_V3.3.0, X-CUBE-BLEMGR_V2.0.0, X-CUBE-EEPRMA1_V4.1.0, X-CUBE-FREERTOS_V1.1.0, X-CUBE-GNSS1_V6.0.0, X-CUBE-MEMS1_V9.1.0, X-CUBE-MEMS1_V9.4.0, X-CUBE-MEMS1_V9.6.0, X-CUBE-NFC4_V3.0.0, X-CUBE-NFC7_V1.0.0, X-CUBE-SFXS2LP1_V4.0.0, X-CUBE-SUBG2_V5.0.0, X-CUBE-TOF1_V3.3.1]
2023-09-20 08:58:55,810 [WARN] PackLoader:242 - Cannot read IP mode file for STMicroelectronics.X-CUBE-SMBUS.2.1.0
2023-09-20 08:58:55,899 [WARN] PackLoader:242 - Cannot read IP mode file for STMicroelectronics.X-CUBE-MEMS1.9.2.0
2023-09-20 08:58:56,066 [WARN] PackLoader:242 - Cannot read IP mode file for STMicroelectronics.X-CUBE-AZRTOS-F7.1.1.0
2023-09-20 08:58:56,072 [WARN] PackLoader:242 - Cannot read IP mode file for STMicroelectronics.X-CUBE-AI.7.1.0
2023-09-20 08:58:56,080 [WARN] PackLoader:242 - Cannot read IP mode file for STMicroelectronics.X-CUBE-TOUCHGFX.4.19.1
2023-09-20 08:58:56,085 [WARN] PackLoader:242 - Cannot read IP mode file for STMicroelectronics.FP-SNS-MOTENV1.4.3.2
2023-09-20 08:58:56,092 [WARN] PackLoader:242 - Cannot read IP mode file for STMicroelectronics.X-CUBE-BLE1.6.2.3
2023-09-20 08:58:56,098 [WARN] PackLoader:242 - Cannot read IP mode file for STMicroelectronics.FP-SNS-FLIGHT1.5.0.2
2023-09-20 08:58:56,109 [WARN] PackLoader:242 - Cannot read IP mode file for STMicroelectronics.X-CUBE-BLE2.3.2.2
2023-09-20 08:58:56,119 [WARN] PackLoader:242 - Cannot read IP mode file for STMicroelectronics.X-CUBE-TOF1.3.1.0
2023-09-20 08:58:56,131 [WARN] PackLoader:242 - Cannot read IP mode file for STMicroelectronics.X-CUBE-DISPLAY.3.0.0
2023-09-20 08:58:56,139 [WARN] PackLoader:242 - Cannot read IP mode file for STMicroelectronics.X-CUBE-BLE1.7.0.0
2023-09-20 08:58:56,142 [WARN] PackLoader:242 - Cannot read IP mode file for STMicroelectronics.X-CUBE-TOUCHGFX.4.22.0
2023-09-20 08:58:56,189 [WARN] PackLoader:242 - Cannot read IP mode file for STMicroelectronics.X-CUBE-MEMS1.9.3.0
2023-09-20 08:58:56,291 [WARN] PackLoader:242 - Cannot read IP mode file for STMicroelectronics.X-CUBE-AI.7.2.0
2023-09-20 08:58:56,296 [WARN] PackLoader:242 - Cannot read IP mode file for STMicroelectronics.FP-SNS-SMARTAG2.1.2.0
2023-09-20 08:58:56,303 [INFO] LogOutputStream:76 - [STDOUT_REDIRECT] 1 : Invalid condition id : UX_CORESTACK_Condition cause : null
2023-09-20 08:58:56,304 [INFO] LogOutputStream:76 - [STDOUT_REDIRECT] 1 : Invalid condition id : UX_CORESTACK_Condition cause : null
2023-09-20 08:58:56,305 [INFO] LogOutputStream:76 - [STDOUT_REDIRECT] 1 : Invalid condition id : UX_CORESTACK_Condition cause : null
2023-09-20 08:58:56,306 [INFO] LogOutputStream:76 - [STDOUT_REDIRECT] 1 : Invalid condition id : UX_CORESTACK_Condition cause : null
2023-09-20 08:58:56,307 [INFO] LogOutputStream:76 - [STDOUT_REDIRECT] 1 : Invalid condition id : UX_CORESTACK_Condition cause : null
2023-09-20 08:58:56,310 [WARN] PackLoader:242 - Cannot read IP mode file for STMicroelectronics.X-CUBE-AZRTOS-WL.2.0.0
2023-09-20 08:58:56,319 [WARN] PackLoader:242 - Cannot read IP mode file for WES.I-CUBE-Cesium.1.3.0
2023-09-20 08:58:56,323 [WARN] PackLoader:242 - Cannot read IP mode file for STMicroelectronics.X-CUBE-BLE2.3.3.0
2023-09-20 08:58:56,328 [WARN] PackLoader:242 - Cannot read IP mode file for STMicroelectronics.X-CUBE-DISPLAY.2.2.0
2023-09-20 08:58:56,339 [WARN] PackLoader:242 - Cannot read IP mode file for STMicroelectronics.X-CUBE-TOF1.3.2.0
2023-09-20 08:58:56,348 [WARN] PackLoader:242 - Cannot read IP mode file for STMicroelectronics.X-CUBE-ISPU.1.0.0
2023-09-20 08:58:56,372 [WARN] PackLoader:242 - Cannot read IP mode file for STMicroelectronics.X-CUBE-AZRTOS-H7.2.1.0
2023-09-20 08:58:56,379 [WARN] PackLoader:242 - Cannot read IP mode file for STMicroelectronics.X-CUBE-ALGOBUILD.1.3.0
2023-09-20 08:58:56,388 [WARN] PackLoader:242 - Cannot read IP mode file for STMicroelectronics.X-CUBE-AZRTOS-G0.1.1.0
2023-09-20 08:58:56,393 [WARN] PackLoader:242 - Cannot read IP mode file for STMicroelectronics.X-CUBE-NFC4.3.0.0
2023-09-20 08:58:56,417 [WARN] PackLoader:242 - Cannot read IP mode file for SEGGER.I-CUBE-embOS.1.2.0
2023-09-20 08:58:56,439 [WARN] PackLoader:242 - Cannot read IP mode file for STMicroelectronics.FP-ATR-SIGFOX1.3.2.0
2023-09-20 08:58:56,446 [WARN] PackLoader:242 - Cannot read IP mode file for emotas.I-CUBE-CANOPEN.1.1.2
2023-09-20 08:58:56,449 [WARN] PackLoader:242 - Cannot read IP mode file for STMicroelectronics.X-CUBE-TOUCHGFX.4.20.0
2023-09-20 08:58:56,475 [WARN] PackLoader:242 - Cannot read IP mode file for SEGGER.I-CUBE-embOS.1.3.1
2023-09-20 08:58:56,479 [INFO] ApiDb:239 - Found 138 in-development CPN: [B-WB1M-WPAN1, NUCLEO-C031C6, STEVAL-STWINBX1, STM320518-EVAL, STM32C0116-DK, STM32C011D6Y3TR, STM32C011D6Y6TR, STM32C011F4P3, STM32C011F4P6, STM32C011F4U3, STM32C011F4U6TR, STM32C011F6P3, STM32C011F6P6, STM32C011F6U3, STM32C011F6U6TR, STM32C011J4M3, STM32C011J4M6, STM32C011J6M3, STM32C011J6M6, STM32C0316-DK, STM32C031C4T3, STM32C031C4T6, STM32C031C4U3, STM32C031C4U6, STM32C031C6T3, STM32C031C6T6, STM32C031C6U3, STM32C031C6U6, STM32C031F4P3, STM32C031F4P6, STM32C031F6P3, STM32C031F6P6, STM32C031G4U3, STM32C031G4U6, STM32C031G6U3, STM32C031G6U6, STM32C031K4T3, STM32C031K4T6, STM32C031K4U3, STM32C031K4U6, STM32C031K6T3, STM32C031K6T6, STM32C031K6U3, STM32C031K6U6, STM32G071K8TXN, STM32G071K8UXN, STM32G081GBU6N, STM32G081KBT6N, STM32G081KBUXN, STM32G0B1CCT6N, STM32G0B1KCT6, STM32G0B1NEY6TR, STM32G0B1RCT6N, STM32G0C1CCT6, STM32G0C1CCT6N, STM32G0C1CCU6N, STM32G0C1CET6N, STM32G0C1CEU6N, STM32G0C1KCT6, STM32G0C1NEY6TR, STM32G0C1RCI6N, STM32G0C1RCT6N, STM32G0C1REI6N, STM32G0C1RET6N, STM32G0C1VCI6, STM32G0C1VEI6, STM32G471CCT6, STM32G471CCU6, STM32G471CET3, STM32G471CET6, STM32G471CEU3, STM32G471CEU6, STM32G471MCT6, STM32G471MET3, STM32G471MET6, STM32G471MEY6TR, STM32G471QCT6, STM32G471QET3, STM32G471RCT6, STM32G471RET3, STM32G471RET6, STM32G471VCH6, STM32G471VCI6, STM32G471VCT6, STM32G471VEH3, STM32G471VEH6, STM32G471VEI3, STM32G471VEI6, STM32G471VET3, STM32G471VET6, STM32G474CCT6, STM32L476VGY6PTR, STM32L4R5QGI6STR, STM32MP131AAE3, STM32MP131AAF3, STM32MP131AAG3, STM32MP131CAE3, STM32MP131CAF3, STM32MP131CAG3, STM32MP131DAE7, STM32MP131DAF7, STM32MP131DAG7, STM32MP131FAE7, STM32MP131FAF7, STM32MP131FAG7, STM32MP133AAE3, STM32MP133AAF3, STM32MP133AAG3, STM32MP133CAE3, STM32MP133CAF3, STM32MP133CAG3, STM32MP133DAE7, STM32MP133DAF7, STM32MP133DAG7, STM32MP133FAE7, STM32MP133FAF7, STM32MP133FAG7, STM32MP135AAE3, STM32MP135AAF3, STM32MP135AAG3, STM32MP135CAE3, STM32MP135CAF3, STM32MP135CAG3, STM32MP135DAE7, STM32MP135DAF7, STM32MP135DAG7, STM32MP135F-DK, STM32MP135FAE7, STM32MP135FAF7, STM32MP135FAG7, STM32U595ZJT6Q, STM32U599BJY6QTR, STM32U599NIH6Q, STM32U599NJH6Q, STM32U5A5ZJT6Q, STM32U5A9BJY6QTR, STM32U5A9NJH6Q, STM32WB1MMCH6]
2023-09-20 08:58:56,485 [INFO] DbMcus:215 - Found 3805 MCUs, 3805 are supported
2023-09-20 08:58:56,488 [INFO] ApiDb:418 - Load user favorites file C:\Users\truon/.stm32cubeide/favorites.mcus.txt: 0 item(s)
2023-09-20 08:58:56,489 [INFO] ApiDb:422 - User favorites MCUs=[]
2023-09-20 08:58:56,489 [INFO] DbMcus:221 - Set 0 / 0 favorites MCUs
2023-09-20 08:58:56,514 [WARN] PackLoader:242 - Cannot read IP mode file for STMicroelectronics.X-CUBE-TOF1.3.0.0
2023-09-20 08:58:56,522 [WARN] PackLoader:242 - Cannot read IP mode file for STMicroelectronics.X-CUBE-GNSS1.6.0.0
2023-09-20 08:58:56,535 [WARN] PackLoader:242 - Cannot read IP mode file for STMicroelectronics.X-CUBE-AZRTOS-F4.1.1.0
2023-09-20 08:58:56,542 [WARN] PackLoader:242 - Cannot read IP mode file for STMicroelectronics.X-CUBE-BLEMGR.1.2.0
2023-09-20 08:58:56,558 [WARN] PackLoader:242 - Cannot read IP mode file for STMicroelectronics.X-CUBE-AZRTOS-L5.2.0.0
2023-09-20 08:58:56,592 [WARN] PackLoader:242 - Cannot read IP mode file for STMicroelectronics.X-CUBE-MEMS1.9.6.0
2023-09-20 08:58:56,745 [WARN] PackLoader:242 - Cannot read IP mode file for STMicroelectronics.X-CUBE-BLEMGR.2.0.0
2023-09-20 08:58:56,750 [WARN] PackLoader:242 - Cannot read IP mode file for STMicroelectronics.X-CUBE-NFC4.2.0.4
2023-09-20 08:58:56,763 [WARN] ConditionMgr:437 - getConditionDescription Invalid condition id : UX DEVICE CLASS RTOS Condition cause : null
2023-09-20 08:58:56,763 [WARN] ConditionMgr:437 - getConditionDescription Invalid condition id : UX DEVICE CLASS RTOS Condition cause : null
2023-09-20 08:58:56,767 [WARN] PackLoader:242 - Cannot read IP mode file for STMicroelectronics.X-CUBE-AZRTOS-H7.3.1.0
2023-09-20 08:58:56,768 [WARN] ConditionMgr:1038 - genDependencies : Invalid condition id : UX DEVICE CLASS RTOS Condition cause : null
2023-09-20 08:58:56,769 [WARN] ConditionMgr:1038 - genDependencies : Invalid condition id : UX DEVICE CLASS RTOS Condition cause : null
2023-09-20 08:58:56,769 [WARN] ConditionMgr:1038 - genDependencies : Invalid condition id : UX DEVICE CLASS RTOS Condition cause : null
2023-09-20 08:58:56,770 [WARN] ConditionMgr:1038 - genDependencies : Invalid condition id : UX DEVICE CLASS RTOS Condition cause : null
2023-09-20 08:58:56,770 [WARN] ConditionMgr:1038 - genDependencies : Invalid condition id : UX DEVICE CLASS RTOS Condition cause : null
2023-09-20 08:58:56,776 [WARN] PackLoader:242 - Cannot read IP mode file for STMicroelectronics.X-CUBE-SFXS2LP1.3.1.0
2023-09-20 08:58:56,826 [WARN] PackLoader:242 - Cannot read IP mode file for STMicroelectronics.X-CUBE-AZRTOS-F4.1.0.0
2023-09-20 08:58:56,833 [WARN] PackLoader:242 - Cannot read IP mode file for STMicroelectronics.X-CUBE-NFC7.1.0.1
2023-09-20 08:58:56,837 [WARN] PackLoader:242 - Cannot read IP mode file for STMicroelectronics.X-CUBE-NFC7.1.0.0
2023-09-20 08:58:56,846 [WARN] PackLoader:242 - Cannot read IP mode file for STMicroelectronics.X-CUBE-NFC6.3.0.0
2023-09-20 08:58:56,852 [WARN] PackLoader:242 - Cannot read IP mode file for STMicroelectronics.X-CUBE-EEPRMA1.4.1.0
2023-09-20 08:58:56,857 [WARN] PackLoader:242 - Cannot read IP mode file for STMicroelectronics.X-CUBE-AI.8.1.0
2023-09-20 08:58:56,868 [WARN] PackLoader:242 - Cannot read IP mode file for STMicroelectronics.X-CUBE-AZRTOS-G0.1.0.0
2023-09-20 08:58:56,887 [WARN] ConditionMgr:437 - getConditionDescription Invalid condition id : LAN8742 Phy interface Condition cause : null
2023-09-20 08:58:56,888 [WARN] PackLoader:242 - Cannot read IP mode file for STMicroelectronics.X-CUBE-AZRTOS-L4.2.0.0
2023-09-20 08:58:56,889 [WARN] ConditionMgr:1038 - genDependencies : Invalid condition id : LAN8742 Phy interface Condition cause : null
2023-09-20 08:58:56,890 [WARN] ConditionMgr:1038 - genDependencies : Invalid condition id : LAN8742 Phy interface Condition cause : null
2023-09-20 08:58:56,890 [WARN] ConditionMgr:1038 - genDependencies : Invalid condition id : LAN8742 Phy interface Condition cause : null
2023-09-20 08:58:56,902 [WARN] PackLoader:242 - Cannot read IP mode file for STMicroelectronics.X-CUBE-SFXS2LP1.4.0.0
2023-09-20 08:58:56,906 [WARN] PackLoader:242 - Cannot read IP mode file for STMicroelectronics.X-CUBE-ISPU.1.1.0
2023-09-20 08:58:56,913 [WARN] PackLoader:242 - Cannot read IP mode file for RoweBots.I-CUBE-UNISONRTOS.5.5.0-4
2023-09-20 08:58:56,922 [WARN] ConditionMgr:437 - getConditionDescription Invalid condition id : UX DEVICE CLASS RTOS Condition cause : null
2023-09-20 08:58:56,922 [WARN] ConditionMgr:437 - getConditionDescription Invalid condition id : UX DEVICE CLASS RTOS Condition cause : null
2023-09-20 08:58:56,923 [WARN] PackLoader:242 - Cannot read IP mode file for STMicroelectronics.X-CUBE-AZRTOS-WB.2.0.0
2023-09-20 08:58:56,924 [WARN] ConditionMgr:1038 - genDependencies : Invalid condition id : UX DEVICE CLASS RTOS Condition cause : null
2023-09-20 08:58:56,924 [WARN] ConditionMgr:1038 - genDependencies : Invalid condition id : UX DEVICE CLASS RTOS Condition cause : null
2023-09-20 08:58:56,925 [WARN] ConditionMgr:1038 - genDependencies : Invalid condition id : UX DEVICE CLASS RTOS Condition cause : null
2023-09-20 08:58:56,925 [WARN] ConditionMgr:1038 - genDependencies : Invalid condition id : UX DEVICE CLASS RTOS Condition cause : null
2023-09-20 08:58:56,925 [WARN] ConditionMgr:1038 - genDependencies : Invalid condition id : UX DEVICE CLASS RTOS Condition cause : null
2023-09-20 08:58:56,932 [WARN] PackLoader:242 - Cannot read IP mode file for STMicroelectronics.X-CUBE-BLEMGR.1.0.0
2023-09-20 08:58:56,943 [WARN] PackLoader:242 - Cannot read IP mode file for STMicroelectronics.X-CUBE-SUBG2.5.0.0
2023-09-20 08:58:56,953 [WARN] PackLoader:242 - Cannot read IP mode file for STMicroelectronics.X-CUBE-TOF1.3.3.1
2023-09-20 08:58:56,967 [WARN] PackLoader:242 - Cannot read IP mode file for STMicroelectronics.X-CUBE-AZRTOS-G4.2.0.0
2023-09-20 08:58:56,971 [WARN] PackLoader:242 - Cannot read IP mode file for STMicroelectronics.FP-ATR-ASTRA1.1.1.1
2023-09-20 08:58:56,973 [WARN] PackLoader:242 - Cannot read IP mode file for STMicroelectronics.FP-ATR-ASTRA1.1.1.0
2023-09-20 08:58:56,981 [WARN] PackLoader:242 - Cannot read IP mode file for STMicroelectronics.X-CUBE-AZRTOS-G4.1.0.0
2023-09-20 08:58:56,987 [WARN] PackLoader:242 - Cannot read IP mode file for wolfSSL.I-CUBE-wolfSSL.5.3.0
2023-09-20 08:58:57,001 [WARN] PackLoader:242 - Cannot read IP mode file for STMicroelectronics.X-CUBE-AZRTOS-L4.1.0.0
2023-09-20 08:58:57,008 [WARN] PackLoader:242 - Cannot read IP mode file for STMicroelectronics.X-CUBE-FREERTOS.1.1.0
2023-09-20 08:58:57,020 [WARN] PackLoader:242 - Cannot read IP mode file for STMicroelectronics.X-CUBE-AZRTOS-F7.1.0.0
2023-09-20 08:58:57,028 [WARN] PackLoader:242 - Cannot read IP mode file for STMicroelectronics.X-CUBE-AZRTOS-WL.1.0.0
2023-09-20 08:58:57,033 [WARN] PackLoader:242 - Cannot read IP mode file for portGmbH.I-Cube-SoM-uGOAL.1.1.0
2023-09-20 08:58:57,038 [WARN] PackLoader:242 - Cannot read IP mode file for STMicroelectronics.X-CUBE-ALS.1.0.1
2023-09-20 08:58:57,050 [WARN] PackLoader:242 - Cannot read IP mode file for STMicroelectronics.X-CUBE-AZRTOS-L5.1.0.0
2023-09-20 08:58:57,056 [WARN] PackLoader:242 - Cannot read IP mode file for STMicroelectronics.X-CUBE-EEPRMA1.3.1.1
2023-09-20 08:58:57,061 [WARN] PackLoader:242 - Cannot read IP mode file for STMicroelectronics.X-CUBE-GNSS1.5.2.0
2023-09-20 08:58:57,064 [WARN] PackLoader:242 - Cannot read IP mode file for STMicroelectronics.FP-ATR-ASTRA1.2.0.0
2023-09-20 08:58:57,065 [INFO] ThirdParty:929 - Integrity check success = true
2023-09-20 08:58:57,066 [INFO] IntegrityCheckThread:98 - exiting critical section [integrity check]
2023-09-20 08:58:57,066 [INFO] IntegrityCheckThread:101 - End integrity checks thread
2023-09-20 08:58:58,008 [INFO] LoadUrlFilesThread:177 - End of LoadServerUrlFiles without Thread
2023-09-20 08:58:58,015 [INFO] DetailPanel:339 - Set advertising image to C:/Users/truon/STM32Cube/Repository/\en.prom-stm32h5-mcu-finder.jpg
2023-09-20 08:58:58,788 [INFO] MultiScanPanel:778 - Auto Refresh Data is not needed
2023-09-20 08:58:58,803 [INFO] ApiDb:663 - CubeFinder database Data Model version=2.1
2023-09-20 08:58:58,803 [INFO] ApiDb:664 - CubeFinder database Configuration version=3.0.37
2023-09-20 08:58:58,803 [INFO] ApiDb:665 - CubeFinder database generation date=2023-08-09 (1691586011)
2023-09-20 08:58:58,803 [INFO] ApiDb:666 - CubeFinder database FW Pack versions=[FP-ATR-ASTRA1_V2.0.0, FP-SNS-FLIGHT1_V5.0.1, FP-SNS-FLIGHT1_V5.0.2, FP-SNS-MOTENV1_V4.3.1, FP-SNS-MOTENV1_V4.3.2, STM32Cube_FW_C0_V1.1.0, STM32Cube_FW_F4_V1.27.1, STM32Cube_FW_F7_V1.17.0, STM32Cube_FW_G0_V1.6.1, STM32Cube_FW_G4_V1.5.1, STM32Cube_FW_H5_V0.5.1, STM32Cube_FW_H5_V1.1.0, STM32Cube_FW_H7_V1.11.0, STM32Cube_FW_L0_V1.12.2, STM32Cube_FW_L5_V1.5.0, STM32Cube_FW_U5_V1.3.0, STM32Cube_FW_U5_V1.3.0RC4, STM32Cube_FW_WBA_V1.0.0RC1, STM32Cube_FW_WBA_V1.1.0, STM32Cube_FW_WBA_V1.1.0RC1, STM32Cube_FW_WB_V1.15.0RC1, STM32Cube_FW_WB_V1.16.0, STM32Cube_FW_WB_V1.16.0RC2, STM32Cube_FW_WB_V1.17.0, STM32Cube_FW_WL_V1.3.0, X-CUBE-ALGOBUILD_V1.3.0, X-CUBE-ALS_V1.0.1, X-CUBE-AZRTOS-F4_V1.1.0, X-CUBE-AZRTOS-F7_V1.1.0, X-CUBE-AZRTOS-G0_V1.1.0, X-CUBE-AZRTOS-G4_V2.0.0, X-CUBE-AZRTOS-H7_V3.1.0, X-CUBE-AZRTOS-L4_V1.0.0, X-CUBE-AZRTOS-L4_V2.0.0, X-CUBE-AZRTOS-L5_V1.1.0, X-CUBE-AZRTOS-WB_V1.1.0, X-CUBE-AZRTOS-WL_V2.0.0, X-CUBE-BLE1_V7.0.0, X-CUBE-BLE2_V3.3.0, X-CUBE-BLEMGR_V2.0.0, X-CUBE-EEPRMA1_V4.1.0, X-CUBE-FREERTOS_V1.1.0, X-CUBE-GNSS1_V6.0.0, X-CUBE-MEMS1_V9.1.0, X-CUBE-MEMS1_V9.4.0, X-CUBE-MEMS1_V9.6.0, X-CUBE-NFC4_V3.0.0, X-CUBE-NFC7_V1.0.0, X-CUBE-SFXS2LP1_V4.0.0, X-CUBE-SUBG2_V5.0.0, X-CUBE-TOF1_V3.3.1]
2023-09-20 08:58:58,854 [INFO] DbBoardsSqlite:227 - include board P-NUCLEO-WB55-NUCLEO as a kit item of type 'Nucleo-64'
2023-09-20 08:58:58,854 [INFO] DbBoardsSqlite:227 - include board P-NUCLEO-WB55-USBDONGLE as a kit item of type 'Nucleo USB Dongle'
2023-09-20 08:58:58,855 [INFO] DbBoardsSqlite:227 - include board STEVAL-IDP005V1 as a kit item of type 'Evaluation Board'
2023-09-20 08:58:58,855 [INFO] DbBoardsSqlite:227 - include board STEVAL-IDP005V2 as a kit item of type 'Evaluation Board'
2023-09-20 08:58:58,896 [INFO] ApiDb:239 - Found 138 in-development CPN: [B-WB1M-WPAN1, NUCLEO-C031C6, STEVAL-STWINBX1, STM320518-EVAL, STM32C0116-DK, STM32C011D6Y3TR, STM32C011D6Y6TR, STM32C011F4P3, STM32C011F4P6, STM32C011F4U3, STM32C011F4U6TR, STM32C011F6P3, STM32C011F6P6, STM32C011F6U3, STM32C011F6U6TR, STM32C011J4M3, STM32C011J4M6, STM32C011J6M3, STM32C011J6M6, STM32C0316-DK, STM32C031C4T3, STM32C031C4T6, STM32C031C4U3, STM32C031C4U6, STM32C031C6T3, STM32C031C6T6, STM32C031C6U3, STM32C031C6U6, STM32C031F4P3, STM32C031F4P6, STM32C031F6P3, STM32C031F6P6, STM32C031G4U3, STM32C031G4U6, STM32C031G6U3, STM32C031G6U6, STM32C031K4T3, STM32C031K4T6, STM32C031K4U3, STM32C031K4U6, STM32C031K6T3, STM32C031K6T6, STM32C031K6U3, STM32C031K6U6, STM32G071K8TXN, STM32G071K8UXN, STM32G081GBU6N, STM32G081KBT6N, STM32G081KBUXN, STM32G0B1CCT6N, STM32G0B1KCT6, STM32G0B1NEY6TR, STM32G0B1RCT6N, STM32G0C1CCT6, STM32G0C1CCT6N, STM32G0C1CCU6N, STM32G0C1CET6N, STM32G0C1CEU6N, STM32G0C1KCT6, STM32G0C1NEY6TR, STM32G0C1RCI6N, STM32G0C1RCT6N, STM32G0C1REI6N, STM32G0C1RET6N, STM32G0C1VCI6, STM32G0C1VEI6, STM32G471CCT6, STM32G471CCU6, STM32G471CET3, STM32G471CET6, STM32G471CEU3, STM32G471CEU6, STM32G471MCT6, STM32G471MET3, STM32G471MET6, STM32G471MEY6TR, STM32G471QCT6, STM32G471QET3, STM32G471RCT6, STM32G471RET3, STM32G471RET6, STM32G471VCH6, STM32G471VCI6, STM32G471VCT6, STM32G471VEH3, STM32G471VEH6, STM32G471VEI3, STM32G471VEI6, STM32G471VET3, STM32G471VET6, STM32G474CCT6, STM32L476VGY6PTR, STM32L4R5QGI6STR, STM32MP131AAE3, STM32MP131AAF3, STM32MP131AAG3, STM32MP131CAE3, STM32MP131CAF3, STM32MP131CAG3, STM32MP131DAE7, STM32MP131DAF7, STM32MP131DAG7, STM32MP131FAE7, STM32MP131FAF7, STM32MP131FAG7, STM32MP133AAE3, STM32MP133AAF3, STM32MP133AAG3, STM32MP133CAE3, STM32MP133CAF3, STM32MP133CAG3, STM32MP133DAE7, STM32MP133DAF7, STM32MP133DAG7, STM32MP133FAE7, STM32MP133FAF7, STM32MP133FAG7, STM32MP135AAE3, STM32MP135AAF3, STM32MP135AAG3, STM32MP135CAE3, STM32MP135CAF3, STM32MP135CAG3, STM32MP135DAE7, STM32MP135DAF7, STM32MP135DAG7, STM32MP135F-DK, STM32MP135FAE7, STM32MP135FAF7, STM32MP135FAG7, STM32U595ZJT6Q, STM32U599BJY6QTR, STM32U599NIH6Q, STM32U599NJH6Q, STM32U5A5ZJT6Q, STM32U5A9BJY6QTR, STM32U5A9NJH6Q, STM32WB1MMCH6]
2023-09-20 08:58:58,957 [INFO] BoardInfo:879 - No configuration file found for board NUCLEO-H503RB
2023-09-20 08:58:58,957 [INFO] DbBoards:156 - Board is not supported: NUCLEO-H503RB
2023-09-20 08:58:58,959 [INFO] BoardInfo:879 - No configuration file found for board NUCLEO-H563ZI
2023-09-20 08:58:58,959 [INFO] DbBoards:156 - Board is not supported: NUCLEO-H563ZI
2023-09-20 08:58:58,993 [INFO] BoardInfo:879 - No configuration file found for board NUCLEO-U545RE-Q
2023-09-20 08:58:58,993 [INFO] DbBoards:156 - Board is not supported: NUCLEO-U545RE-Q
2023-09-20 08:58:58,994 [INFO] BoardInfo:879 - No configuration file found for board NUCLEO-U5A5ZJ-Q
2023-09-20 08:58:58,994 [INFO] DbBoards:156 - Board is not supported: NUCLEO-U5A5ZJ-Q
2023-09-20 08:58:58,997 [INFO] BoardInfo:879 - No configuration file found for board NUCLEO-WBA52CG
2023-09-20 08:58:58,997 [INFO] DbBoards:156 - Board is not supported: NUCLEO-WBA52CG
2023-09-20 08:58:59,002 [INFO] BoardInfo:879 - No configuration file found for board P-NUCLEO-WB55
2023-09-20 08:58:59,002 [INFO] DbBoards:156 - Kit is not supported: P-NUCLEO-WB55
2023-09-20 08:58:59,006 [INFO] BoardInfo:879 - No configuration file found for board STEVAL-BFA001V1B
2023-09-20 08:58:59,006 [INFO] DbBoards:156 - Kit is not supported: STEVAL-BFA001V1B
2023-09-20 08:58:59,007 [INFO] BoardInfo:879 - No configuration file found for board STEVAL-BFA001V2B
2023-09-20 08:58:59,007 [INFO] DbBoards:156 - Kit is not supported: STEVAL-BFA001V2B
2023-09-20 08:58:59,011 [INFO] BoardInfo:879 - No configuration file found for board STEVAL-PROTEUS1
2023-09-20 08:58:59,011 [INFO] DbBoards:156 - Board is not supported: STEVAL-PROTEUS1
2023-09-20 08:58:59,012 [INFO] BoardInfo:879 - No configuration file found for board STEVAL-SMARTAG2
2023-09-20 08:58:59,012 [INFO] DbBoards:156 - Board is not supported: STEVAL-SMARTAG2
2023-09-20 08:58:59,087 [INFO] BoardInfo:879 - No configuration file found for board STM32H573I-DK
2023-09-20 08:58:59,088 [INFO] DbBoards:156 - Board is not supported: STM32H573I-DK
2023-09-20 08:58:59,121 [INFO] BoardInfo:879 - No configuration file found for board STM32U5A9J-DK
2023-09-20 08:58:59,121 [INFO] DbBoards:156 - Board is not supported: STM32U5A9J-DK
2023-09-20 08:58:59,124 [INFO] DbBoards:160 - Found 186 boards, 174 are supported
2023-09-20 08:58:59,129 [INFO] ApiDb:418 - Load user favorites file C:\Users\truon/.stm32cubeide/favorites.boards.txt: 0 item(s)
2023-09-20 08:58:59,130 [INFO] ApiDb:422 - User favorites Boards=[]
2023-09-20 08:58:59,133 [INFO] DbBoards:189 - Set 0 / 0 favorites Boards
2023-09-20 08:59:31,766 [INFO] MainUpdater:2768 - connection check result : 10
2023-09-20 08:59:31,767 [INFO] MainUpdater:2768 - connection check result : 10
2023-09-20 08:59:31,802 [INFO] MicroXplorer:451 - Change Database Path : 
2023-09-20 08:59:31,803 [INFO] MicroXplorer:481 - Change Database Version : DB.6.0.60
2023-09-20 08:59:31,804 [WARN] ThirdParty:827 - waiting for thirdparty lock release [close project]
2023-09-20 08:59:31,804 [INFO] ThirdParty:829 - entering critical section [close project]
2023-09-20 08:59:31,805 [INFO] ThirdParty:839 - exiting critical section [close project]
2023-09-20 08:59:31,815 [INFO] PinOutPanel:1468 - setPackage(No Configuration,No Configuration)
2023-09-20 08:59:31,822 [INFO] UtilMem:74 - Begin LoadConfig() Used Memory: 382565232 Bytes (406847488)
2023-09-20 08:59:31,823 [INFO] MicroXplorer:451 - Change Database Path : 
2023-09-20 08:59:31,824 [INFO] MicroXplorer:481 - Change Database Version : DB.6.0.60
2023-09-20 08:59:31,824 [INFO] OpenFileManager:307 - Change cursor
2023-09-20 08:59:31,929 [INFO] Mcu:1922 - Initializing MCU STM32F103C6Tx STM32F103C6Tx 
2023-09-20 08:59:31,929 [INFO] Mcu:1935 - No CPN specified => set CPN to STM32F103C6T6A
2023-09-20 08:59:32,963 [INFO] Context:654 - Trying to add GPIOservice into a context  which must be forbidden
2023-09-20 08:59:33,237 [INFO] ImportTextPane:193 - (OptionalMessage_ERROR) Unable to find key (Mcu.ThirdPartyNb) in loaded IOC file
2023-09-20 08:59:33,238 [INFO] ImportTextPane:193 - (OptionalMessage_ERROR) Unable to find key (Mcu.PinsNb) in loaded IOC file
2023-09-20 08:59:33,238 [INFO] ImportTextPane:193 - (OptionalMessage_ERROR) Unable to find key (Mcu.IPNb) in loaded IOC file
2023-09-20 08:59:33,316 [WARN] ApiManager:308 - Cannot register API 'Board Extension:GNSS1A1' from pack STMicroelectronics.X-CUBE-GNSS1.6.0.0: no header file found
2023-09-20 08:59:33,316 [WARN] ApiManager:308 - Cannot register API 'Board Support:Custom' from pack STMicroelectronics.X-CUBE-GNSS1.6.0.0: no header file found
2023-09-20 08:59:33,316 [WARN] ApiManager:308 - Cannot register API 'Data Exchange:lib_gnss' from pack STMicroelectronics.X-CUBE-GNSS1.6.0.0: no header file found
2023-09-20 08:59:33,498 [WARN] ApiManager:308 - Cannot register API 'Board Extension:IKS01A3' from pack STMicroelectronics.X-CUBE-MEMS1.9.2.0: no header file found
2023-09-20 08:59:33,498 [WARN] ApiManager:308 - Cannot register API 'Board Extension:IKS01A2' from pack STMicroelectronics.X-CUBE-MEMS1.9.2.0: no header file found
2023-09-20 08:59:33,499 [WARN] ApiManager:308 - Cannot register API 'Board Extension:IKS02A1' from pack STMicroelectronics.X-CUBE-MEMS1.9.2.0: no header file found
2023-09-20 08:59:33,627 [WARN] ApiManager:308 - Cannot register API 'Board Extension:IKS01A3' from pack STMicroelectronics.X-CUBE-MEMS1.9.6.0: no header file found
2023-09-20 08:59:33,627 [WARN] ApiManager:308 - Cannot register API 'Board Extension:IKS01A2' from pack STMicroelectronics.X-CUBE-MEMS1.9.6.0: no header file found
2023-09-20 08:59:33,627 [WARN] ApiManager:308 - Cannot register API 'Board Extension:IKS02A1' from pack STMicroelectronics.X-CUBE-MEMS1.9.6.0: no header file found
2023-09-20 08:59:33,633 [WARN] ApiManager:308 - Cannot register API 'Wireless:BlueNRG-MS' from pack STMicroelectronics.X-CUBE-BLE1.6.2.3: no header file found
2023-09-20 08:59:33,635 [INFO] RtosManager:488 - Registered RTOS mode: class=CMSIS, group=RTOS, mode=CMSIS_V1, owner=FREERTOS
2023-09-20 08:59:33,636 [INFO] RtosManager:488 - Registered RTOS mode: class=CMSIS, group=RTOS2, mode=CMSIS_V2, owner=FREERTOS
2023-09-20 08:59:33,636 [INFO] RtosManager:488 - Registered RTOS mode: class=RTOS, group=Core, mode=CMSIS_V1, owner=FREERTOS
2023-09-20 08:59:33,636 [INFO] RtosManager:488 - Registered RTOS mode: class=RTOS, group=Core, mode=CMSIS_V2, owner=FREERTOS
2023-09-20 08:59:33,637 [WARN] ModelIntegratedComponent:185 - Missing modes for component STMicroelectronics:FreeRTOS:0.0.1:STMicroelectronics:RTOS:FreeRTOS:Core:::10.2.0:
2023-09-20 08:59:33,639 [WARN] ApiManager:308 - Cannot register API 'Board Extension:NFC04A1' from pack STMicroelectronics.X-CUBE-NFC4.3.0.0: no header file found
2023-09-20 08:59:33,642 [WARN] ApiManager:308 - Cannot register API 'Board Extension:S2868A1' from pack STMicroelectronics.X-CUBE-SUBG2.5.0.0: no header file found
2023-09-20 08:59:33,642 [WARN] ApiManager:308 - Cannot register API 'Board Extension:S2868A2' from pack STMicroelectronics.X-CUBE-SUBG2.5.0.0: no header file found
2023-09-20 08:59:33,642 [WARN] ApiManager:308 - Cannot register API 'Board Extension:S2915A1' from pack STMicroelectronics.X-CUBE-SUBG2.5.0.0: no header file found
2023-09-20 08:59:33,643 [WARN] ApiManager:308 - Cannot register API 'Wireless:BlueNRG-2' from pack STMicroelectronics.X-CUBE-BLE2.3.2.2: no header file found
2023-09-20 08:59:33,644 [WARN] ApiManager:308 - Cannot register API 'Board Extension:NFC04A1' from pack STMicroelectronics.X-CUBE-NFC4.2.0.4: no header file found
2023-09-20 08:59:33,648 [WARN] ApiManager:308 - Cannot register API 'Board Extension:S2868A1' from pack STMicroelectronics.X-CUBE-SFXS2LP1.3.1.0: no header file found
2023-09-20 08:59:33,649 [WARN] ApiManager:308 - Cannot register API 'Board Extension:S2868A2' from pack STMicroelectronics.X-CUBE-SFXS2LP1.3.1.0: no header file found
2023-09-20 08:59:33,649 [WARN] ApiManager:308 - Cannot register API 'Board Extension:S2915A1' from pack STMicroelectronics.X-CUBE-SFXS2LP1.3.1.0: no header file found
2023-09-20 08:59:33,652 [WARN] ApiManager:308 - Cannot register API 'Wireless:BlueNRG-MS' from pack STMicroelectronics.X-CUBE-BLE1.7.0.0: no header file found
2023-09-20 08:59:33,659 [WARN] ModelIntegratedComponent:64 - No mode defined for component null
2023-09-20 08:59:33,660 [WARN] ModelIntegratedComponent:64 - No mode defined for component null
2023-09-20 08:59:33,660 [WARN] ModelIntegratedComponent:64 - No mode defined for component null
2023-09-20 08:59:33,660 [WARN] ModelIntegratedComponent:64 - No mode defined for component null
2023-09-20 08:59:33,660 [WARN] ModelIntegratedComponent:64 - No mode defined for component null
2023-09-20 08:59:33,660 [WARN] ModelIntegratedComponent:64 - No mode defined for component null
2023-09-20 08:59:33,660 [WARN] ModelIntegratedComponent:64 - No mode defined for component null
2023-09-20 08:59:33,660 [WARN] ModelIntegratedComponent:64 - No mode defined for component null
2023-09-20 08:59:33,660 [WARN] ModelIntegratedComponent:64 - No mode defined for component null
2023-09-20 08:59:33,660 [WARN] ModelIntegratedComponent:64 - No mode defined for component null
2023-09-20 08:59:33,660 [WARN] ModelIntegratedComponent:64 - No mode defined for component null
2023-09-20 08:59:33,660 [WARN] ModelIntegratedComponent:64 - No mode defined for component null
2023-09-20 08:59:33,660 [WARN] ModelIntegratedComponent:64 - No mode defined for component null
2023-09-20 08:59:33,660 [WARN] ModelIntegratedComponent:64 - No mode defined for component null
2023-09-20 08:59:33,660 [WARN] ModelIntegratedComponent:64 - No mode defined for component null
2023-09-20 08:59:33,660 [WARN] ModelIntegratedComponent:64 - No mode defined for component null
2023-09-20 08:59:33,661 [WARN] ModelIntegratedComponent:64 - No mode defined for component null
2023-09-20 08:59:33,661 [WARN] ModelIntegratedComponent:64 - No mode defined for component null
2023-09-20 08:59:33,661 [WARN] ModelIntegratedComponent:64 - No mode defined for component null
2023-09-20 08:59:33,661 [WARN] ModelIntegratedComponent:64 - No mode defined for component null
2023-09-20 08:59:33,661 [WARN] ModelIntegratedComponent:64 - No mode defined for component null
2023-09-20 08:59:33,661 [WARN] ModelIntegratedComponent:64 - No mode defined for component null
2023-09-20 08:59:33,661 [WARN] ModelIntegratedComponent:64 - No mode defined for component null
2023-09-20 08:59:33,661 [WARN] ModelIntegratedComponent:64 - No mode defined for component null
2023-09-20 08:59:33,661 [WARN] ModelIntegratedComponent:64 - No mode defined for component null
2023-09-20 08:59:33,661 [WARN] ModelIntegratedComponent:64 - No mode defined for component null
2023-09-20 08:59:33,661 [WARN] ModelIntegratedComponent:64 - No mode defined for component null
2023-09-20 08:59:33,661 [WARN] ModelIntegratedComponent:64 - No mode defined for component null
2023-09-20 08:59:33,661 [WARN] ModelIntegratedComponent:64 - No mode defined for component null
2023-09-20 08:59:33,661 [WARN] ModelIntegratedComponent:64 - No mode defined for component null
2023-09-20 08:59:33,661 [WARN] ModelIntegratedComponent:64 - No mode defined for component null
2023-09-20 08:59:33,661 [WARN] ModelIntegratedComponent:64 - No mode defined for component null
2023-09-20 08:59:33,661 [WARN] ModelIntegratedComponent:64 - No mode defined for component null
2023-09-20 08:59:33,664 [WARN] ApiManager:308 - Cannot register API 'Board Extension:NFC07A1' from pack STMicroelectronics.X-CUBE-NFC7.1.0.1: no header file found
2023-09-20 08:59:33,664 [WARN] ApiManager:308 - Cannot register API 'Board Extension:NFC07A1' from pack STMicroelectronics.X-CUBE-NFC7.1.0.0: no header file found
2023-09-20 08:59:33,667 [WARN] ApiManager:308 - Cannot register API 'Board Extension:NFC06A1' from pack STMicroelectronics.X-CUBE-NFC6.3.0.0: no header file found
2023-09-20 08:59:33,667 [WARN] ApiManager:308 - Cannot register API 'Board Extension:NFC08A1' from pack STMicroelectronics.X-CUBE-NFC6.3.0.0: no header file found
2023-09-20 08:59:33,736 [WARN] ApiManager:308 - Cannot register API 'Board Extension:IKS01A3' from pack STMicroelectronics.X-CUBE-MEMS1.9.3.0: no header file found
2023-09-20 08:59:33,737 [WARN] ApiManager:308 - Cannot register API 'Board Extension:IKS01A2' from pack STMicroelectronics.X-CUBE-MEMS1.9.3.0: no header file found
2023-09-20 08:59:33,737 [WARN] ApiManager:308 - Cannot register API 'Board Extension:IKS02A1' from pack STMicroelectronics.X-CUBE-MEMS1.9.3.0: no header file found
2023-09-20 08:59:33,740 [WARN] ApiManager:308 - Cannot register API 'Board Extension:EEPRMA1' from pack STMicroelectronics.X-CUBE-EEPRMA1.4.1.0: no header file found
2023-09-20 08:59:33,741 [WARN] ApiManager:308 - Cannot register API 'Board Extension:EEPRMA2' from pack STMicroelectronics.X-CUBE-EEPRMA1.4.1.0: no header file found
2023-09-20 08:59:33,741 [WARN] ApiManager:308 - Cannot register API 'Board Extension:PGEEZ1' from pack STMicroelectronics.X-CUBE-EEPRMA1.4.1.0: no header file found
2023-09-20 08:59:33,741 [WARN] ApiManager:308 - Cannot register API 'Board Part:M24' from pack STMicroelectronics.X-CUBE-EEPRMA1.4.1.0: no header file found
2023-09-20 08:59:33,742 [WARN] ApiManager:308 - Cannot register API 'Board Part:M95' from pack STMicroelectronics.X-CUBE-EEPRMA1.4.1.0: no header file found
2023-09-20 08:59:33,742 [WARN] ApiManager:308 - Cannot register API 'Board Part:M95P32' from pack STMicroelectronics.X-CUBE-EEPRMA1.4.1.0: no header file found
2023-09-20 08:59:33,742 [WARN] ApiManager:308 - Cannot register API 'PGEEZ1:SPI' from pack STMicroelectronics.X-CUBE-EEPRMA1.4.1.0: no header file found
2023-09-20 08:59:33,743 [WARN] ApiManager:308 - Cannot register API 'PGEEZ1:QDSPI' from pack STMicroelectronics.X-CUBE-EEPRMA1.4.1.0: no header file found
2023-09-20 08:59:33,750 [WARN] ApiManager:308 - Cannot register API 'Board Extension:EEPRMA1' from pack STMicroelectronics.X-CUBE-EEPRMA1.3.1.1: no header file found
2023-09-20 08:59:33,750 [WARN] ApiManager:308 - Cannot register API 'Board Extension:EEPRMA2' from pack STMicroelectronics.X-CUBE-EEPRMA1.3.1.1: no header file found
2023-09-20 08:59:33,752 [WARN] ApiManager:308 - Cannot register API 'Board Extension:GNSS1A1' from pack STMicroelectronics.X-CUBE-GNSS1.5.2.0: no header file found
2023-09-20 08:59:33,752 [WARN] ApiManager:308 - Cannot register API 'Board Support:Custom' from pack STMicroelectronics.X-CUBE-GNSS1.5.2.0: no header file found
2023-09-20 08:59:33,752 [WARN] ApiManager:308 - Cannot register API 'Data Exchange:lib_gnss' from pack STMicroelectronics.X-CUBE-GNSS1.5.2.0: no header file found
2023-09-20 08:59:33,753 [WARN] ApiManager:308 - Cannot register API 'Board Extension:S2868A1' from pack STMicroelectronics.X-CUBE-SFXS2LP1.4.0.0: no header file found
2023-09-20 08:59:33,753 [WARN] ApiManager:308 - Cannot register API 'Board Extension:S2868A2' from pack STMicroelectronics.X-CUBE-SFXS2LP1.4.0.0: no header file found
2023-09-20 08:59:33,754 [WARN] ApiManager:308 - Cannot register API 'Board Extension:S2915A1' from pack STMicroelectronics.X-CUBE-SFXS2LP1.4.0.0: no header file found
2023-09-20 08:59:33,754 [WARN] ApiManager:308 - Cannot register API 'Wireless:BlueNRG-2' from pack STMicroelectronics.X-CUBE-BLE2.3.3.0: no header file found
2023-09-20 08:59:33,770 [INFO] ThirdPartyModel:289 - Start build external matchings
2023-09-20 08:59:34,898 [INFO] ThirdPartyModel:302 - End build external matchings
2023-09-20 08:59:35,153 [INFO] UtilMem:74 - End LoadConfig() Used Memory: 474797120 Bytes (548405248)
2023-09-20 08:59:35,195 [WARN] ThirdParty:789 - waiting for thirdparty lock release [change project]
2023-09-20 08:59:35,196 [INFO] ThirdParty:791 - entering critical section [change project]
2023-09-20 08:59:35,196 [INFO] ThirdParty:981 - CMSIS Pack Vendor :STMicroelectronics X-CUBE-ISPU 1.1.0
2023-09-20 08:59:35,196 [INFO] ThirdParty:981 - CMSIS Pack Vendor :RoweBots I-CUBE-UNISONRTOS 5.5.0-4
2023-09-20 08:59:35,196 [INFO] ThirdParty:981 - CMSIS Pack Vendor :STMicroelectronics X-CUBE-GNSS1 6.0.0
2023-09-20 08:59:35,196 [INFO] ThirdParty:981 - CMSIS Pack Vendor :STMicroelectronics X-CUBE-AZRTOS-H7 2.1.0
2023-09-20 08:59:35,197 [INFO] ThirdParty:981 - CMSIS Pack Vendor :STMicroelectronics USB_HOST 2.0.0
2023-09-20 08:59:35,197 [INFO] ThirdParty:981 - CMSIS Pack Vendor :STMicroelectronics X-CUBE-AZRTOS-F4 1.1.0
2023-09-20 08:59:35,197 [INFO] ThirdParty:981 - CMSIS Pack Vendor :STMicroelectronics LIBJPEG 8.0.0
2023-09-20 08:59:35,198 [INFO] ThirdParty:981 - CMSIS Pack Vendor :STMicroelectronics X-CUBE-SMBUS 2.1.0
2023-09-20 08:59:35,198 [INFO] ThirdParty:981 - CMSIS Pack Vendor :STMicroelectronics USB_DEVICE 3.0.0
2023-09-20 08:59:35,198 [INFO] ThirdParty:981 - CMSIS Pack Vendor :STMicroelectronics X-CUBE-AZRTOS-WB 2.0.0
2023-09-20 08:59:35,199 [INFO] ThirdParty:981 - CMSIS Pack Vendor :STMicroelectronics X-CUBE-BLEMGR 1.0.0
2023-09-20 08:59:35,199 [INFO] ThirdParty:981 - CMSIS Pack Vendor :STMicroelectronics X-CUBE-MEMS1 9.2.0
2023-09-20 08:59:35,200 [INFO] ThirdParty:981 - CMSIS Pack Vendor :STMicroelectronics X-CUBE-BLEMGR 1.2.0
2023-09-20 08:59:35,200 [INFO] ThirdParty:981 - CMSIS Pack Vendor :STMicroelectronics X-CUBE-AZRTOS-F7 1.1.0
2023-09-20 08:59:35,201 [INFO] ThirdParty:981 - CMSIS Pack Vendor :STMicroelectronics X-CUBE-AZRTOS-L5 2.0.0
2023-09-20 08:59:35,201 [INFO] ThirdParty:981 - CMSIS Pack Vendor :STMicroelectronics USB_DEVICE 2.0.0
2023-09-20 08:59:35,201 [INFO] ThirdParty:981 - CMSIS Pack Vendor :STMicroelectronics X-CUBE-MEMS1 9.6.0
2023-09-20 08:59:35,201 [INFO] ThirdParty:981 - CMSIS Pack Vendor :STMicroelectronics X-CUBE-AI 7.1.0
2023-09-20 08:59:35,201 [INFO] ThirdParty:981 - CMSIS Pack Vendor :STMicroelectronics X-CUBE-TOUCHGFX 4.19.1
2023-09-20 08:59:35,201 [INFO] ThirdParty:981 - CMSIS Pack Vendor :STMicroelectronics FP-SNS-MOTENV1 4.3.2
2023-09-20 08:59:35,202 [INFO] ThirdParty:981 - CMSIS Pack Vendor :STMicroelectronics X-CUBE-BLE1 6.2.3
2023-09-20 08:59:35,202 [INFO] ThirdParty:981 - CMSIS Pack Vendor :STMicroelectronics X-CUBE-ALGOBUILD 1.3.0
2023-09-20 08:59:35,202 [INFO] ThirdParty:981 - CMSIS Pack Vendor :STMicroelectronics FreeRTOS 0.0.1
2023-09-20 08:59:35,202 [INFO] ThirdParty:981 - CMSIS Pack Vendor :STMicroelectronics X-CUBE-AZRTOS-G0 1.1.0
2023-09-20 08:59:35,202 [INFO] ThirdParty:981 - CMSIS Pack Vendor :STMicroelectronics X-CUBE-BLEMGR 2.0.0
2023-09-20 08:59:35,203 [INFO] ThirdParty:981 - CMSIS Pack Vendor :STMicroelectronics X-CUBE-NFC4 3.0.0
2023-09-20 08:59:35,203 [INFO] ThirdParty:981 - CMSIS Pack Vendor :SEGGER I-CUBE-embOS 1.2.0
2023-09-20 08:59:35,203 [INFO] ThirdParty:981 - CMSIS Pack Vendor :STMicroelectronics X-CUBE-SUBG2 5.0.0
2023-09-20 08:59:35,204 [INFO] ThirdParty:981 - CMSIS Pack Vendor :STMicroelectronics STM32_WPAN 1.0.0
2023-09-20 08:59:35,204 [INFO] ThirdParty:981 - CMSIS Pack Vendor :STMicroelectronics lwIP 2.0.3
2023-09-20 08:59:35,204 [INFO] ThirdParty:981 - CMSIS Pack Vendor :STMicroelectronics FP-SNS-FLIGHT1 5.0.2
2023-09-20 08:59:35,204 [INFO] ThirdParty:981 - CMSIS Pack Vendor :STMicroelectronics X-CUBE-BLE2 3.2.2
2023-09-20 08:59:35,205 [INFO] ThirdParty:981 - CMSIS Pack Vendor :STMicroelectronics X-CUBE-NFC4 2.0.4
2023-09-20 08:59:35,205 [INFO] ThirdParty:981 - CMSIS Pack Vendor :STMicroelectronics USB_HOST 1.0.0
2023-09-20 08:59:35,206 [INFO] ThirdParty:981 - CMSIS Pack Vendor :STMicroelectronics X-CUBE-TOF1 3.3.1
2023-09-20 08:59:35,206 [INFO] ThirdParty:981 - CMSIS Pack Vendor :STMicroelectronics X-CUBE-AZRTOS-G4 2.0.0
2023-09-20 08:59:35,206 [INFO] ThirdParty:981 - CMSIS Pack Vendor :STMicroelectronics PDM2PCM 3.1.0
2023-09-20 08:59:35,207 [INFO] ThirdParty:981 - CMSIS Pack Vendor :STMicroelectronics X-CUBE-AZRTOS-H7 3.1.0
2023-09-20 08:59:35,207 [INFO] ThirdParty:981 - CMSIS Pack Vendor :STMicroelectronics FP-ATR-ASTRA1 1.1.1
2023-09-20 08:59:35,207 [INFO] ThirdParty:981 - CMSIS Pack Vendor :STMicroelectronics PDM2PCM 3.3.0
2023-09-20 08:59:35,207 [INFO] ThirdParty:981 - CMSIS Pack Vendor :STMicroelectronics X-CUBE-TOF1 3.1.0
2023-09-20 08:59:35,208 [INFO] ThirdParty:981 - CMSIS Pack Vendor :STMicroelectronics X-CUBE-SFXS2LP1 3.1.0
2023-09-20 08:59:35,208 [INFO] ThirdParty:981 - CMSIS Pack Vendor :STMicroelectronics FP-ATR-ASTRA1 1.1.0
2023-09-20 08:59:35,208 [INFO] ThirdParty:981 - CMSIS Pack Vendor :STMicroelectronics X-CUBE-DISPLAY 3.0.0
2023-09-20 08:59:35,209 [INFO] ThirdParty:981 - CMSIS Pack Vendor :STMicroelectronics X-CUBE-AZRTOS-F4 1.0.0
2023-09-20 08:59:35,209 [INFO] ThirdParty:981 - CMSIS Pack Vendor :STMicroelectronics X-CUBE-BLE1 7.0.0
2023-09-20 08:59:35,209 [INFO] ThirdParty:981 - CMSIS Pack Vendor :STMicroelectronics FP-ATR-SIGFOX1 3.2.0
2023-09-20 08:59:35,209 [INFO] ThirdParty:981 - CMSIS Pack Vendor :STMicroelectronics X-CUBE-AZRTOS-G4 1.0.0
2023-09-20 08:59:35,209 [INFO] ThirdParty:981 - CMSIS Pack Vendor :wolfSSL I-CUBE-wolfSSL 5.3.0
2023-09-20 08:59:35,210 [INFO] ThirdParty:981 - CMSIS Pack Vendor :STMicroelectronics X-CUBE-AZRTOS-L4 1.0.0
2023-09-20 08:59:35,210 [INFO] ThirdParty:981 - CMSIS Pack Vendor :STMicroelectronics HAL Drivers 0.0.0
2023-09-20 08:59:35,210 [INFO] ThirdParty:981 - CMSIS Pack Vendor :STMicroelectronics MBEDTLS 2.16.2
2023-09-20 08:59:35,211 [INFO] ThirdParty:981 - CMSIS Pack Vendor :emotas I-CUBE-CANOPEN 1.1.2
2023-09-20 08:59:35,211 [INFO] ThirdParty:981 - CMSIS Pack Vendor :STMicroelectronics X-CUBE-TOUCHGFX 4.20.0
2023-09-20 08:59:35,211 [INFO] ThirdParty:981 - CMSIS Pack Vendor :STMicroelectronics X-CUBE-FREERTOS 1.1.0
2023-09-20 08:59:35,211 [INFO] ThirdParty:981 - CMSIS Pack Vendor :STMicroelectronics X-CUBE-TOUCHGFX 4.22.0
2023-09-20 08:59:35,212 [INFO] ThirdParty:981 - CMSIS Pack Vendor :STMicroelectronics X-CUBE-NFC7 1.0.1
2023-09-20 08:59:35,212 [INFO] ThirdParty:981 - CMSIS Pack Vendor :STMicroelectronics MBEDTLS 2.14.1
2023-09-20 08:59:35,212 [INFO] ThirdParty:981 - CMSIS Pack Vendor :STMicroelectronics X-CUBE-NFC7 1.0.0
2023-09-20 08:59:35,213 [INFO] ThirdParty:981 - CMSIS Pack Vendor :STMicroelectronics X-CUBE-AZRTOS-F7 1.0.0
2023-09-20 08:59:35,213 [INFO] ThirdParty:981 - CMSIS Pack Vendor :STMicroelectronics X-CUBE-AZRTOS-WL 1.0.0
2023-09-20 08:59:35,213 [INFO] ThirdParty:981 - CMSIS Pack Vendor :STMicroelectronics X-CUBE-NFC6 3.0.0
2023-09-20 08:59:35,213 [INFO] ThirdParty:981 - CMSIS Pack Vendor :STMicroelectronics X-CUBE-MEMS1 9.3.0
2023-09-20 08:59:35,214 [INFO] ThirdParty:981 - CMSIS Pack Vendor :STMicroelectronics X-CUBE-EEPRMA1 4.1.0
2023-09-20 08:59:35,214 [INFO] ThirdParty:981 - CMSIS Pack Vendor :portGmbH I-Cube-SoM-uGOAL 1.1.0
2023-09-20 08:59:35,214 [INFO] ThirdParty:981 - CMSIS Pack Vendor :STMicroelectronics X-CUBE-ALS 1.0.1
2023-09-20 08:59:35,215 [INFO] ThirdParty:981 - CMSIS Pack Vendor :STMicroelectronics X-CUBE-AI 7.2.0
2023-09-20 08:59:35,215 [INFO] ThirdParty:981 - CMSIS Pack Vendor :STMicroelectronics ThreadX 1.0.0
2023-09-20 08:59:35,215 [INFO] ThirdParty:981 - CMSIS Pack Vendor :STMicroelectronics FP-SNS-SMARTAG2 1.2.0
2023-09-20 08:59:35,216 [INFO] ThirdParty:981 - CMSIS Pack Vendor :STMicroelectronics X-CUBE-AZRTOS-WL 2.0.0
2023-09-20 08:59:35,216 [INFO] ThirdParty:981 - CMSIS Pack Vendor :SEGGER I-CUBE-embOS 1.3.1
2023-09-20 08:59:35,216 [INFO] ThirdParty:981 - CMSIS Pack Vendor :STMicroelectronics X-CUBE-AZRTOS-L5 1.0.0
2023-09-20 08:59:35,216 [INFO] ThirdParty:981 - CMSIS Pack Vendor :STMicroelectronics USB_DEVICE 1.0.0
2023-09-20 08:59:35,216 [INFO] ThirdParty:981 - CMSIS Pack Vendor :STMicroelectronics X-CUBE-AI 8.1.0
2023-09-20 08:59:35,217 [INFO] ThirdParty:981 - CMSIS Pack Vendor :STMicroelectronics X-CUBE-AZRTOS-G0 1.0.0
2023-09-20 08:59:35,217 [INFO] ThirdParty:981 - CMSIS Pack Vendor :STMicroelectronics X-CUBE-EEPRMA1 3.1.1
2023-09-20 08:59:35,217 [INFO] ThirdParty:981 - CMSIS Pack Vendor :STMicroelectronics X-CUBE-AZRTOS-L4 2.0.0
2023-09-20 08:59:35,217 [INFO] ThirdParty:981 - CMSIS Pack Vendor :STMicroelectronics X-CUBE-GNSS1 5.2.0
2023-09-20 08:59:35,218 [INFO] ThirdParty:981 - CMSIS Pack Vendor :STMicroelectronics ThreadX 0.0.2
2023-09-20 08:59:35,218 [INFO] ThirdParty:981 - CMSIS Pack Vendor :WES I-CUBE-Cesium 1.3.0
2023-09-20 08:59:35,218 [INFO] ThirdParty:981 - CMSIS Pack Vendor :STMicroelectronics FP-ATR-ASTRA1 2.0.0
2023-09-20 08:59:35,218 [INFO] ThirdParty:981 - CMSIS Pack Vendor :STMicroelectronics lwIP 2.1.2
2023-09-20 08:59:35,218 [INFO] ThirdParty:981 - CMSIS Pack Vendor :STMicroelectronics X-CUBE-SFXS2LP1 4.0.0
2023-09-20 08:59:35,219 [INFO] ThirdParty:981 - CMSIS Pack Vendor :STMicroelectronics X-CUBE-BLE2 3.3.0
2023-09-20 08:59:35,219 [INFO] ThirdParty:981 - CMSIS Pack Vendor :STMicroelectronics X-CUBE-DISPLAY 2.2.0
2023-09-20 08:59:35,219 [INFO] ThirdParty:981 - CMSIS Pack Vendor :STMicroelectronics X-CUBE-TOF1 3.2.0
2023-09-20 08:59:35,219 [INFO] ThirdParty:981 - CMSIS Pack Vendor :STMicroelectronics PDM2PCM 3.2.0
2023-09-20 08:59:35,220 [INFO] ThirdParty:981 - CMSIS Pack Vendor :STMicroelectronics X-CUBE-TOF1 3.0.0
2023-09-20 08:59:35,220 [INFO] ThirdParty:981 - CMSIS Pack Vendor :STMicroelectronics X-CUBE-ISPU 1.0.0
2023-09-20 08:59:35,220 [INFO] ThirdParty:797 - exiting critical section [change project]
2023-09-20 08:59:35,518 [INFO] PinOutPanel:1468 - setPackage(No Configuration,No Configuration)
2023-09-20 08:59:35,520 [INFO] PinOutPanel:1468 - setPackage(STM32F103C6Tx,LQFP48)
2023-09-20 08:59:36,090 [INFO] UtilMem:74 - Before build in PCC Used Memory: 457689688 Bytes (548405248)
2023-09-20 08:59:37,016 [INFO] UtilMem:74 - After build in PCC Used Memory: 454299872 Bytes (548405248)
2023-09-20 08:59:37,054 [INFO] IPUIPlugin:79 - create IPUIPlugin
2023-09-20 08:59:37,054 [INFO] IPUIPlugin:79 - create IPUIPlugin
2023-09-20 08:59:37,054 [INFO] IPUIPlugin:79 - create IPUIPlugin
2023-09-20 08:59:37,055 [INFO] IPUIPlugin:79 - create IPUIPlugin
2023-09-20 08:59:37,055 [INFO] IPUIPlugin:79 - create IPUIPlugin
2023-09-20 08:59:37,055 [INFO] IPUIPlugin:79 - create IPUIPlugin
2023-09-20 08:59:37,055 [INFO] IPUIPlugin:79 - create IPUIPlugin
2023-09-20 08:59:37,055 [INFO] IPUIPlugin:79 - create IPUIPlugin
2023-09-20 08:59:37,055 [INFO] IPUIPlugin:79 - create IPUIPlugin
2023-09-20 08:59:37,056 [INFO] IPUIPlugin:79 - create IPUIPlugin
2023-09-20 08:59:37,056 [INFO] IPUIPlugin:79 - create IPUIPlugin
2023-09-20 08:59:37,057 [INFO] IPUIPlugin:79 - create IPUIPlugin
2023-09-20 08:59:37,057 [INFO] IPUIPlugin:79 - create IPUIPlugin
2023-09-20 08:59:37,058 [INFO] IPUIPlugin:79 - create IPUIPlugin
2023-09-20 08:59:37,058 [INFO] IPUIPlugin:79 - create IPUIPlugin
2023-09-20 08:59:37,059 [INFO] IPUIPlugin:79 - create IPUIPlugin
2023-09-20 08:59:37,059 [INFO] IPUIPlugin:79 - create IPUIPlugin
2023-09-20 08:59:37,059 [INFO] IPUIPlugin:79 - create IPUIPlugin
2023-09-20 08:59:37,060 [INFO] IPUIPlugin:79 - create IPUIPlugin
2023-09-20 08:59:37,060 [INFO] IPUIPlugin:79 - create IPUIPlugin
2023-09-20 08:59:37,061 [INFO] IPUIPlugin:79 - create IPUIPlugin
2023-09-20 08:59:37,062 [INFO] IPUIPlugin:79 - create IPUIPlugin
2023-09-20 08:59:37,062 [INFO] IPUIPlugin:79 - create IPUIPlugin
2023-09-20 08:59:37,433 [INFO] OpenFileManager:327 - Restore cursor
2023-09-20 08:59:40,636 [INFO] UtilMem:74 - End SaveConfig() Used Memory: 438857008 Bytes (548405248)
2023-09-20 08:59:40,719 [INFO] UtilMem:74 - End SaveConfig() Used Memory: 457928824 Bytes (548405248)
2023-09-20 08:59:41,285 [INFO] BlockDiagram:2753 - set Specific Code input for plugin: NVIC
2023-09-20 08:59:41,286 [INFO] BlockDiagram:2753 - set Specific Code input for plugin: RCC
2023-09-20 08:59:41,287 [INFO] CodeGenerator:690 - code generatio: config db path: C:\ST\STM32CubeIDE_1.9.0\STM32CubeIDE\plugins\com.st.stm32cube.common.mx_6.6.1.202207061420\\db\
2023-09-20 08:59:41,634 [INFO] CodeEngine:245 - oldGeneratedFile, C:\Users\truon\PROJECTS\STM32\LAB1\Ex2\Ex2\MXTmpFiles\license.tmp_save
2023-09-20 08:59:42,194 [INFO] CodeEngine:269 - Generated code: C:\Users\truon\PROJECTS\STM32\LAB1\Ex2\Ex2\MXTmpFiles\license.tmp
2023-09-20 08:59:42,222 [INFO] CodeEngine:245 - oldGeneratedFile, C:\Users\truon\PROJECTS\STM32\LAB1\Ex2\Ex2\Core\Src\stm32f1xx_it.c_save
2023-09-20 08:59:42,424 [INFO] CodeEngine:269 - Generated code: C:\Users\truon\PROJECTS\STM32\LAB1\Ex2\Ex2\Core\Src\stm32f1xx_it.c
2023-09-20 08:59:42,437 [INFO] CodeEngine:245 - oldGeneratedFile, C:\Users\truon\PROJECTS\STM32\LAB1\Ex2\Ex2\Core\Inc\stm32f1xx_it.h_save
2023-09-20 08:59:42,517 [INFO] CodeEngine:269 - Generated code: C:\Users\truon\PROJECTS\STM32\LAB1\Ex2\Ex2\Core\Inc\stm32f1xx_it.h
2023-09-20 08:59:42,665 [INFO] CodeEngine:245 - oldGeneratedFile, C:\Users\truon\PROJECTS\STM32\LAB1\Ex2\Ex2\Core\Src\stm32f1xx_hal_msp.c_save
2023-09-20 08:59:42,784 [INFO] CodeEngine:269 - Generated code: C:\Users\truon\PROJECTS\STM32\LAB1\Ex2\Ex2\Core\Src\stm32f1xx_hal_msp.c
2023-09-20 08:59:42,794 [INFO] CodeEngine:245 - oldGeneratedFile, C:\Users\truon\PROJECTS\STM32\LAB1\Ex2\Ex2\MXTmpFiles\system.tmp_save
2023-09-20 08:59:42,861 [INFO] CodeEngine:269 - Generated code: C:\Users\truon\PROJECTS\STM32\LAB1\Ex2\Ex2\MXTmpFiles\system.tmp
2023-09-20 08:59:42,880 [INFO] CodeEngine:245 - oldGeneratedFile, C:\Users\truon\PROJECTS\STM32\LAB1\Ex2\Ex2\Core\Inc\stm32f1xx_hal_conf.h_save
2023-09-20 08:59:43,038 [INFO] CodeEngine:269 - Generated code: C:\Users\truon\PROJECTS\STM32\LAB1\Ex2\Ex2\Core\Inc\stm32f1xx_hal_conf.h
2023-09-20 08:59:43,115 [INFO] CodeEngine:245 - oldGeneratedFile, C:\Users\truon\PROJECTS\STM32\LAB1\Ex2\Ex2\Core\Inc\main.h_save
2023-09-20 08:59:43,265 [INFO] CodeEngine:269 - Generated code: C:\Users\truon\PROJECTS\STM32\LAB1\Ex2\Ex2\Core\Inc\main.h
2023-09-20 08:59:43,278 [INFO] CodeEngine:245 - oldGeneratedFile, C:\Users\truon\PROJECTS\STM32\LAB1\Ex2\Ex2\Core\Src\main.c_save
2023-09-20 08:59:43,505 [INFO] CodeEngine:269 - Generated code: C:\Users\truon\PROJECTS\STM32\LAB1\Ex2\Ex2\Core\Src\main.c
2023-09-20 08:59:44,468 [INFO] ProjectBuilder:2919 - Time for Copy HAL[1] : 215mS.
2023-09-20 08:59:44,511 [INFO] ProjectBuilder:4117 - Project Generator version: 3.17.1
2023-09-20 08:59:44,879 [INFO] ConfigFileManager:1394 - The Die is : DIE412
2023-09-20 08:59:44,920 [INFO] ApiDbMcu:505 - Load IP Config File for FATFS
2023-09-20 08:59:44,944 [INFO] ApiDbMcu:505 - Load IP Config File for FREERTOS
2023-09-20 08:59:44,959 [INFO] ApiDbMcu:505 - Load IP Config File for USB_DEVICE
2023-09-20 08:59:49,746 [INFO] ProjectBuilder:4285 - Time for Generating toolchain IDE Files: 5235mS.
2023-09-20 08:59:49,747 [INFO] ProjectBuilder:2790 - Time for Copy CMSIS : 1mS.
2023-09-20 08:59:49,750 [INFO] ProjectBuilder:2790 - Time for Copy CMSIS : 0mS.
2023-09-20 08:59:50,744 [INFO] McuFinderGlobals:57 - Set McuFinderConnectedMode to true
2023-09-20 08:59:50,746 [INFO] ApiDb:443 - Save user favorites file C:\Users\truon/.stm32cubeide/favorites.mcus.txt: 0 item(s)
2023-09-20 08:59:50,747 [INFO] ApiDb:447 - User favorites MCUs=[]
2023-09-20 08:59:52,442 [ERROR] ConfigurationRetriever:139 - IOException on connection: Read timed out
2023-09-20 09:01:14,104 [INFO] Gpio:272 - dependency for GPIO []
2023-09-20 09:01:31,655 [INFO] UtilMem:74 - End SaveConfig() Used Memory: 625213304 Bytes (821035008)
2023-09-20 09:01:33,528 [INFO] UtilMem:74 - End SaveConfig() Used Memory: 563444272 Bytes (821035008)
2023-09-20 09:01:35,889 [INFO] UtilMem:74 - End SaveConfig() Used Memory: 649385880 Bytes (821035008)
2023-09-20 09:01:36,198 [INFO] BlockDiagram:2753 - set Specific Code input for plugin: NVIC
2023-09-20 09:01:36,199 [INFO] BlockDiagram:2753 - set Specific Code input for plugin: GPIO
2023-09-20 09:01:36,199 [INFO] BlockDiagram:2753 - set Specific Code input for plugin: RCC
2023-09-20 09:01:36,200 [INFO] CodeGenerator:690 - code generatio: config db path: C:\ST\STM32CubeIDE_1.9.0\STM32CubeIDE\plugins\com.st.stm32cube.common.mx_6.6.1.202207061420\\db\
2023-09-20 09:01:36,297 [INFO] CodeEngine:245 - oldGeneratedFile, C:\Users\truon\PROJECTS\STM32\LAB1\Ex2\Ex2\MXTmpFiles\license.tmp_save
2023-09-20 09:01:36,388 [INFO] CodeEngine:269 - Generated code: C:\Users\truon\PROJECTS\STM32\LAB1\Ex2\Ex2\MXTmpFiles\license.tmp
2023-09-20 09:01:36,477 [INFO] CodeEngine:245 - oldGeneratedFile, C:\Users\truon\PROJECTS\STM32\LAB1\Ex2\Ex2\MXTmpFiles\gpio.tmp_save
2023-09-20 09:01:36,571 [INFO] CodeEngine:269 - Generated code: C:\Users\truon\PROJECTS\STM32\LAB1\Ex2\Ex2\MXTmpFiles\gpio.tmp
2023-09-20 09:01:36,593 [INFO] CodeEngine:245 - oldGeneratedFile, C:\Users\truon\PROJECTS\STM32\LAB1\Ex2\Ex2\Core\Src\stm32f1xx_it.c_save
2023-09-20 09:01:36,674 [INFO] CodeEngine:269 - Generated code: C:\Users\truon\PROJECTS\STM32\LAB1\Ex2\Ex2\Core\Src\stm32f1xx_it.c
2023-09-20 09:01:36,683 [INFO] CodeEngine:245 - oldGeneratedFile, C:\Users\truon\PROJECTS\STM32\LAB1\Ex2\Ex2\Core\Inc\stm32f1xx_it.h_save
2023-09-20 09:01:36,752 [INFO] CodeEngine:269 - Generated code: C:\Users\truon\PROJECTS\STM32\LAB1\Ex2\Ex2\Core\Inc\stm32f1xx_it.h
2023-09-20 09:01:36,785 [INFO] CodeEngine:245 - oldGeneratedFile, C:\Users\truon\PROJECTS\STM32\LAB1\Ex2\Ex2\Core\Src\stm32f1xx_hal_msp.c_save
2023-09-20 09:01:36,860 [INFO] CodeEngine:269 - Generated code: C:\Users\truon\PROJECTS\STM32\LAB1\Ex2\Ex2\Core\Src\stm32f1xx_hal_msp.c
2023-09-20 09:01:36,866 [INFO] CodeEngine:245 - oldGeneratedFile, C:\Users\truon\PROJECTS\STM32\LAB1\Ex2\Ex2\MXTmpFiles\system.tmp_save
2023-09-20 09:01:36,915 [INFO] CodeEngine:269 - Generated code: C:\Users\truon\PROJECTS\STM32\LAB1\Ex2\Ex2\MXTmpFiles\system.tmp
2023-09-20 09:01:36,936 [INFO] CodeEngine:245 - oldGeneratedFile, C:\Users\truon\PROJECTS\STM32\LAB1\Ex2\Ex2\Core\Inc\stm32f1xx_hal_conf.h_save
2023-09-20 09:01:37,031 [INFO] CodeEngine:269 - Generated code: C:\Users\truon\PROJECTS\STM32\LAB1\Ex2\Ex2\Core\Inc\stm32f1xx_hal_conf.h
2023-09-20 09:01:37,081 [INFO] CodeEngine:245 - oldGeneratedFile, C:\Users\truon\PROJECTS\STM32\LAB1\Ex2\Ex2\Core\Inc\main.h_save
2023-09-20 09:01:37,210 [INFO] CodeEngine:269 - Generated code: C:\Users\truon\PROJECTS\STM32\LAB1\Ex2\Ex2\Core\Inc\main.h
2023-09-20 09:01:37,227 [INFO] CodeEngine:245 - oldGeneratedFile, C:\Users\truon\PROJECTS\STM32\LAB1\Ex2\Ex2\Core\Src\main.c_save
2023-09-20 09:01:37,365 [INFO] CodeEngine:269 - Generated code: C:\Users\truon\PROJECTS\STM32\LAB1\Ex2\Ex2\Core\Src\main.c
2023-09-20 09:01:38,012 [INFO] ProjectBuilder:2919 - Time for Copy HAL[1] : 153mS.
2023-09-20 09:01:38,016 [INFO] ProjectBuilder:4117 - Project Generator version: 3.17.1
2023-09-20 09:01:38,260 [INFO] ConfigFileManager:1394 - The Die is : DIE412
2023-09-20 09:01:39,650 [INFO] ProjectBuilder:4285 - Time for Generating toolchain IDE Files: 1634mS.
2023-09-20 09:01:39,651 [INFO] ProjectBuilder:2790 - Time for Copy CMSIS : 0mS.
2023-09-20 09:01:39,654 [INFO] ProjectBuilder:2790 - Time for Copy CMSIS : 0mS.
